00:01:58.015 222862 [btpool1-4 - /kavalok/xmlrpc] ERROR com.kavalok.xmlrpc.RemoteServer - null
java.lang.NullPointerException
	at com.kavalok.xmlrpc.RemoteServer.sendCommand(RemoteServer.java:92)
	at sun.reflect.GeneratedMethodAccessor340.invoke(Unknown Source)
	at sun.reflect.DelegatingMethodAccessorImpl.invoke(DelegatingMethodAccessorImpl.java:43)
	at java.lang.reflect.Method.invoke(Method.java:606)
	at org.apache.xmlrpc.server.ReflectiveXmlRpcHandler.invoke(ReflectiveXmlRpcHandler.java:115)
	at org.apache.xmlrpc.server.ReflectiveXmlRpcHandler.execute(ReflectiveXmlRpcHandler.java:106)
	at org.apache.xmlrpc.server.XmlRpcServerWorker.execute(XmlRpcServerWorker.java:46)
	at org.apache.xmlrpc.server.XmlRpcServer.execute(XmlRpcServer.java:86)
	at org.apache.xmlrpc.server.XmlRpcStreamServer.execute(XmlRpcStreamServer.java:200)
	at org.apache.xmlrpc.webserver.XmlRpcServletServer.execute(XmlRpcServletServer.java:112)
	at org.apache.xmlrpc.webserver.XmlRpcServlet.doPost(XmlRpcServlet.java:196)
	at javax.servlet.http.HttpServlet.service(HttpServlet.java:727)
	at javax.servlet.http.HttpServlet.service(HttpServlet.java:820)
	at org.mortbay.jetty.servlet.ServletHolder.handle(ServletHolder.java:487)
	at org.mortbay.jetty.servlet.ServletHandler.handle(ServletHandler.java:362)
	at org.mortbay.jetty.security.SecurityHandler.handle(SecurityHandler.java:216)
	at org.mortbay.jetty.servlet.SessionHandler.handle(SessionHandler.java:181)
	at org.mortbay.jetty.handler.ContextHandler.handle(ContextHandler.java:726)
	at org.mortbay.jetty.webapp.WebAppContext.handle(WebAppContext.java:405)
	at org.mortbay.jetty.handler.ContextHandlerCollection.handle(ContextHandlerCollection.java:188)
	at org.mortbay.jetty.handler.HandlerCollection.handle(HandlerCollection.java:114)
	at org.mortbay.jetty.handler.HandlerWrapper.handle(HandlerWrapper.java:139)
	at org.mortbay.jetty.Server.handle(Server.java:320)
	at org.mortbay.jetty.HttpConnection.handleRequest(HttpConnection.java:505)
	at org.mortbay.jetty.HttpConnection$RequestHandler.content(HttpConnection.java:842)
	at org.mortbay.jetty.HttpParser.parseNext(HttpParser.java:648)
	at org.mortbay.jetty.HttpParser.parseAvailable(HttpParser.java:211)
	at org.mortbay.jetty.HttpConnection.handle(HttpConnection.java:380)
	at org.mortbay.io.nio.SelectChannelEndPoint.run(SelectChannelEndPoint.java:395)
	at org.mortbay.thread.BoundedThreadPool$PoolThread.run(BoundedThreadPool.java:450)
08:04:32.289 29177136 [pool-4-thread-16] ERROR com.kavalok.KavalokApplication - null
java.lang.reflect.InvocationTargetException
	at sun.reflect.NativeMethodAccessorImpl.invoke0(Native Method)
	at sun.reflect.NativeMethodAccessorImpl.invoke(NativeMethodAccessorImpl.java:57)
	at sun.reflect.DelegatingMethodAccessorImpl.invoke(DelegatingMethodAccessorImpl.java:43)
	at java.lang.reflect.Method.invoke(Method.java:606)
	at com.kavalok.utils.ReflectUtil.callMethod(ReflectUtil.java:99)
	at com.kavalok.transactions.TransactionUtil.callTransaction(TransactionUtil.java:18)
	at com.kavalok.KavalokApplication.call(KavalokApplication.java:247)
	at sun.reflect.GeneratedMethodAccessor229.invoke(Unknown Source)
	at sun.reflect.DelegatingMethodAccessorImpl.invoke(DelegatingMethodAccessorImpl.java:43)
	at java.lang.reflect.Method.invoke(Method.java:606)
	at org.red5.server.service.ServiceInvoker.invoke(ServiceInvoker.java:215)
	at org.red5.server.service.ServiceInvoker.invoke(ServiceInvoker.java:121)
	at org.red5.server.net.rtmp.RTMPHandler.invokeCall(RTMPHandler.java:157)
	at org.red5.server.net.rtmp.RTMPHandler.onInvoke(RTMPHandler.java:405)
	at org.red5.server.net.rtmp.BaseRTMPHandler.messageReceived(BaseRTMPHandler.java:148)
	at org.red5.server.net.rtmp.RTMPMinaIoHandler.messageReceived(RTMPMinaIoHandler.java:119)
	at org.apache.mina.common.support.AbstractIoFilterChain$TailFilter.messageReceived(AbstractIoFilterChain.java:570)
	at org.apache.mina.common.support.AbstractIoFilterChain.callNextMessageReceived(AbstractIoFilterChain.java:299)
	at org.apache.mina.common.support.AbstractIoFilterChain.access$1100(AbstractIoFilterChain.java:53)
	at org.apache.mina.common.support.AbstractIoFilterChain$EntryImpl$1.messageReceived(AbstractIoFilterChain.java:648)
	at org.apache.mina.filter.executor.ExecutorFilter.processEvent(ExecutorFilter.java:214)
	at org.apache.mina.filter.executor.ExecutorFilter$ProcessEventsRunnable.run(ExecutorFilter.java:265)
	at java.util.concurrent.ThreadPoolExecutor.runWorker(ThreadPoolExecutor.java:1145)
	at java.util.concurrent.ThreadPoolExecutor$Worker.run(ThreadPoolExecutor.java:615)
	at java.lang.Thread.run(Thread.java:745)
Caused by: java.lang.StackOverflowError
	at java.net.AbstractPlainSocketImpl.available(AbstractPlainSocketImpl.java:478)
	at java.net.SocketInputStream.available(SocketInputStream.java:245)
	at com.mysql.jdbc.util.ReadAheadInputStream.fill(ReadAheadInputStream.java:71)
	at com.mysql.jdbc.util.ReadAheadInputStream.readFromUnderlyingStreamIfNecessary(ReadAheadInputStream.java:160)
	at com.mysql.jdbc.util.ReadAheadInputStream.read(ReadAheadInputStream.java:188)
	at com.mysql.jdbc.MysqlIO.readFully(MysqlIO.java:1994)
	at com.mysql.jdbc.MysqlIO.reuseAndReadPacket(MysqlIO.java:2411)
	at com.mysql.jdbc.MysqlIO.checkErrorPacket(MysqlIO.java:2916)
	at com.mysql.jdbc.MysqlIO.checkErrorPacket(MysqlIO.java:885)
	at com.mysql.jdbc.MysqlIO.nextRow(MysqlIO.java:1360)
	at com.mysql.jdbc.MysqlIO.readSingleRowSet(MysqlIO.java:2369)
	at com.mysql.jdbc.MysqlIO.getResultSet(MysqlIO.java:451)
	at com.mysql.jdbc.MysqlIO.readResultsForQueryOrUpdate(MysqlIO.java:2076)
	at com.mysql.jdbc.MysqlIO.readAllResults(MysqlIO.java:1451)
	at com.mysql.jdbc.MysqlIO.sqlQueryDirect(MysqlIO.java:1787)
	at com.mysql.jdbc.Connection.execSQL(Connection.java:3283)
	at com.mysql.jdbc.PreparedStatement.executeInternal(PreparedStatement.java:1332)
	at com.mysql.jdbc.PreparedStatement.executeQuery(PreparedStatement.java:1467)
	at com.kavalok.monitor.jdbc.PreparedStatement.executeQuery(PreparedStatement.java:100)
	at com.mchange.v2.c3p0.impl.NewProxyPreparedStatement.executeQuery(NewProxyPreparedStatement.java:76)
	at org.hibernate.jdbc.AbstractBatcher.getResultSet(AbstractBatcher.java:186)
	at org.hibernate.loader.Loader.getResultSet(Loader.java:1787)
	at org.hibernate.loader.Loader.doQuery(Loader.java:674)
	at org.hibernate.loader.Loader.doQueryAndInitializeNonLazyCollections(Loader.java:236)
	at org.hibernate.loader.Loader.doList(Loader.java:2220)
	at org.hibernate.loader.Loader.listIgnoreQueryCache(Loader.java:2104)
	at org.hibernate.loader.Loader.list(Loader.java:2099)
	at org.hibernate.loader.criteria.CriteriaLoader.list(CriteriaLoader.java:94)
	at org.hibernate.impl.SessionImpl.list(SessionImpl.java:1569)
	at org.hibernate.impl.CriteriaImpl.list(CriteriaImpl.java:283)
	at org.hibernate.impl.CriteriaImpl.uniqueResult(CriteriaImpl.java:305)
	at com.kavalok.dao.common.DAO.findByParameters(DAO.java:148)
	at com.kavalok.dao.common.DAO.findByParameter(DAO.java:178)
	at com.kavalok.dao.LoginDAOBase.findById(LoginDAOBase.java:23)
	at com.kavalok.user.UserUtil.addCrowns(UserUtil.java:1128)
	at com.kavalok.user.UserUtil.addTier(UserUtil.java:1178)
	at com.kavalok.user.UserUtil.addCrowns(UserUtil.java:1133)
	at com.kavalok.user.UserUtil.addTier(UserUtil.java:1178)
	at com.kavalok.user.UserUtil.addCrowns(UserUtil.java:1133)
	at com.kavalok.user.UserUtil.addTier(UserUtil.java:1178)
	at com.kavalok.user.UserUtil.addCrowns(UserUtil.java:1133)
	at com.kavalok.user.UserUtil.addTier(UserUtil.java:1178)
	at com.kavalok.user.UserUtil.addCrowns(UserUtil.java:1133)
	at com.kavalok.user.UserUtil.addTier(UserUtil.java:1178)
	at com.kavalok.user.UserUtil.addCrowns(UserUtil.java:1133)
	at com.kavalok.user.UserUtil.addTier(UserUtil.java:1178)
	at com.kavalok.user.UserUtil.addCrowns(UserUtil.java:1133)
	at com.kavalok.user.UserUtil.addTier(UserUtil.java:1178)
	at com.kavalok.user.UserUtil.addCrowns(UserUtil.java:1133)
	at com.kavalok.user.UserUtil.addTier(UserUtil.java:1178)
	at com.kavalok.user.UserUtil.addCrowns(UserUtil.java:1133)
	at com.kavalok.user.UserUtil.addTier(UserUtil.java:1178)
	at com.kavalok.user.UserUtil.addCrowns(UserUtil.java:1133)
	at com.kavalok.user.UserUtil.addTier(UserUtil.java:1178)
	at com.kavalok.user.UserUtil.addCrowns(UserUtil.java:1133)
	at com.kavalok.user.UserUtil.addTier(UserUtil.java:1178)
	at com.kavalok.user.UserUtil.addCrowns(UserUtil.java:1133)
	at com.kavalok.user.UserUtil.addTier(UserUtil.java:1178)
	at com.kavalok.user.UserUtil.addCrowns(UserUtil.java:1133)
	at com.kavalok.user.UserUtil.addTier(UserUtil.java:1178)
	at com.kavalok.user.UserUtil.addCrowns(UserUtil.java:1133)
	at com.kavalok.user.UserUtil.addTier(UserUtil.java:1178)
	at com.kavalok.user.UserUtil.addCrowns(UserUtil.java:1133)
	at com.kavalok.user.UserUtil.addTier(UserUtil.java:1178)
	at com.kavalok.user.UserUtil.addCrowns(UserUtil.java:1133)
	at com.kavalok.user.UserUtil.addTier(UserUtil.java:1178)
	at com.kavalok.user.UserUtil.addCrowns(UserUtil.java:1133)
	at com.kavalok.user.UserUtil.addTier(UserUtil.java:1178)
	at com.kavalok.user.UserUtil.addCrowns(UserUtil.java:1133)
	at com.kavalok.user.UserUtil.addTier(UserUtil.java:1178)
	at com.kavalok.user.UserUtil.addCrowns(UserUtil.java:1133)
	at com.kavalok.user.UserUtil.addTier(UserUtil.java:1178)
	at com.kavalok.user.UserUtil.addCrowns(UserUtil.java:1133)
	at com.kavalok.user.UserUtil.addTier(UserUtil.java:1178)
	at com.kavalok.user.UserUtil.addCrowns(UserUtil.java:1133)
	at com.kavalok.user.UserUtil.addTier(UserUtil.java:1178)
	at com.kavalok.user.UserUtil.addCrowns(UserUtil.java:1133)
	at com.kavalok.user.UserUtil.addTier(UserUtil.java:1178)
	at com.kavalok.user.UserUtil.addCrowns(UserUtil.java:1133)
	at com.kavalok.user.UserUtil.addTier(UserUtil.java:1178)
	at com.kavalok.user.UserUtil.addCrowns(UserUtil.java:1133)
	at com.kavalok.user.UserUtil.addTier(UserUtil.java:1178)
	at com.kavalok.user.UserUtil.addCrowns(UserUtil.java:1133)
	at com.kavalok.user.UserUtil.addTier(UserUtil.java:1178)
	at com.kavalok.user.UserUtil.addCrowns(UserUtil.java:1133)
	at com.kavalok.user.UserUtil.addTier(UserUtil.java:1178)
	at com.kavalok.user.UserUtil.addCrowns(UserUtil.java:1133)
	at com.kavalok.user.UserUtil.addTier(UserUtil.java:1178)
	at com.kavalok.user.UserUtil.addCrowns(UserUtil.java:1133)
	at com.kavalok.user.UserUtil.addTier(UserUtil.java:1178)
	at com.kavalok.user.UserUtil.addCrowns(UserUtil.java:1133)
	at com.kavalok.user.UserUtil.addTier(UserUtil.java:1178)
	at com.kavalok.user.UserUtil.addCrowns(UserUtil.java:1133)
	at com.kavalok.user.UserUtil.addTier(UserUtil.java:1178)
	at com.kavalok.user.UserUtil.addCrowns(UserUtil.java:1133)
	at com.kavalok.user.UserUtil.addTier(UserUtil.java:1178)
	at com.kavalok.user.UserUtil.addCrowns(UserUtil.java:1133)
	at com.kavalok.user.UserUtil.addTier(UserUtil.java:1178)
	at com.kavalok.user.UserUtil.addCrowns(UserUtil.java:1133)
	at com.kavalok.user.UserUtil.addTier(UserUtil.java:1178)
	at com.kavalok.user.UserUtil.addCrowns(UserUtil.java:1133)
	at com.kavalok.user.UserUtil.addTier(UserUtil.java:1178)
	at com.kavalok.user.UserUtil.addCrowns(UserUtil.java:1133)
	at com.kavalok.user.UserUtil.addTier(UserUtil.java:1178)
	at com.kavalok.user.UserUtil.addCrowns(UserUtil.java:1133)
	at com.kavalok.user.UserUtil.addTier(UserUtil.java:1178)
	at com.kavalok.user.UserUtil.addCrowns(UserUtil.java:1133)
	at com.kavalok.user.UserUtil.addTier(UserUtil.java:1178)
	at com.kavalok.user.UserUtil.addCrowns(UserUtil.java:1133)
	at com.kavalok.user.UserUtil.addTier(UserUtil.java:1178)
	at com.kavalok.user.UserUtil.addCrowns(UserUtil.java:1133)
	at com.kavalok.user.UserUtil.addTier(UserUtil.java:1178)
	at com.kavalok.user.UserUtil.addCrowns(UserUtil.java:1133)
	at com.kavalok.user.UserUtil.addTier(UserUtil.java:1178)
	at com.kavalok.user.UserUtil.addCrowns(UserUtil.java:1133)
	at com.kavalok.user.UserUtil.addTier(UserUtil.java:1178)
	at com.kavalok.user.UserUtil.addCrowns(UserUtil.java:1133)
	at com.kavalok.user.UserUtil.addTier(UserUtil.java:1178)
	at com.kavalok.user.UserUtil.addCrowns(UserUtil.java:1133)
	at com.kavalok.user.UserUtil.addTier(UserUtil.java:1178)
	at com.kavalok.user.UserUtil.addCrowns(UserUtil.java:1133)
	at com.kavalok.user.UserUtil.addTier(UserUtil.java:1178)
	at com.kavalok.user.UserUtil.addCrowns(UserUtil.java:1133)
	at com.kavalok.user.UserUtil.addTier(UserUtil.java:1178)
	at com.kavalok.user.UserUtil.addCrowns(UserUtil.java:1133)
	at com.kavalok.user.UserUtil.addTier(UserUtil.java:1178)
	at com.kavalok.user.UserUtil.addCrowns(UserUtil.java:1133)
	at com.kavalok.user.UserUtil.addTier(UserUtil.java:1178)
	at com.kavalok.user.UserUtil.addCrowns(UserUtil.java:1133)
	at com.kavalok.user.UserUtil.addTier(UserUtil.java:1178)
	at com.kavalok.user.UserUtil.addCrowns(UserUtil.java:1133)
	at com.kavalok.user.UserUtil.addTier(UserUtil.java:1178)
	at com.kavalok.user.UserUtil.addCrowns(UserUtil.java:1133)
	at com.kavalok.user.UserUtil.addTier(UserUtil.java:1178)
	at com.kavalok.user.UserUtil.addCrowns(UserUtil.java:1133)
	at com.kavalok.user.UserUtil.addTier(UserUtil.java:1178)
	at com.kavalok.user.UserUtil.addCrowns(UserUtil.java:1133)
	at com.kavalok.user.UserUtil.addTier(UserUtil.java:1178)
	at com.kavalok.user.UserUtil.addCrowns(UserUtil.java:1133)
	at com.kavalok.user.UserUtil.addTier(UserUtil.java:1178)
	at com.kavalok.user.UserUtil.addCrowns(UserUtil.java:1133)
	at com.kavalok.user.UserUtil.addTier(UserUtil.java:1178)
	at com.kavalok.user.UserUtil.addCrowns(UserUtil.java:1133)
	at com.kavalok.user.UserUtil.addTier(UserUtil.java:1178)
	at com.kavalok.user.UserUtil.addCrowns(UserUtil.java:1133)
	at com.kavalok.user.UserUtil.addTier(UserUtil.java:1178)
	at com.kavalok.user.UserUtil.addCrowns(UserUtil.java:1133)
	at com.kavalok.user.UserUtil.addTier(UserUtil.java:1178)
	at com.kavalok.user.UserUtil.addCrowns(UserUtil.java:1133)
	at com.kavalok.user.UserUtil.addTier(UserUtil.java:1178)
	at com.kavalok.user.UserUtil.addCrowns(UserUtil.java:1133)
	at com.kavalok.user.UserUtil.addTier(UserUtil.java:1178)
	at com.kavalok.user.UserUtil.addCrowns(UserUtil.java:1133)
	at com.kavalok.user.UserUtil.addTier(UserUtil.java:1178)
	at com.kavalok.user.UserUtil.addCrowns(UserUtil.java:1133)
	at com.kavalok.user.UserUtil.addTier(UserUtil.java:1178)
	at com.kavalok.user.UserUtil.addCrowns(UserUtil.java:1133)
	at com.kavalok.user.UserUtil.addTier(UserUtil.java:1178)
	at com.kavalok.user.UserUtil.addCrowns(UserUtil.java:1133)
	at com.kavalok.user.UserUtil.addTier(UserUtil.java:1178)
	at com.kavalok.user.UserUtil.addCrowns(UserUtil.java:1133)
	at com.kavalok.user.UserUtil.addTier(UserUtil.java:1178)
	at com.kavalok.user.UserUtil.addCrowns(UserUtil.java:1133)
	at com.kavalok.user.UserUtil.addTier(UserUtil.java:1178)
	at com.kavalok.user.UserUtil.addCrowns(UserUtil.java:1133)
	at com.kavalok.user.UserUtil.addTier(UserUtil.java:1178)
	at com.kavalok.user.UserUtil.addCrowns(UserUtil.java:1133)
	at com.kavalok.user.UserUtil.addTier(UserUtil.java:1178)
	at com.kavalok.user.UserUtil.addCrowns(UserUtil.java:1133)
	at com.kavalok.user.UserUtil.addTier(UserUtil.java:1178)
	at com.kavalok.user.UserUtil.addCrowns(UserUtil.java:1133)
	at com.kavalok.user.UserUtil.addTier(UserUtil.java:1178)
	at com.kavalok.user.UserUtil.addCrowns(UserUtil.java:1133)
	at com.kavalok.user.UserUtil.addTier(UserUtil.java:1178)
	at com.kavalok.user.UserUtil.addCrowns(UserUtil.java:1133)
	at com.kavalok.user.UserUtil.addTier(UserUtil.java:1178)
	at com.kavalok.user.UserUtil.addCrowns(UserUtil.java:1133)
	at com.kavalok.user.UserUtil.addTier(UserUtil.java:1178)
	at com.kavalok.user.UserUtil.addCrowns(UserUtil.java:1133)
	at com.kavalok.user.UserUtil.addTier(UserUtil.java:1178)
	at com.kavalok.user.UserUtil.addCrowns(UserUtil.java:1133)
	at com.kavalok.user.UserUtil.addTier(UserUtil.java:1178)
	at com.kavalok.user.UserUtil.addCrowns(UserUtil.java:1133)
	at com.kavalok.user.UserUtil.addTier(UserUtil.java:1178)
	at com.kavalok.user.UserUtil.addCrowns(UserUtil.java:1133)
	at com.kavalok.user.UserUtil.addTier(UserUtil.java:1178)
	at com.kavalok.user.UserUtil.addCrowns(UserUtil.java:1133)
	at com.kavalok.user.UserUtil.addTier(UserUtil.java:1178)
	at com.kavalok.user.UserUtil.addCrowns(UserUtil.java:1133)
	at com.kavalok.user.UserUtil.addTier(UserUtil.java:1178)
	at com.kavalok.user.UserUtil.addCrowns(UserUtil.java:1133)
	at com.kavalok.user.UserUtil.addTier(UserUtil.java:1178)
	at com.kavalok.user.UserUtil.addCrowns(UserUtil.java:1133)
	at com.kavalok.user.UserUtil.addTier(UserUtil.java:1178)
	at com.kavalok.user.UserUtil.addCrowns(UserUtil.java:1133)
	at com.kavalok.user.UserUtil.addTier(UserUtil.java:1178)
	at com.kavalok.user.UserUtil.addCrowns(UserUtil.java:1133)
	at com.kavalok.user.UserUtil.addTier(UserUtil.java:1178)
	at com.kavalok.user.UserUtil.addCrowns(UserUtil.java:1133)
	at com.kavalok.user.UserUtil.addTier(UserUtil.java:1178)
	at com.kavalok.user.UserUtil.addCrowns(UserUtil.java:1133)
	at com.kavalok.user.UserUtil.addTier(UserUtil.java:1178)
	at com.kavalok.user.UserUtil.addCrowns(UserUtil.java:1133)
	at com.kavalok.user.UserUtil.addTier(UserUtil.java:1178)
	at com.kavalok.user.UserUtil.addCrowns(UserUtil.java:1133)
	at com.kavalok.user.UserUtil.addTier(UserUtil.java:1178)
	at com.kavalok.user.UserUtil.addCrowns(UserUtil.java:1133)
	at com.kavalok.user.UserUtil.addTier(UserUtil.java:1178)
	at com.kavalok.user.UserUtil.addCrowns(UserUtil.java:1133)
	at com.kavalok.user.UserUtil.addTier(UserUtil.java:1178)
	at com.kavalok.user.UserUtil.addCrowns(UserUtil.java:1133)
	at com.kavalok.user.UserUtil.addTier(UserUtil.java:1178)
	at com.kavalok.user.UserUtil.addCrowns(UserUtil.java:1133)
	at com.kavalok.user.UserUtil.addTier(UserUtil.java:1178)
	at com.kavalok.user.UserUtil.addCrowns(UserUtil.java:1133)
	at com.kavalok.user.UserUtil.addTier(UserUtil.java:1178)
	at com.kavalok.user.UserUtil.addCrowns(UserUtil.java:1133)
	at com.kavalok.user.UserUtil.addTier(UserUtil.java:1178)
	at com.kavalok.user.UserUtil.addCrowns(UserUtil.java:1133)
	at com.kavalok.user.UserUtil.addTier(UserUtil.java:1178)
	at com.kavalok.user.UserUtil.addCrowns(UserUtil.java:1133)
	at com.kavalok.user.UserUtil.addTier(UserUtil.java:1178)
	at com.kavalok.user.UserUtil.addCrowns(UserUtil.java:1133)
	at com.kavalok.user.UserUtil.addTier(UserUtil.java:1178)
	at com.kavalok.user.UserUtil.addCrowns(UserUtil.java:1133)
	at com.kavalok.user.UserUtil.addTier(UserUtil.java:1178)
	at com.kavalok.user.UserUtil.addCrowns(UserUtil.java:1133)
	at com.kavalok.user.UserUtil.addTier(UserUtil.java:1178)
	at com.kavalok.user.UserUtil.addCrowns(UserUtil.java:1133)
	at com.kavalok.user.UserUtil.addTier(UserUtil.java:1178)
	at com.kavalok.user.UserUtil.addCrowns(UserUtil.java:1133)
	at com.kavalok.user.UserUtil.addTier(UserUtil.java:1178)
	at com.kavalok.user.UserUtil.addCrowns(UserUtil.java:1133)
	at com.kavalok.user.UserUtil.addTier(UserUtil.java:1178)
	at com.kavalok.user.UserUtil.addCrowns(UserUtil.java:1133)
	at com.kavalok.user.UserUtil.addTier(UserUtil.java:1178)
	at com.kavalok.user.UserUtil.addCrowns(UserUtil.java:1133)
	at com.kavalok.user.UserUtil.addTier(UserUtil.java:1178)
	at com.kavalok.user.UserUtil.addCrowns(UserUtil.java:1133)
	at com.kavalok.user.UserUtil.addTier(UserUtil.java:1178)
	at com.kavalok.user.UserUtil.addCrowns(UserUtil.java:1133)
	at com.kavalok.user.UserUtil.addTier(UserUtil.java:1178)
	at com.kavalok.user.UserUtil.addCrowns(UserUtil.java:1133)
	at com.kavalok.user.UserUtil.addTier(UserUtil.java:1178)
	at com.kavalok.user.UserUtil.addCrowns(UserUtil.java:1133)
	at com.kavalok.user.UserUtil.addTier(UserUtil.java:1178)
	at com.kavalok.user.UserUtil.addCrowns(UserUtil.java:1133)
	at com.kavalok.user.UserUtil.addTier(UserUtil.java:1178)
	at com.kavalok.user.UserUtil.addCrowns(UserUtil.java:1133)
	at com.kavalok.user.UserUtil.addTier(UserUtil.java:1178)
	at com.kavalok.user.UserUtil.addCrowns(UserUtil.java:1133)
	at com.kavalok.user.UserUtil.addTier(UserUtil.java:1178)
	at com.kavalok.user.UserUtil.addCrowns(UserUtil.java:1133)
	at com.kavalok.user.UserUtil.addTier(UserUtil.java:1178)
	at com.kavalok.user.UserUtil.addCrowns(UserUtil.java:1133)
	at com.kavalok.user.UserUtil.addTier(UserUtil.java:1178)
	at com.kavalok.user.UserUtil.addCrowns(UserUtil.java:1133)
	at com.kavalok.user.UserUtil.addTier(UserUtil.java:1178)
	at com.kavalok.user.UserUtil.addCrowns(UserUtil.java:1133)
	at com.kavalok.user.UserUtil.addTier(UserUtil.java:1178)
	at com.kavalok.user.UserUtil.addCrowns(UserUtil.java:1133)
	at com.kavalok.user.UserUtil.addTier(UserUtil.java:1178)
	at com.kavalok.user.UserUtil.addCrowns(UserUtil.java:1133)
	at com.kavalok.user.UserUtil.addTier(UserUtil.java:1178)
	at com.kavalok.user.UserUtil.addCrowns(UserUtil.java:1133)
	at com.kavalok.user.UserUtil.addTier(UserUtil.java:1178)
	at com.kavalok.user.UserUtil.addCrowns(UserUtil.java:1133)
	at com.kavalok.user.UserUtil.addTier(UserUtil.java:1178)
	at com.kavalok.user.UserUtil.addCrowns(UserUtil.java:1133)
	at com.kavalok.user.UserUtil.addTier(UserUtil.java:1178)
	at com.kavalok.user.UserUtil.addCrowns(UserUtil.java:1133)
	at com.kavalok.user.UserUtil.addTier(UserUtil.java:1178)
	at com.kavalok.user.UserUtil.addCrowns(UserUtil.java:1133)
	at com.kavalok.user.UserUtil.addTier(UserUtil.java:1178)
	at com.kavalok.user.UserUtil.addCrowns(UserUtil.java:1133)
	at com.kavalok.user.UserUtil.addTier(UserUtil.java:1178)
	at com.kavalok.user.UserUtil.addCrowns(UserUtil.java:1133)
	at com.kavalok.user.UserUtil.addTier(UserUtil.java:1178)
	at com.kavalok.user.UserUtil.addCrowns(UserUtil.java:1133)
	at com.kavalok.user.UserUtil.addTier(UserUtil.java:1178)
	at com.kavalok.user.UserUtil.addCrowns(UserUtil.java:1133)
	at com.kavalok.user.UserUtil.addTier(UserUtil.java:1178)
	at com.kavalok.user.UserUtil.addCrowns(UserUtil.java:1133)
	at com.kavalok.user.UserUtil.addTier(UserUtil.java:1178)
	at com.kavalok.user.UserUtil.addCrowns(UserUtil.java:1133)
	at com.kavalok.user.UserUtil.addTier(UserUtil.java:1178)
	at com.kavalok.user.UserUtil.addCrowns(UserUtil.java:1133)
	at com.kavalok.user.UserUtil.addTier(UserUtil.java:1178)
	at com.kavalok.user.UserUtil.addCrowns(UserUtil.java:1133)
	at com.kavalok.user.UserUtil.addTier(UserUtil.java:1178)
	at com.kavalok.user.UserUtil.addCrowns(UserUtil.java:1133)
	at com.kavalok.user.UserUtil.addTier(UserUtil.java:1178)
	at com.kavalok.user.UserUtil.addCrowns(UserUtil.java:1133)
	at com.kavalok.user.UserUtil.addTier(UserUtil.java:1178)
	at com.kavalok.user.UserUtil.addCrowns(UserUtil.java:1133)
	at com.kavalok.user.UserUtil.addTier(UserUtil.java:1178)
	at com.kavalok.user.UserUtil.addCrowns(UserUtil.java:1133)
	at com.kavalok.user.UserUtil.addTier(UserUtil.java:1178)
	at com.kavalok.user.UserUtil.addCrowns(UserUtil.java:1133)
	at com.kavalok.user.UserUtil.addTier(UserUtil.java:1178)
	at com.kavalok.user.UserUtil.addCrowns(UserUtil.java:1133)
	at com.kavalok.user.UserUtil.addTier(UserUtil.java:1178)
	at com.kavalok.user.UserUtil.addCrowns(UserUtil.java:1133)
	at com.kavalok.user.UserUtil.addTier(UserUtil.java:1178)
	at com.kavalok.user.UserUtil.addCrowns(UserUtil.java:1133)
	at com.kavalok.user.UserUtil.addTier(UserUtil.java:1178)
	at com.kavalok.user.UserUtil.addCrowns(UserUtil.java:1133)
	at com.kavalok.user.UserUtil.addTier(UserUtil.java:1178)
	at com.kavalok.user.UserUtil.addCrowns(UserUtil.java:1133)
	at com.kavalok.user.UserUtil.addTier(UserUtil.java:1178)
	at com.kavalok.user.UserUtil.addCrowns(UserUtil.java:1133)
	at com.kavalok.user.UserUtil.addTier(UserUtil.java:1178)
	at com.kavalok.user.UserUtil.addCrowns(UserUtil.java:1133)
	at com.kavalok.user.UserUtil.addTier(UserUtil.java:1178)
	at com.kavalok.user.UserUtil.addCrowns(UserUtil.java:1133)
	at com.kavalok.user.UserUtil.addTier(UserUtil.java:1178)
	at com.kavalok.user.UserUtil.addCrowns(UserUtil.java:1133)
	at com.kavalok.user.UserUtil.addTier(UserUtil.java:1178)
	at com.kavalok.user.UserUtil.addCrowns(UserUtil.java:1133)
	at com.kavalok.user.UserUtil.addTier(UserUtil.java:1178)
	at com.kavalok.user.UserUtil.addCrowns(UserUtil.java:1133)
	at com.kavalok.user.UserUtil.addTier(UserUtil.java:1178)
	at com.kavalok.user.UserUtil.addCrowns(UserUtil.java:1133)
	at com.kavalok.user.UserUtil.addTier(UserUtil.java:1178)
	at com.kavalok.user.UserUtil.addCrowns(UserUtil.java:1133)
	at com.kavalok.user.UserUtil.addTier(UserUtil.java:1178)
	at com.kavalok.user.UserUtil.addCrowns(UserUtil.java:1133)
	at com.kavalok.user.UserUtil.addTier(UserUtil.java:1178)
	at com.kavalok.user.UserUtil.addCrowns(UserUtil.java:1133)
	at com.kavalok.user.UserUtil.addTier(UserUtil.java:1178)
	at com.kavalok.user.UserUtil.addCrowns(UserUtil.java:1133)
	at com.kavalok.user.UserUtil.addTier(UserUtil.java:1178)
	at com.kavalok.user.UserUtil.addCrowns(UserUtil.java:1133)
	at com.kavalok.user.UserUtil.addTier(UserUtil.java:1178)
	at com.kavalok.user.UserUtil.addCrowns(UserUtil.java:1133)
	at com.kavalok.user.UserUtil.addTier(UserUtil.java:1178)
	at com.kavalok.user.UserUtil.addCrowns(UserUtil.java:1133)
	at com.kavalok.user.UserUtil.addTier(UserUtil.java:1178)
	at com.kavalok.user.UserUtil.addCrowns(UserUtil.java:1133)
	at com.kavalok.user.UserUtil.addTier(UserUtil.java:1178)
	at com.kavalok.user.UserUtil.addCrowns(UserUtil.java:1133)
	at com.kavalok.user.UserUtil.addTier(UserUtil.java:1178)
	at com.kavalok.user.UserUtil.addCrowns(UserUtil.java:1133)
	at com.kavalok.user.UserUtil.addTier(UserUtil.java:1178)
	at com.kavalok.user.UserUtil.addCrowns(UserUtil.java:1133)
	at com.kavalok.user.UserUtil.addTier(UserUtil.java:1178)
	at com.kavalok.user.UserUtil.addCrowns(UserUtil.java:1133)
	at com.kavalok.user.UserUtil.addTier(UserUtil.java:1178)
	at com.kavalok.user.UserUtil.addCrowns(UserUtil.java:1133)
	at com.kavalok.user.UserUtil.addTier(UserUtil.java:1178)
	at com.kavalok.user.UserUtil.addCrowns(UserUtil.java:1133)
	at com.kavalok.user.UserUtil.addTier(UserUtil.java:1178)
	at com.kavalok.user.UserUtil.addCrowns(UserUtil.java:1133)
	at com.kavalok.user.UserUtil.addTier(UserUtil.java:1178)
	at com.kavalok.user.UserUtil.addCrowns(UserUtil.java:1133)
	at com.kavalok.user.UserUtil.addTier(UserUtil.java:1178)
	at com.kavalok.user.UserUtil.addCrowns(UserUtil.java:1133)
	at com.kavalok.user.UserUtil.addTier(UserUtil.java:1178)
	at com.kavalok.user.UserUtil.addCrowns(UserUtil.java:1133)
	at com.kavalok.user.UserUtil.addTier(UserUtil.java:1178)
	at com.kavalok.user.UserUtil.addCrowns(UserUtil.java:1133)
	at com.kavalok.user.UserUtil.addTier(UserUtil.java:1178)
	at com.kavalok.user.UserUtil.addCrowns(UserUtil.java:1133)
	at com.kavalok.user.UserUtil.addTier(UserUtil.java:1178)
	at com.kavalok.user.UserUtil.addCrowns(UserUtil.java:1133)
	at com.kavalok.user.UserUtil.addTier(UserUtil.java:1178)
	at com.kavalok.user.UserUtil.addCrowns(UserUtil.java:1133)
	at com.kavalok.user.UserUtil.addTier(UserUtil.java:1178)
	at com.kavalok.user.UserUtil.addCrowns(UserUtil.java:1133)
	at com.kavalok.user.UserUtil.addTier(UserUtil.java:1178)
	at com.kavalok.user.UserUtil.addCrowns(UserUtil.java:1133)
	at com.kavalok.user.UserUtil.addTier(UserUtil.java:1178)
	at com.kavalok.user.UserUtil.addCrowns(UserUtil.java:1133)
	at com.kavalok.user.UserUtil.addTier(UserUtil.java:1178)
	at com.kavalok.user.UserUtil.addCrowns(UserUtil.java:1133)
	at com.kavalok.user.UserUtil.addTier(UserUtil.java:1178)
	at com.kavalok.user.UserUtil.addCrowns(UserUtil.java:1133)
	at com.kavalok.user.UserUtil.addTier(UserUtil.java:1178)
	at com.kavalok.user.UserUtil.addCrowns(UserUtil.java:1133)
	at com.kavalok.user.UserUtil.addTier(UserUtil.java:1178)
	at com.kavalok.user.UserUtil.addCrowns(UserUtil.java:1133)
	at com.kavalok.user.UserUtil.addTier(UserUtil.java:1178)
	at com.kavalok.user.UserUtil.addCrowns(UserUtil.java:1133)
	at com.kavalok.user.UserUtil.addTier(UserUtil.java:1178)
	at com.kavalok.user.UserUtil.addCrowns(UserUtil.java:1133)
	at com.kavalok.user.UserUtil.addTier(UserUtil.java:1178)
	at com.kavalok.user.UserUtil.addCrowns(UserUtil.java:1133)
	at com.kavalok.user.UserUtil.addTier(UserUtil.java:1178)
	at com.kavalok.user.UserUtil.addCrowns(UserUtil.java:1133)
	at com.kavalok.user.UserUtil.addTier(UserUtil.java:1178)
	at com.kavalok.user.UserUtil.addCrowns(UserUtil.java:1133)
	at com.kavalok.user.UserUtil.addTier(UserUtil.java:1178)
	at com.kavalok.user.UserUtil.addCrowns(UserUtil.java:1133)
	at com.kavalok.user.UserUtil.addTier(UserUtil.java:1178)
	at com.kavalok.user.UserUtil.addCrowns(UserUtil.java:1133)
	at com.kavalok.user.UserUtil.addTier(UserUtil.java:1178)
	at com.kavalok.user.UserUtil.addCrowns(UserUtil.java:1133)
	at com.kavalok.user.UserUtil.addTier(UserUtil.java:1178)
	at com.kavalok.user.UserUtil.addCrowns(UserUtil.java:1133)
	at com.kavalok.user.UserUtil.addTier(UserUtil.java:1178)
	at com.kavalok.user.UserUtil.addCrowns(UserUtil.java:1133)
	at com.kavalok.user.UserUtil.addTier(UserUtil.java:1178)
	at com.kavalok.user.UserUtil.addCrowns(UserUtil.java:1133)
	at com.kavalok.user.UserUtil.addTier(UserUtil.java:1178)
	at com.kavalok.user.UserUtil.addCrowns(UserUtil.java:1133)
	at com.kavalok.user.UserUtil.addTier(UserUtil.java:1178)
	at com.kavalok.user.UserUtil.addCrowns(UserUtil.java:1133)
	at com.kavalok.user.UserUtil.addTier(UserUtil.java:1178)
	at com.kavalok.user.UserUtil.addCrowns(UserUtil.java:1133)
	at com.kavalok.user.UserUtil.addTier(UserUtil.java:1178)
	at com.kavalok.user.UserUtil.addCrowns(UserUtil.java:1133)
	at com.kavalok.user.UserUtil.addTier(UserUtil.java:1178)
	at com.kavalok.user.UserUtil.addCrowns(UserUtil.java:1133)
	at com.kavalok.user.UserUtil.addTier(UserUtil.java:1178)
	at com.kavalok.user.UserUtil.addCrowns(UserUtil.java:1133)
	at com.kavalok.user.UserUtil.addTier(UserUtil.java:1178)
	at com.kavalok.user.UserUtil.addCrowns(UserUtil.java:1133)
	at com.kavalok.user.UserUtil.addTier(UserUtil.java:1178)
	at com.kavalok.user.UserUtil.addCrowns(UserUtil.java:1133)
	at com.kavalok.user.UserUtil.addTier(UserUtil.java:1178)
	at com.kavalok.user.UserUtil.addCrowns(UserUtil.java:1133)
	at com.kavalok.user.UserUtil.addTier(UserUtil.java:1178)
	at com.kavalok.user.UserUtil.addCrowns(UserUtil.java:1133)
	at com.kavalok.user.UserUtil.addTier(UserUtil.java:1178)
	at com.kavalok.user.UserUtil.addCrowns(UserUtil.java:1133)
	at com.kavalok.user.UserUtil.addTier(UserUtil.java:1178)
	at com.kavalok.user.UserUtil.addCrowns(UserUtil.java:1133)
	at com.kavalok.user.UserUtil.addTier(UserUtil.java:1178)
	at com.kavalok.user.UserUtil.addCrowns(UserUtil.java:1133)
	at com.kavalok.user.UserUtil.addTier(UserUtil.java:1178)
	at com.kavalok.user.UserUtil.addCrowns(UserUtil.java:1133)
	at com.kavalok.user.UserUtil.addTier(UserUtil.java:1178)
	at com.kavalok.user.UserUtil.addCrowns(UserUtil.java:1133)
	at com.kavalok.user.UserUtil.addTier(UserUtil.java:1178)
	at com.kavalok.user.UserUtil.addCrowns(UserUtil.java:1133)
	at com.kavalok.user.UserUtil.addTier(UserUtil.java:1178)
	at com.kavalok.user.UserUtil.addCrowns(UserUtil.java:1133)
	at com.kavalok.user.UserUtil.addTier(UserUtil.java:1178)
	at com.kavalok.user.UserUtil.addCrowns(UserUtil.java:1133)
	at com.kavalok.user.UserUtil.addTier(UserUtil.java:1178)
	at com.kavalok.user.UserUtil.addCrowns(UserUtil.java:1133)
	at com.kavalok.user.UserUtil.addTier(UserUtil.java:1178)
	at com.kavalok.user.UserUtil.addCrowns(UserUtil.java:1133)
	at com.kavalok.user.UserUtil.addTier(UserUtil.java:1178)
	at com.kavalok.user.UserUtil.addCrowns(UserUtil.java:1133)
	at com.kavalok.user.UserUtil.addTier(UserUtil.java:1178)
	at com.kavalok.user.UserUtil.addCrowns(UserUtil.java:1133)
	at com.kavalok.user.UserUtil.addTier(UserUtil.java:1178)
	at com.kavalok.user.UserUtil.addCrowns(UserUtil.java:1133)
	at com.kavalok.user.UserUtil.addTier(UserUtil.java:1178)
	at com.kavalok.user.UserUtil.addCrowns(UserUtil.java:1133)
	at com.kavalok.user.UserUtil.addTier(UserUtil.java:1178)
	at com.kavalok.user.UserUtil.addCrowns(UserUtil.java:1133)
	at com.kavalok.user.UserUtil.addTier(UserUtil.java:1178)
	at com.kavalok.user.UserUtil.addCrowns(UserUtil.java:1133)
	at com.kavalok.user.UserUtil.addTier(UserUtil.java:1178)
	at com.kavalok.user.UserUtil.addCrowns(UserUtil.java:1133)
	at com.kavalok.user.UserUtil.addTier(UserUtil.java:1178)
	at com.kavalok.user.UserUtil.addCrowns(UserUtil.java:1133)
	at com.kavalok.user.UserUtil.addTier(UserUtil.java:1178)
	at com.kavalok.user.UserUtil.addCrowns(UserUtil.java:1133)
	at com.kavalok.user.UserUtil.addTier(UserUtil.java:1178)
	at com.kavalok.user.UserUtil.addCrowns(UserUtil.java:1133)
	at com.kavalok.user.UserUtil.addTier(UserUtil.java:1178)
	at com.kavalok.user.UserUtil.addCrowns(UserUtil.java:1133)
	at com.kavalok.user.UserUtil.addTier(UserUtil.java:1178)
	at com.kavalok.user.UserUtil.addCrowns(UserUtil.java:1133)
	at com.kavalok.user.UserUtil.addTier(UserUtil.java:1178)
	at com.kavalok.user.UserUtil.addCrowns(UserUtil.java:1133)
	at com.kavalok.user.UserUtil.addTier(UserUtil.java:1178)
	at com.kavalok.user.UserUtil.addCrowns(UserUtil.java:1133)
	at com.kavalok.user.UserUtil.addTier(UserUtil.java:1178)
	at com.kavalok.user.UserUtil.addCrowns(UserUtil.java:1133)
	at com.kavalok.user.UserUtil.addTier(UserUtil.java:1178)
	at com.kavalok.user.UserUtil.addCrowns(UserUtil.java:1133)
	at com.kavalok.user.UserUtil.addTier(UserUtil.java:1178)
	at com.kavalok.user.UserUtil.addCrowns(UserUtil.java:1133)
	at com.kavalok.user.UserUtil.addTier(UserUtil.java:1178)
	at com.kavalok.user.UserUtil.addCrowns(UserUtil.java:1133)
	at com.kavalok.user.UserUtil.addTier(UserUtil.java:1178)
	at com.kavalok.user.UserUtil.addCrowns(UserUtil.java:1133)
	at com.kavalok.user.UserUtil.addTier(UserUtil.java:1178)
	at com.kavalok.user.UserUtil.addCrowns(UserUtil.java:1133)
	at com.kavalok.user.UserUtil.addTier(UserUtil.java:1178)
	at com.kavalok.user.UserUtil.addCrowns(UserUtil.java:1133)
	at com.kavalok.user.UserUtil.addTier(UserUtil.java:1178)
	at com.kavalok.user.UserUtil.addCrowns(UserUtil.java:1133)
	at com.kavalok.user.UserUtil.addTier(UserUtil.java:1178)
	at com.kavalok.user.UserUtil.addCrowns(UserUtil.java:1133)
	at com.kavalok.user.UserUtil.addTier(UserUtil.java:1178)
	at com.kavalok.user.UserUtil.addCrowns(UserUtil.java:1133)
	at com.kavalok.user.UserUtil.addTier(UserUtil.java:1178)
	at com.kavalok.user.UserUtil.addCrowns(UserUtil.java:1133)
	at com.kavalok.user.UserUtil.addTier(UserUtil.java:1178)
	at com.kavalok.user.UserUtil.addCrowns(UserUtil.java:1133)
	at com.kavalok.user.UserUtil.addTier(UserUtil.java:1178)
	at com.kavalok.user.UserUtil.addCrowns(UserUtil.java:1133)
	at com.kavalok.user.UserUtil.addTier(UserUtil.java:1178)
	at com.kavalok.user.UserUtil.addCrowns(UserUtil.java:1133)
	at com.kavalok.user.UserUtil.addTier(UserUtil.java:1178)
	at com.kavalok.user.UserUtil.addCrowns(UserUtil.java:1133)
	at com.kavalok.user.UserUtil.addTier(UserUtil.java:1178)
	at com.kavalok.user.UserUtil.addCrowns(UserUtil.java:1133)
	at com.kavalok.user.UserUtil.addTier(UserUtil.java:1178)
	at com.kavalok.user.UserUtil.addCrowns(UserUtil.java:1133)
	at com.kavalok.user.UserUtil.addTier(UserUtil.java:1178)
	at com.kavalok.user.UserUtil.addCrowns(UserUtil.java:1133)
	at com.kavalok.user.UserUtil.addTier(UserUtil.java:1178)
	at com.kavalok.user.UserUtil.addCrowns(UserUtil.java:1133)
	at com.kavalok.user.UserUtil.addTier(UserUtil.java:1178)
	at com.kavalok.user.UserUtil.addCrowns(UserUtil.java:1133)
	at com.kavalok.user.UserUtil.addTier(UserUtil.java:1178)
	at com.kavalok.user.UserUtil.addCrowns(UserUtil.java:1133)
	at com.kavalok.user.UserUtil.addTier(UserUtil.java:1178)
	at com.kavalok.user.UserUtil.addCrowns(UserUtil.java:1133)
	at com.kavalok.user.UserUtil.addTier(UserUtil.java:1178)
	at com.kavalok.user.UserUtil.addCrowns(UserUtil.java:1133)
	at com.kavalok.user.UserUtil.addTier(UserUtil.java:1178)
	at com.kavalok.user.UserUtil.addCrowns(UserUtil.java:1133)
	at com.kavalok.user.UserUtil.addTier(UserUtil.java:1178)
	at com.kavalok.user.UserUtil.addCrowns(UserUtil.java:1133)
	at com.kavalok.user.UserUtil.addTier(UserUtil.java:1178)
	at com.kavalok.user.UserUtil.addCrowns(UserUtil.java:1133)
	at com.kavalok.user.UserUtil.addTier(UserUtil.java:1178)
	at com.kavalok.user.UserUtil.addCrowns(UserUtil.java:1133)
	at com.kavalok.user.UserUtil.addTier(UserUtil.java:1178)
	at com.kavalok.user.UserUtil.addCrowns(UserUtil.java:1133)
	at com.kavalok.user.UserUtil.addTier(UserUtil.java:1178)
	at com.kavalok.user.UserUtil.addCrowns(UserUtil.java:1133)
	at com.kavalok.user.UserUtil.addTier(UserUtil.java:1178)
	at com.kavalok.user.UserUtil.addCrowns(UserUtil.java:1133)
	at com.kavalok.user.UserUtil.addTier(UserUtil.java:1178)
	at com.kavalok.user.UserUtil.addCrowns(UserUtil.java:1133)
	at com.kavalok.user.UserUtil.addTier(UserUtil.java:1178)
	at com.kavalok.user.UserUtil.addCrowns(UserUtil.java:1133)
	at com.kavalok.user.UserUtil.addTier(UserUtil.java:1178)
	at com.kavalok.user.UserUtil.addCrowns(UserUtil.java:1133)
	at com.kavalok.user.UserUtil.addTier(UserUtil.java:1178)
	at com.kavalok.user.UserUtil.addCrowns(UserUtil.java:1133)
	at com.kavalok.user.UserUtil.addTier(UserUtil.java:1178)
	at com.kavalok.user.UserUtil.addCrowns(UserUtil.java:1133)
	at com.kavalok.user.UserUtil.addTier(UserUtil.java:1178)
	at com.kavalok.user.UserUtil.addCrowns(UserUtil.java:1133)
	at com.kavalok.user.UserUtil.addTier(UserUtil.java:1178)
	at com.kavalok.user.UserUtil.addCrowns(UserUtil.java:1133)
	at com.kavalok.user.UserUtil.addTier(UserUtil.java:1178)
	at com.kavalok.user.UserUtil.addCrowns(UserUtil.java:1133)
	at com.kavalok.user.UserUtil.addTier(UserUtil.java:1178)
	at com.kavalok.user.UserUtil.addCrowns(UserUtil.java:1133)
	at com.kavalok.user.UserUtil.addTier(UserUtil.java:1178)
	at com.kavalok.user.UserUtil.addCrowns(UserUtil.java:1133)
	at com.kavalok.user.UserUtil.addTier(UserUtil.java:1178)
	at com.kavalok.user.UserUtil.addCrowns(UserUtil.java:1133)
	at com.kavalok.user.UserUtil.addTier(UserUtil.java:1178)
	at com.kavalok.user.UserUtil.addCrowns(UserUtil.java:1133)
	at com.kavalok.user.UserUtil.addTier(UserUtil.java:1178)
	at com.kavalok.user.UserUtil.addCrowns(UserUtil.java:1133)
	at com.kavalok.user.UserUtil.addTier(UserUtil.java:1178)
	at com.kavalok.user.UserUtil.addCrowns(UserUtil.java:1133)
	at com.kavalok.user.UserUtil.addTier(UserUtil.java:1178)
	at com.kavalok.user.UserUtil.addCrowns(UserUtil.java:1133)
	at com.kavalok.user.UserUtil.addTier(UserUtil.java:1178)
	at com.kavalok.user.UserUtil.addCrowns(UserUtil.java:1133)
	at com.kavalok.user.UserUtil.addTier(UserUtil.java:1178)
	at com.kavalok.user.UserUtil.addCrowns(UserUtil.java:1133)
	at com.kavalok.user.UserUtil.addTier(UserUtil.java:1178)
	at com.kavalok.user.UserUtil.addCrowns(UserUtil.java:1133)
	at com.kavalok.user.UserUtil.addTier(UserUtil.java:1178)
	at com.kavalok.user.UserUtil.addCrowns(UserUtil.java:1133)
	at com.kavalok.user.UserUtil.addTier(UserUtil.java:1178)
	at com.kavalok.user.UserUtil.addCrowns(UserUtil.java:1133)
	at com.kavalok.user.UserUtil.addTier(UserUtil.java:1178)
	at com.kavalok.user.UserUtil.addCrowns(UserUtil.java:1133)
	at com.kavalok.user.UserUtil.addTier(UserUtil.java:1178)
	at com.kavalok.user.UserUtil.addCrowns(UserUtil.java:1133)
	at com.kavalok.user.UserUtil.addTier(UserUtil.java:1178)
	at com.kavalok.user.UserUtil.addCrowns(UserUtil.java:1133)
	at com.kavalok.user.UserUtil.addTier(UserUtil.java:1178)
	at com.kavalok.user.UserUtil.addCrowns(UserUtil.java:1133)
	at com.kavalok.user.UserUtil.addTier(UserUtil.java:1178)
	at com.kavalok.user.UserUtil.addCrowns(UserUtil.java:1133)
	at com.kavalok.user.UserUtil.addTier(UserUtil.java:1178)
	at com.kavalok.user.UserUtil.addCrowns(UserUtil.java:1133)
	at com.kavalok.user.UserUtil.addTier(UserUtil.java:1178)
	at com.kavalok.user.UserUtil.addCrowns(UserUtil.java:1133)
	at com.kavalok.user.UserUtil.addTier(UserUtil.java:1178)
	at com.kavalok.user.UserUtil.addCrowns(UserUtil.java:1133)
	at com.kavalok.user.UserUtil.addTier(UserUtil.java:1178)
	at com.kavalok.user.UserUtil.addCrowns(UserUtil.java:1133)
	at com.kavalok.user.UserUtil.addTier(UserUtil.java:1178)
	at com.kavalok.user.UserUtil.addCrowns(UserUtil.java:1133)
	at com.kavalok.user.UserUtil.addTier(UserUtil.java:1178)
	at com.kavalok.user.UserUtil.addCrowns(UserUtil.java:1133)
	at com.kavalok.user.UserUtil.addTier(UserUtil.java:1178)
	at com.kavalok.user.UserUtil.addCrowns(UserUtil.java:1133)
	at com.kavalok.user.UserUtil.addTier(UserUtil.java:1178)
	at com.kavalok.user.UserUtil.addCrowns(UserUtil.java:1133)
	at com.kavalok.user.UserUtil.addTier(UserUtil.java:1178)
	at com.kavalok.user.UserUtil.addCrowns(UserUtil.java:1133)
	at com.kavalok.user.UserUtil.addTier(UserUtil.java:1178)
	at com.kavalok.user.UserUtil.addCrowns(UserUtil.java:1133)
	at com.kavalok.user.UserUtil.addTier(UserUtil.java:1178)
	at com.kavalok.user.UserUtil.addCrowns(UserUtil.java:1133)
	at com.kavalok.user.UserUtil.addTier(UserUtil.java:1178)
	at com.kavalok.user.UserUtil.addCrowns(UserUtil.java:1133)
	at com.kavalok.user.UserUtil.addTier(UserUtil.java:1178)
	at com.kavalok.user.UserUtil.addCrowns(UserUtil.java:1133)
	at com.kavalok.user.UserUtil.addTier(UserUtil.java:1178)
	at com.kavalok.user.UserUtil.addCrowns(UserUtil.java:1133)
	at com.kavalok.user.UserUtil.addTier(UserUtil.java:1178)
	at com.kavalok.user.UserUtil.addCrowns(UserUtil.java:1133)
	at com.kavalok.user.UserUtil.addTier(UserUtil.java:1178)
	at com.kavalok.user.UserUtil.addCrowns(UserUtil.java:1133)
	at com.kavalok.user.UserUtil.addTier(UserUtil.java:1178)
	at com.kavalok.user.UserUtil.addCrowns(UserUtil.java:1133)
	at com.kavalok.user.UserUtil.addTier(UserUtil.java:1178)
	at com.kavalok.user.UserUtil.addCrowns(UserUtil.java:1133)
	at com.kavalok.user.UserUtil.addTier(UserUtil.java:1178)
	at com.kavalok.user.UserUtil.addCrowns(UserUtil.java:1133)
	at com.kavalok.user.UserUtil.addTier(UserUtil.java:1178)
	at com.kavalok.user.UserUtil.addCrowns(UserUtil.java:1133)
	at com.kavalok.user.UserUtil.addTier(UserUtil.java:1178)
	at com.kavalok.user.UserUtil.addCrowns(UserUtil.java:1133)
	at com.kavalok.user.UserUtil.addTier(UserUtil.java:1178)
	at com.kavalok.user.UserUtil.addCrowns(UserUtil.java:1133)
	at com.kavalok.user.UserUtil.addTier(UserUtil.java:1178)
	at com.kavalok.user.UserUtil.addCrowns(UserUtil.java:1133)
	at com.kavalok.user.UserUtil.addTier(UserUtil.java:1178)
	at com.kavalok.user.UserUtil.addCrowns(UserUtil.java:1133)
	at com.kavalok.user.UserUtil.addTier(UserUtil.java:1178)
	at com.kavalok.user.UserUtil.addCrowns(UserUtil.java:1133)
	at com.kavalok.user.UserUtil.addTier(UserUtil.java:1178)
	at com.kavalok.user.UserUtil.addCrowns(UserUtil.java:1133)
	at com.kavalok.user.UserUtil.addTier(UserUtil.java:1178)
	at com.kavalok.user.UserUtil.addCrowns(UserUtil.java:1133)
	at com.kavalok.user.UserUtil.addTier(UserUtil.java:1178)
	at com.kavalok.user.UserUtil.addCrowns(UserUtil.java:1133)
	at com.kavalok.user.UserUtil.addTier(UserUtil.java:1178)
	at com.kavalok.user.UserUtil.addCrowns(UserUtil.java:1133)
	at com.kavalok.user.UserUtil.addTier(UserUtil.java:1178)
	at com.kavalok.user.UserUtil.addCrowns(UserUtil.java:1133)
	at com.kavalok.user.UserUtil.addTier(UserUtil.java:1178)
	at com.kavalok.user.UserUtil.addCrowns(UserUtil.java:1133)
	at com.kavalok.user.UserUtil.addTier(UserUtil.java:1178)
	at com.kavalok.user.UserUtil.addCrowns(UserUtil.java:1133)
	at com.kavalok.user.UserUtil.addTier(UserUtil.java:1178)
	at com.kavalok.user.UserUtil.addCrowns(UserUtil.java:1133)
	at com.kavalok.user.UserUtil.addTier(UserUtil.java:1178)
	at com.kavalok.user.UserUtil.addCrowns(UserUtil.java:1133)
	at com.kavalok.user.UserUtil.addTier(UserUtil.java:1178)
	at com.kavalok.user.UserUtil.addCrowns(UserUtil.java:1133)
	at com.kavalok.user.UserUtil.addTier(UserUtil.java:1178)
	at com.kavalok.user.UserUtil.addCrowns(UserUtil.java:1133)
	at com.kavalok.user.UserUtil.addTier(UserUtil.java:1178)
	at com.kavalok.user.UserUtil.addCrowns(UserUtil.java:1133)
	at com.kavalok.user.UserUtil.addTier(UserUtil.java:1178)
	at com.kavalok.user.UserUtil.addCrowns(UserUtil.java:1133)
	at com.kavalok.user.UserUtil.addTier(UserUtil.java:1178)
	at com.kavalok.user.UserUtil.addCrowns(UserUtil.java:1133)
	at com.kavalok.user.UserUtil.addTier(UserUtil.java:1178)
	at com.kavalok.user.UserUtil.addCrowns(UserUtil.java:1133)
	at com.kavalok.user.UserUtil.addTier(UserUtil.java:1178)
	at com.kavalok.user.UserUtil.addCrowns(UserUtil.java:1133)
	at com.kavalok.user.UserUtil.addTier(UserUtil.java:1178)
	at com.kavalok.user.UserUtil.addCrowns(UserUtil.java:1133)
	at com.kavalok.user.UserUtil.addTier(UserUtil.java:1178)
	at com.kavalok.user.UserUtil.addCrowns(UserUtil.java:1133)
	at com.kavalok.user.UserUtil.addTier(UserUtil.java:1178)
	at com.kavalok.user.UserUtil.addCrowns(UserUtil.java:1133)
	at com.kavalok.user.UserUtil.addTier(UserUtil.java:1178)
	at com.kavalok.user.UserUtil.addCrowns(UserUtil.java:1133)
	at com.kavalok.user.UserUtil.addTier(UserUtil.java:1178)
	at com.kavalok.user.UserUtil.addCrowns(UserUtil.java:1133)
	at com.kavalok.user.UserUtil.addTier(UserUtil.java:1178)
	at com.kavalok.user.UserUtil.addCrowns(UserUtil.java:1133)
	at com.kavalok.user.UserUtil.addTier(UserUtil.java:1178)
	at com.kavalok.user.UserUtil.addCrowns(UserUtil.java:1133)
	at com.kavalok.user.UserUtil.addTier(UserUtil.java:1178)
	at com.kavalok.user.UserUtil.addCrowns(UserUtil.java:1133)
	at com.kavalok.user.UserUtil.addTier(UserUtil.java:1178)
	at com.kavalok.user.UserUtil.addCrowns(UserUtil.java:1133)
	at com.kavalok.user.UserUtil.addTier(UserUtil.java:1178)
	at com.kavalok.user.UserUtil.addCrowns(UserUtil.java:1133)
	at com.kavalok.user.UserUtil.addTier(UserUtil.java:1178)
	at com.kavalok.user.UserUtil.addCrowns(UserUtil.java:1133)
	at com.kavalok.user.UserUtil.addTier(UserUtil.java:1178)
	at com.kavalok.user.UserUtil.addCrowns(UserUtil.java:1133)
	at com.kavalok.user.UserUtil.addTier(UserUtil.java:1178)
	at com.kavalok.user.UserUtil.addCrowns(UserUtil.java:1133)
	at com.kavalok.user.UserUtil.addTier(UserUtil.java:1178)
	at com.kavalok.user.UserUtil.addCrowns(UserUtil.java:1133)
	at com.kavalok.user.UserUtil.addTier(UserUtil.java:1178)
	at com.kavalok.user.UserUtil.addCrowns(UserUtil.java:1133)
	at com.kavalok.user.UserUtil.addTier(UserUtil.java:1178)
	at com.kavalok.user.UserUtil.addCrowns(UserUtil.java:1133)
	at com.kavalok.user.UserUtil.addTier(UserUtil.java:1178)
	at com.kavalok.user.UserUtil.addCrowns(UserUtil.java:1133)
	at com.kavalok.user.UserUtil.addTier(UserUtil.java:1178)
	at com.kavalok.user.UserUtil.addCrowns(UserUtil.java:1133)
	at com.kavalok.user.UserUtil.addTier(UserUtil.java:1178)
	at com.kavalok.user.UserUtil.addCrowns(UserUtil.java:1133)
	at com.kavalok.user.UserUtil.addTier(UserUtil.java:1178)
	at com.kavalok.user.UserUtil.addCrowns(UserUtil.java:1133)
	at com.kavalok.user.UserUtil.addTier(UserUtil.java:1178)
	at com.kavalok.user.UserUtil.addCrowns(UserUtil.java:1133)
	at com.kavalok.user.UserUtil.addTier(UserUtil.java:1178)
	at com.kavalok.user.UserUtil.addCrowns(UserUtil.java:1133)
	at com.kavalok.user.UserUtil.addTier(UserUtil.java:1178)
	at com.kavalok.user.UserUtil.addCrowns(UserUtil.java:1133)
	at com.kavalok.user.UserUtil.addTier(UserUtil.java:1178)
	at com.kavalok.user.UserUtil.addCrowns(UserUtil.java:1133)
	at com.kavalok.user.UserUtil.addTier(UserUtil.java:1178)
	at com.kavalok.user.UserUtil.addCrowns(UserUtil.java:1133)
	at com.kavalok.user.UserUtil.addTier(UserUtil.java:1178)
	at com.kavalok.user.UserUtil.addCrowns(UserUtil.java:1133)
	at com.kavalok.user.UserUtil.addTier(UserUtil.java:1178)
	at com.kavalok.user.UserUtil.addCrowns(UserUtil.java:1133)
	at com.kavalok.user.UserUtil.addTier(UserUtil.java:1178)
	at com.kavalok.user.UserUtil.addCrowns(UserUtil.java:1133)
	at com.kavalok.user.UserUtil.addTier(UserUtil.java:1178)
	at com.kavalok.user.UserUtil.addCrowns(UserUtil.java:1133)
	at com.kavalok.user.UserUtil.addTier(UserUtil.java:1178)
	at com.kavalok.user.UserUtil.addCrowns(UserUtil.java:1133)
	at com.kavalok.user.UserUtil.addTier(UserUtil.java:1178)
	at com.kavalok.user.UserUtil.addCrowns(UserUtil.java:1133)
	at com.kavalok.user.UserUtil.addTier(UserUtil.java:1178)
	at com.kavalok.user.UserUtil.addCrowns(UserUtil.java:1133)
	at com.kavalok.user.UserUtil.addTier(UserUtil.java:1178)
	at com.kavalok.user.UserUtil.addCrowns(UserUtil.java:1133)
	at com.kavalok.user.UserUtil.addTier(UserUtil.java:1178)
	at com.kavalok.user.UserUtil.addCrowns(UserUtil.java:1133)
	at com.kavalok.user.UserUtil.addTier(UserUtil.java:1178)
	at com.kavalok.user.UserUtil.addCrowns(UserUtil.java:1133)
	at com.kavalok.user.UserUtil.addTier(UserUtil.java:1178)
	at com.kavalok.user.UserUtil.addCrowns(UserUtil.java:1133)
	at com.kavalok.user.UserUtil.addTier(UserUtil.java:1178)
	at com.kavalok.user.UserUtil.addCrowns(UserUtil.java:1133)
	at com.kavalok.user.UserUtil.addTier(UserUtil.java:1178)
	at com.kavalok.user.UserUtil.addCrowns(UserUtil.java:1133)
	at com.kavalok.user.UserUtil.addTier(UserUtil.java:1178)
	at com.kavalok.user.UserUtil.addCrowns(UserUtil.java:1133)
	at com.kavalok.user.UserUtil.addTier(UserUtil.java:1178)
	at com.kavalok.user.UserUtil.addCrowns(UserUtil.java:1133)
	at com.kavalok.user.UserUtil.addTier(UserUtil.java:1178)
	at com.kavalok.user.UserUtil.addCrowns(UserUtil.java:1133)
	at com.kavalok.user.UserUtil.addTier(UserUtil.java:1178)
	at com.kavalok.user.UserUtil.addCrowns(UserUtil.java:1133)
	at com.kavalok.user.UserUtil.addTier(UserUtil.java:1178)
	at com.kavalok.user.UserUtil.addCrowns(UserUtil.java:1133)
	at com.kavalok.user.UserUtil.addTier(UserUtil.java:1178)
	at com.kavalok.user.UserUtil.addCrowns(UserUtil.java:1133)
	at com.kavalok.user.UserUtil.addTier(UserUtil.java:1178)
	at com.kavalok.user.UserUtil.addCrowns(UserUtil.java:1133)
	at com.kavalok.user.UserUtil.addTier(UserUtil.java:1178)
	at com.kavalok.user.UserUtil.addCrowns(UserUtil.java:1133)
	at com.kavalok.user.UserUtil.addTier(UserUtil.java:1178)
	at com.kavalok.user.UserUtil.addCrowns(UserUtil.java:1133)
	at com.kavalok.user.UserUtil.addTier(UserUtil.java:1178)
	at com.kavalok.user.UserUtil.addCrowns(UserUtil.java:1133)
	at com.kavalok.user.UserUtil.addTier(UserUtil.java:1178)
	at com.kavalok.user.UserUtil.addCrowns(UserUtil.java:1133)
	at com.kavalok.user.UserUtil.addTier(UserUtil.java:1178)
	at com.kavalok.user.UserUtil.addCrowns(UserUtil.java:1133)
	at com.kavalok.user.UserUtil.addTier(UserUtil.java:1178)
	at com.kavalok.user.UserUtil.addCrowns(UserUtil.java:1133)
	at com.kavalok.user.UserUtil.addTier(UserUtil.java:1178)
	at com.kavalok.user.UserUtil.addCrowns(UserUtil.java:1133)
	at com.kavalok.user.UserUtil.addTier(UserUtil.java:1178)
	at com.kavalok.user.UserUtil.addCrowns(UserUtil.java:1133)
	at com.kavalok.user.UserUtil.addTier(UserUtil.java:1178)
	at com.kavalok.user.UserUtil.addCrowns(UserUtil.java:1133)
	at com.kavalok.user.UserUtil.addTier(UserUtil.java:1178)
	at com.kavalok.user.UserUtil.addCrowns(UserUtil.java:1133)
	at com.kavalok.user.UserUtil.addTier(UserUtil.java:1178)
	at com.kavalok.user.UserUtil.addCrowns(UserUtil.java:1133)
	at com.kavalok.user.UserUtil.addTier(UserUtil.java:1178)
	at com.kavalok.user.UserUtil.addCrowns(UserUtil.java:1133)
	at com.kavalok.user.UserUtil.addTier(UserUtil.java:1178)
	at com.kavalok.user.UserUtil.addCrowns(UserUtil.java:1133)
	at com.kavalok.user.UserUtil.addTier(UserUtil.java:1178)
	at com.kavalok.user.UserUtil.addCrowns(UserUtil.java:1133)
	at com.kavalok.user.UserUtil.addTier(UserUtil.java:1178)
	at com.kavalok.user.UserUtil.addCrowns(UserUtil.java:1133)
	at com.kavalok.user.UserUtil.addTier(UserUtil.java:1178)
	at com.kavalok.user.UserUtil.addCrowns(UserUtil.java:1133)
	at com.kavalok.user.UserUtil.addTier(UserUtil.java:1178)
	at com.kavalok.user.UserUtil.addCrowns(UserUtil.java:1133)
	at com.kavalok.user.UserUtil.addTier(UserUtil.java:1178)
	at com.kavalok.user.UserUtil.addCrowns(UserUtil.java:1133)
	at com.kavalok.user.UserUtil.addTier(UserUtil.java:1178)
	at com.kavalok.user.UserUtil.addCrowns(UserUtil.java:1133)
	at com.kavalok.user.UserUtil.addTier(UserUtil.java:1178)
	at com.kavalok.user.UserUtil.addCrowns(UserUtil.java:1133)
	at com.kavalok.user.UserUtil.addTier(UserUtil.java:1178)
	at com.kavalok.user.UserUtil.addCrowns(UserUtil.java:1133)
	at com.kavalok.user.UserUtil.addTier(UserUtil.java:1178)
	at com.kavalok.user.UserUtil.addCrowns(UserUtil.java:1133)
	at com.kavalok.user.UserUtil.addTier(UserUtil.java:1178)
	at com.kavalok.user.UserUtil.addCrowns(UserUtil.java:1133)
	at com.kavalok.user.UserUtil.addTier(UserUtil.java:1178)
	at com.kavalok.user.UserUtil.addCrowns(UserUtil.java:1133)
	at com.kavalok.user.UserUtil.addTier(UserUtil.java:1178)
	at com.kavalok.user.UserUtil.addCrowns(UserUtil.java:1133)
	at com.kavalok.user.UserUtil.addTier(UserUtil.java:1178)
	at com.kavalok.user.UserUtil.addCrowns(UserUtil.java:1133)
	at com.kavalok.user.UserUtil.addTier(UserUtil.java:1178)
	at com.kavalok.user.UserUtil.addCrowns(UserUtil.java:1133)
	at com.kavalok.user.UserUtil.addTier(UserUtil.java:1178)
	at com.kavalok.user.UserUtil.addCrowns(UserUtil.java:1133)
	at com.kavalok.user.UserUtil.addTier(UserUtil.java:1178)
	at com.kavalok.user.UserUtil.addCrowns(UserUtil.java:1133)
	at com.kavalok.user.UserUtil.addTier(UserUtil.java:1178)
	at com.kavalok.user.UserUtil.addCrowns(UserUtil.java:1133)
	at com.kavalok.user.UserUtil.addTier(UserUtil.java:1178)
	at com.kavalok.user.UserUtil.addCrowns(UserUtil.java:1133)
	at com.kavalok.user.UserUtil.addTier(UserUtil.java:1178)
	at com.kavalok.user.UserUtil.addCrowns(UserUtil.java:1133)
	at com.kavalok.user.UserUtil.addTier(UserUtil.java:1178)
	at com.kavalok.user.UserUtil.addCrowns(UserUtil.java:1133)
	at com.kavalok.user.UserUtil.addTier(UserUtil.java:1178)
	at com.kavalok.user.UserUtil.addCrowns(UserUtil.java:1133)
	at com.kavalok.user.UserUtil.addTier(UserUtil.java:1178)
	at com.kavalok.user.UserUtil.addCrowns(UserUtil.java:1133)
	at com.kavalok.user.UserUtil.addTier(UserUtil.java:1178)
	at com.kavalok.user.UserUtil.addCrowns(UserUtil.java:1133)
	at com.kavalok.user.UserUtil.addTier(UserUtil.java:1178)
	at com.kavalok.user.UserUtil.addCrowns(UserUtil.java:1133)
	at com.kavalok.user.UserUtil.addTier(UserUtil.java:1178)
	at com.kavalok.user.UserUtil.addCrowns(UserUtil.java:1133)
	at com.kavalok.user.UserUtil.addTier(UserUtil.java:1178)
	at com.kavalok.user.UserUtil.addCrowns(UserUtil.java:1133)
	at com.kavalok.user.UserUtil.addTier(UserUtil.java:1178)
	at com.kavalok.user.UserUtil.addCrowns(UserUtil.java:1133)
	at com.kavalok.user.UserUtil.addTier(UserUtil.java:1178)
	at com.kavalok.user.UserUtil.addCrowns(UserUtil.java:1133)
	at com.kavalok.user.UserUtil.addTier(UserUtil.java:1178)
	at com.kavalok.user.UserUtil.addCrowns(UserUtil.java:1133)
	at com.kavalok.user.UserUtil.addTier(UserUtil.java:1178)
	at com.kavalok.user.UserUtil.addCrowns(UserUtil.java:1133)
	at com.kavalok.user.UserUtil.addTier(UserUtil.java:1178)
	at com.kavalok.user.UserUtil.addCrowns(UserUtil.java:1133)
	at com.kavalok.user.UserUtil.addTier(UserUtil.java:1178)
	at com.kavalok.user.UserUtil.addCrowns(UserUtil.java:1133)
	at com.kavalok.user.UserUtil.addTier(UserUtil.java:1178)
	at com.kavalok.user.UserUtil.addCrowns(UserUtil.java:1133)
	at com.kavalok.user.UserUtil.addTier(UserUtil.java:1178)
	at com.kavalok.user.UserUtil.addCrowns(UserUtil.java:1133)
	at com.kavalok.user.UserUtil.addTier(UserUtil.java:1178)
	at com.kavalok.user.UserUtil.addCrowns(UserUtil.java:1133)
	at com.kavalok.user.UserUtil.addTier(UserUtil.java:1178)
	at com.kavalok.user.UserUtil.addCrowns(UserUtil.java:1133)
	at com.kavalok.user.UserUtil.addTier(UserUtil.java:1178)
	at com.kavalok.user.UserUtil.addCrowns(UserUtil.java:1133)
	at com.kavalok.user.UserUtil.addTier(UserUtil.java:1178)
	at com.kavalok.user.UserUtil.addCrowns(UserUtil.java:1133)
	at com.kavalok.user.UserUtil.addTier(UserUtil.java:1178)
	at com.kavalok.user.UserUtil.addCrowns(UserUtil.java:1133)
	at com.kavalok.user.UserUtil.addTier(UserUtil.java:1178)
	at com.kavalok.user.UserUtil.addCrowns(UserUtil.java:1133)
	at com.kavalok.user.UserUtil.addTier(UserUtil.java:1178)
	at com.kavalok.user.UserUtil.addCrowns(UserUtil.java:1133)
	at com.kavalok.user.UserUtil.addTier(UserUtil.java:1178)
	at com.kavalok.user.UserUtil.addCrowns(UserUtil.java:1133)
	at com.kavalok.user.UserUtil.addTier(UserUtil.java:1178)
	at com.kavalok.user.UserUtil.addCrowns(UserUtil.java:1133)
	at com.kavalok.user.UserUtil.addTier(UserUtil.java:1178)
	at com.kavalok.user.UserUtil.addCrowns(UserUtil.java:1133)
	at com.kavalok.user.UserUtil.addTier(UserUtil.java:1178)
	at com.kavalok.user.UserUtil.addCrowns(UserUtil.java:1133)
	at com.kavalok.user.UserUtil.addTier(UserUtil.java:1178)
	at com.kavalok.user.UserUtil.addCrowns(UserUtil.java:1133)
	at com.kavalok.user.UserUtil.addTier(UserUtil.java:1178)
	at com.kavalok.user.UserUtil.addCrowns(UserUtil.java:1133)
	at com.kavalok.user.UserUtil.addTier(UserUtil.java:1178)
	at com.kavalok.user.UserUtil.addCrowns(UserUtil.java:1133)
	at com.kavalok.user.UserUtil.addTier(UserUtil.java:1178)
	at com.kavalok.user.UserUtil.addCrowns(UserUtil.java:1133)
	at com.kavalok.user.UserUtil.addTier(UserUtil.java:1178)
	at com.kavalok.user.UserUtil.addCrowns(UserUtil.java:1133)
	at com.kavalok.user.UserUtil.addTier(UserUtil.java:1178)
	at com.kavalok.user.UserUtil.addCrowns(UserUtil.java:1133)
	at com.kavalok.user.UserUtil.addTier(UserUtil.java:1178)
	at com.kavalok.user.UserUtil.addCrowns(UserUtil.java:1133)
	at com.kavalok.user.UserUtil.addTier(UserUtil.java:1178)
	at com.kavalok.user.UserUtil.addCrowns(UserUtil.java:1133)
	at com.kavalok.user.UserUtil.addTier(UserUtil.java:1178)
	at com.kavalok.user.UserUtil.addCrowns(UserUtil.java:1133)
	at com.kavalok.user.UserUtil.addTier(UserUtil.java:1178)
	at com.kavalok.user.UserUtil.addCrowns(UserUtil.java:1133)
	at com.kavalok.user.UserUtil.addTier(UserUtil.java:1178)
	at com.kavalok.user.UserUtil.addCrowns(UserUtil.java:1133)
	at com.kavalok.user.UserUtil.addTier(UserUtil.java:1178)
	at com.kavalok.user.UserUtil.addCrowns(UserUtil.java:1133)
	at com.kavalok.user.UserUtil.addTier(UserUtil.java:1178)
	at com.kavalok.user.UserUtil.addCrowns(UserUtil.java:1133)
	at com.kavalok.user.UserUtil.addTier(UserUtil.java:1178)
	at com.kavalok.user.UserUtil.addCrowns(UserUtil.java:1133)
	at com.kavalok.user.UserUtil.addTier(UserUtil.java:1178)
	at com.kavalok.user.UserUtil.addCrowns(UserUtil.java:1133)
	at com.kavalok.user.UserUtil.addTier(UserUtil.java:1178)
	at com.kavalok.user.UserUtil.addCrowns(UserUtil.java:1133)
	at com.kavalok.user.UserUtil.addTier(UserUtil.java:1178)
	at com.kavalok.user.UserUtil.addCrowns(UserUtil.java:1133)
	at com.kavalok.user.UserUtil.addTier(UserUtil.java:1178)
	at com.kavalok.user.UserUtil.addCrowns(UserUtil.java:1133)
	at com.kavalok.user.UserUtil.addTier(UserUtil.java:1178)
	at com.kavalok.user.UserUtil.addCrowns(UserUtil.java:1133)
	at com.kavalok.user.UserUtil.addTier(UserUtil.java:1178)
	at com.kavalok.user.UserUtil.addCrowns(UserUtil.java:1133)
	at com.kavalok.user.UserUtil.addTier(UserUtil.java:1178)
	at com.kavalok.user.UserUtil.addCrowns(UserUtil.java:1133)
	at com.kavalok.user.UserUtil.addTier(UserUtil.java:1178)
	at com.kavalok.user.UserUtil.addCrowns(UserUtil.java:1133)
	at com.kavalok.user.UserUtil.addTier(UserUtil.java:1178)
	at com.kavalok.user.UserUtil.addCrowns(UserUtil.java:1133)
	at com.kavalok.user.UserUtil.addTier(UserUtil.java:1178)
	at com.kavalok.user.UserUtil.addCrowns(UserUtil.java:1133)
	at com.kavalok.user.UserUtil.addTier(UserUtil.java:1178)
	at com.kavalok.user.UserUtil.addCrowns(UserUtil.java:1133)
	at com.kavalok.user.UserUtil.addTier(UserUtil.java:1178)
	at com.kavalok.user.UserUtil.addCrowns(UserUtil.java:1133)
	at com.kavalok.user.UserUtil.addTier(UserUtil.java:1178)
	at com.kavalok.user.UserUtil.addCrowns(UserUtil.java:1133)
	at com.kavalok.user.UserUtil.addTier(UserUtil.java:1178)
	at com.kavalok.user.UserUtil.addCrowns(UserUtil.java:1133)
	at com.kavalok.user.UserUtil.addTier(UserUtil.java:1178)
	at com.kavalok.user.UserUtil.addCrowns(UserUtil.java:1133)
	at com.kavalok.user.UserUtil.addTier(UserUtil.java:1178)
	at com.kavalok.user.UserUtil.addCrowns(UserUtil.java:1133)
	at com.kavalok.user.UserUtil.addTier(UserUtil.java:1178)
	at com.kavalok.user.UserUtil.addCrowns(UserUtil.java:1133)
	at com.kavalok.user.UserUtil.addTier(UserUtil.java:1178)
	at com.kavalok.user.UserUtil.addCrowns(UserUtil.java:1133)
	at com.kavalok.user.UserUtil.addTier(UserUtil.java:1178)
	at com.kavalok.user.UserUtil.addCrowns(UserUtil.java:1133)
	at com.kavalok.user.UserUtil.addTier(UserUtil.java:1178)
	at com.kavalok.user.UserUtil.addCrowns(UserUtil.java:1133)
	at com.kavalok.user.UserUtil.addTier(UserUtil.java:1178)
	at com.kavalok.user.UserUtil.addCrowns(UserUtil.java:1133)
	at com.kavalok.user.UserUtil.addTier(UserUtil.java:1178)
	at com.kavalok.user.UserUtil.addCrowns(UserUtil.java:1133)
	at com.kavalok.user.UserUtil.addTier(UserUtil.java:1178)
	at com.kavalok.user.UserUtil.addCrowns(UserUtil.java:1133)
	at com.kavalok.user.UserUtil.addTier(UserUtil.java:1178)
	at com.kavalok.user.UserUtil.addCrowns(UserUtil.java:1133)
	at com.kavalok.user.UserUtil.addTier(UserUtil.java:1178)
	at com.kavalok.user.UserUtil.addCrowns(UserUtil.java:1133)
	at com.kavalok.user.UserUtil.addTier(UserUtil.java:1178)
	at com.kavalok.user.UserUtil.addCrowns(UserUtil.java:1133)
	at com.kavalok.user.UserUtil.addTier(UserUtil.java:1178)
	at com.kavalok.user.UserUtil.addCrowns(UserUtil.java:1133)
	at com.kavalok.user.UserUtil.addTier(UserUtil.java:1178)
	at com.kavalok.user.UserUtil.addCrowns(UserUtil.java:1133)
	at com.kavalok.user.UserUtil.addTier(UserUtil.java:1178)
	at com.kavalok.user.UserUtil.addCrowns(UserUtil.java:1133)
	at com.kavalok.user.UserUtil.addTier(UserUtil.java:1178)
	at com.kavalok.user.UserUtil.addCrowns(UserUtil.java:1133)
	at com.kavalok.user.UserUtil.addTier(UserUtil.java:1178)
	at com.kavalok.user.UserUtil.addCrowns(UserUtil.java:1133)
	at com.kavalok.user.UserUtil.addTier(UserUtil.java:1178)
	at com.kavalok.user.UserUtil.addCrowns(UserUtil.java:1133)
	at com.kavalok.user.UserUtil.addTier(UserUtil.java:1178)
	at com.kavalok.user.UserUtil.addCrowns(UserUtil.java:1133)
	at com.kavalok.user.UserUtil.addTier(UserUtil.java:1178)
	at com.kavalok.user.UserUtil.addCrowns(UserUtil.java:1133)
	at com.kavalok.user.UserUtil.addTier(UserUtil.java:1178)
	at com.kavalok.user.UserUtil.addCrowns(UserUtil.java:1133)
	at com.kavalok.user.UserUtil.addTier(UserUtil.java:1178)
	at com.kavalok.user.UserUtil.addCrowns(UserUtil.java:1133)
	at com.kavalok.user.UserUtil.addTier(UserUtil.java:1178)
	at com.kavalok.user.UserUtil.addCrowns(UserUtil.java:1133)
	at com.kavalok.user.UserUtil.addTier(UserUtil.java:1178)
	at com.kavalok.user.UserUtil.addCrowns(UserUtil.java:1133)
	at com.kavalok.user.UserUtil.addTier(UserUtil.java:1178)
	at com.kavalok.user.UserUtil.addCrowns(UserUtil.java:1133)
	at com.kavalok.user.UserUtil.addTier(UserUtil.java:1178)
	at com.kavalok.user.UserUtil.addCrowns(UserUtil.java:1133)
	at com.kavalok.user.UserUtil.addTier(UserUtil.java:1178)
	at com.kavalok.user.UserUtil.addCrowns(UserUtil.java:1133)
	at com.kavalok.user.UserUtil.addTier(UserUtil.java:1178)
	at com.kavalok.user.UserUtil.addCrowns(UserUtil.java:1133)
	at com.kavalok.user.UserUtil.addTier(UserUtil.java:1178)
	at com.kavalok.user.UserUtil.addCrowns(UserUtil.java:1133)
	at com.kavalok.user.UserUtil.addTier(UserUtil.java:1178)
	at com.kavalok.user.UserUtil.addCrowns(UserUtil.java:1133)
	at com.kavalok.user.UserUtil.addTier(UserUtil.java:1178)
	at com.kavalok.user.UserUtil.addCrowns(UserUtil.java:1133)
	at com.kavalok.user.UserUtil.addTier(UserUtil.java:1178)
	at com.kavalok.user.UserUtil.addCrowns(UserUtil.java:1133)
	at com.kavalok.user.UserUtil.addTier(UserUtil.java:1178)
	at com.kavalok.user.UserUtil.addCrowns(UserUtil.java:1133)
	at com.kavalok.user.UserUtil.addTier(UserUtil.java:1178)
	at com.kavalok.user.UserUtil.addCrowns(UserUtil.java:1133)
	at com.kavalok.user.UserUtil.addTier(UserUtil.java:1178)
	at com.kavalok.user.UserUtil.addCrowns(UserUtil.java:1133)
	at com.kavalok.user.UserUtil.addTier(UserUtil.java:1178)
	at com.kavalok.user.UserUtil.addCrowns(UserUtil.java:1133)
	at com.kavalok.user.UserUtil.addTier(UserUtil.java:1178)
	at com.kavalok.user.UserUtil.addCrowns(UserUtil.java:1133)
	at com.kavalok.user.UserUtil.addTier(UserUtil.java:1178)
	at com.kavalok.user.UserUtil.addCrowns(UserUtil.java:1133)
	at com.kavalok.user.UserUtil.addTier(UserUtil.java:1178)
	at com.kavalok.user.UserUtil.addCrowns(UserUtil.java:1133)
	at com.kavalok.user.UserUtil.addTier(UserUtil.java:1178)
	at com.kavalok.user.UserUtil.addCrowns(UserUtil.java:1133)
	at com.kavalok.user.UserUtil.addTier(UserUtil.java:1178)
	at com.kavalok.user.UserUtil.addCrowns(UserUtil.java:1133)
	at com.kavalok.user.UserUtil.addTier(UserUtil.java:1178)
	at com.kavalok.user.UserUtil.addCrowns(UserUtil.java:1133)
	at com.kavalok.user.UserUtil.addTier(UserUtil.java:1178)
	at com.kavalok.user.UserUtil.addCrowns(UserUtil.java:1133)
	at com.kavalok.user.UserUtil.addTier(UserUtil.java:1178)
	at com.kavalok.user.UserUtil.addCrowns(UserUtil.java:1133)
	at com.kavalok.user.UserUtil.addTier(UserUtil.java:1178)
	at com.kavalok.user.UserUtil.addCrowns(UserUtil.java:1133)
	at com.kavalok.user.UserUtil.addTier(UserUtil.java:1178)
	at com.kavalok.user.UserUtil.addCrowns(UserUtil.java:1133)
	at com.kavalok.user.UserUtil.addTier(UserUtil.java:1178)
	at com.kavalok.user.UserUtil.addCrowns(UserUtil.java:1133)
	at com.kavalok.user.UserUtil.addTier(UserUtil.java:1178)
	at com.kavalok.user.UserUtil.addCrowns(UserUtil.java:1133)
	at com.kavalok.user.UserUtil.addTier(UserUtil.java:1178)
	at com.kavalok.user.UserUtil.addCrowns(UserUtil.java:1133)
	at com.kavalok.user.UserUtil.addTier(UserUtil.java:1178)
11:47:56.399 42581246 [pool-4-thread-16] ERROR com.kavalok.KavalokApplication - null
java.lang.reflect.InvocationTargetException
	at sun.reflect.NativeMethodAccessorImpl.invoke0(Native Method)
	at sun.reflect.NativeMethodAccessorImpl.invoke(NativeMethodAccessorImpl.java:57)
	at sun.reflect.DelegatingMethodAccessorImpl.invoke(DelegatingMethodAccessorImpl.java:43)
	at java.lang.reflect.Method.invoke(Method.java:606)
	at com.kavalok.utils.ReflectUtil.callMethod(ReflectUtil.java:99)
	at com.kavalok.transactions.TransactionUtil.callTransaction(TransactionUtil.java:18)
	at com.kavalok.KavalokApplication.call(KavalokApplication.java:247)
	at sun.reflect.GeneratedMethodAccessor422.invoke(Unknown Source)
	at sun.reflect.DelegatingMethodAccessorImpl.invoke(DelegatingMethodAccessorImpl.java:43)
	at java.lang.reflect.Method.invoke(Method.java:606)
	at org.red5.server.service.ServiceInvoker.invoke(ServiceInvoker.java:215)
	at org.red5.server.service.ServiceInvoker.invoke(ServiceInvoker.java:121)
	at org.red5.server.net.rtmp.RTMPHandler.invokeCall(RTMPHandler.java:157)
	at org.red5.server.net.rtmp.RTMPHandler.onInvoke(RTMPHandler.java:405)
	at org.red5.server.net.rtmp.BaseRTMPHandler.messageReceived(BaseRTMPHandler.java:148)
	at org.red5.server.net.rtmp.RTMPMinaIoHandler.messageReceived(RTMPMinaIoHandler.java:119)
	at org.apache.mina.common.support.AbstractIoFilterChain$TailFilter.messageReceived(AbstractIoFilterChain.java:570)
	at org.apache.mina.common.support.AbstractIoFilterChain.callNextMessageReceived(AbstractIoFilterChain.java:299)
	at org.apache.mina.common.support.AbstractIoFilterChain.access$1100(AbstractIoFilterChain.java:53)
	at org.apache.mina.common.support.AbstractIoFilterChain$EntryImpl$1.messageReceived(AbstractIoFilterChain.java:648)
	at org.apache.mina.filter.executor.ExecutorFilter.processEvent(ExecutorFilter.java:214)
	at org.apache.mina.filter.executor.ExecutorFilter$ProcessEventsRunnable.run(ExecutorFilter.java:265)
	at java.util.concurrent.ThreadPoolExecutor.runWorker(ThreadPoolExecutor.java:1145)
	at java.util.concurrent.ThreadPoolExecutor$Worker.run(ThreadPoolExecutor.java:615)
	at java.lang.Thread.run(Thread.java:745)
Caused by: java.lang.NullPointerException
	at com.kavalok.dao.StuffTypeDAO.getShop(StuffTypeDAO.java:36)
	at com.kavalok.dao.StuffTypeDAO.findByShopName(StuffTypeDAO.java:48)
	at com.kavalok.services.stuff.DefaultShopProcessor.getStuffTypes(DefaultShopProcessor.java:30)
	at com.kavalok.services.StuffServiceNT.getStuffTypes(StuffServiceNT.java:202)
	... 25 common frames omitted
11:48:30.038 42614885 [pool-4-thread-16] ERROR com.kavalok.KavalokApplication - null
java.lang.reflect.InvocationTargetException
	at sun.reflect.NativeMethodAccessorImpl.invoke0(Native Method)
	at sun.reflect.NativeMethodAccessorImpl.invoke(NativeMethodAccessorImpl.java:57)
	at sun.reflect.DelegatingMethodAccessorImpl.invoke(DelegatingMethodAccessorImpl.java:43)
	at java.lang.reflect.Method.invoke(Method.java:606)
	at com.kavalok.utils.ReflectUtil.callMethod(ReflectUtil.java:99)
	at com.kavalok.transactions.TransactionUtil.callTransaction(TransactionUtil.java:18)
	at com.kavalok.KavalokApplication.call(KavalokApplication.java:247)
	at sun.reflect.GeneratedMethodAccessor422.invoke(Unknown Source)
	at sun.reflect.DelegatingMethodAccessorImpl.invoke(DelegatingMethodAccessorImpl.java:43)
	at java.lang.reflect.Method.invoke(Method.java:606)
	at org.red5.server.service.ServiceInvoker.invoke(ServiceInvoker.java:215)
	at org.red5.server.service.ServiceInvoker.invoke(ServiceInvoker.java:121)
	at org.red5.server.net.rtmp.RTMPHandler.invokeCall(RTMPHandler.java:157)
	at org.red5.server.net.rtmp.RTMPHandler.onInvoke(RTMPHandler.java:405)
	at org.red5.server.net.rtmp.BaseRTMPHandler.messageReceived(BaseRTMPHandler.java:148)
	at org.red5.server.net.rtmp.RTMPMinaIoHandler.messageReceived(RTMPMinaIoHandler.java:119)
	at org.apache.mina.common.support.AbstractIoFilterChain$TailFilter.messageReceived(AbstractIoFilterChain.java:570)
	at org.apache.mina.common.support.AbstractIoFilterChain.callNextMessageReceived(AbstractIoFilterChain.java:299)
	at org.apache.mina.common.support.AbstractIoFilterChain.access$1100(AbstractIoFilterChain.java:53)
	at org.apache.mina.common.support.AbstractIoFilterChain$EntryImpl$1.messageReceived(AbstractIoFilterChain.java:648)
	at org.apache.mina.filter.executor.ExecutorFilter.processEvent(ExecutorFilter.java:214)
	at org.apache.mina.filter.executor.ExecutorFilter$ProcessEventsRunnable.run(ExecutorFilter.java:265)
	at java.util.concurrent.ThreadPoolExecutor.runWorker(ThreadPoolExecutor.java:1145)
	at java.util.concurrent.ThreadPoolExecutor$Worker.run(ThreadPoolExecutor.java:615)
	at java.lang.Thread.run(Thread.java:745)
Caused by: java.lang.NullPointerException
	at com.kavalok.dao.StuffTypeDAO.getShop(StuffTypeDAO.java:36)
	at com.kavalok.dao.StuffTypeDAO.findByShopName(StuffTypeDAO.java:48)
	at com.kavalok.services.stuff.DefaultShopProcessor.getStuffTypes(DefaultShopProcessor.java:30)
	at com.kavalok.services.StuffServiceNT.getStuffTypes(StuffServiceNT.java:202)
	... 25 common frames omitted
11:49:54.680 42699527 [pool-4-thread-16] ERROR com.kavalok.KavalokApplication - null
java.lang.reflect.InvocationTargetException
	at sun.reflect.NativeMethodAccessorImpl.invoke0(Native Method)
	at sun.reflect.NativeMethodAccessorImpl.invoke(NativeMethodAccessorImpl.java:57)
	at sun.reflect.DelegatingMethodAccessorImpl.invoke(DelegatingMethodAccessorImpl.java:43)
	at java.lang.reflect.Method.invoke(Method.java:606)
	at com.kavalok.utils.ReflectUtil.callMethod(ReflectUtil.java:99)
	at com.kavalok.transactions.TransactionUtil.callTransaction(TransactionUtil.java:18)
	at com.kavalok.KavalokApplication.call(KavalokApplication.java:247)
	at sun.reflect.GeneratedMethodAccessor422.invoke(Unknown Source)
	at sun.reflect.DelegatingMethodAccessorImpl.invoke(DelegatingMethodAccessorImpl.java:43)
	at java.lang.reflect.Method.invoke(Method.java:606)
	at org.red5.server.service.ServiceInvoker.invoke(ServiceInvoker.java:215)
	at org.red5.server.service.ServiceInvoker.invoke(ServiceInvoker.java:121)
	at org.red5.server.net.rtmp.RTMPHandler.invokeCall(RTMPHandler.java:157)
	at org.red5.server.net.rtmp.RTMPHandler.onInvoke(RTMPHandler.java:405)
	at org.red5.server.net.rtmp.BaseRTMPHandler.messageReceived(BaseRTMPHandler.java:148)
	at org.red5.server.net.rtmp.RTMPMinaIoHandler.messageReceived(RTMPMinaIoHandler.java:119)
	at org.apache.mina.common.support.AbstractIoFilterChain$TailFilter.messageReceived(AbstractIoFilterChain.java:570)
	at org.apache.mina.common.support.AbstractIoFilterChain.callNextMessageReceived(AbstractIoFilterChain.java:299)
	at org.apache.mina.common.support.AbstractIoFilterChain.access$1100(AbstractIoFilterChain.java:53)
	at org.apache.mina.common.support.AbstractIoFilterChain$EntryImpl$1.messageReceived(AbstractIoFilterChain.java:648)
	at org.apache.mina.filter.executor.ExecutorFilter.processEvent(ExecutorFilter.java:214)
	at org.apache.mina.filter.executor.ExecutorFilter$ProcessEventsRunnable.run(ExecutorFilter.java:265)
	at java.util.concurrent.ThreadPoolExecutor.runWorker(ThreadPoolExecutor.java:1145)
	at java.util.concurrent.ThreadPoolExecutor$Worker.run(ThreadPoolExecutor.java:615)
	at java.lang.Thread.run(Thread.java:745)
Caused by: java.lang.NullPointerException
	at com.kavalok.dao.StuffTypeDAO.getShop(StuffTypeDAO.java:36)
	at com.kavalok.dao.StuffTypeDAO.findByShopName(StuffTypeDAO.java:48)
	at com.kavalok.services.stuff.DefaultShopProcessor.getStuffTypes(DefaultShopProcessor.java:30)
	at com.kavalok.services.StuffServiceNT.getStuffTypes(StuffServiceNT.java:202)
	... 25 common frames omitted
11:49:54.715 42699562 [pool-4-thread-16] ERROR com.kavalok.KavalokApplication - null
java.lang.reflect.InvocationTargetException
	at sun.reflect.NativeMethodAccessorImpl.invoke0(Native Method)
	at sun.reflect.NativeMethodAccessorImpl.invoke(NativeMethodAccessorImpl.java:57)
	at sun.reflect.DelegatingMethodAccessorImpl.invoke(DelegatingMethodAccessorImpl.java:43)
	at java.lang.reflect.Method.invoke(Method.java:606)
	at com.kavalok.utils.ReflectUtil.callMethod(ReflectUtil.java:99)
	at com.kavalok.transactions.TransactionUtil.callTransaction(TransactionUtil.java:18)
	at com.kavalok.KavalokApplication.call(KavalokApplication.java:247)
	at sun.reflect.GeneratedMethodAccessor422.invoke(Unknown Source)
	at sun.reflect.DelegatingMethodAccessorImpl.invoke(DelegatingMethodAccessorImpl.java:43)
	at java.lang.reflect.Method.invoke(Method.java:606)
	at org.red5.server.service.ServiceInvoker.invoke(ServiceInvoker.java:215)
	at org.red5.server.service.ServiceInvoker.invoke(ServiceInvoker.java:121)
	at org.red5.server.net.rtmp.RTMPHandler.invokeCall(RTMPHandler.java:157)
	at org.red5.server.net.rtmp.RTMPHandler.onInvoke(RTMPHandler.java:405)
	at org.red5.server.net.rtmp.BaseRTMPHandler.messageReceived(BaseRTMPHandler.java:148)
	at org.red5.server.net.rtmp.RTMPMinaIoHandler.messageReceived(RTMPMinaIoHandler.java:119)
	at org.apache.mina.common.support.AbstractIoFilterChain$TailFilter.messageReceived(AbstractIoFilterChain.java:570)
	at org.apache.mina.common.support.AbstractIoFilterChain.callNextMessageReceived(AbstractIoFilterChain.java:299)
	at org.apache.mina.common.support.AbstractIoFilterChain.access$1100(AbstractIoFilterChain.java:53)
	at org.apache.mina.common.support.AbstractIoFilterChain$EntryImpl$1.messageReceived(AbstractIoFilterChain.java:648)
	at org.apache.mina.filter.executor.ExecutorFilter.processEvent(ExecutorFilter.java:214)
	at org.apache.mina.filter.executor.ExecutorFilter$ProcessEventsRunnable.run(ExecutorFilter.java:265)
	at java.util.concurrent.ThreadPoolExecutor.runWorker(ThreadPoolExecutor.java:1145)
	at java.util.concurrent.ThreadPoolExecutor$Worker.run(ThreadPoolExecutor.java:615)
	at java.lang.Thread.run(Thread.java:745)
Caused by: java.lang.NullPointerException
	at com.kavalok.dao.StuffTypeDAO.getShop(StuffTypeDAO.java:36)
	at com.kavalok.dao.StuffTypeDAO.findByShopName(StuffTypeDAO.java:48)
	at com.kavalok.services.stuff.DefaultShopProcessor.getStuffTypes(DefaultShopProcessor.java:30)
	at com.kavalok.services.StuffServiceNT.getStuffTypes(StuffServiceNT.java:202)
	... 25 common frames omitted
11:49:54.752 42699599 [pool-4-thread-16] ERROR com.kavalok.KavalokApplication - null
java.lang.reflect.InvocationTargetException
	at sun.reflect.NativeMethodAccessorImpl.invoke0(Native Method)
	at sun.reflect.NativeMethodAccessorImpl.invoke(NativeMethodAccessorImpl.java:57)
	at sun.reflect.DelegatingMethodAccessorImpl.invoke(DelegatingMethodAccessorImpl.java:43)
	at java.lang.reflect.Method.invoke(Method.java:606)
	at com.kavalok.utils.ReflectUtil.callMethod(ReflectUtil.java:99)
	at com.kavalok.transactions.TransactionUtil.callTransaction(TransactionUtil.java:18)
	at com.kavalok.KavalokApplication.call(KavalokApplication.java:247)
	at sun.reflect.GeneratedMethodAccessor422.invoke(Unknown Source)
	at sun.reflect.DelegatingMethodAccessorImpl.invoke(DelegatingMethodAccessorImpl.java:43)
	at java.lang.reflect.Method.invoke(Method.java:606)
	at org.red5.server.service.ServiceInvoker.invoke(ServiceInvoker.java:215)
	at org.red5.server.service.ServiceInvoker.invoke(ServiceInvoker.java:121)
	at org.red5.server.net.rtmp.RTMPHandler.invokeCall(RTMPHandler.java:157)
	at org.red5.server.net.rtmp.RTMPHandler.onInvoke(RTMPHandler.java:405)
	at org.red5.server.net.rtmp.BaseRTMPHandler.messageReceived(BaseRTMPHandler.java:148)
	at org.red5.server.net.rtmp.RTMPMinaIoHandler.messageReceived(RTMPMinaIoHandler.java:119)
	at org.apache.mina.common.support.AbstractIoFilterChain$TailFilter.messageReceived(AbstractIoFilterChain.java:570)
	at org.apache.mina.common.support.AbstractIoFilterChain.callNextMessageReceived(AbstractIoFilterChain.java:299)
	at org.apache.mina.common.support.AbstractIoFilterChain.access$1100(AbstractIoFilterChain.java:53)
	at org.apache.mina.common.support.AbstractIoFilterChain$EntryImpl$1.messageReceived(AbstractIoFilterChain.java:648)
	at org.apache.mina.filter.executor.ExecutorFilter.processEvent(ExecutorFilter.java:214)
	at org.apache.mina.filter.executor.ExecutorFilter$ProcessEventsRunnable.run(ExecutorFilter.java:265)
	at java.util.concurrent.ThreadPoolExecutor.runWorker(ThreadPoolExecutor.java:1145)
	at java.util.concurrent.ThreadPoolExecutor$Worker.run(ThreadPoolExecutor.java:615)
	at java.lang.Thread.run(Thread.java:745)
Caused by: java.lang.NullPointerException
	at com.kavalok.dao.StuffTypeDAO.getShop(StuffTypeDAO.java:36)
	at com.kavalok.dao.StuffTypeDAO.findByShopName(StuffTypeDAO.java:48)
	at com.kavalok.services.stuff.DefaultShopProcessor.getStuffTypes(DefaultShopProcessor.java:30)
	at com.kavalok.services.StuffServiceNT.getStuffTypes(StuffServiceNT.java:202)
	... 25 common frames omitted
11:49:54.788 42699635 [pool-4-thread-16] ERROR com.kavalok.KavalokApplication - null
java.lang.reflect.InvocationTargetException
	at sun.reflect.NativeMethodAccessorImpl.invoke0(Native Method)
	at sun.reflect.NativeMethodAccessorImpl.invoke(NativeMethodAccessorImpl.java:57)
	at sun.reflect.DelegatingMethodAccessorImpl.invoke(DelegatingMethodAccessorImpl.java:43)
	at java.lang.reflect.Method.invoke(Method.java:606)
	at com.kavalok.utils.ReflectUtil.callMethod(ReflectUtil.java:99)
	at com.kavalok.transactions.TransactionUtil.callTransaction(TransactionUtil.java:18)
	at com.kavalok.KavalokApplication.call(KavalokApplication.java:247)
	at sun.reflect.GeneratedMethodAccessor422.invoke(Unknown Source)
	at sun.reflect.DelegatingMethodAccessorImpl.invoke(DelegatingMethodAccessorImpl.java:43)
	at java.lang.reflect.Method.invoke(Method.java:606)
	at org.red5.server.service.ServiceInvoker.invoke(ServiceInvoker.java:215)
	at org.red5.server.service.ServiceInvoker.invoke(ServiceInvoker.java:121)
	at org.red5.server.net.rtmp.RTMPHandler.invokeCall(RTMPHandler.java:157)
	at org.red5.server.net.rtmp.RTMPHandler.onInvoke(RTMPHandler.java:405)
	at org.red5.server.net.rtmp.BaseRTMPHandler.messageReceived(BaseRTMPHandler.java:148)
	at org.red5.server.net.rtmp.RTMPMinaIoHandler.messageReceived(RTMPMinaIoHandler.java:119)
	at org.apache.mina.common.support.AbstractIoFilterChain$TailFilter.messageReceived(AbstractIoFilterChain.java:570)
	at org.apache.mina.common.support.AbstractIoFilterChain.callNextMessageReceived(AbstractIoFilterChain.java:299)
	at org.apache.mina.common.support.AbstractIoFilterChain.access$1100(AbstractIoFilterChain.java:53)
	at org.apache.mina.common.support.AbstractIoFilterChain$EntryImpl$1.messageReceived(AbstractIoFilterChain.java:648)
	at org.apache.mina.filter.executor.ExecutorFilter.processEvent(ExecutorFilter.java:214)
	at org.apache.mina.filter.executor.ExecutorFilter$ProcessEventsRunnable.run(ExecutorFilter.java:265)
	at java.util.concurrent.ThreadPoolExecutor.runWorker(ThreadPoolExecutor.java:1145)
	at java.util.concurrent.ThreadPoolExecutor$Worker.run(ThreadPoolExecutor.java:615)
	at java.lang.Thread.run(Thread.java:745)
Caused by: java.lang.NullPointerException
	at com.kavalok.dao.StuffTypeDAO.getShop(StuffTypeDAO.java:36)
	at com.kavalok.dao.StuffTypeDAO.findByShopName(StuffTypeDAO.java:48)
	at com.kavalok.services.stuff.DefaultShopProcessor.getStuffTypes(DefaultShopProcessor.java:30)
	at com.kavalok.services.StuffServiceNT.getStuffTypes(StuffServiceNT.java:202)
	... 25 common frames omitted
11:49:54.825 42699672 [pool-4-thread-16] ERROR com.kavalok.KavalokApplication - null
java.lang.reflect.InvocationTargetException
	at sun.reflect.GeneratedMethodAccessor709.invoke(Unknown Source)
	at sun.reflect.DelegatingMethodAccessorImpl.invoke(DelegatingMethodAccessorImpl.java:43)
	at java.lang.reflect.Method.invoke(Method.java:606)
	at com.kavalok.utils.ReflectUtil.callMethod(ReflectUtil.java:99)
	at com.kavalok.transactions.TransactionUtil.callTransaction(TransactionUtil.java:18)
	at com.kavalok.KavalokApplication.call(KavalokApplication.java:247)
	at sun.reflect.GeneratedMethodAccessor422.invoke(Unknown Source)
	at sun.reflect.DelegatingMethodAccessorImpl.invoke(DelegatingMethodAccessorImpl.java:43)
	at java.lang.reflect.Method.invoke(Method.java:606)
	at org.red5.server.service.ServiceInvoker.invoke(ServiceInvoker.java:215)
	at org.red5.server.service.ServiceInvoker.invoke(ServiceInvoker.java:121)
	at org.red5.server.net.rtmp.RTMPHandler.invokeCall(RTMPHandler.java:157)
	at org.red5.server.net.rtmp.RTMPHandler.onInvoke(RTMPHandler.java:405)
	at org.red5.server.net.rtmp.BaseRTMPHandler.messageReceived(BaseRTMPHandler.java:148)
	at org.red5.server.net.rtmp.RTMPMinaIoHandler.messageReceived(RTMPMinaIoHandler.java:119)
	at org.apache.mina.common.support.AbstractIoFilterChain$TailFilter.messageReceived(AbstractIoFilterChain.java:570)
	at org.apache.mina.common.support.AbstractIoFilterChain.callNextMessageReceived(AbstractIoFilterChain.java:299)
	at org.apache.mina.common.support.AbstractIoFilterChain.access$1100(AbstractIoFilterChain.java:53)
	at org.apache.mina.common.support.AbstractIoFilterChain$EntryImpl$1.messageReceived(AbstractIoFilterChain.java:648)
	at org.apache.mina.filter.executor.ExecutorFilter.processEvent(ExecutorFilter.java:214)
	at org.apache.mina.filter.executor.ExecutorFilter$ProcessEventsRunnable.run(ExecutorFilter.java:265)
	at java.util.concurrent.ThreadPoolExecutor.runWorker(ThreadPoolExecutor.java:1145)
	at java.util.concurrent.ThreadPoolExecutor$Worker.run(ThreadPoolExecutor.java:615)
	at java.lang.Thread.run(Thread.java:745)
Caused by: java.lang.NullPointerException
	at com.kavalok.dao.StuffTypeDAO.getShop(StuffTypeDAO.java:36)
	at com.kavalok.dao.StuffTypeDAO.findByShopName(StuffTypeDAO.java:48)
	at com.kavalok.services.stuff.DefaultShopProcessor.getStuffTypes(DefaultShopProcessor.java:30)
	at com.kavalok.services.StuffServiceNT.getStuffTypes(StuffServiceNT.java:202)
	... 24 common frames omitted
11:49:54.861 42699708 [pool-4-thread-16] ERROR com.kavalok.KavalokApplication - null
java.lang.reflect.InvocationTargetException
	at sun.reflect.GeneratedMethodAccessor709.invoke(Unknown Source)
	at sun.reflect.DelegatingMethodAccessorImpl.invoke(DelegatingMethodAccessorImpl.java:43)
	at java.lang.reflect.Method.invoke(Method.java:606)
	at com.kavalok.utils.ReflectUtil.callMethod(ReflectUtil.java:99)
	at com.kavalok.transactions.TransactionUtil.callTransaction(TransactionUtil.java:18)
	at com.kavalok.KavalokApplication.call(KavalokApplication.java:247)
	at sun.reflect.GeneratedMethodAccessor422.invoke(Unknown Source)
	at sun.reflect.DelegatingMethodAccessorImpl.invoke(DelegatingMethodAccessorImpl.java:43)
	at java.lang.reflect.Method.invoke(Method.java:606)
	at org.red5.server.service.ServiceInvoker.invoke(ServiceInvoker.java:215)
	at org.red5.server.service.ServiceInvoker.invoke(ServiceInvoker.java:121)
	at org.red5.server.net.rtmp.RTMPHandler.invokeCall(RTMPHandler.java:157)
	at org.red5.server.net.rtmp.RTMPHandler.onInvoke(RTMPHandler.java:405)
	at org.red5.server.net.rtmp.BaseRTMPHandler.messageReceived(BaseRTMPHandler.java:148)
	at org.red5.server.net.rtmp.RTMPMinaIoHandler.messageReceived(RTMPMinaIoHandler.java:119)
	at org.apache.mina.common.support.AbstractIoFilterChain$TailFilter.messageReceived(AbstractIoFilterChain.java:570)
	at org.apache.mina.common.support.AbstractIoFilterChain.callNextMessageReceived(AbstractIoFilterChain.java:299)
	at org.apache.mina.common.support.AbstractIoFilterChain.access$1100(AbstractIoFilterChain.java:53)
	at org.apache.mina.common.support.AbstractIoFilterChain$EntryImpl$1.messageReceived(AbstractIoFilterChain.java:648)
	at org.apache.mina.filter.executor.ExecutorFilter.processEvent(ExecutorFilter.java:214)
	at org.apache.mina.filter.executor.ExecutorFilter$ProcessEventsRunnable.run(ExecutorFilter.java:265)
	at java.util.concurrent.ThreadPoolExecutor.runWorker(ThreadPoolExecutor.java:1145)
	at java.util.concurrent.ThreadPoolExecutor$Worker.run(ThreadPoolExecutor.java:615)
	at java.lang.Thread.run(Thread.java:745)
Caused by: java.lang.NullPointerException
	at com.kavalok.dao.StuffTypeDAO.getShop(StuffTypeDAO.java:36)
	at com.kavalok.dao.StuffTypeDAO.findByShopName(StuffTypeDAO.java:48)
	at com.kavalok.services.stuff.DefaultShopProcessor.getStuffTypes(DefaultShopProcessor.java:30)
	at com.kavalok.services.StuffServiceNT.getStuffTypes(StuffServiceNT.java:202)
	... 24 common frames omitted
11:49:54.894 42699741 [pool-4-thread-16] ERROR com.kavalok.KavalokApplication - null
java.lang.reflect.InvocationTargetException
	at sun.reflect.GeneratedMethodAccessor709.invoke(Unknown Source)
	at sun.reflect.DelegatingMethodAccessorImpl.invoke(DelegatingMethodAccessorImpl.java:43)
	at java.lang.reflect.Method.invoke(Method.java:606)
	at com.kavalok.utils.ReflectUtil.callMethod(ReflectUtil.java:99)
	at com.kavalok.transactions.TransactionUtil.callTransaction(TransactionUtil.java:18)
	at com.kavalok.KavalokApplication.call(KavalokApplication.java:247)
	at sun.reflect.GeneratedMethodAccessor422.invoke(Unknown Source)
	at sun.reflect.DelegatingMethodAccessorImpl.invoke(DelegatingMethodAccessorImpl.java:43)
	at java.lang.reflect.Method.invoke(Method.java:606)
	at org.red5.server.service.ServiceInvoker.invoke(ServiceInvoker.java:215)
	at org.red5.server.service.ServiceInvoker.invoke(ServiceInvoker.java:121)
	at org.red5.server.net.rtmp.RTMPHandler.invokeCall(RTMPHandler.java:157)
	at org.red5.server.net.rtmp.RTMPHandler.onInvoke(RTMPHandler.java:405)
	at org.red5.server.net.rtmp.BaseRTMPHandler.messageReceived(BaseRTMPHandler.java:148)
	at org.red5.server.net.rtmp.RTMPMinaIoHandler.messageReceived(RTMPMinaIoHandler.java:119)
	at org.apache.mina.common.support.AbstractIoFilterChain$TailFilter.messageReceived(AbstractIoFilterChain.java:570)
	at org.apache.mina.common.support.AbstractIoFilterChain.callNextMessageReceived(AbstractIoFilterChain.java:299)
	at org.apache.mina.common.support.AbstractIoFilterChain.access$1100(AbstractIoFilterChain.java:53)
	at org.apache.mina.common.support.AbstractIoFilterChain$EntryImpl$1.messageReceived(AbstractIoFilterChain.java:648)
	at org.apache.mina.filter.executor.ExecutorFilter.processEvent(ExecutorFilter.java:214)
	at org.apache.mina.filter.executor.ExecutorFilter$ProcessEventsRunnable.run(ExecutorFilter.java:265)
	at java.util.concurrent.ThreadPoolExecutor.runWorker(ThreadPoolExecutor.java:1145)
	at java.util.concurrent.ThreadPoolExecutor$Worker.run(ThreadPoolExecutor.java:615)
	at java.lang.Thread.run(Thread.java:745)
Caused by: java.lang.NullPointerException
	at com.kavalok.dao.StuffTypeDAO.getShop(StuffTypeDAO.java:36)
	at com.kavalok.dao.StuffTypeDAO.findByShopName(StuffTypeDAO.java:48)
	at com.kavalok.services.stuff.DefaultShopProcessor.getStuffTypes(DefaultShopProcessor.java:30)
	at com.kavalok.services.StuffServiceNT.getStuffTypes(StuffServiceNT.java:202)
	... 24 common frames omitted
11:49:54.928 42699775 [pool-4-thread-16] ERROR com.kavalok.KavalokApplication - null
java.lang.reflect.InvocationTargetException
	at sun.reflect.GeneratedMethodAccessor709.invoke(Unknown Source)
	at sun.reflect.DelegatingMethodAccessorImpl.invoke(DelegatingMethodAccessorImpl.java:43)
	at java.lang.reflect.Method.invoke(Method.java:606)
	at com.kavalok.utils.ReflectUtil.callMethod(ReflectUtil.java:99)
	at com.kavalok.transactions.TransactionUtil.callTransaction(TransactionUtil.java:18)
	at com.kavalok.KavalokApplication.call(KavalokApplication.java:247)
	at sun.reflect.GeneratedMethodAccessor422.invoke(Unknown Source)
	at sun.reflect.DelegatingMethodAccessorImpl.invoke(DelegatingMethodAccessorImpl.java:43)
	at java.lang.reflect.Method.invoke(Method.java:606)
	at org.red5.server.service.ServiceInvoker.invoke(ServiceInvoker.java:215)
	at org.red5.server.service.ServiceInvoker.invoke(ServiceInvoker.java:121)
	at org.red5.server.net.rtmp.RTMPHandler.invokeCall(RTMPHandler.java:157)
	at org.red5.server.net.rtmp.RTMPHandler.onInvoke(RTMPHandler.java:405)
	at org.red5.server.net.rtmp.BaseRTMPHandler.messageReceived(BaseRTMPHandler.java:148)
	at org.red5.server.net.rtmp.RTMPMinaIoHandler.messageReceived(RTMPMinaIoHandler.java:119)
	at org.apache.mina.common.support.AbstractIoFilterChain$TailFilter.messageReceived(AbstractIoFilterChain.java:570)
	at org.apache.mina.common.support.AbstractIoFilterChain.callNextMessageReceived(AbstractIoFilterChain.java:299)
	at org.apache.mina.common.support.AbstractIoFilterChain.access$1100(AbstractIoFilterChain.java:53)
	at org.apache.mina.common.support.AbstractIoFilterChain$EntryImpl$1.messageReceived(AbstractIoFilterChain.java:648)
	at org.apache.mina.filter.executor.ExecutorFilter.processEvent(ExecutorFilter.java:214)
	at org.apache.mina.filter.executor.ExecutorFilter$ProcessEventsRunnable.run(ExecutorFilter.java:265)
	at java.util.concurrent.ThreadPoolExecutor.runWorker(ThreadPoolExecutor.java:1145)
	at java.util.concurrent.ThreadPoolExecutor$Worker.run(ThreadPoolExecutor.java:615)
	at java.lang.Thread.run(Thread.java:745)
Caused by: java.lang.NullPointerException
	at com.kavalok.dao.StuffTypeDAO.getShop(StuffTypeDAO.java:36)
	at com.kavalok.dao.StuffTypeDAO.findByShopName(StuffTypeDAO.java:48)
	at com.kavalok.services.stuff.DefaultShopProcessor.getStuffTypes(DefaultShopProcessor.java:30)
	at com.kavalok.services.StuffServiceNT.getStuffTypes(StuffServiceNT.java:202)
	... 24 common frames omitted
11:49:54.961 42699808 [pool-4-thread-16] ERROR com.kavalok.KavalokApplication - null
java.lang.reflect.InvocationTargetException
	at sun.reflect.GeneratedMethodAccessor709.invoke(Unknown Source)
	at sun.reflect.DelegatingMethodAccessorImpl.invoke(DelegatingMethodAccessorImpl.java:43)
	at java.lang.reflect.Method.invoke(Method.java:606)
	at com.kavalok.utils.ReflectUtil.callMethod(ReflectUtil.java:99)
	at com.kavalok.transactions.TransactionUtil.callTransaction(TransactionUtil.java:18)
	at com.kavalok.KavalokApplication.call(KavalokApplication.java:247)
	at sun.reflect.GeneratedMethodAccessor422.invoke(Unknown Source)
	at sun.reflect.DelegatingMethodAccessorImpl.invoke(DelegatingMethodAccessorImpl.java:43)
	at java.lang.reflect.Method.invoke(Method.java:606)
	at org.red5.server.service.ServiceInvoker.invoke(ServiceInvoker.java:215)
	at org.red5.server.service.ServiceInvoker.invoke(ServiceInvoker.java:121)
	at org.red5.server.net.rtmp.RTMPHandler.invokeCall(RTMPHandler.java:157)
	at org.red5.server.net.rtmp.RTMPHandler.onInvoke(RTMPHandler.java:405)
	at org.red5.server.net.rtmp.BaseRTMPHandler.messageReceived(BaseRTMPHandler.java:148)
	at org.red5.server.net.rtmp.RTMPMinaIoHandler.messageReceived(RTMPMinaIoHandler.java:119)
	at org.apache.mina.common.support.AbstractIoFilterChain$TailFilter.messageReceived(AbstractIoFilterChain.java:570)
	at org.apache.mina.common.support.AbstractIoFilterChain.callNextMessageReceived(AbstractIoFilterChain.java:299)
	at org.apache.mina.common.support.AbstractIoFilterChain.access$1100(AbstractIoFilterChain.java:53)
	at org.apache.mina.common.support.AbstractIoFilterChain$EntryImpl$1.messageReceived(AbstractIoFilterChain.java:648)
	at org.apache.mina.filter.executor.ExecutorFilter.processEvent(ExecutorFilter.java:214)
	at org.apache.mina.filter.executor.ExecutorFilter$ProcessEventsRunnable.run(ExecutorFilter.java:265)
	at java.util.concurrent.ThreadPoolExecutor.runWorker(ThreadPoolExecutor.java:1145)
	at java.util.concurrent.ThreadPoolExecutor$Worker.run(ThreadPoolExecutor.java:615)
	at java.lang.Thread.run(Thread.java:745)
Caused by: java.lang.NullPointerException
	at com.kavalok.dao.StuffTypeDAO.getShop(StuffTypeDAO.java:36)
	at com.kavalok.dao.StuffTypeDAO.findByShopName(StuffTypeDAO.java:48)
	at com.kavalok.services.stuff.DefaultShopProcessor.getStuffTypes(DefaultShopProcessor.java:30)
	at com.kavalok.services.StuffServiceNT.getStuffTypes(StuffServiceNT.java:202)
	... 24 common frames omitted
11:49:54.994 42699841 [pool-4-thread-16] ERROR com.kavalok.KavalokApplication - null
java.lang.reflect.InvocationTargetException
	at sun.reflect.GeneratedMethodAccessor709.invoke(Unknown Source)
	at sun.reflect.DelegatingMethodAccessorImpl.invoke(DelegatingMethodAccessorImpl.java:43)
	at java.lang.reflect.Method.invoke(Method.java:606)
	at com.kavalok.utils.ReflectUtil.callMethod(ReflectUtil.java:99)
	at com.kavalok.transactions.TransactionUtil.callTransaction(TransactionUtil.java:18)
	at com.kavalok.KavalokApplication.call(KavalokApplication.java:247)
	at sun.reflect.GeneratedMethodAccessor422.invoke(Unknown Source)
	at sun.reflect.DelegatingMethodAccessorImpl.invoke(DelegatingMethodAccessorImpl.java:43)
	at java.lang.reflect.Method.invoke(Method.java:606)
	at org.red5.server.service.ServiceInvoker.invoke(ServiceInvoker.java:215)
	at org.red5.server.service.ServiceInvoker.invoke(ServiceInvoker.java:121)
	at org.red5.server.net.rtmp.RTMPHandler.invokeCall(RTMPHandler.java:157)
	at org.red5.server.net.rtmp.RTMPHandler.onInvoke(RTMPHandler.java:405)
	at org.red5.server.net.rtmp.BaseRTMPHandler.messageReceived(BaseRTMPHandler.java:148)
	at org.red5.server.net.rtmp.RTMPMinaIoHandler.messageReceived(RTMPMinaIoHandler.java:119)
	at org.apache.mina.common.support.AbstractIoFilterChain$TailFilter.messageReceived(AbstractIoFilterChain.java:570)
	at org.apache.mina.common.support.AbstractIoFilterChain.callNextMessageReceived(AbstractIoFilterChain.java:299)
	at org.apache.mina.common.support.AbstractIoFilterChain.access$1100(AbstractIoFilterChain.java:53)
	at org.apache.mina.common.support.AbstractIoFilterChain$EntryImpl$1.messageReceived(AbstractIoFilterChain.java:648)
	at org.apache.mina.filter.executor.ExecutorFilter.processEvent(ExecutorFilter.java:214)
	at org.apache.mina.filter.executor.ExecutorFilter$ProcessEventsRunnable.run(ExecutorFilter.java:265)
	at java.util.concurrent.ThreadPoolExecutor.runWorker(ThreadPoolExecutor.java:1145)
	at java.util.concurrent.ThreadPoolExecutor$Worker.run(ThreadPoolExecutor.java:615)
	at java.lang.Thread.run(Thread.java:745)
Caused by: java.lang.NullPointerException
	at com.kavalok.dao.StuffTypeDAO.getShop(StuffTypeDAO.java:36)
	at com.kavalok.dao.StuffTypeDAO.findByShopName(StuffTypeDAO.java:48)
	at com.kavalok.services.stuff.DefaultShopProcessor.getStuffTypes(DefaultShopProcessor.java:30)
	at com.kavalok.services.StuffServiceNT.getStuffTypes(StuffServiceNT.java:202)
	... 24 common frames omitted
