02:11:50.759 441834658 [pool-4-thread-3] ERROR com.kavalok.KavalokApplication - null
java.lang.reflect.InvocationTargetException
	at sun.reflect.NativeMethodAccessorImpl.invoke0(Native Method)
	at sun.reflect.NativeMethodAccessorImpl.invoke(NativeMethodAccessorImpl.java:57)
	at sun.reflect.DelegatingMethodAccessorImpl.invoke(DelegatingMethodAccessorImpl.java:43)
	at java.lang.reflect.Method.invoke(Method.java:606)
	at com.kavalok.utils.ReflectUtil.callMethod(ReflectUtil.java:99)
	at com.kavalok.transactions.TransactionUtil.callTransaction(TransactionUtil.java:18)
	at com.kavalok.KavalokApplication.call(KavalokApplication.java:247)
	at sun.reflect.GeneratedMethodAccessor5921.invoke(Unknown Source)
	at sun.reflect.DelegatingMethodAccessorImpl.invoke(DelegatingMethodAccessorImpl.java:43)
	at java.lang.reflect.Method.invoke(Method.java:606)
	at org.red5.server.service.ServiceInvoker.invoke(ServiceInvoker.java:215)
	at org.red5.server.service.ServiceInvoker.invoke(ServiceInvoker.java:121)
	at org.red5.server.net.rtmp.RTMPHandler.invokeCall(RTMPHandler.java:157)
	at org.red5.server.net.rtmp.RTMPHandler.onInvoke(RTMPHandler.java:405)
	at org.red5.server.net.rtmp.BaseRTMPHandler.messageReceived(BaseRTMPHandler.java:148)
	at org.red5.server.net.rtmp.RTMPMinaIoHandler.messageReceived(RTMPMinaIoHandler.java:119)
	at org.apache.mina.common.support.AbstractIoFilterChain$TailFilter.messageReceived(AbstractIoFilterChain.java:570)
	at org.apache.mina.common.support.AbstractIoFilterChain.callNextMessageReceived(AbstractIoFilterChain.java:299)
	at org.apache.mina.common.support.AbstractIoFilterChain.access$1100(AbstractIoFilterChain.java:53)
	at org.apache.mina.common.support.AbstractIoFilterChain$EntryImpl$1.messageReceived(AbstractIoFilterChain.java:648)
	at org.apache.mina.filter.executor.ExecutorFilter.processEvent(ExecutorFilter.java:214)
	at org.apache.mina.filter.executor.ExecutorFilter$ProcessEventsRunnable.run(ExecutorFilter.java:265)
	at java.util.concurrent.ThreadPoolExecutor.runWorker(ThreadPoolExecutor.java:1145)
	at java.util.concurrent.ThreadPoolExecutor$Worker.run(ThreadPoolExecutor.java:615)
	at java.lang.Thread.run(Thread.java:745)
Caused by: java.lang.NullPointerException
	at com.kavalok.services.LoginService.loginaugust20(LoginService.java:316)
	... 25 common frames omitted
18:21:53.922 500037821 [pool-4-thread-46] ERROR com.kavalok.KavalokApplication - null
java.lang.reflect.InvocationTargetException
	at sun.reflect.NativeMethodAccessorImpl.invoke0(Native Method)
	at sun.reflect.NativeMethodAccessorImpl.invoke(NativeMethodAccessorImpl.java:57)
	at sun.reflect.DelegatingMethodAccessorImpl.invoke(DelegatingMethodAccessorImpl.java:43)
	at java.lang.reflect.Method.invoke(Method.java:606)
	at com.kavalok.utils.ReflectUtil.callMethod(ReflectUtil.java:99)
	at com.kavalok.transactions.TransactionUtil.callTransaction(TransactionUtil.java:18)
	at com.kavalok.KavalokApplication.call(KavalokApplication.java:247)
	at sun.reflect.GeneratedMethodAccessor6753.invoke(Unknown Source)
	at sun.reflect.DelegatingMethodAccessorImpl.invoke(DelegatingMethodAccessorImpl.java:43)
	at java.lang.reflect.Method.invoke(Method.java:606)
	at org.red5.server.service.ServiceInvoker.invoke(ServiceInvoker.java:215)
	at org.red5.server.service.ServiceInvoker.invoke(ServiceInvoker.java:121)
	at org.red5.server.net.rtmp.RTMPHandler.invokeCall(RTMPHandler.java:157)
	at org.red5.server.net.rtmp.RTMPHandler.onInvoke(RTMPHandler.java:405)
	at org.red5.server.net.rtmp.BaseRTMPHandler.messageReceived(BaseRTMPHandler.java:148)
	at org.red5.server.net.rtmp.RTMPMinaIoHandler.messageReceived(RTMPMinaIoHandler.java:119)
	at org.apache.mina.common.support.AbstractIoFilterChain$TailFilter.messageReceived(AbstractIoFilterChain.java:570)
	at org.apache.mina.common.support.AbstractIoFilterChain.callNextMessageReceived(AbstractIoFilterChain.java:299)
	at org.apache.mina.common.support.AbstractIoFilterChain.access$1100(AbstractIoFilterChain.java:53)
	at org.apache.mina.common.support.AbstractIoFilterChain$EntryImpl$1.messageReceived(AbstractIoFilterChain.java:648)
	at org.apache.mina.filter.executor.ExecutorFilter.processEvent(ExecutorFilter.java:214)
	at org.apache.mina.filter.executor.ExecutorFilter$ProcessEventsRunnable.run(ExecutorFilter.java:265)
	at java.util.concurrent.ThreadPoolExecutor.runWorker(ThreadPoolExecutor.java:1145)
	at java.util.concurrent.ThreadPoolExecutor$Worker.run(ThreadPoolExecutor.java:615)
	at java.lang.Thread.run(Thread.java:745)
Caused by: java.lang.NullPointerException
	at com.kavalok.services.LoginService.loginaugust20(LoginService.java:316)
	... 25 common frames omitted
18:23:07.254 500111153 [pool-4-thread-46] ERROR com.kavalok.KavalokApplication - null
java.lang.reflect.InvocationTargetException
	at sun.reflect.NativeMethodAccessorImpl.invoke0(Native Method)
	at sun.reflect.NativeMethodAccessorImpl.invoke(NativeMethodAccessorImpl.java:57)
	at sun.reflect.DelegatingMethodAccessorImpl.invoke(DelegatingMethodAccessorImpl.java:43)
	at java.lang.reflect.Method.invoke(Method.java:606)
	at com.kavalok.utils.ReflectUtil.callMethod(ReflectUtil.java:99)
	at com.kavalok.transactions.TransactionUtil.callTransaction(TransactionUtil.java:18)
	at com.kavalok.KavalokApplication.call(KavalokApplication.java:247)
	at sun.reflect.GeneratedMethodAccessor6753.invoke(Unknown Source)
	at sun.reflect.DelegatingMethodAccessorImpl.invoke(DelegatingMethodAccessorImpl.java:43)
	at java.lang.reflect.Method.invoke(Method.java:606)
	at org.red5.server.service.ServiceInvoker.invoke(ServiceInvoker.java:215)
	at org.red5.server.service.ServiceInvoker.invoke(ServiceInvoker.java:121)
	at org.red5.server.net.rtmp.RTMPHandler.invokeCall(RTMPHandler.java:157)
	at org.red5.server.net.rtmp.RTMPHandler.onInvoke(RTMPHandler.java:405)
	at org.red5.server.net.rtmp.BaseRTMPHandler.messageReceived(BaseRTMPHandler.java:148)
	at org.red5.server.net.rtmp.RTMPMinaIoHandler.messageReceived(RTMPMinaIoHandler.java:119)
	at org.apache.mina.common.support.AbstractIoFilterChain$TailFilter.messageReceived(AbstractIoFilterChain.java:570)
	at org.apache.mina.common.support.AbstractIoFilterChain.callNextMessageReceived(AbstractIoFilterChain.java:299)
	at org.apache.mina.common.support.AbstractIoFilterChain.access$1100(AbstractIoFilterChain.java:53)
	at org.apache.mina.common.support.AbstractIoFilterChain$EntryImpl$1.messageReceived(AbstractIoFilterChain.java:648)
	at org.apache.mina.filter.executor.ExecutorFilter.processEvent(ExecutorFilter.java:214)
	at org.apache.mina.filter.executor.ExecutorFilter$ProcessEventsRunnable.run(ExecutorFilter.java:265)
	at java.util.concurrent.ThreadPoolExecutor.runWorker(ThreadPoolExecutor.java:1145)
	at java.util.concurrent.ThreadPoolExecutor$Worker.run(ThreadPoolExecutor.java:615)
	at java.lang.Thread.run(Thread.java:745)
Caused by: java.lang.NullPointerException
	at com.kavalok.services.LoginService.loginaugust20(LoginService.java:316)
	... 25 common frames omitted
18:23:17.509 500121408 [pool-4-thread-47] ERROR com.kavalok.KavalokApplication - Could not execute JDBC batch update
org.hibernate.exception.GenericJDBCException: Could not execute JDBC batch update
	at org.hibernate.exception.SQLStateConverter.handledNonSpecificException(SQLStateConverter.java:103)
	at org.hibernate.exception.SQLStateConverter.convert(SQLStateConverter.java:91)
	at org.hibernate.exception.JDBCExceptionHelper.convert(JDBCExceptionHelper.java:43)
	at org.hibernate.jdbc.AbstractBatcher.executeBatch(AbstractBatcher.java:253)
	at org.hibernate.engine.ActionQueue.executeActions(ActionQueue.java:237)
	at org.hibernate.engine.ActionQueue.executeActions(ActionQueue.java:142)
	at org.hibernate.event.def.AbstractFlushingEventListener.performExecutions(AbstractFlushingEventListener.java:298)
	at org.hibernate.event.def.DefaultFlushEventListener.onFlush(DefaultFlushEventListener.java:27)
	at org.hibernate.impl.SessionImpl.flush(SessionImpl.java:1000)
	at com.kavalok.transactions.DefaultTransactionStrategy.afterCall(DefaultTransactionStrategy.java:21)
	at com.kavalok.services.common.DataServiceBase.afterCall(DataServiceBase.java:17)
	at com.kavalok.transactions.TransactionUtil.callTransaction(TransactionUtil.java:19)
	at com.kavalok.KavalokApplication.call(KavalokApplication.java:247)
	at sun.reflect.GeneratedMethodAccessor6753.invoke(Unknown Source)
	at sun.reflect.DelegatingMethodAccessorImpl.invoke(DelegatingMethodAccessorImpl.java:43)
	at java.lang.reflect.Method.invoke(Method.java:606)
	at org.red5.server.service.ServiceInvoker.invoke(ServiceInvoker.java:215)
	at org.red5.server.service.ServiceInvoker.invoke(ServiceInvoker.java:121)
	at org.red5.server.net.rtmp.RTMPHandler.invokeCall(RTMPHandler.java:157)
	at org.red5.server.net.rtmp.RTMPHandler.onInvoke(RTMPHandler.java:405)
	at org.red5.server.net.rtmp.BaseRTMPHandler.messageReceived(BaseRTMPHandler.java:148)
	at org.red5.server.net.rtmp.RTMPMinaIoHandler.messageReceived(RTMPMinaIoHandler.java:119)
	at org.apache.mina.common.support.AbstractIoFilterChain$TailFilter.messageReceived(AbstractIoFilterChain.java:570)
	at org.apache.mina.common.support.AbstractIoFilterChain.callNextMessageReceived(AbstractIoFilterChain.java:299)
	at org.apache.mina.common.support.AbstractIoFilterChain.access$1100(AbstractIoFilterChain.java:53)
	at org.apache.mina.common.support.AbstractIoFilterChain$EntryImpl$1.messageReceived(AbstractIoFilterChain.java:648)
	at org.apache.mina.filter.executor.ExecutorFilter.processEvent(ExecutorFilter.java:214)
	at org.apache.mina.filter.executor.ExecutorFilter$ProcessEventsRunnable.run(ExecutorFilter.java:265)
	at java.util.concurrent.ThreadPoolExecutor.runWorker(ThreadPoolExecutor.java:1145)
	at java.util.concurrent.ThreadPoolExecutor$Worker.run(ThreadPoolExecutor.java:615)
	at java.lang.Thread.run(Thread.java:745)
Caused by: java.sql.BatchUpdateException: Lock wait timeout exceeded; try restarting transaction
	at com.mysql.jdbc.PreparedStatement.executeBatchSerially(PreparedStatement.java:1269)
	at com.mysql.jdbc.PreparedStatement.executeBatch(PreparedStatement.java:955)
	at com.kavalok.monitor.jdbc.PreparedStatement.executeBatch(PreparedStatement.java:95)
	at com.mchange.v2.c3p0.impl.NewProxyPreparedStatement.executeBatch(NewProxyPreparedStatement.java:1723)
	at org.hibernate.jdbc.BatchingBatcher.doExecuteBatch(BatchingBatcher.java:48)
	at org.hibernate.jdbc.AbstractBatcher.executeBatch(AbstractBatcher.java:246)
	... 27 common frames omitted
