16:50:04.686 2375541034 [pool-4-thread-73] ERROR com.kavalok.KavalokApplication - null
java.lang.reflect.InvocationTargetException
	at sun.reflect.NativeMethodAccessorImpl.invoke0(Native Method)
	at sun.reflect.NativeMethodAccessorImpl.invoke(NativeMethodAccessorImpl.java:57)
	at sun.reflect.DelegatingMethodAccessorImpl.invoke(DelegatingMethodAccessorImpl.java:43)
	at java.lang.reflect.Method.invoke(Method.java:606)
	at com.kavalok.utils.ReflectUtil.callMethod(ReflectUtil.java:99)
	at com.kavalok.transactions.TransactionUtil.callTransaction(TransactionUtil.java:18)
	at com.kavalok.KavalokApplication.call(KavalokApplication.java:246)
	at sun.reflect.GeneratedMethodAccessor3868.invoke(Unknown Source)
	at sun.reflect.DelegatingMethodAccessorImpl.invoke(DelegatingMethodAccessorImpl.java:43)
	at java.lang.reflect.Method.invoke(Method.java:606)
	at org.red5.server.service.ServiceInvoker.invoke(ServiceInvoker.java:215)
	at org.red5.server.service.ServiceInvoker.invoke(ServiceInvoker.java:121)
	at org.red5.server.net.rtmp.RTMPHandler.invokeCall(RTMPHandler.java:157)
	at org.red5.server.net.rtmp.RTMPHandler.onInvoke(RTMPHandler.java:405)
	at org.red5.server.net.rtmp.BaseRTMPHandler.messageReceived(BaseRTMPHandler.java:148)
	at org.red5.server.net.rtmp.RTMPMinaIoHandler.messageReceived(RTMPMinaIoHandler.java:119)
	at org.apache.mina.common.support.AbstractIoFilterChain$TailFilter.messageReceived(AbstractIoFilterChain.java:570)
	at org.apache.mina.common.support.AbstractIoFilterChain.callNextMessageReceived(AbstractIoFilterChain.java:299)
	at org.apache.mina.common.support.AbstractIoFilterChain.access$1100(AbstractIoFilterChain.java:53)
	at org.apache.mina.common.support.AbstractIoFilterChain$EntryImpl$1.messageReceived(AbstractIoFilterChain.java:648)
	at org.apache.mina.filter.executor.ExecutorFilter.processEvent(ExecutorFilter.java:214)
	at org.apache.mina.filter.executor.ExecutorFilter$ProcessEventsRunnable.run(ExecutorFilter.java:265)
	at java.util.concurrent.ThreadPoolExecutor.runWorker(ThreadPoolExecutor.java:1145)
	at java.util.concurrent.ThreadPoolExecutor$Worker.run(ThreadPoolExecutor.java:615)
	at java.lang.Thread.run(Thread.java:745)
Caused by: net.sf.cglib.core.CodeGenerationException: java.lang.NullPointerException-->null
	at net.sf.cglib.core.ReflectUtils.newInstance(ReflectUtils.java:235)
	at net.sf.cglib.core.ReflectUtils.newInstance(ReflectUtils.java:220)
	at com.kavalok.utils.ReflectUtil.convertBeansByConstructor(ReflectUtil.java:31)
	at com.kavalok.services.AdminService.getVaultCodes(AdminService.java:316)
	... 25 common frames omitted
Caused by: java.lang.NullPointerException
	at com.kavalok.dto.VaultTO.<init>(VaultTO.java:20)
	at sun.reflect.NativeConstructorAccessorImpl.newInstance0(Native Method)
	at sun.reflect.NativeConstructorAccessorImpl.newInstance(NativeConstructorAccessorImpl.java:57)
	at sun.reflect.DelegatingConstructorAccessorImpl.newInstance(DelegatingConstructorAccessorImpl.java:45)
	at java.lang.reflect.Constructor.newInstance(Constructor.java:526)
	at net.sf.cglib.core.ReflectUtils.newInstance(ReflectUtils.java:228)
	... 28 common frames omitted
