12:23:50.199 1832447311 [pool-4-thread-16] ERROR com.kavalok.KavalokApplication - null
java.lang.reflect.InvocationTargetException
	at sun.reflect.NativeMethodAccessorImpl.invoke0(Native Method)
	at sun.reflect.NativeMethodAccessorImpl.invoke(NativeMethodAccessorImpl.java:57)
	at sun.reflect.DelegatingMethodAccessorImpl.invoke(DelegatingMethodAccessorImpl.java:43)
	at java.lang.reflect.Method.invoke(Method.java:606)
	at com.kavalok.utils.ReflectUtil.callMethod(ReflectUtil.java:99)
	at com.kavalok.transactions.TransactionUtil.callTransaction(TransactionUtil.java:18)
	at com.kavalok.KavalokApplication.call(KavalokApplication.java:247)
	at sun.reflect.GeneratedMethodAccessor5631.invoke(Unknown Source)
	at sun.reflect.DelegatingMethodAccessorImpl.invoke(DelegatingMethodAccessorImpl.java:43)
	at java.lang.reflect.Method.invoke(Method.java:606)
	at org.red5.server.service.ServiceInvoker.invoke(ServiceInvoker.java:215)
	at org.red5.server.service.ServiceInvoker.invoke(ServiceInvoker.java:121)
	at org.red5.server.net.rtmp.RTMPHandler.invokeCall(RTMPHandler.java:157)
	at org.red5.server.net.rtmp.RTMPHandler.onInvoke(RTMPHandler.java:405)
	at org.red5.server.net.rtmp.BaseRTMPHandler.messageReceived(BaseRTMPHandler.java:148)
	at org.red5.server.net.rtmp.RTMPMinaIoHandler.messageReceived(RTMPMinaIoHandler.java:119)
	at org.apache.mina.common.support.AbstractIoFilterChain$TailFilter.messageReceived(AbstractIoFilterChain.java:570)
	at org.apache.mina.common.support.AbstractIoFilterChain.callNextMessageReceived(AbstractIoFilterChain.java:299)
	at org.apache.mina.common.support.AbstractIoFilterChain.access$1100(AbstractIoFilterChain.java:53)
	at org.apache.mina.common.support.AbstractIoFilterChain$EntryImpl$1.messageReceived(AbstractIoFilterChain.java:648)
	at org.apache.mina.filter.executor.ExecutorFilter.processEvent(ExecutorFilter.java:214)
	at org.apache.mina.filter.executor.ExecutorFilter$ProcessEventsRunnable.run(ExecutorFilter.java:265)
	at java.util.concurrent.ThreadPoolExecutor.runWorker(ThreadPoolExecutor.java:1145)
	at java.util.concurrent.ThreadPoolExecutor$Worker.run(ThreadPoolExecutor.java:615)
	at java.lang.Thread.run(Thread.java:745)
Caused by: org.hibernate.exception.GenericJDBCException: Could not execute JDBC batch update
	at org.hibernate.exception.SQLStateConverter.handledNonSpecificException(SQLStateConverter.java:103)
	at org.hibernate.exception.SQLStateConverter.convert(SQLStateConverter.java:91)
	at org.hibernate.exception.JDBCExceptionHelper.convert(JDBCExceptionHelper.java:43)
	at org.hibernate.jdbc.AbstractBatcher.executeBatch(AbstractBatcher.java:253)
	at org.hibernate.jdbc.AbstractBatcher.prepareStatement(AbstractBatcher.java:92)
	at org.hibernate.jdbc.AbstractBatcher.prepareStatement(AbstractBatcher.java:87)
	at org.hibernate.jdbc.AbstractBatcher.prepareBatchStatement(AbstractBatcher.java:222)
	at org.hibernate.persister.entity.AbstractEntityPersister.update(AbstractEntityPersister.java:2354)
	at org.hibernate.persister.entity.AbstractEntityPersister.updateOrInsert(AbstractEntityPersister.java:2307)
	at org.hibernate.persister.entity.AbstractEntityPersister.update(AbstractEntityPersister.java:2607)
	at org.hibernate.action.EntityUpdateAction.execute(EntityUpdateAction.java:92)
	at org.hibernate.engine.ActionQueue.execute(ActionQueue.java:250)
	at org.hibernate.engine.ActionQueue.executeActions(ActionQueue.java:234)
	at org.hibernate.engine.ActionQueue.executeActions(ActionQueue.java:142)
	at org.hibernate.event.def.AbstractFlushingEventListener.performExecutions(AbstractFlushingEventListener.java:298)
	at org.hibernate.event.def.DefaultAutoFlushEventListener.onAutoFlush(DefaultAutoFlushEventListener.java:41)
	at org.hibernate.impl.SessionImpl.autoFlushIfRequired(SessionImpl.java:969)
	at org.hibernate.impl.SessionImpl.list(SessionImpl.java:1562)
	at org.hibernate.impl.CriteriaImpl.list(CriteriaImpl.java:283)
	at org.hibernate.impl.CriteriaImpl.uniqueResult(CriteriaImpl.java:305)
	at com.kavalok.dao.common.DAO.findByParameters(DAO.java:148)
	at com.kavalok.dao.common.DAO.findByParameter(DAO.java:178)
	at com.kavalok.dao.LoginDAOBase.findById(LoginDAOBase.java:23)
	at com.kavalok.user.UserUtil.addCrowns(UserUtil.java:1128)
	at com.kavalok.services.CharService.sendAchievement(CharService.java:447)
	... 25 common frames omitted
Caused by: java.sql.BatchUpdateException: Lock wait timeout exceeded; try restarting transaction
	at com.mysql.jdbc.PreparedStatement.executeBatchSerially(PreparedStatement.java:1269)
	at com.mysql.jdbc.PreparedStatement.executeBatch(PreparedStatement.java:955)
	at com.kavalok.monitor.jdbc.PreparedStatement.executeBatch(PreparedStatement.java:95)
	at com.mchange.v2.c3p0.impl.NewProxyPreparedStatement.executeBatch(NewProxyPreparedStatement.java:1723)
	at org.hibernate.jdbc.BatchingBatcher.doExecuteBatch(BatchingBatcher.java:48)
	at org.hibernate.jdbc.AbstractBatcher.executeBatch(AbstractBatcher.java:246)
	... 46 common frames omitted
