02:37:15.443 149888997 [pool-4-thread-15] ERROR com.kavalok.KavalokApplication - null
java.lang.reflect.InvocationTargetException
	at sun.reflect.NativeMethodAccessorImpl.invoke0(Native Method)
	at sun.reflect.NativeMethodAccessorImpl.invoke(NativeMethodAccessorImpl.java:57)
	at sun.reflect.DelegatingMethodAccessorImpl.invoke(DelegatingMethodAccessorImpl.java:43)
	at java.lang.reflect.Method.invoke(Method.java:606)
	at com.kavalok.utils.ReflectUtil.callMethod(ReflectUtil.java:99)
	at com.kavalok.transactions.TransactionUtil.callTransaction(TransactionUtil.java:18)
	at com.kavalok.KavalokApplication.call(KavalokApplication.java:247)
	at sun.reflect.GeneratedMethodAccessor4026.invoke(Unknown Source)
	at sun.reflect.DelegatingMethodAccessorImpl.invoke(DelegatingMethodAccessorImpl.java:43)
	at java.lang.reflect.Method.invoke(Method.java:606)
	at org.red5.server.service.ServiceInvoker.invoke(ServiceInvoker.java:215)
	at org.red5.server.service.ServiceInvoker.invoke(ServiceInvoker.java:121)
	at org.red5.server.net.rtmp.RTMPHandler.invokeCall(RTMPHandler.java:157)
	at org.red5.server.net.rtmp.RTMPHandler.onInvoke(RTMPHandler.java:405)
	at org.red5.server.net.rtmp.BaseRTMPHandler.messageReceived(BaseRTMPHandler.java:148)
	at org.red5.server.net.rtmp.RTMPMinaIoHandler.messageReceived(RTMPMinaIoHandler.java:119)
	at org.apache.mina.common.support.AbstractIoFilterChain$TailFilter.messageReceived(AbstractIoFilterChain.java:570)
	at org.apache.mina.common.support.AbstractIoFilterChain.callNextMessageReceived(AbstractIoFilterChain.java:299)
	at org.apache.mina.common.support.AbstractIoFilterChain.access$1100(AbstractIoFilterChain.java:53)
	at org.apache.mina.common.support.AbstractIoFilterChain$EntryImpl$1.messageReceived(AbstractIoFilterChain.java:648)
	at org.apache.mina.filter.executor.ExecutorFilter.processEvent(ExecutorFilter.java:214)
	at org.apache.mina.filter.executor.ExecutorFilter$ProcessEventsRunnable.run(ExecutorFilter.java:265)
	at java.util.concurrent.ThreadPoolExecutor.runWorker(ThreadPoolExecutor.java:1145)
	at java.util.concurrent.ThreadPoolExecutor$Worker.run(ThreadPoolExecutor.java:615)
	at java.lang.Thread.run(Thread.java:745)
Caused by: java.lang.NullPointerException
	at java.util.concurrent.ConcurrentHashMap.hash(ConcurrentHashMap.java:333)
	at java.util.concurrent.ConcurrentHashMap.get(ConcurrentHashMap.java:988)
	at com.kavalok.messages.ServersCache.getServerName(ServersCache.java:32)
	at com.kavalok.services.CharService.getCharFriends(CharService.java:640)
	at com.kavalok.services.CharService.getCharFriends(CharService.java:599)
	... 25 common frames omitted
16:14:22.518 198916072 [pool-4-thread-15] ERROR com.kavalok.KavalokApplication - null
java.lang.reflect.InvocationTargetException
	at sun.reflect.NativeMethodAccessorImpl.invoke0(Native Method)
	at sun.reflect.NativeMethodAccessorImpl.invoke(NativeMethodAccessorImpl.java:57)
	at sun.reflect.DelegatingMethodAccessorImpl.invoke(DelegatingMethodAccessorImpl.java:43)
	at java.lang.reflect.Method.invoke(Method.java:606)
	at com.kavalok.utils.ReflectUtil.callMethod(ReflectUtil.java:99)
	at com.kavalok.transactions.TransactionUtil.callTransaction(TransactionUtil.java:18)
	at com.kavalok.KavalokApplication.call(KavalokApplication.java:247)
	at sun.reflect.GeneratedMethodAccessor4508.invoke(Unknown Source)
	at sun.reflect.DelegatingMethodAccessorImpl.invoke(DelegatingMethodAccessorImpl.java:43)
	at java.lang.reflect.Method.invoke(Method.java:606)
	at org.red5.server.service.ServiceInvoker.invoke(ServiceInvoker.java:215)
	at org.red5.server.service.ServiceInvoker.invoke(ServiceInvoker.java:121)
	at org.red5.server.net.rtmp.RTMPHandler.invokeCall(RTMPHandler.java:157)
	at org.red5.server.net.rtmp.RTMPHandler.onInvoke(RTMPHandler.java:405)
	at org.red5.server.net.rtmp.BaseRTMPHandler.messageReceived(BaseRTMPHandler.java:148)
	at org.red5.server.net.rtmp.RTMPMinaIoHandler.messageReceived(RTMPMinaIoHandler.java:119)
	at org.apache.mina.common.support.AbstractIoFilterChain$TailFilter.messageReceived(AbstractIoFilterChain.java:570)
	at org.apache.mina.common.support.AbstractIoFilterChain.callNextMessageReceived(AbstractIoFilterChain.java:299)
	at org.apache.mina.common.support.AbstractIoFilterChain.access$1100(AbstractIoFilterChain.java:53)
	at org.apache.mina.common.support.AbstractIoFilterChain$EntryImpl$1.messageReceived(AbstractIoFilterChain.java:648)
	at org.apache.mina.filter.executor.ExecutorFilter.processEvent(ExecutorFilter.java:214)
	at org.apache.mina.filter.executor.ExecutorFilter$ProcessEventsRunnable.run(ExecutorFilter.java:265)
	at java.util.concurrent.ThreadPoolExecutor.runWorker(ThreadPoolExecutor.java:1145)
	at java.util.concurrent.ThreadPoolExecutor$Worker.run(ThreadPoolExecutor.java:615)
	at java.lang.Thread.run(Thread.java:745)
Caused by: org.hibernate.ObjectNotFoundException: No row with the given identifier exists: [com.kavalok.db.StuffItem#17348]
	at org.hibernate.impl.SessionFactoryImpl$1.handleEntityNotFound(SessionFactoryImpl.java:377)
	at org.hibernate.event.def.DefaultLoadEventListener.load(DefaultLoadEventListener.java:145)
	at org.hibernate.event.def.DefaultLoadEventListener.proxyOrLoad(DefaultLoadEventListener.java:195)
	at org.hibernate.event.def.DefaultLoadEventListener.onLoad(DefaultLoadEventListener.java:103)
	at org.hibernate.impl.SessionImpl.fireLoad(SessionImpl.java:878)
	at org.hibernate.impl.SessionImpl.internalLoad(SessionImpl.java:846)
	at org.hibernate.type.EntityType.resolveIdentifier(EntityType.java:557)
	at org.hibernate.type.EntityType.resolve(EntityType.java:379)
	at org.hibernate.engine.TwoPhaseLoad.initializeEntity(TwoPhaseLoad.java:116)
	at org.hibernate.loader.Loader.initializeEntitiesAndCollections(Loader.java:854)
	at org.hibernate.loader.Loader.doQuery(Loader.java:729)
	at org.hibernate.loader.Loader.doQueryAndInitializeNonLazyCollections(Loader.java:236)
	at org.hibernate.loader.Loader.loadEntity(Loader.java:1860)
	at org.hibernate.loader.entity.AbstractEntityLoader.load(AbstractEntityLoader.java:48)
	at org.hibernate.loader.entity.AbstractEntityLoader.load(AbstractEntityLoader.java:42)
	at org.hibernate.persister.entity.AbstractEntityPersister.load(AbstractEntityPersister.java:3044)
	at org.hibernate.event.def.DefaultLoadEventListener.loadFromDatasource(DefaultLoadEventListener.java:395)
	at org.hibernate.event.def.DefaultLoadEventListener.doLoad(DefaultLoadEventListener.java:375)
	at org.hibernate.event.def.DefaultLoadEventListener.load(DefaultLoadEventListener.java:139)
	at org.hibernate.event.def.DefaultLoadEventListener.onLoad(DefaultLoadEventListener.java:98)
	at org.hibernate.impl.SessionImpl.fireLoad(SessionImpl.java:878)
	at org.hibernate.impl.SessionImpl.immediateLoad(SessionImpl.java:836)
	at org.hibernate.proxy.AbstractLazyInitializer.initialize(AbstractLazyInitializer.java:66)
	at org.hibernate.proxy.AbstractLazyInitializer.getImplementation(AbstractLazyInitializer.java:111)
	at org.hibernate.proxy.pojo.cglib.CGLIBLazyInitializer.invoke(CGLIBLazyInitializer.java:150)
	at com.kavalok.db.GameChar$$EnhancerByCGLIB$$b62d8a36.getBody(<generated>)
	at com.kavalok.services.CharService.getUserInfo(CharService.java:834)
	at com.kavalok.services.CharService.getUserInfo(CharService.java:813)
	at com.kavalok.services.CharService.getCharView(CharService.java:775)
	... 25 common frames omitted
16:30:24.860 199878414 [pool-4-thread-15] ERROR com.kavalok.KavalokApplication - null
java.lang.reflect.InvocationTargetException
	at sun.reflect.NativeMethodAccessorImpl.invoke0(Native Method)
	at sun.reflect.NativeMethodAccessorImpl.invoke(NativeMethodAccessorImpl.java:57)
	at sun.reflect.DelegatingMethodAccessorImpl.invoke(DelegatingMethodAccessorImpl.java:43)
	at java.lang.reflect.Method.invoke(Method.java:606)
	at com.kavalok.utils.ReflectUtil.callMethod(ReflectUtil.java:99)
	at com.kavalok.transactions.TransactionUtil.callTransaction(TransactionUtil.java:18)
	at com.kavalok.KavalokApplication.call(KavalokApplication.java:247)
	at sun.reflect.GeneratedMethodAccessor4508.invoke(Unknown Source)
	at sun.reflect.DelegatingMethodAccessorImpl.invoke(DelegatingMethodAccessorImpl.java:43)
	at java.lang.reflect.Method.invoke(Method.java:606)
	at org.red5.server.service.ServiceInvoker.invoke(ServiceInvoker.java:215)
	at org.red5.server.service.ServiceInvoker.invoke(ServiceInvoker.java:121)
	at org.red5.server.net.rtmp.RTMPHandler.invokeCall(RTMPHandler.java:157)
	at org.red5.server.net.rtmp.RTMPHandler.onInvoke(RTMPHandler.java:405)
	at org.red5.server.net.rtmp.BaseRTMPHandler.messageReceived(BaseRTMPHandler.java:148)
	at org.red5.server.net.rtmp.RTMPMinaIoHandler.messageReceived(RTMPMinaIoHandler.java:119)
	at org.apache.mina.common.support.AbstractIoFilterChain$TailFilter.messageReceived(AbstractIoFilterChain.java:570)
	at org.apache.mina.common.support.AbstractIoFilterChain.callNextMessageReceived(AbstractIoFilterChain.java:299)
	at org.apache.mina.common.support.AbstractIoFilterChain.access$1100(AbstractIoFilterChain.java:53)
	at org.apache.mina.common.support.AbstractIoFilterChain$EntryImpl$1.messageReceived(AbstractIoFilterChain.java:648)
	at org.apache.mina.filter.executor.ExecutorFilter.processEvent(ExecutorFilter.java:214)
	at org.apache.mina.filter.executor.ExecutorFilter$ProcessEventsRunnable.run(ExecutorFilter.java:265)
	at java.util.concurrent.ThreadPoolExecutor.runWorker(ThreadPoolExecutor.java:1145)
	at java.util.concurrent.ThreadPoolExecutor$Worker.run(ThreadPoolExecutor.java:615)
	at java.lang.Thread.run(Thread.java:745)
Caused by: org.hibernate.ObjectNotFoundException: No row with the given identifier exists: [com.kavalok.db.StuffItem#17348]
	at org.hibernate.impl.SessionFactoryImpl$1.handleEntityNotFound(SessionFactoryImpl.java:377)
	at org.hibernate.event.def.DefaultLoadEventListener.load(DefaultLoadEventListener.java:145)
	at org.hibernate.event.def.DefaultLoadEventListener.proxyOrLoad(DefaultLoadEventListener.java:195)
	at org.hibernate.event.def.DefaultLoadEventListener.onLoad(DefaultLoadEventListener.java:103)
	at org.hibernate.impl.SessionImpl.fireLoad(SessionImpl.java:878)
	at org.hibernate.impl.SessionImpl.internalLoad(SessionImpl.java:846)
	at org.hibernate.type.EntityType.resolveIdentifier(EntityType.java:557)
	at org.hibernate.type.EntityType.resolve(EntityType.java:379)
	at org.hibernate.engine.TwoPhaseLoad.initializeEntity(TwoPhaseLoad.java:116)
	at org.hibernate.loader.Loader.initializeEntitiesAndCollections(Loader.java:854)
	at org.hibernate.loader.Loader.doQuery(Loader.java:729)
	at org.hibernate.loader.Loader.doQueryAndInitializeNonLazyCollections(Loader.java:236)
	at org.hibernate.loader.Loader.loadEntity(Loader.java:1860)
	at org.hibernate.loader.entity.AbstractEntityLoader.load(AbstractEntityLoader.java:48)
	at org.hibernate.loader.entity.AbstractEntityLoader.load(AbstractEntityLoader.java:42)
	at org.hibernate.persister.entity.AbstractEntityPersister.load(AbstractEntityPersister.java:3044)
	at org.hibernate.event.def.DefaultLoadEventListener.loadFromDatasource(DefaultLoadEventListener.java:395)
	at org.hibernate.event.def.DefaultLoadEventListener.doLoad(DefaultLoadEventListener.java:375)
	at org.hibernate.event.def.DefaultLoadEventListener.load(DefaultLoadEventListener.java:139)
	at org.hibernate.event.def.DefaultLoadEventListener.onLoad(DefaultLoadEventListener.java:98)
	at org.hibernate.impl.SessionImpl.fireLoad(SessionImpl.java:878)
	at org.hibernate.impl.SessionImpl.immediateLoad(SessionImpl.java:836)
	at org.hibernate.proxy.AbstractLazyInitializer.initialize(AbstractLazyInitializer.java:66)
	at org.hibernate.proxy.AbstractLazyInitializer.getImplementation(AbstractLazyInitializer.java:111)
	at org.hibernate.proxy.pojo.cglib.CGLIBLazyInitializer.invoke(CGLIBLazyInitializer.java:150)
	at com.kavalok.db.GameChar$$EnhancerByCGLIB$$b62d8a36.getLogin(<generated>)
	at com.kavalok.services.GameService.getScore(GameService.java:21)
	... 25 common frames omitted
16:30:48.553 199902107 [pool-4-thread-15] ERROR com.kavalok.KavalokApplication - null
java.lang.reflect.InvocationTargetException
	at sun.reflect.NativeMethodAccessorImpl.invoke0(Native Method)
	at sun.reflect.NativeMethodAccessorImpl.invoke(NativeMethodAccessorImpl.java:57)
	at sun.reflect.DelegatingMethodAccessorImpl.invoke(DelegatingMethodAccessorImpl.java:43)
	at java.lang.reflect.Method.invoke(Method.java:606)
	at com.kavalok.utils.ReflectUtil.callMethod(ReflectUtil.java:99)
	at com.kavalok.transactions.TransactionUtil.callTransaction(TransactionUtil.java:18)
	at com.kavalok.KavalokApplication.call(KavalokApplication.java:247)
	at sun.reflect.GeneratedMethodAccessor4508.invoke(Unknown Source)
	at sun.reflect.DelegatingMethodAccessorImpl.invoke(DelegatingMethodAccessorImpl.java:43)
	at java.lang.reflect.Method.invoke(Method.java:606)
	at org.red5.server.service.ServiceInvoker.invoke(ServiceInvoker.java:215)
	at org.red5.server.service.ServiceInvoker.invoke(ServiceInvoker.java:121)
	at org.red5.server.net.rtmp.RTMPHandler.invokeCall(RTMPHandler.java:157)
	at org.red5.server.net.rtmp.RTMPHandler.onInvoke(RTMPHandler.java:405)
	at org.red5.server.net.rtmp.BaseRTMPHandler.messageReceived(BaseRTMPHandler.java:148)
	at org.red5.server.net.rtmp.RTMPMinaIoHandler.messageReceived(RTMPMinaIoHandler.java:119)
	at org.apache.mina.common.support.AbstractIoFilterChain$TailFilter.messageReceived(AbstractIoFilterChain.java:570)
	at org.apache.mina.common.support.AbstractIoFilterChain.callNextMessageReceived(AbstractIoFilterChain.java:299)
	at org.apache.mina.common.support.AbstractIoFilterChain.access$1100(AbstractIoFilterChain.java:53)
	at org.apache.mina.common.support.AbstractIoFilterChain$EntryImpl$1.messageReceived(AbstractIoFilterChain.java:648)
	at org.apache.mina.filter.executor.ExecutorFilter.processEvent(ExecutorFilter.java:214)
	at org.apache.mina.filter.executor.ExecutorFilter$ProcessEventsRunnable.run(ExecutorFilter.java:265)
	at java.util.concurrent.ThreadPoolExecutor.runWorker(ThreadPoolExecutor.java:1145)
	at java.util.concurrent.ThreadPoolExecutor$Worker.run(ThreadPoolExecutor.java:615)
	at java.lang.Thread.run(Thread.java:745)
Caused by: org.hibernate.ObjectNotFoundException: No row with the given identifier exists: [com.kavalok.db.StuffItem#17348]
	at org.hibernate.impl.SessionFactoryImpl$1.handleEntityNotFound(SessionFactoryImpl.java:377)
	at org.hibernate.event.def.DefaultLoadEventListener.load(DefaultLoadEventListener.java:145)
	at org.hibernate.event.def.DefaultLoadEventListener.proxyOrLoad(DefaultLoadEventListener.java:195)
	at org.hibernate.event.def.DefaultLoadEventListener.onLoad(DefaultLoadEventListener.java:103)
	at org.hibernate.impl.SessionImpl.fireLoad(SessionImpl.java:878)
	at org.hibernate.impl.SessionImpl.internalLoad(SessionImpl.java:846)
	at org.hibernate.type.EntityType.resolveIdentifier(EntityType.java:557)
	at org.hibernate.type.EntityType.resolve(EntityType.java:379)
	at org.hibernate.engine.TwoPhaseLoad.initializeEntity(TwoPhaseLoad.java:116)
	at org.hibernate.loader.Loader.initializeEntitiesAndCollections(Loader.java:854)
	at org.hibernate.loader.Loader.doQuery(Loader.java:729)
	at org.hibernate.loader.Loader.doQueryAndInitializeNonLazyCollections(Loader.java:236)
	at org.hibernate.loader.Loader.loadEntity(Loader.java:1860)
	at org.hibernate.loader.entity.AbstractEntityLoader.load(AbstractEntityLoader.java:48)
	at org.hibernate.loader.entity.AbstractEntityLoader.load(AbstractEntityLoader.java:42)
	at org.hibernate.persister.entity.AbstractEntityPersister.load(AbstractEntityPersister.java:3044)
	at org.hibernate.event.def.DefaultLoadEventListener.loadFromDatasource(DefaultLoadEventListener.java:395)
	at org.hibernate.event.def.DefaultLoadEventListener.doLoad(DefaultLoadEventListener.java:375)
	at org.hibernate.event.def.DefaultLoadEventListener.load(DefaultLoadEventListener.java:139)
	at org.hibernate.event.def.DefaultLoadEventListener.onLoad(DefaultLoadEventListener.java:98)
	at org.hibernate.impl.SessionImpl.fireLoad(SessionImpl.java:878)
	at org.hibernate.impl.SessionImpl.immediateLoad(SessionImpl.java:836)
	at org.hibernate.proxy.AbstractLazyInitializer.initialize(AbstractLazyInitializer.java:66)
	at org.hibernate.proxy.AbstractLazyInitializer.getImplementation(AbstractLazyInitializer.java:111)
	at org.hibernate.proxy.pojo.cglib.CGLIBLazyInitializer.invoke(CGLIBLazyInitializer.java:150)
	at com.kavalok.db.GameChar$$EnhancerByCGLIB$$b62d8a36.getLogin(<generated>)
	at com.kavalok.services.GameService.getScore(GameService.java:21)
	... 25 common frames omitted
