11:07:49.445 212958813 [pool-4-thread-15] ERROR com.kavalok.KavalokApplication - null
java.lang.reflect.InvocationTargetException
	at sun.reflect.NativeMethodAccessorImpl.invoke0(Native Method)
	at sun.reflect.NativeMethodAccessorImpl.invoke(NativeMethodAccessorImpl.java:57)
	at sun.reflect.DelegatingMethodAccessorImpl.invoke(DelegatingMethodAccessorImpl.java:43)
	at java.lang.reflect.Method.invoke(Method.java:606)
	at com.kavalok.utils.ReflectUtil.callMethod(ReflectUtil.java:99)
	at com.kavalok.transactions.TransactionUtil.callTransaction(TransactionUtil.java:18)
	at com.kavalok.KavalokApplication.call(KavalokApplication.java:247)
	at sun.reflect.GeneratedMethodAccessor1346.invoke(Unknown Source)
	at sun.reflect.DelegatingMethodAccessorImpl.invoke(DelegatingMethodAccessorImpl.java:43)
	at java.lang.reflect.Method.invoke(Method.java:606)
	at org.red5.server.service.ServiceInvoker.invoke(ServiceInvoker.java:215)
	at org.red5.server.service.ServiceInvoker.invoke(ServiceInvoker.java:121)
	at org.red5.server.net.rtmp.RTMPHandler.invokeCall(RTMPHandler.java:157)
	at org.red5.server.net.rtmp.RTMPHandler.onInvoke(RTMPHandler.java:405)
	at org.red5.server.net.rtmp.BaseRTMPHandler.messageReceived(BaseRTMPHandler.java:148)
	at org.red5.server.net.rtmp.RTMPMinaIoHandler.messageReceived(RTMPMinaIoHandler.java:119)
	at org.apache.mina.common.support.AbstractIoFilterChain$TailFilter.messageReceived(AbstractIoFilterChain.java:570)
	at org.apache.mina.common.support.AbstractIoFilterChain.callNextMessageReceived(AbstractIoFilterChain.java:299)
	at org.apache.mina.common.support.AbstractIoFilterChain.access$1100(AbstractIoFilterChain.java:53)
	at org.apache.mina.common.support.AbstractIoFilterChain$EntryImpl$1.messageReceived(AbstractIoFilterChain.java:648)
	at org.apache.mina.filter.executor.ExecutorFilter.processEvent(ExecutorFilter.java:214)
	at org.apache.mina.filter.executor.ExecutorFilter$ProcessEventsRunnable.run(ExecutorFilter.java:265)
	at java.util.concurrent.ThreadPoolExecutor.runWorker(ThreadPoolExecutor.java:1145)
	at java.util.concurrent.ThreadPoolExecutor$Worker.run(ThreadPoolExecutor.java:615)
	at java.lang.Thread.run(Thread.java:745)
Caused by: org.hibernate.NonUniqueResultException: query did not return a unique result: 2
	at org.hibernate.impl.AbstractQueryImpl.uniqueElement(AbstractQueryImpl.java:820)
	at org.hibernate.impl.CriteriaImpl.uniqueResult(CriteriaImpl.java:305)
	at com.kavalok.dao.common.DAO.findByParameters(DAO.java:148)
	at com.kavalok.dao.common.DAO.findByParameter(DAO.java:178)
	at com.kavalok.dao.ChallengesDAO.findByType(ChallengesDAO.java:23)
	at com.kavalok.services.CharService.addCheck(CharService.java:454)
	... 25 common frames omitted
11:07:49.576 212958944 [pool-4-thread-15] ERROR com.kavalok.KavalokApplication - null
java.lang.reflect.InvocationTargetException
	at sun.reflect.NativeMethodAccessorImpl.invoke0(Native Method)
	at sun.reflect.NativeMethodAccessorImpl.invoke(NativeMethodAccessorImpl.java:57)
	at sun.reflect.DelegatingMethodAccessorImpl.invoke(DelegatingMethodAccessorImpl.java:43)
	at java.lang.reflect.Method.invoke(Method.java:606)
	at com.kavalok.utils.ReflectUtil.callMethod(ReflectUtil.java:99)
	at com.kavalok.transactions.TransactionUtil.callTransaction(TransactionUtil.java:18)
	at com.kavalok.KavalokApplication.call(KavalokApplication.java:247)
	at sun.reflect.GeneratedMethodAccessor1346.invoke(Unknown Source)
	at sun.reflect.DelegatingMethodAccessorImpl.invoke(DelegatingMethodAccessorImpl.java:43)
	at java.lang.reflect.Method.invoke(Method.java:606)
	at org.red5.server.service.ServiceInvoker.invoke(ServiceInvoker.java:215)
	at org.red5.server.service.ServiceInvoker.invoke(ServiceInvoker.java:121)
	at org.red5.server.net.rtmp.RTMPHandler.invokeCall(RTMPHandler.java:157)
	at org.red5.server.net.rtmp.RTMPHandler.onInvoke(RTMPHandler.java:405)
	at org.red5.server.net.rtmp.BaseRTMPHandler.messageReceived(BaseRTMPHandler.java:148)
	at org.red5.server.net.rtmp.RTMPMinaIoHandler.messageReceived(RTMPMinaIoHandler.java:119)
	at org.apache.mina.common.support.AbstractIoFilterChain$TailFilter.messageReceived(AbstractIoFilterChain.java:570)
	at org.apache.mina.common.support.AbstractIoFilterChain.callNextMessageReceived(AbstractIoFilterChain.java:299)
	at org.apache.mina.common.support.AbstractIoFilterChain.access$1100(AbstractIoFilterChain.java:53)
	at org.apache.mina.common.support.AbstractIoFilterChain$EntryImpl$1.messageReceived(AbstractIoFilterChain.java:648)
	at org.apache.mina.filter.executor.ExecutorFilter.processEvent(ExecutorFilter.java:214)
	at org.apache.mina.filter.executor.ExecutorFilter$ProcessEventsRunnable.run(ExecutorFilter.java:265)
	at java.util.concurrent.ThreadPoolExecutor.runWorker(ThreadPoolExecutor.java:1145)
	at java.util.concurrent.ThreadPoolExecutor$Worker.run(ThreadPoolExecutor.java:615)
	at java.lang.Thread.run(Thread.java:745)
Caused by: org.hibernate.NonUniqueResultException: query did not return a unique result: 3
	at org.hibernate.impl.AbstractQueryImpl.uniqueElement(AbstractQueryImpl.java:820)
	at org.hibernate.impl.CriteriaImpl.uniqueResult(CriteriaImpl.java:305)
	at com.kavalok.dao.common.DAO.findByParameters(DAO.java:148)
	at com.kavalok.dao.common.DAO.findByParameter(DAO.java:178)
	at com.kavalok.dao.ChallengesDAO.findByType(ChallengesDAO.java:23)
	at com.kavalok.services.CharService.addCheck(CharService.java:454)
	... 25 common frames omitted
11:16:22.542 213471910 [pool-4-thread-16] ERROR com.kavalok.KavalokApplication - null
java.lang.reflect.InvocationTargetException
	at sun.reflect.GeneratedMethodAccessor1509.invoke(Unknown Source)
	at sun.reflect.DelegatingMethodAccessorImpl.invoke(DelegatingMethodAccessorImpl.java:43)
	at java.lang.reflect.Method.invoke(Method.java:606)
	at com.kavalok.utils.ReflectUtil.callMethod(ReflectUtil.java:99)
	at com.kavalok.transactions.TransactionUtil.callTransaction(TransactionUtil.java:18)
	at com.kavalok.KavalokApplication.call(KavalokApplication.java:247)
	at sun.reflect.GeneratedMethodAccessor1346.invoke(Unknown Source)
	at sun.reflect.DelegatingMethodAccessorImpl.invoke(DelegatingMethodAccessorImpl.java:43)
	at java.lang.reflect.Method.invoke(Method.java:606)
	at org.red5.server.service.ServiceInvoker.invoke(ServiceInvoker.java:215)
	at org.red5.server.service.ServiceInvoker.invoke(ServiceInvoker.java:121)
	at org.red5.server.net.rtmp.RTMPHandler.invokeCall(RTMPHandler.java:157)
	at org.red5.server.net.rtmp.RTMPHandler.onInvoke(RTMPHandler.java:405)
	at org.red5.server.net.rtmp.BaseRTMPHandler.messageReceived(BaseRTMPHandler.java:148)
	at org.red5.server.net.rtmp.RTMPMinaIoHandler.messageReceived(RTMPMinaIoHandler.java:119)
	at org.apache.mina.common.support.AbstractIoFilterChain$TailFilter.messageReceived(AbstractIoFilterChain.java:570)
	at org.apache.mina.common.support.AbstractIoFilterChain.callNextMessageReceived(AbstractIoFilterChain.java:299)
	at org.apache.mina.common.support.AbstractIoFilterChain.access$1100(AbstractIoFilterChain.java:53)
	at org.apache.mina.common.support.AbstractIoFilterChain$EntryImpl$1.messageReceived(AbstractIoFilterChain.java:648)
	at org.apache.mina.filter.executor.ExecutorFilter.processEvent(ExecutorFilter.java:214)
	at org.apache.mina.filter.executor.ExecutorFilter$ProcessEventsRunnable.run(ExecutorFilter.java:265)
	at java.util.concurrent.ThreadPoolExecutor.runWorker(ThreadPoolExecutor.java:1145)
	at java.util.concurrent.ThreadPoolExecutor$Worker.run(ThreadPoolExecutor.java:615)
	at java.lang.Thread.run(Thread.java:745)
Caused by: org.hibernate.NonUniqueResultException: query did not return a unique result: 2
	at org.hibernate.impl.AbstractQueryImpl.uniqueElement(AbstractQueryImpl.java:820)
	at org.hibernate.impl.CriteriaImpl.uniqueResult(CriteriaImpl.java:305)
	at com.kavalok.dao.common.DAO.findByParameters(DAO.java:148)
	at com.kavalok.dao.common.DAO.findByParameter(DAO.java:178)
	at com.kavalok.dao.ChallengesDAO.findByType(ChallengesDAO.java:23)
	at com.kavalok.services.CharService.addCheck(CharService.java:454)
	... 24 common frames omitted
11:16:22.596 213471964 [pool-4-thread-15] ERROR com.kavalok.KavalokApplication - null
java.lang.reflect.InvocationTargetException
	at sun.reflect.GeneratedMethodAccessor1509.invoke(Unknown Source)
	at sun.reflect.DelegatingMethodAccessorImpl.invoke(DelegatingMethodAccessorImpl.java:43)
	at java.lang.reflect.Method.invoke(Method.java:606)
	at com.kavalok.utils.ReflectUtil.callMethod(ReflectUtil.java:99)
	at com.kavalok.transactions.TransactionUtil.callTransaction(TransactionUtil.java:18)
	at com.kavalok.KavalokApplication.call(KavalokApplication.java:247)
	at sun.reflect.GeneratedMethodAccessor1346.invoke(Unknown Source)
	at sun.reflect.DelegatingMethodAccessorImpl.invoke(DelegatingMethodAccessorImpl.java:43)
	at java.lang.reflect.Method.invoke(Method.java:606)
	at org.red5.server.service.ServiceInvoker.invoke(ServiceInvoker.java:215)
	at org.red5.server.service.ServiceInvoker.invoke(ServiceInvoker.java:121)
	at org.red5.server.net.rtmp.RTMPHandler.invokeCall(RTMPHandler.java:157)
	at org.red5.server.net.rtmp.RTMPHandler.onInvoke(RTMPHandler.java:405)
	at org.red5.server.net.rtmp.BaseRTMPHandler.messageReceived(BaseRTMPHandler.java:148)
	at org.red5.server.net.rtmp.RTMPMinaIoHandler.messageReceived(RTMPMinaIoHandler.java:119)
	at org.apache.mina.common.support.AbstractIoFilterChain$TailFilter.messageReceived(AbstractIoFilterChain.java:570)
	at org.apache.mina.common.support.AbstractIoFilterChain.callNextMessageReceived(AbstractIoFilterChain.java:299)
	at org.apache.mina.common.support.AbstractIoFilterChain.access$1100(AbstractIoFilterChain.java:53)
	at org.apache.mina.common.support.AbstractIoFilterChain$EntryImpl$1.messageReceived(AbstractIoFilterChain.java:648)
	at org.apache.mina.filter.executor.ExecutorFilter.processEvent(ExecutorFilter.java:214)
	at org.apache.mina.filter.executor.ExecutorFilter$ProcessEventsRunnable.run(ExecutorFilter.java:265)
	at java.util.concurrent.ThreadPoolExecutor.runWorker(ThreadPoolExecutor.java:1145)
	at java.util.concurrent.ThreadPoolExecutor$Worker.run(ThreadPoolExecutor.java:615)
	at java.lang.Thread.run(Thread.java:745)
Caused by: org.hibernate.NonUniqueResultException: query did not return a unique result: 2
	at org.hibernate.impl.AbstractQueryImpl.uniqueElement(AbstractQueryImpl.java:820)
	at org.hibernate.impl.CriteriaImpl.uniqueResult(CriteriaImpl.java:305)
	at com.kavalok.dao.common.DAO.findByParameters(DAO.java:148)
	at com.kavalok.dao.common.DAO.findByParameter(DAO.java:178)
	at com.kavalok.dao.ChallengesDAO.findByType(ChallengesDAO.java:23)
	at com.kavalok.services.CharService.addCheck(CharService.java:454)
	... 24 common frames omitted
11:16:22.672 213472040 [pool-4-thread-16] ERROR com.kavalok.KavalokApplication - null
java.lang.reflect.InvocationTargetException
	at sun.reflect.GeneratedMethodAccessor1509.invoke(Unknown Source)
	at sun.reflect.DelegatingMethodAccessorImpl.invoke(DelegatingMethodAccessorImpl.java:43)
	at java.lang.reflect.Method.invoke(Method.java:606)
	at com.kavalok.utils.ReflectUtil.callMethod(ReflectUtil.java:99)
	at com.kavalok.transactions.TransactionUtil.callTransaction(TransactionUtil.java:18)
	at com.kavalok.KavalokApplication.call(KavalokApplication.java:247)
	at sun.reflect.GeneratedMethodAccessor1346.invoke(Unknown Source)
	at sun.reflect.DelegatingMethodAccessorImpl.invoke(DelegatingMethodAccessorImpl.java:43)
	at java.lang.reflect.Method.invoke(Method.java:606)
	at org.red5.server.service.ServiceInvoker.invoke(ServiceInvoker.java:215)
	at org.red5.server.service.ServiceInvoker.invoke(ServiceInvoker.java:121)
	at org.red5.server.net.rtmp.RTMPHandler.invokeCall(RTMPHandler.java:157)
	at org.red5.server.net.rtmp.RTMPHandler.onInvoke(RTMPHandler.java:405)
	at org.red5.server.net.rtmp.BaseRTMPHandler.messageReceived(BaseRTMPHandler.java:148)
	at org.red5.server.net.rtmp.RTMPMinaIoHandler.messageReceived(RTMPMinaIoHandler.java:119)
	at org.apache.mina.common.support.AbstractIoFilterChain$TailFilter.messageReceived(AbstractIoFilterChain.java:570)
	at org.apache.mina.common.support.AbstractIoFilterChain.callNextMessageReceived(AbstractIoFilterChain.java:299)
	at org.apache.mina.common.support.AbstractIoFilterChain.access$1100(AbstractIoFilterChain.java:53)
	at org.apache.mina.common.support.AbstractIoFilterChain$EntryImpl$1.messageReceived(AbstractIoFilterChain.java:648)
	at org.apache.mina.filter.executor.ExecutorFilter.processEvent(ExecutorFilter.java:214)
	at org.apache.mina.filter.executor.ExecutorFilter$ProcessEventsRunnable.run(ExecutorFilter.java:265)
	at java.util.concurrent.ThreadPoolExecutor.runWorker(ThreadPoolExecutor.java:1145)
	at java.util.concurrent.ThreadPoolExecutor$Worker.run(ThreadPoolExecutor.java:615)
	at java.lang.Thread.run(Thread.java:745)
Caused by: org.hibernate.NonUniqueResultException: query did not return a unique result: 3
	at org.hibernate.impl.AbstractQueryImpl.uniqueElement(AbstractQueryImpl.java:820)
	at org.hibernate.impl.CriteriaImpl.uniqueResult(CriteriaImpl.java:305)
	at com.kavalok.dao.common.DAO.findByParameters(DAO.java:148)
	at com.kavalok.dao.common.DAO.findByParameter(DAO.java:178)
	at com.kavalok.dao.ChallengesDAO.findByType(ChallengesDAO.java:23)
	at com.kavalok.services.CharService.addCheck(CharService.java:454)
	... 24 common frames omitted
11:16:22.727 213472095 [pool-4-thread-15] ERROR com.kavalok.KavalokApplication - null
java.lang.reflect.InvocationTargetException
	at sun.reflect.GeneratedMethodAccessor1509.invoke(Unknown Source)
	at sun.reflect.DelegatingMethodAccessorImpl.invoke(DelegatingMethodAccessorImpl.java:43)
	at java.lang.reflect.Method.invoke(Method.java:606)
	at com.kavalok.utils.ReflectUtil.callMethod(ReflectUtil.java:99)
	at com.kavalok.transactions.TransactionUtil.callTransaction(TransactionUtil.java:18)
	at com.kavalok.KavalokApplication.call(KavalokApplication.java:247)
	at sun.reflect.GeneratedMethodAccessor1346.invoke(Unknown Source)
	at sun.reflect.DelegatingMethodAccessorImpl.invoke(DelegatingMethodAccessorImpl.java:43)
	at java.lang.reflect.Method.invoke(Method.java:606)
	at org.red5.server.service.ServiceInvoker.invoke(ServiceInvoker.java:215)
	at org.red5.server.service.ServiceInvoker.invoke(ServiceInvoker.java:121)
	at org.red5.server.net.rtmp.RTMPHandler.invokeCall(RTMPHandler.java:157)
	at org.red5.server.net.rtmp.RTMPHandler.onInvoke(RTMPHandler.java:405)
	at org.red5.server.net.rtmp.BaseRTMPHandler.messageReceived(BaseRTMPHandler.java:148)
	at org.red5.server.net.rtmp.RTMPMinaIoHandler.messageReceived(RTMPMinaIoHandler.java:119)
	at org.apache.mina.common.support.AbstractIoFilterChain$TailFilter.messageReceived(AbstractIoFilterChain.java:570)
	at org.apache.mina.common.support.AbstractIoFilterChain.callNextMessageReceived(AbstractIoFilterChain.java:299)
	at org.apache.mina.common.support.AbstractIoFilterChain.access$1100(AbstractIoFilterChain.java:53)
	at org.apache.mina.common.support.AbstractIoFilterChain$EntryImpl$1.messageReceived(AbstractIoFilterChain.java:648)
	at org.apache.mina.filter.executor.ExecutorFilter.processEvent(ExecutorFilter.java:214)
	at org.apache.mina.filter.executor.ExecutorFilter$ProcessEventsRunnable.run(ExecutorFilter.java:265)
	at java.util.concurrent.ThreadPoolExecutor.runWorker(ThreadPoolExecutor.java:1145)
	at java.util.concurrent.ThreadPoolExecutor$Worker.run(ThreadPoolExecutor.java:615)
	at java.lang.Thread.run(Thread.java:745)
Caused by: org.hibernate.NonUniqueResultException: query did not return a unique result: 3
	at org.hibernate.impl.AbstractQueryImpl.uniqueElement(AbstractQueryImpl.java:820)
	at org.hibernate.impl.CriteriaImpl.uniqueResult(CriteriaImpl.java:305)
	at com.kavalok.dao.common.DAO.findByParameters(DAO.java:148)
	at com.kavalok.dao.common.DAO.findByParameter(DAO.java:178)
	at com.kavalok.dao.ChallengesDAO.findByType(ChallengesDAO.java:23)
	at com.kavalok.services.CharService.addCheck(CharService.java:454)
	... 24 common frames omitted
11:30:42.782 214332150 [btpool1-15 - /kavalok1/xmlrpc] ERROR com.kavalok.xmlrpc.RemoteServer - null
java.lang.NullPointerException
	at com.kavalok.xmlrpc.RemoteServer.sendCommand(RemoteServer.java:92)
	at sun.reflect.GeneratedMethodAccessor1786.invoke(Unknown Source)
	at sun.reflect.DelegatingMethodAccessorImpl.invoke(DelegatingMethodAccessorImpl.java:43)
	at java.lang.reflect.Method.invoke(Method.java:606)
	at org.apache.xmlrpc.server.ReflectiveXmlRpcHandler.invoke(ReflectiveXmlRpcHandler.java:115)
	at org.apache.xmlrpc.server.ReflectiveXmlRpcHandler.execute(ReflectiveXmlRpcHandler.java:106)
	at org.apache.xmlrpc.server.XmlRpcServerWorker.execute(XmlRpcServerWorker.java:46)
	at org.apache.xmlrpc.server.XmlRpcServer.execute(XmlRpcServer.java:86)
	at org.apache.xmlrpc.server.XmlRpcStreamServer.execute(XmlRpcStreamServer.java:200)
	at org.apache.xmlrpc.webserver.XmlRpcServletServer.execute(XmlRpcServletServer.java:112)
	at org.apache.xmlrpc.webserver.XmlRpcServlet.doPost(XmlRpcServlet.java:196)
	at javax.servlet.http.HttpServlet.service(HttpServlet.java:727)
	at javax.servlet.http.HttpServlet.service(HttpServlet.java:820)
	at org.mortbay.jetty.servlet.ServletHolder.handle(ServletHolder.java:487)
	at org.mortbay.jetty.servlet.ServletHandler.handle(ServletHandler.java:362)
	at org.mortbay.jetty.security.SecurityHandler.handle(SecurityHandler.java:216)
	at org.mortbay.jetty.servlet.SessionHandler.handle(SessionHandler.java:181)
	at org.mortbay.jetty.handler.ContextHandler.handle(ContextHandler.java:726)
	at org.mortbay.jetty.webapp.WebAppContext.handle(WebAppContext.java:405)
	at org.mortbay.jetty.handler.ContextHandlerCollection.handle(ContextHandlerCollection.java:188)
	at org.mortbay.jetty.handler.HandlerCollection.handle(HandlerCollection.java:114)
	at org.mortbay.jetty.handler.HandlerWrapper.handle(HandlerWrapper.java:139)
	at org.mortbay.jetty.Server.handle(Server.java:320)
	at org.mortbay.jetty.HttpConnection.handleRequest(HttpConnection.java:505)
	at org.mortbay.jetty.HttpConnection$RequestHandler.content(HttpConnection.java:842)
	at org.mortbay.jetty.HttpParser.parseNext(HttpParser.java:648)
	at org.mortbay.jetty.HttpParser.parseAvailable(HttpParser.java:211)
	at org.mortbay.jetty.HttpConnection.handle(HttpConnection.java:380)
	at org.mortbay.io.nio.SelectChannelEndPoint.run(SelectChannelEndPoint.java:395)
	at org.mortbay.thread.BoundedThreadPool$PoolThread.run(BoundedThreadPool.java:450)
11:32:31.328 214440696 [btpool1-5 - /kavalok1/xmlrpc] ERROR com.kavalok.xmlrpc.RemoteServer - null
java.lang.NullPointerException
	at com.kavalok.xmlrpc.RemoteServer.sendCommand(RemoteServer.java:92)
	at sun.reflect.GeneratedMethodAccessor1786.invoke(Unknown Source)
	at sun.reflect.DelegatingMethodAccessorImpl.invoke(DelegatingMethodAccessorImpl.java:43)
	at java.lang.reflect.Method.invoke(Method.java:606)
	at org.apache.xmlrpc.server.ReflectiveXmlRpcHandler.invoke(ReflectiveXmlRpcHandler.java:115)
	at org.apache.xmlrpc.server.ReflectiveXmlRpcHandler.execute(ReflectiveXmlRpcHandler.java:106)
	at org.apache.xmlrpc.server.XmlRpcServerWorker.execute(XmlRpcServerWorker.java:46)
	at org.apache.xmlrpc.server.XmlRpcServer.execute(XmlRpcServer.java:86)
	at org.apache.xmlrpc.server.XmlRpcStreamServer.execute(XmlRpcStreamServer.java:200)
	at org.apache.xmlrpc.webserver.XmlRpcServletServer.execute(XmlRpcServletServer.java:112)
	at org.apache.xmlrpc.webserver.XmlRpcServlet.doPost(XmlRpcServlet.java:196)
	at javax.servlet.http.HttpServlet.service(HttpServlet.java:727)
	at javax.servlet.http.HttpServlet.service(HttpServlet.java:820)
	at org.mortbay.jetty.servlet.ServletHolder.handle(ServletHolder.java:487)
	at org.mortbay.jetty.servlet.ServletHandler.handle(ServletHandler.java:362)
	at org.mortbay.jetty.security.SecurityHandler.handle(SecurityHandler.java:216)
	at org.mortbay.jetty.servlet.SessionHandler.handle(SessionHandler.java:181)
	at org.mortbay.jetty.handler.ContextHandler.handle(ContextHandler.java:726)
	at org.mortbay.jetty.webapp.WebAppContext.handle(WebAppContext.java:405)
	at org.mortbay.jetty.handler.ContextHandlerCollection.handle(ContextHandlerCollection.java:188)
	at org.mortbay.jetty.handler.HandlerCollection.handle(HandlerCollection.java:114)
	at org.mortbay.jetty.handler.HandlerWrapper.handle(HandlerWrapper.java:139)
	at org.mortbay.jetty.Server.handle(Server.java:320)
	at org.mortbay.jetty.HttpConnection.handleRequest(HttpConnection.java:505)
	at org.mortbay.jetty.HttpConnection$RequestHandler.content(HttpConnection.java:842)
	at org.mortbay.jetty.HttpParser.parseNext(HttpParser.java:648)
	at org.mortbay.jetty.HttpParser.parseAvailable(HttpParser.java:211)
	at org.mortbay.jetty.HttpConnection.handle(HttpConnection.java:380)
	at org.mortbay.io.nio.SelectChannelEndPoint.run(SelectChannelEndPoint.java:395)
	at org.mortbay.thread.BoundedThreadPool$PoolThread.run(BoundedThreadPool.java:450)
11:36:16.378 214665746 [pool-4-thread-15] ERROR com.kavalok.KavalokApplication - null
java.lang.reflect.InvocationTargetException
	at sun.reflect.NativeMethodAccessorImpl.invoke0(Native Method)
	at sun.reflect.NativeMethodAccessorImpl.invoke(NativeMethodAccessorImpl.java:57)
	at sun.reflect.DelegatingMethodAccessorImpl.invoke(DelegatingMethodAccessorImpl.java:43)
	at java.lang.reflect.Method.invoke(Method.java:606)
	at com.kavalok.utils.ReflectUtil.callMethod(ReflectUtil.java:99)
	at com.kavalok.transactions.TransactionUtil.callTransaction(TransactionUtil.java:18)
	at com.kavalok.KavalokApplication.call(KavalokApplication.java:247)
	at sun.reflect.GeneratedMethodAccessor1346.invoke(Unknown Source)
	at sun.reflect.DelegatingMethodAccessorImpl.invoke(DelegatingMethodAccessorImpl.java:43)
	at java.lang.reflect.Method.invoke(Method.java:606)
	at org.red5.server.service.ServiceInvoker.invoke(ServiceInvoker.java:215)
	at org.red5.server.service.ServiceInvoker.invoke(ServiceInvoker.java:121)
	at org.red5.server.net.rtmp.RTMPHandler.invokeCall(RTMPHandler.java:157)
	at org.red5.server.net.rtmp.RTMPHandler.onInvoke(RTMPHandler.java:405)
	at org.red5.server.net.rtmp.BaseRTMPHandler.messageReceived(BaseRTMPHandler.java:148)
	at org.red5.server.net.rtmp.RTMPMinaIoHandler.messageReceived(RTMPMinaIoHandler.java:119)
	at org.apache.mina.common.support.AbstractIoFilterChain$TailFilter.messageReceived(AbstractIoFilterChain.java:570)
	at org.apache.mina.common.support.AbstractIoFilterChain.callNextMessageReceived(AbstractIoFilterChain.java:299)
	at org.apache.mina.common.support.AbstractIoFilterChain.access$1100(AbstractIoFilterChain.java:53)
	at org.apache.mina.common.support.AbstractIoFilterChain$EntryImpl$1.messageReceived(AbstractIoFilterChain.java:648)
	at org.apache.mina.filter.executor.ExecutorFilter.processEvent(ExecutorFilter.java:214)
	at org.apache.mina.filter.executor.ExecutorFilter$ProcessEventsRunnable.run(ExecutorFilter.java:265)
	at java.util.concurrent.ThreadPoolExecutor.runWorker(ThreadPoolExecutor.java:1145)
	at java.util.concurrent.ThreadPoolExecutor$Worker.run(ThreadPoolExecutor.java:615)
	at java.lang.Thread.run(Thread.java:745)
Caused by: java.lang.StackOverflowError
	at com.mchange.v2.c3p0.stmt.StatementCacheKey.equals(StatementCacheKey.java:123)
	at com.mchange.v2.c3p0.stmt.ValueIdentityStatementCacheKey$1.checkCoalesce(ValueIdentityStatementCacheKey.java:50)
	at com.mchange.v2.coalesce.CoalesceIdenticator.identical(CoalesceIdenticator.java:36)
	at com.mchange.v1.identicator.WeakIdHashKey.equals(WeakIdHashKey.java:67)
	at java.util.HashMap.getEntry(HashMap.java:467)
	at java.util.HashMap.get(HashMap.java:417)
	at com.mchange.v1.identicator.IdMap.get(IdMap.java:51)
	at com.mchange.v1.identicator.IdWeakHashMap.get(IdWeakHashMap.java:82)
	at com.mchange.v2.coalesce.AbstractWeakCoalescer.coalesce(AbstractWeakCoalescer.java:41)
	at com.mchange.v2.c3p0.stmt.ValueIdentityStatementCacheKey._find(ValueIdentityStatementCacheKey.java:160)
	at com.mchange.v2.c3p0.stmt.StatementCacheKey.find(StatementCacheKey.java:48)
	at com.mchange.v2.c3p0.stmt.GooGooStatementCache.checkoutStatement(GooGooStatementCache.java:160)
	at com.mchange.v2.c3p0.impl.NewPooledConnection.checkoutStatement(NewPooledConnection.java:277)
	at com.mchange.v2.c3p0.impl.NewProxyConnection.prepareStatement(NewProxyConnection.java:199)
	at org.hibernate.jdbc.AbstractBatcher.getPreparedStatement(AbstractBatcher.java:505)
	at org.hibernate.jdbc.AbstractBatcher.getPreparedStatement(AbstractBatcher.java:423)
	at org.hibernate.jdbc.AbstractBatcher.prepareQueryStatement(AbstractBatcher.java:139)
	at org.hibernate.loader.Loader.prepareQueryStatement(Loader.java:1547)
	at org.hibernate.loader.Loader.doQuery(Loader.java:673)
	at org.hibernate.loader.Loader.doQueryAndInitializeNonLazyCollections(Loader.java:236)
	at org.hibernate.loader.Loader.doList(Loader.java:2220)
	at org.hibernate.loader.Loader.listIgnoreQueryCache(Loader.java:2104)
	at org.hibernate.loader.Loader.list(Loader.java:2099)
	at org.hibernate.loader.criteria.CriteriaLoader.list(CriteriaLoader.java:94)
	at org.hibernate.impl.SessionImpl.list(SessionImpl.java:1569)
	at org.hibernate.impl.CriteriaImpl.list(CriteriaImpl.java:283)
	at org.hibernate.impl.CriteriaImpl.uniqueResult(CriteriaImpl.java:305)
	at com.kavalok.dao.common.DAO.findByParameters(DAO.java:148)
	at com.kavalok.dao.common.DAO.findByParameter(DAO.java:178)
	at com.kavalok.dao.LoginDAOBase.findById(LoginDAOBase.java:23)
	at com.kavalok.user.UserUtil.addTier(UserUtil.java:1143)
	at com.kavalok.user.UserUtil.addCrowns(UserUtil.java:1133)
	at com.kavalok.user.UserUtil.addTier(UserUtil.java:1178)
	at com.kavalok.user.UserUtil.addCrowns(UserUtil.java:1133)
	at com.kavalok.user.UserUtil.addTier(UserUtil.java:1178)
	at com.kavalok.user.UserUtil.addCrowns(UserUtil.java:1133)
	at com.kavalok.user.UserUtil.addTier(UserUtil.java:1178)
	at com.kavalok.user.UserUtil.addCrowns(UserUtil.java:1133)
	at com.kavalok.user.UserUtil.addTier(UserUtil.java:1178)
	at com.kavalok.user.UserUtil.addCrowns(UserUtil.java:1133)
	at com.kavalok.user.UserUtil.addTier(UserUtil.java:1178)
	at com.kavalok.user.UserUtil.addCrowns(UserUtil.java:1133)
	at com.kavalok.user.UserUtil.addTier(UserUtil.java:1178)
	at com.kavalok.user.UserUtil.addCrowns(UserUtil.java:1133)
	at com.kavalok.user.UserUtil.addTier(UserUtil.java:1178)
	at com.kavalok.user.UserUtil.addCrowns(UserUtil.java:1133)
	at com.kavalok.user.UserUtil.addTier(UserUtil.java:1178)
	at com.kavalok.user.UserUtil.addCrowns(UserUtil.java:1133)
	at com.kavalok.user.UserUtil.addTier(UserUtil.java:1178)
	at com.kavalok.user.UserUtil.addCrowns(UserUtil.java:1133)
	at com.kavalok.user.UserUtil.addTier(UserUtil.java:1178)
	at com.kavalok.user.UserUtil.addCrowns(UserUtil.java:1133)
	at com.kavalok.user.UserUtil.addTier(UserUtil.java:1178)
	at com.kavalok.user.UserUtil.addCrowns(UserUtil.java:1133)
	at com.kavalok.user.UserUtil.addTier(UserUtil.java:1178)
	at com.kavalok.user.UserUtil.addCrowns(UserUtil.java:1133)
	at com.kavalok.user.UserUtil.addTier(UserUtil.java:1178)
	at com.kavalok.user.UserUtil.addCrowns(UserUtil.java:1133)
	at com.kavalok.user.UserUtil.addTier(UserUtil.java:1178)
	at com.kavalok.user.UserUtil.addCrowns(UserUtil.java:1133)
	at com.kavalok.user.UserUtil.addTier(UserUtil.java:1178)
	at com.kavalok.user.UserUtil.addCrowns(UserUtil.java:1133)
	at com.kavalok.user.UserUtil.addTier(UserUtil.java:1178)
	at com.kavalok.user.UserUtil.addCrowns(UserUtil.java:1133)
	at com.kavalok.user.UserUtil.addTier(UserUtil.java:1178)
	at com.kavalok.user.UserUtil.addCrowns(UserUtil.java:1133)
	at com.kavalok.user.UserUtil.addTier(UserUtil.java:1178)
	at com.kavalok.user.UserUtil.addCrowns(UserUtil.java:1133)
	at com.kavalok.user.UserUtil.addTier(UserUtil.java:1178)
	at com.kavalok.user.UserUtil.addCrowns(UserUtil.java:1133)
	at com.kavalok.user.UserUtil.addTier(UserUtil.java:1178)
	at com.kavalok.user.UserUtil.addCrowns(UserUtil.java:1133)
	at com.kavalok.user.UserUtil.addTier(UserUtil.java:1178)
	at com.kavalok.user.UserUtil.addCrowns(UserUtil.java:1133)
	at com.kavalok.user.UserUtil.addTier(UserUtil.java:1178)
	at com.kavalok.user.UserUtil.addCrowns(UserUtil.java:1133)
	at com.kavalok.user.UserUtil.addTier(UserUtil.java:1178)
	at com.kavalok.user.UserUtil.addCrowns(UserUtil.java:1133)
	at com.kavalok.user.UserUtil.addTier(UserUtil.java:1178)
	at com.kavalok.user.UserUtil.addCrowns(UserUtil.java:1133)
	at com.kavalok.user.UserUtil.addTier(UserUtil.java:1178)
	at com.kavalok.user.UserUtil.addCrowns(UserUtil.java:1133)
	at com.kavalok.user.UserUtil.addTier(UserUtil.java:1178)
	at com.kavalok.user.UserUtil.addCrowns(UserUtil.java:1133)
	at com.kavalok.user.UserUtil.addTier(UserUtil.java:1178)
	at com.kavalok.user.UserUtil.addCrowns(UserUtil.java:1133)
	at com.kavalok.user.UserUtil.addTier(UserUtil.java:1178)
	at com.kavalok.user.UserUtil.addCrowns(UserUtil.java:1133)
	at com.kavalok.user.UserUtil.addTier(UserUtil.java:1178)
	at com.kavalok.user.UserUtil.addCrowns(UserUtil.java:1133)
	at com.kavalok.user.UserUtil.addTier(UserUtil.java:1178)
	at com.kavalok.user.UserUtil.addCrowns(UserUtil.java:1133)
	at com.kavalok.user.UserUtil.addTier(UserUtil.java:1178)
	at com.kavalok.user.UserUtil.addCrowns(UserUtil.java:1133)
	at com.kavalok.user.UserUtil.addTier(UserUtil.java:1178)
	at com.kavalok.user.UserUtil.addCrowns(UserUtil.java:1133)
	at com.kavalok.user.UserUtil.addTier(UserUtil.java:1178)
	at com.kavalok.user.UserUtil.addCrowns(UserUtil.java:1133)
	at com.kavalok.user.UserUtil.addTier(UserUtil.java:1178)
	at com.kavalok.user.UserUtil.addCrowns(UserUtil.java:1133)
	at com.kavalok.user.UserUtil.addTier(UserUtil.java:1178)
	at com.kavalok.user.UserUtil.addCrowns(UserUtil.java:1133)
	at com.kavalok.user.UserUtil.addTier(UserUtil.java:1178)
	at com.kavalok.user.UserUtil.addCrowns(UserUtil.java:1133)
	at com.kavalok.user.UserUtil.addTier(UserUtil.java:1178)
	at com.kavalok.user.UserUtil.addCrowns(UserUtil.java:1133)
	at com.kavalok.user.UserUtil.addTier(UserUtil.java:1178)
	at com.kavalok.user.UserUtil.addCrowns(UserUtil.java:1133)
	at com.kavalok.user.UserUtil.addTier(UserUtil.java:1178)
	at com.kavalok.user.UserUtil.addCrowns(UserUtil.java:1133)
	at com.kavalok.user.UserUtil.addTier(UserUtil.java:1178)
	at com.kavalok.user.UserUtil.addCrowns(UserUtil.java:1133)
	at com.kavalok.user.UserUtil.addTier(UserUtil.java:1178)
	at com.kavalok.user.UserUtil.addCrowns(UserUtil.java:1133)
	at com.kavalok.user.UserUtil.addTier(UserUtil.java:1178)
	at com.kavalok.user.UserUtil.addCrowns(UserUtil.java:1133)
	at com.kavalok.user.UserUtil.addTier(UserUtil.java:1178)
	at com.kavalok.user.UserUtil.addCrowns(UserUtil.java:1133)
	at com.kavalok.user.UserUtil.addTier(UserUtil.java:1178)
	at com.kavalok.user.UserUtil.addCrowns(UserUtil.java:1133)
	at com.kavalok.user.UserUtil.addTier(UserUtil.java:1178)
	at com.kavalok.user.UserUtil.addCrowns(UserUtil.java:1133)
	at com.kavalok.user.UserUtil.addTier(UserUtil.java:1178)
	at com.kavalok.user.UserUtil.addCrowns(UserUtil.java:1133)
	at com.kavalok.user.UserUtil.addTier(UserUtil.java:1178)
	at com.kavalok.user.UserUtil.addCrowns(UserUtil.java:1133)
	at com.kavalok.user.UserUtil.addTier(UserUtil.java:1178)
	at com.kavalok.user.UserUtil.addCrowns(UserUtil.java:1133)
	at com.kavalok.user.UserUtil.addTier(UserUtil.java:1178)
	at com.kavalok.user.UserUtil.addCrowns(UserUtil.java:1133)
	at com.kavalok.user.UserUtil.addTier(UserUtil.java:1178)
	at com.kavalok.user.UserUtil.addCrowns(UserUtil.java:1133)
	at com.kavalok.user.UserUtil.addTier(UserUtil.java:1178)
	at com.kavalok.user.UserUtil.addCrowns(UserUtil.java:1133)
	at com.kavalok.user.UserUtil.addTier(UserUtil.java:1178)
	at com.kavalok.user.UserUtil.addCrowns(UserUtil.java:1133)
	at com.kavalok.user.UserUtil.addTier(UserUtil.java:1178)
	at com.kavalok.user.UserUtil.addCrowns(UserUtil.java:1133)
	at com.kavalok.user.UserUtil.addTier(UserUtil.java:1178)
	at com.kavalok.user.UserUtil.addCrowns(UserUtil.java:1133)
	at com.kavalok.user.UserUtil.addTier(UserUtil.java:1178)
	at com.kavalok.user.UserUtil.addCrowns(UserUtil.java:1133)
	at com.kavalok.user.UserUtil.addTier(UserUtil.java:1178)
	at com.kavalok.user.UserUtil.addCrowns(UserUtil.java:1133)
	at com.kavalok.user.UserUtil.addTier(UserUtil.java:1178)
	at com.kavalok.user.UserUtil.addCrowns(UserUtil.java:1133)
	at com.kavalok.user.UserUtil.addTier(UserUtil.java:1178)
	at com.kavalok.user.UserUtil.addCrowns(UserUtil.java:1133)
	at com.kavalok.user.UserUtil.addTier(UserUtil.java:1178)
	at com.kavalok.user.UserUtil.addCrowns(UserUtil.java:1133)
	at com.kavalok.user.UserUtil.addTier(UserUtil.java:1178)
	at com.kavalok.user.UserUtil.addCrowns(UserUtil.java:1133)
	at com.kavalok.user.UserUtil.addTier(UserUtil.java:1178)
	at com.kavalok.user.UserUtil.addCrowns(UserUtil.java:1133)
	at com.kavalok.user.UserUtil.addTier(UserUtil.java:1178)
	at com.kavalok.user.UserUtil.addCrowns(UserUtil.java:1133)
	at com.kavalok.user.UserUtil.addTier(UserUtil.java:1178)
	at com.kavalok.user.UserUtil.addCrowns(UserUtil.java:1133)
	at com.kavalok.user.UserUtil.addTier(UserUtil.java:1178)
	at com.kavalok.user.UserUtil.addCrowns(UserUtil.java:1133)
	at com.kavalok.user.UserUtil.addTier(UserUtil.java:1178)
	at com.kavalok.user.UserUtil.addCrowns(UserUtil.java:1133)
	at com.kavalok.user.UserUtil.addTier(UserUtil.java:1178)
	at com.kavalok.user.UserUtil.addCrowns(UserUtil.java:1133)
	at com.kavalok.user.UserUtil.addTier(UserUtil.java:1178)
	at com.kavalok.user.UserUtil.addCrowns(UserUtil.java:1133)
	at com.kavalok.user.UserUtil.addTier(UserUtil.java:1178)
	at com.kavalok.user.UserUtil.addCrowns(UserUtil.java:1133)
	at com.kavalok.user.UserUtil.addTier(UserUtil.java:1178)
	at com.kavalok.user.UserUtil.addCrowns(UserUtil.java:1133)
	at com.kavalok.user.UserUtil.addTier(UserUtil.java:1178)
	at com.kavalok.user.UserUtil.addCrowns(UserUtil.java:1133)
	at com.kavalok.user.UserUtil.addTier(UserUtil.java:1178)
	at com.kavalok.user.UserUtil.addCrowns(UserUtil.java:1133)
	at com.kavalok.user.UserUtil.addTier(UserUtil.java:1178)
	at com.kavalok.user.UserUtil.addCrowns(UserUtil.java:1133)
	at com.kavalok.user.UserUtil.addTier(UserUtil.java:1178)
	at com.kavalok.user.UserUtil.addCrowns(UserUtil.java:1133)
	at com.kavalok.user.UserUtil.addTier(UserUtil.java:1178)
	at com.kavalok.user.UserUtil.addCrowns(UserUtil.java:1133)
	at com.kavalok.user.UserUtil.addTier(UserUtil.java:1178)
	at com.kavalok.user.UserUtil.addCrowns(UserUtil.java:1133)
	at com.kavalok.user.UserUtil.addTier(UserUtil.java:1178)
	at com.kavalok.user.UserUtil.addCrowns(UserUtil.java:1133)
	at com.kavalok.user.UserUtil.addTier(UserUtil.java:1178)
	at com.kavalok.user.UserUtil.addCrowns(UserUtil.java:1133)
	at com.kavalok.user.UserUtil.addTier(UserUtil.java:1178)
	at com.kavalok.user.UserUtil.addCrowns(UserUtil.java:1133)
	at com.kavalok.user.UserUtil.addTier(UserUtil.java:1178)
	at com.kavalok.user.UserUtil.addCrowns(UserUtil.java:1133)
	at com.kavalok.user.UserUtil.addTier(UserUtil.java:1178)
	at com.kavalok.user.UserUtil.addCrowns(UserUtil.java:1133)
	at com.kavalok.user.UserUtil.addTier(UserUtil.java:1178)
	at com.kavalok.user.UserUtil.addCrowns(UserUtil.java:1133)
	at com.kavalok.user.UserUtil.addTier(UserUtil.java:1178)
	at com.kavalok.user.UserUtil.addCrowns(UserUtil.java:1133)
	at com.kavalok.user.UserUtil.addTier(UserUtil.java:1178)
	at com.kavalok.user.UserUtil.addCrowns(UserUtil.java:1133)
	at com.kavalok.user.UserUtil.addTier(UserUtil.java:1178)
	at com.kavalok.user.UserUtil.addCrowns(UserUtil.java:1133)
	at com.kavalok.user.UserUtil.addTier(UserUtil.java:1178)
	at com.kavalok.user.UserUtil.addCrowns(UserUtil.java:1133)
	at com.kavalok.user.UserUtil.addTier(UserUtil.java:1178)
	at com.kavalok.user.UserUtil.addCrowns(UserUtil.java:1133)
	at com.kavalok.user.UserUtil.addTier(UserUtil.java:1178)
	at com.kavalok.user.UserUtil.addCrowns(UserUtil.java:1133)
	at com.kavalok.user.UserUtil.addTier(UserUtil.java:1178)
	at com.kavalok.user.UserUtil.addCrowns(UserUtil.java:1133)
	at com.kavalok.user.UserUtil.addTier(UserUtil.java:1178)
	at com.kavalok.user.UserUtil.addCrowns(UserUtil.java:1133)
	at com.kavalok.user.UserUtil.addTier(UserUtil.java:1178)
	at com.kavalok.user.UserUtil.addCrowns(UserUtil.java:1133)
	at com.kavalok.user.UserUtil.addTier(UserUtil.java:1178)
	at com.kavalok.user.UserUtil.addCrowns(UserUtil.java:1133)
	at com.kavalok.user.UserUtil.addTier(UserUtil.java:1178)
	at com.kavalok.user.UserUtil.addCrowns(UserUtil.java:1133)
	at com.kavalok.user.UserUtil.addTier(UserUtil.java:1178)
	at com.kavalok.user.UserUtil.addCrowns(UserUtil.java:1133)
	at com.kavalok.user.UserUtil.addTier(UserUtil.java:1178)
	at com.kavalok.user.UserUtil.addCrowns(UserUtil.java:1133)
	at com.kavalok.user.UserUtil.addTier(UserUtil.java:1178)
	at com.kavalok.user.UserUtil.addCrowns(UserUtil.java:1133)
	at com.kavalok.user.UserUtil.addTier(UserUtil.java:1178)
	at com.kavalok.user.UserUtil.addCrowns(UserUtil.java:1133)
	at com.kavalok.user.UserUtil.addTier(UserUtil.java:1178)
	at com.kavalok.user.UserUtil.addCrowns(UserUtil.java:1133)
	at com.kavalok.user.UserUtil.addTier(UserUtil.java:1178)
	at com.kavalok.user.UserUtil.addCrowns(UserUtil.java:1133)
	at com.kavalok.user.UserUtil.addTier(UserUtil.java:1178)
	at com.kavalok.user.UserUtil.addCrowns(UserUtil.java:1133)
	at com.kavalok.user.UserUtil.addTier(UserUtil.java:1178)
	at com.kavalok.user.UserUtil.addCrowns(UserUtil.java:1133)
	at com.kavalok.user.UserUtil.addTier(UserUtil.java:1178)
	at com.kavalok.user.UserUtil.addCrowns(UserUtil.java:1133)
	at com.kavalok.user.UserUtil.addTier(UserUtil.java:1178)
	at com.kavalok.user.UserUtil.addCrowns(UserUtil.java:1133)
	at com.kavalok.user.UserUtil.addTier(UserUtil.java:1178)
	at com.kavalok.user.UserUtil.addCrowns(UserUtil.java:1133)
	at com.kavalok.user.UserUtil.addTier(UserUtil.java:1178)
	at com.kavalok.user.UserUtil.addCrowns(UserUtil.java:1133)
	at com.kavalok.user.UserUtil.addTier(UserUtil.java:1178)
	at com.kavalok.user.UserUtil.addCrowns(UserUtil.java:1133)
	at com.kavalok.user.UserUtil.addTier(UserUtil.java:1178)
	at com.kavalok.user.UserUtil.addCrowns(UserUtil.java:1133)
	at com.kavalok.user.UserUtil.addTier(UserUtil.java:1178)
	at com.kavalok.user.UserUtil.addCrowns(UserUtil.java:1133)
	at com.kavalok.user.UserUtil.addTier(UserUtil.java:1178)
	at com.kavalok.user.UserUtil.addCrowns(UserUtil.java:1133)
	at com.kavalok.user.UserUtil.addTier(UserUtil.java:1178)
	at com.kavalok.user.UserUtil.addCrowns(UserUtil.java:1133)
	at com.kavalok.user.UserUtil.addTier(UserUtil.java:1178)
	at com.kavalok.user.UserUtil.addCrowns(UserUtil.java:1133)
	at com.kavalok.user.UserUtil.addTier(UserUtil.java:1178)
	at com.kavalok.user.UserUtil.addCrowns(UserUtil.java:1133)
	at com.kavalok.user.UserUtil.addTier(UserUtil.java:1178)
	at com.kavalok.user.UserUtil.addCrowns(UserUtil.java:1133)
	at com.kavalok.user.UserUtil.addTier(UserUtil.java:1178)
	at com.kavalok.user.UserUtil.addCrowns(UserUtil.java:1133)
	at com.kavalok.user.UserUtil.addTier(UserUtil.java:1178)
	at com.kavalok.user.UserUtil.addCrowns(UserUtil.java:1133)
	at com.kavalok.user.UserUtil.addTier(UserUtil.java:1178)
	at com.kavalok.user.UserUtil.addCrowns(UserUtil.java:1133)
	at com.kavalok.user.UserUtil.addTier(UserUtil.java:1178)
	at com.kavalok.user.UserUtil.addCrowns(UserUtil.java:1133)
	at com.kavalok.user.UserUtil.addTier(UserUtil.java:1178)
	at com.kavalok.user.UserUtil.addCrowns(UserUtil.java:1133)
	at com.kavalok.user.UserUtil.addTier(UserUtil.java:1178)
	at com.kavalok.user.UserUtil.addCrowns(UserUtil.java:1133)
	at com.kavalok.user.UserUtil.addTier(UserUtil.java:1178)
	at com.kavalok.user.UserUtil.addCrowns(UserUtil.java:1133)
	at com.kavalok.user.UserUtil.addTier(UserUtil.java:1178)
	at com.kavalok.user.UserUtil.addCrowns(UserUtil.java:1133)
	at com.kavalok.user.UserUtil.addTier(UserUtil.java:1178)
	at com.kavalok.user.UserUtil.addCrowns(UserUtil.java:1133)
	at com.kavalok.user.UserUtil.addTier(UserUtil.java:1178)
	at com.kavalok.user.UserUtil.addCrowns(UserUtil.java:1133)
	at com.kavalok.user.UserUtil.addTier(UserUtil.java:1178)
	at com.kavalok.user.UserUtil.addCrowns(UserUtil.java:1133)
	at com.kavalok.user.UserUtil.addTier(UserUtil.java:1178)
	at com.kavalok.user.UserUtil.addCrowns(UserUtil.java:1133)
	at com.kavalok.user.UserUtil.addTier(UserUtil.java:1178)
	at com.kavalok.user.UserUtil.addCrowns(UserUtil.java:1133)
	at com.kavalok.user.UserUtil.addTier(UserUtil.java:1178)
	at com.kavalok.user.UserUtil.addCrowns(UserUtil.java:1133)
	at com.kavalok.user.UserUtil.addTier(UserUtil.java:1178)
	at com.kavalok.user.UserUtil.addCrowns(UserUtil.java:1133)
	at com.kavalok.user.UserUtil.addTier(UserUtil.java:1178)
	at com.kavalok.user.UserUtil.addCrowns(UserUtil.java:1133)
	at com.kavalok.user.UserUtil.addTier(UserUtil.java:1178)
	at com.kavalok.user.UserUtil.addCrowns(UserUtil.java:1133)
	at com.kavalok.user.UserUtil.addTier(UserUtil.java:1178)
	at com.kavalok.user.UserUtil.addCrowns(UserUtil.java:1133)
	at com.kavalok.user.UserUtil.addTier(UserUtil.java:1178)
	at com.kavalok.user.UserUtil.addCrowns(UserUtil.java:1133)
	at com.kavalok.user.UserUtil.addTier(UserUtil.java:1178)
	at com.kavalok.user.UserUtil.addCrowns(UserUtil.java:1133)
	at com.kavalok.user.UserUtil.addTier(UserUtil.java:1178)
	at com.kavalok.user.UserUtil.addCrowns(UserUtil.java:1133)
	at com.kavalok.user.UserUtil.addTier(UserUtil.java:1178)
	at com.kavalok.user.UserUtil.addCrowns(UserUtil.java:1133)
	at com.kavalok.user.UserUtil.addTier(UserUtil.java:1178)
	at com.kavalok.user.UserUtil.addCrowns(UserUtil.java:1133)
	at com.kavalok.user.UserUtil.addTier(UserUtil.java:1178)
	at com.kavalok.user.UserUtil.addCrowns(UserUtil.java:1133)
	at com.kavalok.user.UserUtil.addTier(UserUtil.java:1178)
	at com.kavalok.user.UserUtil.addCrowns(UserUtil.java:1133)
	at com.kavalok.user.UserUtil.addTier(UserUtil.java:1178)
	at com.kavalok.user.UserUtil.addCrowns(UserUtil.java:1133)
	at com.kavalok.user.UserUtil.addTier(UserUtil.java:1178)
	at com.kavalok.user.UserUtil.addCrowns(UserUtil.java:1133)
	at com.kavalok.user.UserUtil.addTier(UserUtil.java:1178)
	at com.kavalok.user.UserUtil.addCrowns(UserUtil.java:1133)
	at com.kavalok.user.UserUtil.addTier(UserUtil.java:1178)
	at com.kavalok.user.UserUtil.addCrowns(UserUtil.java:1133)
	at com.kavalok.user.UserUtil.addTier(UserUtil.java:1178)
	at com.kavalok.user.UserUtil.addCrowns(UserUtil.java:1133)
	at com.kavalok.user.UserUtil.addTier(UserUtil.java:1178)
	at com.kavalok.user.UserUtil.addCrowns(UserUtil.java:1133)
	at com.kavalok.user.UserUtil.addTier(UserUtil.java:1178)
	at com.kavalok.user.UserUtil.addCrowns(UserUtil.java:1133)
	at com.kavalok.user.UserUtil.addTier(UserUtil.java:1178)
	at com.kavalok.user.UserUtil.addCrowns(UserUtil.java:1133)
	at com.kavalok.user.UserUtil.addTier(UserUtil.java:1178)
	at com.kavalok.user.UserUtil.addCrowns(UserUtil.java:1133)
	at com.kavalok.user.UserUtil.addTier(UserUtil.java:1178)
	at com.kavalok.user.UserUtil.addCrowns(UserUtil.java:1133)
	at com.kavalok.user.UserUtil.addTier(UserUtil.java:1178)
	at com.kavalok.user.UserUtil.addCrowns(UserUtil.java:1133)
	at com.kavalok.user.UserUtil.addTier(UserUtil.java:1178)
	at com.kavalok.user.UserUtil.addCrowns(UserUtil.java:1133)
	at com.kavalok.user.UserUtil.addTier(UserUtil.java:1178)
	at com.kavalok.user.UserUtil.addCrowns(UserUtil.java:1133)
	at com.kavalok.user.UserUtil.addTier(UserUtil.java:1178)
	at com.kavalok.user.UserUtil.addCrowns(UserUtil.java:1133)
	at com.kavalok.user.UserUtil.addTier(UserUtil.java:1178)
	at com.kavalok.user.UserUtil.addCrowns(UserUtil.java:1133)
	at com.kavalok.user.UserUtil.addTier(UserUtil.java:1178)
	at com.kavalok.user.UserUtil.addCrowns(UserUtil.java:1133)
	at com.kavalok.user.UserUtil.addTier(UserUtil.java:1178)
	at com.kavalok.user.UserUtil.addCrowns(UserUtil.java:1133)
	at com.kavalok.user.UserUtil.addTier(UserUtil.java:1178)
	at com.kavalok.user.UserUtil.addCrowns(UserUtil.java:1133)
	at com.kavalok.user.UserUtil.addTier(UserUtil.java:1178)
	at com.kavalok.user.UserUtil.addCrowns(UserUtil.java:1133)
	at com.kavalok.user.UserUtil.addTier(UserUtil.java:1178)
	at com.kavalok.user.UserUtil.addCrowns(UserUtil.java:1133)
	at com.kavalok.user.UserUtil.addTier(UserUtil.java:1178)
	at com.kavalok.user.UserUtil.addCrowns(UserUtil.java:1133)
	at com.kavalok.user.UserUtil.addTier(UserUtil.java:1178)
	at com.kavalok.user.UserUtil.addCrowns(UserUtil.java:1133)
	at com.kavalok.user.UserUtil.addTier(UserUtil.java:1178)
	at com.kavalok.user.UserUtil.addCrowns(UserUtil.java:1133)
	at com.kavalok.user.UserUtil.addTier(UserUtil.java:1178)
	at com.kavalok.user.UserUtil.addCrowns(UserUtil.java:1133)
	at com.kavalok.user.UserUtil.addTier(UserUtil.java:1178)
	at com.kavalok.user.UserUtil.addCrowns(UserUtil.java:1133)
	at com.kavalok.user.UserUtil.addTier(UserUtil.java:1178)
	at com.kavalok.user.UserUtil.addCrowns(UserUtil.java:1133)
	at com.kavalok.user.UserUtil.addTier(UserUtil.java:1178)
	at com.kavalok.user.UserUtil.addCrowns(UserUtil.java:1133)
	at com.kavalok.user.UserUtil.addTier(UserUtil.java:1178)
	at com.kavalok.user.UserUtil.addCrowns(UserUtil.java:1133)
	at com.kavalok.user.UserUtil.addTier(UserUtil.java:1178)
	at com.kavalok.user.UserUtil.addCrowns(UserUtil.java:1133)
	at com.kavalok.user.UserUtil.addTier(UserUtil.java:1178)
	at com.kavalok.user.UserUtil.addCrowns(UserUtil.java:1133)
	at com.kavalok.user.UserUtil.addTier(UserUtil.java:1178)
	at com.kavalok.user.UserUtil.addCrowns(UserUtil.java:1133)
	at com.kavalok.user.UserUtil.addTier(UserUtil.java:1178)
	at com.kavalok.user.UserUtil.addCrowns(UserUtil.java:1133)
	at com.kavalok.user.UserUtil.addTier(UserUtil.java:1178)
	at com.kavalok.user.UserUtil.addCrowns(UserUtil.java:1133)
	at com.kavalok.user.UserUtil.addTier(UserUtil.java:1178)
	at com.kavalok.user.UserUtil.addCrowns(UserUtil.java:1133)
	at com.kavalok.user.UserUtil.addTier(UserUtil.java:1178)
	at com.kavalok.user.UserUtil.addCrowns(UserUtil.java:1133)
	at com.kavalok.user.UserUtil.addTier(UserUtil.java:1178)
	at com.kavalok.user.UserUtil.addCrowns(UserUtil.java:1133)
	at com.kavalok.user.UserUtil.addTier(UserUtil.java:1178)
	at com.kavalok.user.UserUtil.addCrowns(UserUtil.java:1133)
	at com.kavalok.user.UserUtil.addTier(UserUtil.java:1178)
	at com.kavalok.user.UserUtil.addCrowns(UserUtil.java:1133)
	at com.kavalok.user.UserUtil.addTier(UserUtil.java:1178)
	at com.kavalok.user.UserUtil.addCrowns(UserUtil.java:1133)
	at com.kavalok.user.UserUtil.addTier(UserUtil.java:1178)
	at com.kavalok.user.UserUtil.addCrowns(UserUtil.java:1133)
	at com.kavalok.user.UserUtil.addTier(UserUtil.java:1178)
	at com.kavalok.user.UserUtil.addCrowns(UserUtil.java:1133)
	at com.kavalok.user.UserUtil.addTier(UserUtil.java:1178)
	at com.kavalok.user.UserUtil.addCrowns(UserUtil.java:1133)
	at com.kavalok.user.UserUtil.addTier(UserUtil.java:1178)
	at com.kavalok.user.UserUtil.addCrowns(UserUtil.java:1133)
	at com.kavalok.user.UserUtil.addTier(UserUtil.java:1178)
	at com.kavalok.user.UserUtil.addCrowns(UserUtil.java:1133)
	at com.kavalok.user.UserUtil.addTier(UserUtil.java:1178)
	at com.kavalok.user.UserUtil.addCrowns(UserUtil.java:1133)
	at com.kavalok.user.UserUtil.addTier(UserUtil.java:1178)
	at com.kavalok.user.UserUtil.addCrowns(UserUtil.java:1133)
	at com.kavalok.user.UserUtil.addTier(UserUtil.java:1178)
	at com.kavalok.user.UserUtil.addCrowns(UserUtil.java:1133)
	at com.kavalok.user.UserUtil.addTier(UserUtil.java:1178)
	at com.kavalok.user.UserUtil.addCrowns(UserUtil.java:1133)
	at com.kavalok.user.UserUtil.addTier(UserUtil.java:1178)
	at com.kavalok.user.UserUtil.addCrowns(UserUtil.java:1133)
	at com.kavalok.user.UserUtil.addTier(UserUtil.java:1178)
	at com.kavalok.user.UserUtil.addCrowns(UserUtil.java:1133)
	at com.kavalok.user.UserUtil.addTier(UserUtil.java:1178)
	at com.kavalok.user.UserUtil.addCrowns(UserUtil.java:1133)
	at com.kavalok.user.UserUtil.addTier(UserUtil.java:1178)
	at com.kavalok.user.UserUtil.addCrowns(UserUtil.java:1133)
	at com.kavalok.user.UserUtil.addTier(UserUtil.java:1178)
	at com.kavalok.user.UserUtil.addCrowns(UserUtil.java:1133)
	at com.kavalok.user.UserUtil.addTier(UserUtil.java:1178)
	at com.kavalok.user.UserUtil.addCrowns(UserUtil.java:1133)
	at com.kavalok.user.UserUtil.addTier(UserUtil.java:1178)
	at com.kavalok.user.UserUtil.addCrowns(UserUtil.java:1133)
	at com.kavalok.user.UserUtil.addTier(UserUtil.java:1178)
	at com.kavalok.user.UserUtil.addCrowns(UserUtil.java:1133)
	at com.kavalok.user.UserUtil.addTier(UserUtil.java:1178)
	at com.kavalok.user.UserUtil.addCrowns(UserUtil.java:1133)
	at com.kavalok.user.UserUtil.addTier(UserUtil.java:1178)
	at com.kavalok.user.UserUtil.addCrowns(UserUtil.java:1133)
	at com.kavalok.user.UserUtil.addTier(UserUtil.java:1178)
	at com.kavalok.user.UserUtil.addCrowns(UserUtil.java:1133)
	at com.kavalok.user.UserUtil.addTier(UserUtil.java:1178)
	at com.kavalok.user.UserUtil.addCrowns(UserUtil.java:1133)
	at com.kavalok.user.UserUtil.addTier(UserUtil.java:1178)
	at com.kavalok.user.UserUtil.addCrowns(UserUtil.java:1133)
	at com.kavalok.user.UserUtil.addTier(UserUtil.java:1178)
	at com.kavalok.user.UserUtil.addCrowns(UserUtil.java:1133)
	at com.kavalok.user.UserUtil.addTier(UserUtil.java:1178)
	at com.kavalok.user.UserUtil.addCrowns(UserUtil.java:1133)
	at com.kavalok.user.UserUtil.addTier(UserUtil.java:1178)
	at com.kavalok.user.UserUtil.addCrowns(UserUtil.java:1133)
	at com.kavalok.user.UserUtil.addTier(UserUtil.java:1178)
	at com.kavalok.user.UserUtil.addCrowns(UserUtil.java:1133)
	at com.kavalok.user.UserUtil.addTier(UserUtil.java:1178)
	at com.kavalok.user.UserUtil.addCrowns(UserUtil.java:1133)
	at com.kavalok.user.UserUtil.addTier(UserUtil.java:1178)
	at com.kavalok.user.UserUtil.addCrowns(UserUtil.java:1133)
	at com.kavalok.user.UserUtil.addTier(UserUtil.java:1178)
	at com.kavalok.user.UserUtil.addCrowns(UserUtil.java:1133)
	at com.kavalok.user.UserUtil.addTier(UserUtil.java:1178)
	at com.kavalok.user.UserUtil.addCrowns(UserUtil.java:1133)
	at com.kavalok.user.UserUtil.addTier(UserUtil.java:1178)
	at com.kavalok.user.UserUtil.addCrowns(UserUtil.java:1133)
	at com.kavalok.user.UserUtil.addTier(UserUtil.java:1178)
	at com.kavalok.user.UserUtil.addCrowns(UserUtil.java:1133)
	at com.kavalok.user.UserUtil.addTier(UserUtil.java:1178)
	at com.kavalok.user.UserUtil.addCrowns(UserUtil.java:1133)
	at com.kavalok.user.UserUtil.addTier(UserUtil.java:1178)
	at com.kavalok.user.UserUtil.addCrowns(UserUtil.java:1133)
	at com.kavalok.user.UserUtil.addTier(UserUtil.java:1178)
	at com.kavalok.user.UserUtil.addCrowns(UserUtil.java:1133)
	at com.kavalok.user.UserUtil.addTier(UserUtil.java:1178)
	at com.kavalok.user.UserUtil.addCrowns(UserUtil.java:1133)
	at com.kavalok.user.UserUtil.addTier(UserUtil.java:1178)
	at com.kavalok.user.UserUtil.addCrowns(UserUtil.java:1133)
	at com.kavalok.user.UserUtil.addTier(UserUtil.java:1178)
	at com.kavalok.user.UserUtil.addCrowns(UserUtil.java:1133)
	at com.kavalok.user.UserUtil.addTier(UserUtil.java:1178)
	at com.kavalok.user.UserUtil.addCrowns(UserUtil.java:1133)
	at com.kavalok.user.UserUtil.addTier(UserUtil.java:1178)
	at com.kavalok.user.UserUtil.addCrowns(UserUtil.java:1133)
	at com.kavalok.user.UserUtil.addTier(UserUtil.java:1178)
	at com.kavalok.user.UserUtil.addCrowns(UserUtil.java:1133)
	at com.kavalok.user.UserUtil.addTier(UserUtil.java:1178)
	at com.kavalok.user.UserUtil.addCrowns(UserUtil.java:1133)
	at com.kavalok.user.UserUtil.addTier(UserUtil.java:1178)
	at com.kavalok.user.UserUtil.addCrowns(UserUtil.java:1133)
	at com.kavalok.user.UserUtil.addTier(UserUtil.java:1178)
	at com.kavalok.user.UserUtil.addCrowns(UserUtil.java:1133)
	at com.kavalok.user.UserUtil.addTier(UserUtil.java:1178)
	at com.kavalok.user.UserUtil.addCrowns(UserUtil.java:1133)
	at com.kavalok.user.UserUtil.addTier(UserUtil.java:1178)
	at com.kavalok.user.UserUtil.addCrowns(UserUtil.java:1133)
	at com.kavalok.user.UserUtil.addTier(UserUtil.java:1178)
	at com.kavalok.user.UserUtil.addCrowns(UserUtil.java:1133)
	at com.kavalok.user.UserUtil.addTier(UserUtil.java:1178)
	at com.kavalok.user.UserUtil.addCrowns(UserUtil.java:1133)
	at com.kavalok.user.UserUtil.addTier(UserUtil.java:1178)
	at com.kavalok.user.UserUtil.addCrowns(UserUtil.java:1133)
	at com.kavalok.user.UserUtil.addTier(UserUtil.java:1178)
	at com.kavalok.user.UserUtil.addCrowns(UserUtil.java:1133)
	at com.kavalok.user.UserUtil.addTier(UserUtil.java:1178)
	at com.kavalok.user.UserUtil.addCrowns(UserUtil.java:1133)
	at com.kavalok.user.UserUtil.addTier(UserUtil.java:1178)
	at com.kavalok.user.UserUtil.addCrowns(UserUtil.java:1133)
	at com.kavalok.user.UserUtil.addTier(UserUtil.java:1178)
	at com.kavalok.user.UserUtil.addCrowns(UserUtil.java:1133)
	at com.kavalok.user.UserUtil.addTier(UserUtil.java:1178)
	at com.kavalok.user.UserUtil.addCrowns(UserUtil.java:1133)
	at com.kavalok.user.UserUtil.addTier(UserUtil.java:1178)
	at com.kavalok.user.UserUtil.addCrowns(UserUtil.java:1133)
	at com.kavalok.user.UserUtil.addTier(UserUtil.java:1178)
	at com.kavalok.user.UserUtil.addCrowns(UserUtil.java:1133)
	at com.kavalok.user.UserUtil.addTier(UserUtil.java:1178)
	at com.kavalok.user.UserUtil.addCrowns(UserUtil.java:1133)
	at com.kavalok.user.UserUtil.addTier(UserUtil.java:1178)
	at com.kavalok.user.UserUtil.addCrowns(UserUtil.java:1133)
	at com.kavalok.user.UserUtil.addTier(UserUtil.java:1178)
	at com.kavalok.user.UserUtil.addCrowns(UserUtil.java:1133)
	at com.kavalok.user.UserUtil.addTier(UserUtil.java:1178)
	at com.kavalok.user.UserUtil.addCrowns(UserUtil.java:1133)
	at com.kavalok.user.UserUtil.addTier(UserUtil.java:1178)
	at com.kavalok.user.UserUtil.addCrowns(UserUtil.java:1133)
	at com.kavalok.user.UserUtil.addTier(UserUtil.java:1178)
	at com.kavalok.user.UserUtil.addCrowns(UserUtil.java:1133)
	at com.kavalok.user.UserUtil.addTier(UserUtil.java:1178)
	at com.kavalok.user.UserUtil.addCrowns(UserUtil.java:1133)
	at com.kavalok.user.UserUtil.addTier(UserUtil.java:1178)
	at com.kavalok.user.UserUtil.addCrowns(UserUtil.java:1133)
	at com.kavalok.user.UserUtil.addTier(UserUtil.java:1178)
	at com.kavalok.user.UserUtil.addCrowns(UserUtil.java:1133)
	at com.kavalok.user.UserUtil.addTier(UserUtil.java:1178)
	at com.kavalok.user.UserUtil.addCrowns(UserUtil.java:1133)
	at com.kavalok.user.UserUtil.addTier(UserUtil.java:1178)
	at com.kavalok.user.UserUtil.addCrowns(UserUtil.java:1133)
	at com.kavalok.user.UserUtil.addTier(UserUtil.java:1178)
	at com.kavalok.user.UserUtil.addCrowns(UserUtil.java:1133)
	at com.kavalok.user.UserUtil.addTier(UserUtil.java:1178)
	at com.kavalok.user.UserUtil.addCrowns(UserUtil.java:1133)
	at com.kavalok.user.UserUtil.addTier(UserUtil.java:1178)
	at com.kavalok.user.UserUtil.addCrowns(UserUtil.java:1133)
	at com.kavalok.user.UserUtil.addTier(UserUtil.java:1178)
	at com.kavalok.user.UserUtil.addCrowns(UserUtil.java:1133)
	at com.kavalok.user.UserUtil.addTier(UserUtil.java:1178)
	at com.kavalok.user.UserUtil.addCrowns(UserUtil.java:1133)
	at com.kavalok.user.UserUtil.addTier(UserUtil.java:1178)
	at com.kavalok.user.UserUtil.addCrowns(UserUtil.java:1133)
	at com.kavalok.user.UserUtil.addTier(UserUtil.java:1178)
	at com.kavalok.user.UserUtil.addCrowns(UserUtil.java:1133)
	at com.kavalok.user.UserUtil.addTier(UserUtil.java:1178)
	at com.kavalok.user.UserUtil.addCrowns(UserUtil.java:1133)
	at com.kavalok.user.UserUtil.addTier(UserUtil.java:1178)
	at com.kavalok.user.UserUtil.addCrowns(UserUtil.java:1133)
	at com.kavalok.user.UserUtil.addTier(UserUtil.java:1178)
	at com.kavalok.user.UserUtil.addCrowns(UserUtil.java:1133)
	at com.kavalok.user.UserUtil.addTier(UserUtil.java:1178)
	at com.kavalok.user.UserUtil.addCrowns(UserUtil.java:1133)
	at com.kavalok.user.UserUtil.addTier(UserUtil.java:1178)
	at com.kavalok.user.UserUtil.addCrowns(UserUtil.java:1133)
	at com.kavalok.user.UserUtil.addTier(UserUtil.java:1178)
	at com.kavalok.user.UserUtil.addCrowns(UserUtil.java:1133)
	at com.kavalok.user.UserUtil.addTier(UserUtil.java:1178)
	at com.kavalok.user.UserUtil.addCrowns(UserUtil.java:1133)
	at com.kavalok.user.UserUtil.addTier(UserUtil.java:1178)
	at com.kavalok.user.UserUtil.addCrowns(UserUtil.java:1133)
	at com.kavalok.user.UserUtil.addTier(UserUtil.java:1178)
	at com.kavalok.user.UserUtil.addCrowns(UserUtil.java:1133)
	at com.kavalok.user.UserUtil.addTier(UserUtil.java:1178)
	at com.kavalok.user.UserUtil.addCrowns(UserUtil.java:1133)
	at com.kavalok.user.UserUtil.addTier(UserUtil.java:1178)
	at com.kavalok.user.UserUtil.addCrowns(UserUtil.java:1133)
	at com.kavalok.user.UserUtil.addTier(UserUtil.java:1178)
	at com.kavalok.user.UserUtil.addCrowns(UserUtil.java:1133)
	at com.kavalok.user.UserUtil.addTier(UserUtil.java:1178)
	at com.kavalok.user.UserUtil.addCrowns(UserUtil.java:1133)
	at com.kavalok.user.UserUtil.addTier(UserUtil.java:1178)
	at com.kavalok.user.UserUtil.addCrowns(UserUtil.java:1133)
	at com.kavalok.user.UserUtil.addTier(UserUtil.java:1178)
	at com.kavalok.user.UserUtil.addCrowns(UserUtil.java:1133)
	at com.kavalok.user.UserUtil.addTier(UserUtil.java:1178)
	at com.kavalok.user.UserUtil.addCrowns(UserUtil.java:1133)
	at com.kavalok.user.UserUtil.addTier(UserUtil.java:1178)
	at com.kavalok.user.UserUtil.addCrowns(UserUtil.java:1133)
	at com.kavalok.user.UserUtil.addTier(UserUtil.java:1178)
	at com.kavalok.user.UserUtil.addCrowns(UserUtil.java:1133)
	at com.kavalok.user.UserUtil.addTier(UserUtil.java:1178)
	at com.kavalok.user.UserUtil.addCrowns(UserUtil.java:1133)
	at com.kavalok.user.UserUtil.addTier(UserUtil.java:1178)
	at com.kavalok.user.UserUtil.addCrowns(UserUtil.java:1133)
	at com.kavalok.user.UserUtil.addTier(UserUtil.java:1178)
	at com.kavalok.user.UserUtil.addCrowns(UserUtil.java:1133)
	at com.kavalok.user.UserUtil.addTier(UserUtil.java:1178)
	at com.kavalok.user.UserUtil.addCrowns(UserUtil.java:1133)
	at com.kavalok.user.UserUtil.addTier(UserUtil.java:1178)
	at com.kavalok.user.UserUtil.addCrowns(UserUtil.java:1133)
	at com.kavalok.user.UserUtil.addTier(UserUtil.java:1178)
	at com.kavalok.user.UserUtil.addCrowns(UserUtil.java:1133)
	at com.kavalok.user.UserUtil.addTier(UserUtil.java:1178)
	at com.kavalok.user.UserUtil.addCrowns(UserUtil.java:1133)
	at com.kavalok.user.UserUtil.addTier(UserUtil.java:1178)
	at com.kavalok.user.UserUtil.addCrowns(UserUtil.java:1133)
	at com.kavalok.user.UserUtil.addTier(UserUtil.java:1178)
	at com.kavalok.user.UserUtil.addCrowns(UserUtil.java:1133)
	at com.kavalok.user.UserUtil.addTier(UserUtil.java:1178)
	at com.kavalok.user.UserUtil.addCrowns(UserUtil.java:1133)
	at com.kavalok.user.UserUtil.addTier(UserUtil.java:1178)
	at com.kavalok.user.UserUtil.addCrowns(UserUtil.java:1133)
	at com.kavalok.user.UserUtil.addTier(UserUtil.java:1178)
	at com.kavalok.user.UserUtil.addCrowns(UserUtil.java:1133)
	at com.kavalok.user.UserUtil.addTier(UserUtil.java:1178)
	at com.kavalok.user.UserUtil.addCrowns(UserUtil.java:1133)
	at com.kavalok.user.UserUtil.addTier(UserUtil.java:1178)
	at com.kavalok.user.UserUtil.addCrowns(UserUtil.java:1133)
	at com.kavalok.user.UserUtil.addTier(UserUtil.java:1178)
	at com.kavalok.user.UserUtil.addCrowns(UserUtil.java:1133)
	at com.kavalok.user.UserUtil.addTier(UserUtil.java:1178)
	at com.kavalok.user.UserUtil.addCrowns(UserUtil.java:1133)
	at com.kavalok.user.UserUtil.addTier(UserUtil.java:1178)
	at com.kavalok.user.UserUtil.addCrowns(UserUtil.java:1133)
	at com.kavalok.user.UserUtil.addTier(UserUtil.java:1178)
	at com.kavalok.user.UserUtil.addCrowns(UserUtil.java:1133)
	at com.kavalok.user.UserUtil.addTier(UserUtil.java:1178)
	at com.kavalok.user.UserUtil.addCrowns(UserUtil.java:1133)
	at com.kavalok.user.UserUtil.addTier(UserUtil.java:1178)
	at com.kavalok.user.UserUtil.addCrowns(UserUtil.java:1133)
	at com.kavalok.user.UserUtil.addTier(UserUtil.java:1178)
	at com.kavalok.user.UserUtil.addCrowns(UserUtil.java:1133)
	at com.kavalok.user.UserUtil.addTier(UserUtil.java:1178)
	at com.kavalok.user.UserUtil.addCrowns(UserUtil.java:1133)
	at com.kavalok.user.UserUtil.addTier(UserUtil.java:1178)
	at com.kavalok.user.UserUtil.addCrowns(UserUtil.java:1133)
	at com.kavalok.user.UserUtil.addTier(UserUtil.java:1178)
	at com.kavalok.user.UserUtil.addCrowns(UserUtil.java:1133)
	at com.kavalok.user.UserUtil.addTier(UserUtil.java:1178)
	at com.kavalok.user.UserUtil.addCrowns(UserUtil.java:1133)
	at com.kavalok.user.UserUtil.addTier(UserUtil.java:1178)
	at com.kavalok.user.UserUtil.addCrowns(UserUtil.java:1133)
	at com.kavalok.user.UserUtil.addTier(UserUtil.java:1178)
	at com.kavalok.user.UserUtil.addCrowns(UserUtil.java:1133)
	at com.kavalok.user.UserUtil.addTier(UserUtil.java:1178)
	at com.kavalok.user.UserUtil.addCrowns(UserUtil.java:1133)
	at com.kavalok.user.UserUtil.addTier(UserUtil.java:1178)
	at com.kavalok.user.UserUtil.addCrowns(UserUtil.java:1133)
	at com.kavalok.user.UserUtil.addTier(UserUtil.java:1178)
	at com.kavalok.user.UserUtil.addCrowns(UserUtil.java:1133)
	at com.kavalok.user.UserUtil.addTier(UserUtil.java:1178)
	at com.kavalok.user.UserUtil.addCrowns(UserUtil.java:1133)
	at com.kavalok.user.UserUtil.addTier(UserUtil.java:1178)
	at com.kavalok.user.UserUtil.addCrowns(UserUtil.java:1133)
	at com.kavalok.user.UserUtil.addTier(UserUtil.java:1178)
	at com.kavalok.user.UserUtil.addCrowns(UserUtil.java:1133)
	at com.kavalok.user.UserUtil.addTier(UserUtil.java:1178)
	at com.kavalok.user.UserUtil.addCrowns(UserUtil.java:1133)
	at com.kavalok.user.UserUtil.addTier(UserUtil.java:1178)
	at com.kavalok.user.UserUtil.addCrowns(UserUtil.java:1133)
	at com.kavalok.user.UserUtil.addTier(UserUtil.java:1178)
	at com.kavalok.user.UserUtil.addCrowns(UserUtil.java:1133)
	at com.kavalok.user.UserUtil.addTier(UserUtil.java:1178)
	at com.kavalok.user.UserUtil.addCrowns(UserUtil.java:1133)
	at com.kavalok.user.UserUtil.addTier(UserUtil.java:1178)
	at com.kavalok.user.UserUtil.addCrowns(UserUtil.java:1133)
	at com.kavalok.user.UserUtil.addTier(UserUtil.java:1178)
	at com.kavalok.user.UserUtil.addCrowns(UserUtil.java:1133)
	at com.kavalok.user.UserUtil.addTier(UserUtil.java:1178)
	at com.kavalok.user.UserUtil.addCrowns(UserUtil.java:1133)
	at com.kavalok.user.UserUtil.addTier(UserUtil.java:1178)
	at com.kavalok.user.UserUtil.addCrowns(UserUtil.java:1133)
	at com.kavalok.user.UserUtil.addTier(UserUtil.java:1178)
	at com.kavalok.user.UserUtil.addCrowns(UserUtil.java:1133)
	at com.kavalok.user.UserUtil.addTier(UserUtil.java:1178)
	at com.kavalok.user.UserUtil.addCrowns(UserUtil.java:1133)
	at com.kavalok.user.UserUtil.addTier(UserUtil.java:1178)
	at com.kavalok.user.UserUtil.addCrowns(UserUtil.java:1133)
	at com.kavalok.user.UserUtil.addTier(UserUtil.java:1178)
	at com.kavalok.user.UserUtil.addCrowns(UserUtil.java:1133)
	at com.kavalok.user.UserUtil.addTier(UserUtil.java:1178)
	at com.kavalok.user.UserUtil.addCrowns(UserUtil.java:1133)
	at com.kavalok.user.UserUtil.addTier(UserUtil.java:1178)
	at com.kavalok.user.UserUtil.addCrowns(UserUtil.java:1133)
	at com.kavalok.user.UserUtil.addTier(UserUtil.java:1178)
	at com.kavalok.user.UserUtil.addCrowns(UserUtil.java:1133)
	at com.kavalok.user.UserUtil.addTier(UserUtil.java:1178)
	at com.kavalok.user.UserUtil.addCrowns(UserUtil.java:1133)
	at com.kavalok.user.UserUtil.addTier(UserUtil.java:1178)
	at com.kavalok.user.UserUtil.addCrowns(UserUtil.java:1133)
	at com.kavalok.user.UserUtil.addTier(UserUtil.java:1178)
	at com.kavalok.user.UserUtil.addCrowns(UserUtil.java:1133)
	at com.kavalok.user.UserUtil.addTier(UserUtil.java:1178)
	at com.kavalok.user.UserUtil.addCrowns(UserUtil.java:1133)
	at com.kavalok.user.UserUtil.addTier(UserUtil.java:1178)
	at com.kavalok.user.UserUtil.addCrowns(UserUtil.java:1133)
	at com.kavalok.user.UserUtil.addTier(UserUtil.java:1178)
	at com.kavalok.user.UserUtil.addCrowns(UserUtil.java:1133)
	at com.kavalok.user.UserUtil.addTier(UserUtil.java:1178)
	at com.kavalok.user.UserUtil.addCrowns(UserUtil.java:1133)
	at com.kavalok.user.UserUtil.addTier(UserUtil.java:1178)
	at com.kavalok.user.UserUtil.addCrowns(UserUtil.java:1133)
	at com.kavalok.user.UserUtil.addTier(UserUtil.java:1178)
	at com.kavalok.user.UserUtil.addCrowns(UserUtil.java:1133)
	at com.kavalok.user.UserUtil.addTier(UserUtil.java:1178)
	at com.kavalok.user.UserUtil.addCrowns(UserUtil.java:1133)
	at com.kavalok.user.UserUtil.addTier(UserUtil.java:1178)
	at com.kavalok.user.UserUtil.addCrowns(UserUtil.java:1133)
	at com.kavalok.user.UserUtil.addTier(UserUtil.java:1178)
	at com.kavalok.user.UserUtil.addCrowns(UserUtil.java:1133)
	at com.kavalok.user.UserUtil.addTier(UserUtil.java:1178)
	at com.kavalok.user.UserUtil.addCrowns(UserUtil.java:1133)
	at com.kavalok.user.UserUtil.addTier(UserUtil.java:1178)
	at com.kavalok.user.UserUtil.addCrowns(UserUtil.java:1133)
	at com.kavalok.user.UserUtil.addTier(UserUtil.java:1178)
	at com.kavalok.user.UserUtil.addCrowns(UserUtil.java:1133)
	at com.kavalok.user.UserUtil.addTier(UserUtil.java:1178)
	at com.kavalok.user.UserUtil.addCrowns(UserUtil.java:1133)
	at com.kavalok.user.UserUtil.addTier(UserUtil.java:1178)
	at com.kavalok.user.UserUtil.addCrowns(UserUtil.java:1133)
	at com.kavalok.user.UserUtil.addTier(UserUtil.java:1178)
	at com.kavalok.user.UserUtil.addCrowns(UserUtil.java:1133)
	at com.kavalok.user.UserUtil.addTier(UserUtil.java:1178)
	at com.kavalok.user.UserUtil.addCrowns(UserUtil.java:1133)
	at com.kavalok.user.UserUtil.addTier(UserUtil.java:1178)
	at com.kavalok.user.UserUtil.addCrowns(UserUtil.java:1133)
	at com.kavalok.user.UserUtil.addTier(UserUtil.java:1178)
	at com.kavalok.user.UserUtil.addCrowns(UserUtil.java:1133)
	at com.kavalok.user.UserUtil.addTier(UserUtil.java:1178)
	at com.kavalok.user.UserUtil.addCrowns(UserUtil.java:1133)
	at com.kavalok.user.UserUtil.addTier(UserUtil.java:1178)
	at com.kavalok.user.UserUtil.addCrowns(UserUtil.java:1133)
	at com.kavalok.user.UserUtil.addTier(UserUtil.java:1178)
	at com.kavalok.user.UserUtil.addCrowns(UserUtil.java:1133)
	at com.kavalok.user.UserUtil.addTier(UserUtil.java:1178)
	at com.kavalok.user.UserUtil.addCrowns(UserUtil.java:1133)
	at com.kavalok.user.UserUtil.addTier(UserUtil.java:1178)
	at com.kavalok.user.UserUtil.addCrowns(UserUtil.java:1133)
	at com.kavalok.user.UserUtil.addTier(UserUtil.java:1178)
	at com.kavalok.user.UserUtil.addCrowns(UserUtil.java:1133)
	at com.kavalok.user.UserUtil.addTier(UserUtil.java:1178)
	at com.kavalok.user.UserUtil.addCrowns(UserUtil.java:1133)
	at com.kavalok.user.UserUtil.addTier(UserUtil.java:1178)
	at com.kavalok.user.UserUtil.addCrowns(UserUtil.java:1133)
	at com.kavalok.user.UserUtil.addTier(UserUtil.java:1178)
	at com.kavalok.user.UserUtil.addCrowns(UserUtil.java:1133)
	at com.kavalok.user.UserUtil.addTier(UserUtil.java:1178)
	at com.kavalok.user.UserUtil.addCrowns(UserUtil.java:1133)
	at com.kavalok.user.UserUtil.addTier(UserUtil.java:1178)
	at com.kavalok.user.UserUtil.addCrowns(UserUtil.java:1133)
	at com.kavalok.user.UserUtil.addTier(UserUtil.java:1178)
	at com.kavalok.user.UserUtil.addCrowns(UserUtil.java:1133)
	at com.kavalok.user.UserUtil.addTier(UserUtil.java:1178)
	at com.kavalok.user.UserUtil.addCrowns(UserUtil.java:1133)
	at com.kavalok.user.UserUtil.addTier(UserUtil.java:1178)
	at com.kavalok.user.UserUtil.addCrowns(UserUtil.java:1133)
	at com.kavalok.user.UserUtil.addTier(UserUtil.java:1178)
	at com.kavalok.user.UserUtil.addCrowns(UserUtil.java:1133)
	at com.kavalok.user.UserUtil.addTier(UserUtil.java:1178)
	at com.kavalok.user.UserUtil.addCrowns(UserUtil.java:1133)
	at com.kavalok.user.UserUtil.addTier(UserUtil.java:1178)
	at com.kavalok.user.UserUtil.addCrowns(UserUtil.java:1133)
	at com.kavalok.user.UserUtil.addTier(UserUtil.java:1178)
	at com.kavalok.user.UserUtil.addCrowns(UserUtil.java:1133)
	at com.kavalok.user.UserUtil.addTier(UserUtil.java:1178)
	at com.kavalok.user.UserUtil.addCrowns(UserUtil.java:1133)
	at com.kavalok.user.UserUtil.addTier(UserUtil.java:1178)
	at com.kavalok.user.UserUtil.addCrowns(UserUtil.java:1133)
	at com.kavalok.user.UserUtil.addTier(UserUtil.java:1178)
	at com.kavalok.user.UserUtil.addCrowns(UserUtil.java:1133)
	at com.kavalok.user.UserUtil.addTier(UserUtil.java:1178)
	at com.kavalok.user.UserUtil.addCrowns(UserUtil.java:1133)
	at com.kavalok.user.UserUtil.addTier(UserUtil.java:1178)
	at com.kavalok.user.UserUtil.addCrowns(UserUtil.java:1133)
	at com.kavalok.user.UserUtil.addTier(UserUtil.java:1178)
	at com.kavalok.user.UserUtil.addCrowns(UserUtil.java:1133)
	at com.kavalok.user.UserUtil.addTier(UserUtil.java:1178)
	at com.kavalok.user.UserUtil.addCrowns(UserUtil.java:1133)
	at com.kavalok.user.UserUtil.addTier(UserUtil.java:1178)
	at com.kavalok.user.UserUtil.addCrowns(UserUtil.java:1133)
	at com.kavalok.user.UserUtil.addTier(UserUtil.java:1178)
	at com.kavalok.user.UserUtil.addCrowns(UserUtil.java:1133)
	at com.kavalok.user.UserUtil.addTier(UserUtil.java:1178)
	at com.kavalok.user.UserUtil.addCrowns(UserUtil.java:1133)
	at com.kavalok.user.UserUtil.addTier(UserUtil.java:1178)
	at com.kavalok.user.UserUtil.addCrowns(UserUtil.java:1133)
	at com.kavalok.user.UserUtil.addTier(UserUtil.java:1178)
	at com.kavalok.user.UserUtil.addCrowns(UserUtil.java:1133)
	at com.kavalok.user.UserUtil.addTier(UserUtil.java:1178)
	at com.kavalok.user.UserUtil.addCrowns(UserUtil.java:1133)
	at com.kavalok.user.UserUtil.addTier(UserUtil.java:1178)
	at com.kavalok.user.UserUtil.addCrowns(UserUtil.java:1133)
	at com.kavalok.user.UserUtil.addTier(UserUtil.java:1178)
	at com.kavalok.user.UserUtil.addCrowns(UserUtil.java:1133)
	at com.kavalok.user.UserUtil.addTier(UserUtil.java:1178)
	at com.kavalok.user.UserUtil.addCrowns(UserUtil.java:1133)
	at com.kavalok.user.UserUtil.addTier(UserUtil.java:1178)
	at com.kavalok.user.UserUtil.addCrowns(UserUtil.java:1133)
	at com.kavalok.user.UserUtil.addTier(UserUtil.java:1178)
	at com.kavalok.user.UserUtil.addCrowns(UserUtil.java:1133)
	at com.kavalok.user.UserUtil.addTier(UserUtil.java:1178)
	at com.kavalok.user.UserUtil.addCrowns(UserUtil.java:1133)
	at com.kavalok.user.UserUtil.addTier(UserUtil.java:1178)
	at com.kavalok.user.UserUtil.addCrowns(UserUtil.java:1133)
	at com.kavalok.user.UserUtil.addTier(UserUtil.java:1178)
	at com.kavalok.user.UserUtil.addCrowns(UserUtil.java:1133)
	at com.kavalok.user.UserUtil.addTier(UserUtil.java:1178)
	at com.kavalok.user.UserUtil.addCrowns(UserUtil.java:1133)
	at com.kavalok.user.UserUtil.addTier(UserUtil.java:1178)
	at com.kavalok.user.UserUtil.addCrowns(UserUtil.java:1133)
	at com.kavalok.user.UserUtil.addTier(UserUtil.java:1178)
	at com.kavalok.user.UserUtil.addCrowns(UserUtil.java:1133)
	at com.kavalok.user.UserUtil.addTier(UserUtil.java:1178)
	at com.kavalok.user.UserUtil.addCrowns(UserUtil.java:1133)
	at com.kavalok.user.UserUtil.addTier(UserUtil.java:1178)
	at com.kavalok.user.UserUtil.addCrowns(UserUtil.java:1133)
	at com.kavalok.user.UserUtil.addTier(UserUtil.java:1178)
	at com.kavalok.user.UserUtil.addCrowns(UserUtil.java:1133)
	at com.kavalok.user.UserUtil.addTier(UserUtil.java:1178)
	at com.kavalok.user.UserUtil.addCrowns(UserUtil.java:1133)
	at com.kavalok.user.UserUtil.addTier(UserUtil.java:1178)
	at com.kavalok.user.UserUtil.addCrowns(UserUtil.java:1133)
	at com.kavalok.user.UserUtil.addTier(UserUtil.java:1178)
	at com.kavalok.user.UserUtil.addCrowns(UserUtil.java:1133)
	at com.kavalok.user.UserUtil.addTier(UserUtil.java:1178)
	at com.kavalok.user.UserUtil.addCrowns(UserUtil.java:1133)
	at com.kavalok.user.UserUtil.addTier(UserUtil.java:1178)
	at com.kavalok.user.UserUtil.addCrowns(UserUtil.java:1133)
	at com.kavalok.user.UserUtil.addTier(UserUtil.java:1178)
	at com.kavalok.user.UserUtil.addCrowns(UserUtil.java:1133)
	at com.kavalok.user.UserUtil.addTier(UserUtil.java:1178)
	at com.kavalok.user.UserUtil.addCrowns(UserUtil.java:1133)
	at com.kavalok.user.UserUtil.addTier(UserUtil.java:1178)
	at com.kavalok.user.UserUtil.addCrowns(UserUtil.java:1133)
	at com.kavalok.user.UserUtil.addTier(UserUtil.java:1178)
	at com.kavalok.user.UserUtil.addCrowns(UserUtil.java:1133)
	at com.kavalok.user.UserUtil.addTier(UserUtil.java:1178)
	at com.kavalok.user.UserUtil.addCrowns(UserUtil.java:1133)
	at com.kavalok.user.UserUtil.addTier(UserUtil.java:1178)
	at com.kavalok.user.UserUtil.addCrowns(UserUtil.java:1133)
	at com.kavalok.user.UserUtil.addTier(UserUtil.java:1178)
	at com.kavalok.user.UserUtil.addCrowns(UserUtil.java:1133)
	at com.kavalok.user.UserUtil.addTier(UserUtil.java:1178)
	at com.kavalok.user.UserUtil.addCrowns(UserUtil.java:1133)
	at com.kavalok.user.UserUtil.addTier(UserUtil.java:1178)
	at com.kavalok.user.UserUtil.addCrowns(UserUtil.java:1133)
	at com.kavalok.user.UserUtil.addTier(UserUtil.java:1178)
	at com.kavalok.user.UserUtil.addCrowns(UserUtil.java:1133)
	at com.kavalok.user.UserUtil.addTier(UserUtil.java:1178)
	at com.kavalok.user.UserUtil.addCrowns(UserUtil.java:1133)
	at com.kavalok.user.UserUtil.addTier(UserUtil.java:1178)
	at com.kavalok.user.UserUtil.addCrowns(UserUtil.java:1133)
	at com.kavalok.user.UserUtil.addTier(UserUtil.java:1178)
	at com.kavalok.user.UserUtil.addCrowns(UserUtil.java:1133)
	at com.kavalok.user.UserUtil.addTier(UserUtil.java:1178)
	at com.kavalok.user.UserUtil.addCrowns(UserUtil.java:1133)
	at com.kavalok.user.UserUtil.addTier(UserUtil.java:1178)
	at com.kavalok.user.UserUtil.addCrowns(UserUtil.java:1133)
	at com.kavalok.user.UserUtil.addTier(UserUtil.java:1178)
	at com.kavalok.user.UserUtil.addCrowns(UserUtil.java:1133)
	at com.kavalok.user.UserUtil.addTier(UserUtil.java:1178)
	at com.kavalok.user.UserUtil.addCrowns(UserUtil.java:1133)
	at com.kavalok.user.UserUtil.addTier(UserUtil.java:1178)
	at com.kavalok.user.UserUtil.addCrowns(UserUtil.java:1133)
	at com.kavalok.user.UserUtil.addTier(UserUtil.java:1178)
	at com.kavalok.user.UserUtil.addCrowns(UserUtil.java:1133)
	at com.kavalok.user.UserUtil.addTier(UserUtil.java:1178)
	at com.kavalok.user.UserUtil.addCrowns(UserUtil.java:1133)
	at com.kavalok.user.UserUtil.addTier(UserUtil.java:1178)
	at com.kavalok.user.UserUtil.addCrowns(UserUtil.java:1133)
	at com.kavalok.user.UserUtil.addTier(UserUtil.java:1178)
	at com.kavalok.user.UserUtil.addCrowns(UserUtil.java:1133)
	at com.kavalok.user.UserUtil.addTier(UserUtil.java:1178)
	at com.kavalok.user.UserUtil.addCrowns(UserUtil.java:1133)
	at com.kavalok.user.UserUtil.addTier(UserUtil.java:1178)
	at com.kavalok.user.UserUtil.addCrowns(UserUtil.java:1133)
	at com.kavalok.user.UserUtil.addTier(UserUtil.java:1178)
	at com.kavalok.user.UserUtil.addCrowns(UserUtil.java:1133)
	at com.kavalok.user.UserUtil.addTier(UserUtil.java:1178)
	at com.kavalok.user.UserUtil.addCrowns(UserUtil.java:1133)
	at com.kavalok.user.UserUtil.addTier(UserUtil.java:1178)
	at com.kavalok.user.UserUtil.addCrowns(UserUtil.java:1133)
	at com.kavalok.user.UserUtil.addTier(UserUtil.java:1178)
	at com.kavalok.user.UserUtil.addCrowns(UserUtil.java:1133)
	at com.kavalok.user.UserUtil.addTier(UserUtil.java:1178)
	at com.kavalok.user.UserUtil.addCrowns(UserUtil.java:1133)
	at com.kavalok.user.UserUtil.addTier(UserUtil.java:1178)
	at com.kavalok.user.UserUtil.addCrowns(UserUtil.java:1133)
	at com.kavalok.user.UserUtil.addTier(UserUtil.java:1178)
	at com.kavalok.user.UserUtil.addCrowns(UserUtil.java:1133)
	at com.kavalok.user.UserUtil.addTier(UserUtil.java:1178)
	at com.kavalok.user.UserUtil.addCrowns(UserUtil.java:1133)
	at com.kavalok.user.UserUtil.addTier(UserUtil.java:1178)
	at com.kavalok.user.UserUtil.addCrowns(UserUtil.java:1133)
	at com.kavalok.user.UserUtil.addTier(UserUtil.java:1178)
	at com.kavalok.user.UserUtil.addCrowns(UserUtil.java:1133)
	at com.kavalok.user.UserUtil.addTier(UserUtil.java:1178)
	at com.kavalok.user.UserUtil.addCrowns(UserUtil.java:1133)
	at com.kavalok.user.UserUtil.addTier(UserUtil.java:1178)
	at com.kavalok.user.UserUtil.addCrowns(UserUtil.java:1133)
	at com.kavalok.user.UserUtil.addTier(UserUtil.java:1178)
	at com.kavalok.user.UserUtil.addCrowns(UserUtil.java:1133)
	at com.kavalok.user.UserUtil.addTier(UserUtil.java:1178)
	at com.kavalok.user.UserUtil.addCrowns(UserUtil.java:1133)
	at com.kavalok.user.UserUtil.addTier(UserUtil.java:1178)
	at com.kavalok.user.UserUtil.addCrowns(UserUtil.java:1133)
	at com.kavalok.user.UserUtil.addTier(UserUtil.java:1178)
	at com.kavalok.user.UserUtil.addCrowns(UserUtil.java:1133)
	at com.kavalok.user.UserUtil.addTier(UserUtil.java:1178)
	at com.kavalok.user.UserUtil.addCrowns(UserUtil.java:1133)
	at com.kavalok.user.UserUtil.addTier(UserUtil.java:1178)
	at com.kavalok.user.UserUtil.addCrowns(UserUtil.java:1133)
	at com.kavalok.user.UserUtil.addTier(UserUtil.java:1178)
	at com.kavalok.user.UserUtil.addCrowns(UserUtil.java:1133)
	at com.kavalok.user.UserUtil.addTier(UserUtil.java:1178)
	at com.kavalok.user.UserUtil.addCrowns(UserUtil.java:1133)
	at com.kavalok.user.UserUtil.addTier(UserUtil.java:1178)
	at com.kavalok.user.UserUtil.addCrowns(UserUtil.java:1133)
	at com.kavalok.user.UserUtil.addTier(UserUtil.java:1178)
	at com.kavalok.user.UserUtil.addCrowns(UserUtil.java:1133)
	at com.kavalok.user.UserUtil.addTier(UserUtil.java:1178)
	at com.kavalok.user.UserUtil.addCrowns(UserUtil.java:1133)
	at com.kavalok.user.UserUtil.addTier(UserUtil.java:1178)
	at com.kavalok.user.UserUtil.addCrowns(UserUtil.java:1133)
	at com.kavalok.user.UserUtil.addTier(UserUtil.java:1178)
	at com.kavalok.user.UserUtil.addCrowns(UserUtil.java:1133)
	at com.kavalok.user.UserUtil.addTier(UserUtil.java:1178)
	at com.kavalok.user.UserUtil.addCrowns(UserUtil.java:1133)
	at com.kavalok.user.UserUtil.addTier(UserUtil.java:1178)
	at com.kavalok.user.UserUtil.addCrowns(UserUtil.java:1133)
	at com.kavalok.user.UserUtil.addTier(UserUtil.java:1178)
	at com.kavalok.user.UserUtil.addCrowns(UserUtil.java:1133)
	at com.kavalok.user.UserUtil.addTier(UserUtil.java:1178)
	at com.kavalok.user.UserUtil.addCrowns(UserUtil.java:1133)
	at com.kavalok.user.UserUtil.addTier(UserUtil.java:1178)
	at com.kavalok.user.UserUtil.addCrowns(UserUtil.java:1133)
	at com.kavalok.user.UserUtil.addTier(UserUtil.java:1178)
	at com.kavalok.user.UserUtil.addCrowns(UserUtil.java:1133)
	at com.kavalok.user.UserUtil.addTier(UserUtil.java:1178)
	at com.kavalok.user.UserUtil.addCrowns(UserUtil.java:1133)
	at com.kavalok.user.UserUtil.addTier(UserUtil.java:1178)
	at com.kavalok.user.UserUtil.addCrowns(UserUtil.java:1133)
	at com.kavalok.user.UserUtil.addTier(UserUtil.java:1178)
	at com.kavalok.user.UserUtil.addCrowns(UserUtil.java:1133)
	at com.kavalok.user.UserUtil.addTier(UserUtil.java:1178)
	at com.kavalok.user.UserUtil.addCrowns(UserUtil.java:1133)
	at com.kavalok.user.UserUtil.addTier(UserUtil.java:1178)
	at com.kavalok.user.UserUtil.addCrowns(UserUtil.java:1133)
	at com.kavalok.user.UserUtil.addTier(UserUtil.java:1178)
	at com.kavalok.user.UserUtil.addCrowns(UserUtil.java:1133)
	at com.kavalok.user.UserUtil.addTier(UserUtil.java:1178)
	at com.kavalok.user.UserUtil.addCrowns(UserUtil.java:1133)
	at com.kavalok.user.UserUtil.addTier(UserUtil.java:1178)
	at com.kavalok.user.UserUtil.addCrowns(UserUtil.java:1133)
	at com.kavalok.user.UserUtil.addTier(UserUtil.java:1178)
	at com.kavalok.user.UserUtil.addCrowns(UserUtil.java:1133)
	at com.kavalok.user.UserUtil.addTier(UserUtil.java:1178)
	at com.kavalok.user.UserUtil.addCrowns(UserUtil.java:1133)
	at com.kavalok.user.UserUtil.addTier(UserUtil.java:1178)
	at com.kavalok.user.UserUtil.addCrowns(UserUtil.java:1133)
	at com.kavalok.user.UserUtil.addTier(UserUtil.java:1178)
	at com.kavalok.user.UserUtil.addCrowns(UserUtil.java:1133)
	at com.kavalok.user.UserUtil.addTier(UserUtil.java:1178)
	at com.kavalok.user.UserUtil.addCrowns(UserUtil.java:1133)
	at com.kavalok.user.UserUtil.addTier(UserUtil.java:1178)
	at com.kavalok.user.UserUtil.addCrowns(UserUtil.java:1133)
	at com.kavalok.user.UserUtil.addTier(UserUtil.java:1178)
	at com.kavalok.user.UserUtil.addCrowns(UserUtil.java:1133)
	at com.kavalok.user.UserUtil.addTier(UserUtil.java:1178)
	at com.kavalok.user.UserUtil.addCrowns(UserUtil.java:1133)
	at com.kavalok.user.UserUtil.addTier(UserUtil.java:1178)
	at com.kavalok.user.UserUtil.addCrowns(UserUtil.java:1133)
	at com.kavalok.user.UserUtil.addTier(UserUtil.java:1178)
	at com.kavalok.user.UserUtil.addCrowns(UserUtil.java:1133)
	at com.kavalok.user.UserUtil.addTier(UserUtil.java:1178)
	at com.kavalok.user.UserUtil.addCrowns(UserUtil.java:1133)
	at com.kavalok.user.UserUtil.addTier(UserUtil.java:1178)
	at com.kavalok.user.UserUtil.addCrowns(UserUtil.java:1133)
	at com.kavalok.user.UserUtil.addTier(UserUtil.java:1178)
	at com.kavalok.user.UserUtil.addCrowns(UserUtil.java:1133)
	at com.kavalok.user.UserUtil.addTier(UserUtil.java:1178)
	at com.kavalok.user.UserUtil.addCrowns(UserUtil.java:1133)
	at com.kavalok.user.UserUtil.addTier(UserUtil.java:1178)
	at com.kavalok.user.UserUtil.addCrowns(UserUtil.java:1133)
	at com.kavalok.user.UserUtil.addTier(UserUtil.java:1178)
	at com.kavalok.user.UserUtil.addCrowns(UserUtil.java:1133)
	at com.kavalok.user.UserUtil.addTier(UserUtil.java:1178)
	at com.kavalok.user.UserUtil.addCrowns(UserUtil.java:1133)
	at com.kavalok.user.UserUtil.addTier(UserUtil.java:1178)
	at com.kavalok.user.UserUtil.addCrowns(UserUtil.java:1133)
	at com.kavalok.user.UserUtil.addTier(UserUtil.java:1178)
	at com.kavalok.user.UserUtil.addCrowns(UserUtil.java:1133)
	at com.kavalok.user.UserUtil.addTier(UserUtil.java:1178)
	at com.kavalok.user.UserUtil.addCrowns(UserUtil.java:1133)
	at com.kavalok.user.UserUtil.addTier(UserUtil.java:1178)
	at com.kavalok.user.UserUtil.addCrowns(UserUtil.java:1133)
	at com.kavalok.user.UserUtil.addTier(UserUtil.java:1178)
	at com.kavalok.user.UserUtil.addCrowns(UserUtil.java:1133)
	at com.kavalok.user.UserUtil.addTier(UserUtil.java:1178)
	at com.kavalok.user.UserUtil.addCrowns(UserUtil.java:1133)
	at com.kavalok.user.UserUtil.addTier(UserUtil.java:1178)
	at com.kavalok.user.UserUtil.addCrowns(UserUtil.java:1133)
	at com.kavalok.user.UserUtil.addTier(UserUtil.java:1178)
	at com.kavalok.user.UserUtil.addCrowns(UserUtil.java:1133)
	at com.kavalok.user.UserUtil.addTier(UserUtil.java:1178)
	at com.kavalok.user.UserUtil.addCrowns(UserUtil.java:1133)
	at com.kavalok.user.UserUtil.addTier(UserUtil.java:1178)
	at com.kavalok.user.UserUtil.addCrowns(UserUtil.java:1133)
	at com.kavalok.user.UserUtil.addTier(UserUtil.java:1178)
	at com.kavalok.user.UserUtil.addCrowns(UserUtil.java:1133)
	at com.kavalok.user.UserUtil.addTier(UserUtil.java:1178)
	at com.kavalok.user.UserUtil.addCrowns(UserUtil.java:1133)
	at com.kavalok.user.UserUtil.addTier(UserUtil.java:1178)
	at com.kavalok.user.UserUtil.addCrowns(UserUtil.java:1133)
	at com.kavalok.user.UserUtil.addTier(UserUtil.java:1178)
	at com.kavalok.user.UserUtil.addCrowns(UserUtil.java:1133)
	at com.kavalok.user.UserUtil.addTier(UserUtil.java:1178)
	at com.kavalok.user.UserUtil.addCrowns(UserUtil.java:1133)
	at com.kavalok.user.UserUtil.addTier(UserUtil.java:1178)
	at com.kavalok.user.UserUtil.addCrowns(UserUtil.java:1133)
	at com.kavalok.user.UserUtil.addTier(UserUtil.java:1178)
	at com.kavalok.user.UserUtil.addCrowns(UserUtil.java:1133)
	at com.kavalok.user.UserUtil.addTier(UserUtil.java:1178)
	at com.kavalok.user.UserUtil.addCrowns(UserUtil.java:1133)
	at com.kavalok.user.UserUtil.addTier(UserUtil.java:1178)
	at com.kavalok.user.UserUtil.addCrowns(UserUtil.java:1133)
	at com.kavalok.user.UserUtil.addTier(UserUtil.java:1178)
	at com.kavalok.user.UserUtil.addCrowns(UserUtil.java:1133)
	at com.kavalok.user.UserUtil.addTier(UserUtil.java:1178)
	at com.kavalok.user.UserUtil.addCrowns(UserUtil.java:1133)
	at com.kavalok.user.UserUtil.addTier(UserUtil.java:1178)
	at com.kavalok.user.UserUtil.addCrowns(UserUtil.java:1133)
	at com.kavalok.user.UserUtil.addTier(UserUtil.java:1178)
	at com.kavalok.user.UserUtil.addCrowns(UserUtil.java:1133)
	at com.kavalok.user.UserUtil.addTier(UserUtil.java:1178)
	at com.kavalok.user.UserUtil.addCrowns(UserUtil.java:1133)
	at com.kavalok.user.UserUtil.addTier(UserUtil.java:1178)
	at com.kavalok.user.UserUtil.addCrowns(UserUtil.java:1133)
	at com.kavalok.user.UserUtil.addTier(UserUtil.java:1178)
	at com.kavalok.user.UserUtil.addCrowns(UserUtil.java:1133)
	at com.kavalok.user.UserUtil.addTier(UserUtil.java:1178)
	at com.kavalok.user.UserUtil.addCrowns(UserUtil.java:1133)
	at com.kavalok.user.UserUtil.addTier(UserUtil.java:1178)
	at com.kavalok.user.UserUtil.addCrowns(UserUtil.java:1133)
	at com.kavalok.user.UserUtil.addTier(UserUtil.java:1178)
	at com.kavalok.user.UserUtil.addCrowns(UserUtil.java:1133)
00:42:33.102 0    [main] WARN  com.kavalok.KavalokApplication - app start -> new game.chobots.icu/kavalok
00:42:48.520 0    [main] WARN  com.kavalok.KavalokApplication - app start -> new game.chobots.icu/kavalok1
00:57:14.901 0    [main] WARN  com.kavalok.KavalokApplication - app start -> new game.chobots.icu/kavalok
00:57:30.185 0    [main] WARN  com.kavalok.KavalokApplication - app start -> new game.chobots.icu/kavalok1
01:44:42.044 0    [main] WARN  com.kavalok.KavalokApplication - app start -> new game.chobots.icu/kavalok
01:44:57.448 0    [main] WARN  com.kavalok.KavalokApplication - app start -> new game.chobots.icu/kavalok1
