01:35:39.585 3999009335 [pool-4-thread-171] ERROR com.kavalok.KavalokApplication - null
java.lang.reflect.InvocationTargetException
	at sun.reflect.NativeMethodAccessorImpl.invoke0(Native Method)
	at sun.reflect.NativeMethodAccessorImpl.invoke(NativeMethodAccessorImpl.java:57)
	at sun.reflect.DelegatingMethodAccessorImpl.invoke(DelegatingMethodAccessorImpl.java:43)
	at java.lang.reflect.Method.invoke(Method.java:606)
	at com.kavalok.utils.ReflectUtil.callMethod(ReflectUtil.java:99)
	at com.kavalok.transactions.TransactionUtil.callTransaction(TransactionUtil.java:18)
	at com.kavalok.KavalokApplication.call(KavalokApplication.java:247)
	at sun.reflect.GeneratedMethodAccessor13080.invoke(Unknown Source)
	at sun.reflect.DelegatingMethodAccessorImpl.invoke(DelegatingMethodAccessorImpl.java:43)
	at java.lang.reflect.Method.invoke(Method.java:606)
	at org.red5.server.service.ServiceInvoker.invoke(ServiceInvoker.java:215)
	at org.red5.server.service.ServiceInvoker.invoke(ServiceInvoker.java:121)
	at org.red5.server.net.rtmp.RTMPHandler.invokeCall(RTMPHandler.java:157)
	at org.red5.server.net.rtmp.RTMPHandler.onInvoke(RTMPHandler.java:405)
	at org.red5.server.net.rtmp.BaseRTMPHandler.messageReceived(BaseRTMPHandler.java:148)
	at org.red5.server.net.rtmp.RTMPMinaIoHandler.messageReceived(RTMPMinaIoHandler.java:119)
	at org.apache.mina.common.support.AbstractIoFilterChain$TailFilter.messageReceived(AbstractIoFilterChain.java:570)
	at org.apache.mina.common.support.AbstractIoFilterChain.callNextMessageReceived(AbstractIoFilterChain.java:299)
	at org.apache.mina.common.support.AbstractIoFilterChain.access$1100(AbstractIoFilterChain.java:53)
	at org.apache.mina.common.support.AbstractIoFilterChain$EntryImpl$1.messageReceived(AbstractIoFilterChain.java:648)
	at org.apache.mina.filter.executor.ExecutorFilter.processEvent(ExecutorFilter.java:214)
	at org.apache.mina.filter.executor.ExecutorFilter$ProcessEventsRunnable.run(ExecutorFilter.java:265)
	at java.util.concurrent.ThreadPoolExecutor.runWorker(ThreadPoolExecutor.java:1145)
	at java.util.concurrent.ThreadPoolExecutor$Worker.run(ThreadPoolExecutor.java:615)
	at java.lang.Thread.run(Thread.java:745)
Caused by: org.hibernate.exception.SQLGrammarException: could not execute query
	at org.hibernate.exception.SQLStateConverter.convert(SQLStateConverter.java:67)
	at org.hibernate.exception.JDBCExceptionHelper.convert(JDBCExceptionHelper.java:43)
	at org.hibernate.loader.Loader.doList(Loader.java:2223)
	at org.hibernate.loader.Loader.listIgnoreQueryCache(Loader.java:2104)
	at org.hibernate.loader.Loader.list(Loader.java:2099)
	at org.hibernate.loader.criteria.CriteriaLoader.list(CriteriaLoader.java:94)
	at org.hibernate.impl.SessionImpl.list(SessionImpl.java:1569)
	at org.hibernate.impl.CriteriaImpl.list(CriteriaImpl.java:283)
	at org.hibernate.impl.CriteriaImpl.uniqueResult(CriteriaImpl.java:305)
	at com.kavalok.dao.common.DAO.findByCriteriaUnique(DAO.java:205)
	at com.kavalok.dao.SKUDAO.findActiveMemebershipSKU(SKUDAO.java:43)
	at com.kavalok.services.BillingTransactionService.addSKU(BillingTransactionService.java:148)
	at com.kavalok.services.BillingTransactionService.getMembershipSKUs(BillingTransactionService.java:110)
	... 25 common frames omitted
Caused by: com.mysql.jdbc.exceptions.MySQLSyntaxErrorException: Table 'kavalokca.SKU' doesn't exist
	at com.mysql.jdbc.SQLError.createSQLException(SQLError.java:936)
	at com.mysql.jdbc.MysqlIO.checkErrorPacket(MysqlIO.java:2985)
	at com.mysql.jdbc.MysqlIO.sendCommand(MysqlIO.java:1631)
	at com.mysql.jdbc.MysqlIO.sqlQueryDirect(MysqlIO.java:1723)
	at com.mysql.jdbc.Connection.execSQL(Connection.java:3283)
	at com.mysql.jdbc.PreparedStatement.executeInternal(PreparedStatement.java:1332)
	at com.mysql.jdbc.PreparedStatement.executeQuery(PreparedStatement.java:1467)
	at com.kavalok.monitor.jdbc.PreparedStatement.executeQuery(PreparedStatement.java:100)
	at com.mchange.v2.c3p0.impl.NewProxyPreparedStatement.executeQuery(NewProxyPreparedStatement.java:76)
	at org.hibernate.jdbc.AbstractBatcher.getResultSet(AbstractBatcher.java:186)
	at org.hibernate.loader.Loader.getResultSet(Loader.java:1787)
	at org.hibernate.loader.Loader.doQuery(Loader.java:674)
	at org.hibernate.loader.Loader.doQueryAndInitializeNonLazyCollections(Loader.java:236)
	at org.hibernate.loader.Loader.doList(Loader.java:2220)
	... 35 common frames omitted
01:35:40.538 3999010288 [pool-4-thread-171] ERROR com.kavalok.KavalokApplication - null
java.lang.reflect.InvocationTargetException
	at sun.reflect.NativeMethodAccessorImpl.invoke0(Native Method)
	at sun.reflect.NativeMethodAccessorImpl.invoke(NativeMethodAccessorImpl.java:57)
	at sun.reflect.DelegatingMethodAccessorImpl.invoke(DelegatingMethodAccessorImpl.java:43)
	at java.lang.reflect.Method.invoke(Method.java:606)
	at com.kavalok.utils.ReflectUtil.callMethod(ReflectUtil.java:99)
	at com.kavalok.transactions.TransactionUtil.callTransaction(TransactionUtil.java:18)
	at com.kavalok.KavalokApplication.call(KavalokApplication.java:247)
	at sun.reflect.GeneratedMethodAccessor13080.invoke(Unknown Source)
	at sun.reflect.DelegatingMethodAccessorImpl.invoke(DelegatingMethodAccessorImpl.java:43)
	at java.lang.reflect.Method.invoke(Method.java:606)
	at org.red5.server.service.ServiceInvoker.invoke(ServiceInvoker.java:215)
	at org.red5.server.service.ServiceInvoker.invoke(ServiceInvoker.java:121)
	at org.red5.server.net.rtmp.RTMPHandler.invokeCall(RTMPHandler.java:157)
	at org.red5.server.net.rtmp.RTMPHandler.onInvoke(RTMPHandler.java:405)
	at org.red5.server.net.rtmp.BaseRTMPHandler.messageReceived(BaseRTMPHandler.java:148)
	at org.red5.server.net.rtmp.RTMPMinaIoHandler.messageReceived(RTMPMinaIoHandler.java:119)
	at org.apache.mina.common.support.AbstractIoFilterChain$TailFilter.messageReceived(AbstractIoFilterChain.java:570)
	at org.apache.mina.common.support.AbstractIoFilterChain.callNextMessageReceived(AbstractIoFilterChain.java:299)
	at org.apache.mina.common.support.AbstractIoFilterChain.access$1100(AbstractIoFilterChain.java:53)
	at org.apache.mina.common.support.AbstractIoFilterChain$EntryImpl$1.messageReceived(AbstractIoFilterChain.java:648)
	at org.apache.mina.filter.executor.ExecutorFilter.processEvent(ExecutorFilter.java:214)
	at org.apache.mina.filter.executor.ExecutorFilter$ProcessEventsRunnable.run(ExecutorFilter.java:265)
	at java.util.concurrent.ThreadPoolExecutor.runWorker(ThreadPoolExecutor.java:1145)
	at java.util.concurrent.ThreadPoolExecutor$Worker.run(ThreadPoolExecutor.java:615)
	at java.lang.Thread.run(Thread.java:745)
Caused by: org.hibernate.exception.SQLGrammarException: could not execute query
	at org.hibernate.exception.SQLStateConverter.convert(SQLStateConverter.java:67)
	at org.hibernate.exception.JDBCExceptionHelper.convert(JDBCExceptionHelper.java:43)
	at org.hibernate.loader.Loader.doList(Loader.java:2223)
	at org.hibernate.loader.Loader.listIgnoreQueryCache(Loader.java:2104)
	at org.hibernate.loader.Loader.list(Loader.java:2099)
	at org.hibernate.loader.criteria.CriteriaLoader.list(CriteriaLoader.java:94)
	at org.hibernate.impl.SessionImpl.list(SessionImpl.java:1569)
	at org.hibernate.impl.CriteriaImpl.list(CriteriaImpl.java:283)
	at com.kavalok.dao.CompetitionResultDAO.getCompetitionResults(CompetitionResultDAO.java:49)
	at com.kavalok.services.CompetitionDataService.getCompetitionResults(CompetitionDataService.java:50)
	at com.kavalok.services.CompetitionDataService.getMyCompetitionResult(CompetitionDataService.java:22)
	... 25 common frames omitted
Caused by: com.mysql.jdbc.exceptions.MySQLSyntaxErrorException: Expression #4 of SELECT list is not in GROUP BY clause and contains nonaggregated column 'kavalokca.this_.login' which is not functionally dependent on columns in GROUP BY clause; this is incompatible with sql_mode=only_full_group_by
	at com.mysql.jdbc.SQLError.createSQLException(SQLError.java:936)
	at com.mysql.jdbc.MysqlIO.checkErrorPacket(MysqlIO.java:2985)
	at com.mysql.jdbc.MysqlIO.sendCommand(MysqlIO.java:1631)
	at com.mysql.jdbc.MysqlIO.sqlQueryDirect(MysqlIO.java:1723)
	at com.mysql.jdbc.Connection.execSQL(Connection.java:3283)
	at com.mysql.jdbc.PreparedStatement.executeInternal(PreparedStatement.java:1332)
	at com.mysql.jdbc.PreparedStatement.executeQuery(PreparedStatement.java:1467)
	at com.kavalok.monitor.jdbc.PreparedStatement.executeQuery(PreparedStatement.java:100)
	at com.mchange.v2.c3p0.impl.NewProxyPreparedStatement.executeQuery(NewProxyPreparedStatement.java:76)
	at org.hibernate.jdbc.AbstractBatcher.getResultSet(AbstractBatcher.java:186)
	at org.hibernate.loader.Loader.getResultSet(Loader.java:1787)
	at org.hibernate.loader.Loader.doQuery(Loader.java:674)
	at org.hibernate.loader.Loader.doQueryAndInitializeNonLazyCollections(Loader.java:236)
	at org.hibernate.loader.Loader.doList(Loader.java:2220)
	... 33 common frames omitted
01:37:09.368 3999099118 [pool-4-thread-171] ERROR com.kavalok.KavalokApplication - null
java.lang.reflect.InvocationTargetException
	at sun.reflect.NativeMethodAccessorImpl.invoke0(Native Method)
	at sun.reflect.NativeMethodAccessorImpl.invoke(NativeMethodAccessorImpl.java:57)
	at sun.reflect.DelegatingMethodAccessorImpl.invoke(DelegatingMethodAccessorImpl.java:43)
	at java.lang.reflect.Method.invoke(Method.java:606)
	at com.kavalok.utils.ReflectUtil.callMethod(ReflectUtil.java:99)
	at com.kavalok.transactions.TransactionUtil.callTransaction(TransactionUtil.java:18)
	at com.kavalok.KavalokApplication.call(KavalokApplication.java:247)
	at sun.reflect.GeneratedMethodAccessor13080.invoke(Unknown Source)
	at sun.reflect.DelegatingMethodAccessorImpl.invoke(DelegatingMethodAccessorImpl.java:43)
	at java.lang.reflect.Method.invoke(Method.java:606)
	at org.red5.server.service.ServiceInvoker.invoke(ServiceInvoker.java:215)
	at org.red5.server.service.ServiceInvoker.invoke(ServiceInvoker.java:121)
	at org.red5.server.net.rtmp.RTMPHandler.invokeCall(RTMPHandler.java:157)
	at org.red5.server.net.rtmp.RTMPHandler.onInvoke(RTMPHandler.java:405)
	at org.red5.server.net.rtmp.BaseRTMPHandler.messageReceived(BaseRTMPHandler.java:148)
	at org.red5.server.net.rtmp.RTMPMinaIoHandler.messageReceived(RTMPMinaIoHandler.java:119)
	at org.apache.mina.common.support.AbstractIoFilterChain$TailFilter.messageReceived(AbstractIoFilterChain.java:570)
	at org.apache.mina.common.support.AbstractIoFilterChain.callNextMessageReceived(AbstractIoFilterChain.java:299)
	at org.apache.mina.common.support.AbstractIoFilterChain.access$1100(AbstractIoFilterChain.java:53)
	at org.apache.mina.common.support.AbstractIoFilterChain$EntryImpl$1.messageReceived(AbstractIoFilterChain.java:648)
	at org.apache.mina.filter.executor.ExecutorFilter.processEvent(ExecutorFilter.java:214)
	at org.apache.mina.filter.executor.ExecutorFilter$ProcessEventsRunnable.run(ExecutorFilter.java:265)
	at java.util.concurrent.ThreadPoolExecutor.runWorker(ThreadPoolExecutor.java:1145)
	at java.util.concurrent.ThreadPoolExecutor$Worker.run(ThreadPoolExecutor.java:615)
	at java.lang.Thread.run(Thread.java:745)
Caused by: org.hibernate.exception.SQLGrammarException: could not execute query
	at org.hibernate.exception.SQLStateConverter.convert(SQLStateConverter.java:67)
	at org.hibernate.exception.JDBCExceptionHelper.convert(JDBCExceptionHelper.java:43)
	at org.hibernate.loader.Loader.doList(Loader.java:2223)
	at org.hibernate.loader.Loader.listIgnoreQueryCache(Loader.java:2104)
	at org.hibernate.loader.Loader.list(Loader.java:2099)
	at org.hibernate.loader.criteria.CriteriaLoader.list(CriteriaLoader.java:94)
	at org.hibernate.impl.SessionImpl.list(SessionImpl.java:1569)
	at org.hibernate.impl.CriteriaImpl.list(CriteriaImpl.java:283)
	at com.kavalok.dao.CompetitionResultDAO.getCompetitionResults(CompetitionResultDAO.java:49)
	at com.kavalok.services.CompetitionDataService.getCompetitionResults(CompetitionDataService.java:50)
	at com.kavalok.services.CompetitionDataService.getMyCompetitionResult(CompetitionDataService.java:22)
	... 25 common frames omitted
Caused by: com.mysql.jdbc.exceptions.MySQLSyntaxErrorException: Expression #4 of SELECT list is not in GROUP BY clause and contains nonaggregated column 'kavalokca.this_.login' which is not functionally dependent on columns in GROUP BY clause; this is incompatible with sql_mode=only_full_group_by
	at com.mysql.jdbc.SQLError.createSQLException(SQLError.java:936)
	at com.mysql.jdbc.MysqlIO.checkErrorPacket(MysqlIO.java:2985)
	at com.mysql.jdbc.MysqlIO.sendCommand(MysqlIO.java:1631)
	at com.mysql.jdbc.MysqlIO.sqlQueryDirect(MysqlIO.java:1723)
	at com.mysql.jdbc.Connection.execSQL(Connection.java:3283)
	at com.mysql.jdbc.PreparedStatement.executeInternal(PreparedStatement.java:1332)
	at com.mysql.jdbc.PreparedStatement.executeQuery(PreparedStatement.java:1467)
	at com.kavalok.monitor.jdbc.PreparedStatement.executeQuery(PreparedStatement.java:100)
	at com.mchange.v2.c3p0.impl.NewProxyPreparedStatement.executeQuery(NewProxyPreparedStatement.java:76)
	at org.hibernate.jdbc.AbstractBatcher.getResultSet(AbstractBatcher.java:186)
	at org.hibernate.loader.Loader.getResultSet(Loader.java:1787)
	at org.hibernate.loader.Loader.doQuery(Loader.java:674)
	at org.hibernate.loader.Loader.doQueryAndInitializeNonLazyCollections(Loader.java:236)
	at org.hibernate.loader.Loader.doList(Loader.java:2220)
	... 33 common frames omitted
01:37:12.903 3999102653 [pool-4-thread-171] ERROR com.kavalok.KavalokApplication - null
java.lang.reflect.InvocationTargetException
	at sun.reflect.NativeMethodAccessorImpl.invoke0(Native Method)
	at sun.reflect.NativeMethodAccessorImpl.invoke(NativeMethodAccessorImpl.java:57)
	at sun.reflect.DelegatingMethodAccessorImpl.invoke(DelegatingMethodAccessorImpl.java:43)
	at java.lang.reflect.Method.invoke(Method.java:606)
	at com.kavalok.utils.ReflectUtil.callMethod(ReflectUtil.java:99)
	at com.kavalok.transactions.TransactionUtil.callTransaction(TransactionUtil.java:18)
	at com.kavalok.KavalokApplication.call(KavalokApplication.java:247)
	at sun.reflect.GeneratedMethodAccessor13080.invoke(Unknown Source)
	at sun.reflect.DelegatingMethodAccessorImpl.invoke(DelegatingMethodAccessorImpl.java:43)
	at java.lang.reflect.Method.invoke(Method.java:606)
	at org.red5.server.service.ServiceInvoker.invoke(ServiceInvoker.java:215)
	at org.red5.server.service.ServiceInvoker.invoke(ServiceInvoker.java:121)
	at org.red5.server.net.rtmp.RTMPHandler.invokeCall(RTMPHandler.java:157)
	at org.red5.server.net.rtmp.RTMPHandler.onInvoke(RTMPHandler.java:405)
	at org.red5.server.net.rtmp.BaseRTMPHandler.messageReceived(BaseRTMPHandler.java:148)
	at org.red5.server.net.rtmp.RTMPMinaIoHandler.messageReceived(RTMPMinaIoHandler.java:119)
	at org.apache.mina.common.support.AbstractIoFilterChain$TailFilter.messageReceived(AbstractIoFilterChain.java:570)
	at org.apache.mina.common.support.AbstractIoFilterChain.callNextMessageReceived(AbstractIoFilterChain.java:299)
	at org.apache.mina.common.support.AbstractIoFilterChain.access$1100(AbstractIoFilterChain.java:53)
	at org.apache.mina.common.support.AbstractIoFilterChain$EntryImpl$1.messageReceived(AbstractIoFilterChain.java:648)
	at org.apache.mina.filter.executor.ExecutorFilter.processEvent(ExecutorFilter.java:214)
	at org.apache.mina.filter.executor.ExecutorFilter$ProcessEventsRunnable.run(ExecutorFilter.java:265)
	at java.util.concurrent.ThreadPoolExecutor.runWorker(ThreadPoolExecutor.java:1145)
	at java.util.concurrent.ThreadPoolExecutor$Worker.run(ThreadPoolExecutor.java:615)
	at java.lang.Thread.run(Thread.java:745)
Caused by: org.hibernate.exception.SQLGrammarException: could not execute query
	at org.hibernate.exception.SQLStateConverter.convert(SQLStateConverter.java:67)
	at org.hibernate.exception.JDBCExceptionHelper.convert(JDBCExceptionHelper.java:43)
	at org.hibernate.loader.Loader.doList(Loader.java:2223)
	at org.hibernate.loader.Loader.listIgnoreQueryCache(Loader.java:2104)
	at org.hibernate.loader.Loader.list(Loader.java:2099)
	at org.hibernate.loader.criteria.CriteriaLoader.list(CriteriaLoader.java:94)
	at org.hibernate.impl.SessionImpl.list(SessionImpl.java:1569)
	at org.hibernate.impl.CriteriaImpl.list(CriteriaImpl.java:283)
	at com.kavalok.dao.CompetitionResultDAO.getCompetitionResults(CompetitionResultDAO.java:49)
	at com.kavalok.services.CompetitionDataService.getCompetitionResults(CompetitionDataService.java:50)
	at com.kavalok.services.CompetitionDataService.getMyCompetitionResult(CompetitionDataService.java:22)
	... 25 common frames omitted
Caused by: com.mysql.jdbc.exceptions.MySQLSyntaxErrorException: Expression #4 of SELECT list is not in GROUP BY clause and contains nonaggregated column 'kavalokca.this_.login' which is not functionally dependent on columns in GROUP BY clause; this is incompatible with sql_mode=only_full_group_by
	at com.mysql.jdbc.SQLError.createSQLException(SQLError.java:936)
	at com.mysql.jdbc.MysqlIO.checkErrorPacket(MysqlIO.java:2985)
	at com.mysql.jdbc.MysqlIO.sendCommand(MysqlIO.java:1631)
	at com.mysql.jdbc.MysqlIO.sqlQueryDirect(MysqlIO.java:1723)
	at com.mysql.jdbc.Connection.execSQL(Connection.java:3283)
	at com.mysql.jdbc.PreparedStatement.executeInternal(PreparedStatement.java:1332)
	at com.mysql.jdbc.PreparedStatement.executeQuery(PreparedStatement.java:1467)
	at com.kavalok.monitor.jdbc.PreparedStatement.executeQuery(PreparedStatement.java:100)
	at com.mchange.v2.c3p0.impl.NewProxyPreparedStatement.executeQuery(NewProxyPreparedStatement.java:76)
	at org.hibernate.jdbc.AbstractBatcher.getResultSet(AbstractBatcher.java:186)
	at org.hibernate.loader.Loader.getResultSet(Loader.java:1787)
	at org.hibernate.loader.Loader.doQuery(Loader.java:674)
	at org.hibernate.loader.Loader.doQueryAndInitializeNonLazyCollections(Loader.java:236)
	at org.hibernate.loader.Loader.doList(Loader.java:2220)
	... 33 common frames omitted
01:37:13.029 3999102779 [pool-4-thread-171] ERROR com.kavalok.KavalokApplication - null
java.lang.reflect.InvocationTargetException
	at sun.reflect.NativeMethodAccessorImpl.invoke0(Native Method)
	at sun.reflect.NativeMethodAccessorImpl.invoke(NativeMethodAccessorImpl.java:57)
	at sun.reflect.DelegatingMethodAccessorImpl.invoke(DelegatingMethodAccessorImpl.java:43)
	at java.lang.reflect.Method.invoke(Method.java:606)
	at com.kavalok.utils.ReflectUtil.callMethod(ReflectUtil.java:99)
	at com.kavalok.transactions.TransactionUtil.callTransaction(TransactionUtil.java:18)
	at com.kavalok.KavalokApplication.call(KavalokApplication.java:247)
	at sun.reflect.GeneratedMethodAccessor13080.invoke(Unknown Source)
	at sun.reflect.DelegatingMethodAccessorImpl.invoke(DelegatingMethodAccessorImpl.java:43)
	at java.lang.reflect.Method.invoke(Method.java:606)
	at org.red5.server.service.ServiceInvoker.invoke(ServiceInvoker.java:215)
	at org.red5.server.service.ServiceInvoker.invoke(ServiceInvoker.java:121)
	at org.red5.server.net.rtmp.RTMPHandler.invokeCall(RTMPHandler.java:157)
	at org.red5.server.net.rtmp.RTMPHandler.onInvoke(RTMPHandler.java:405)
	at org.red5.server.net.rtmp.BaseRTMPHandler.messageReceived(BaseRTMPHandler.java:148)
	at org.red5.server.net.rtmp.RTMPMinaIoHandler.messageReceived(RTMPMinaIoHandler.java:119)
	at org.apache.mina.common.support.AbstractIoFilterChain$TailFilter.messageReceived(AbstractIoFilterChain.java:570)
	at org.apache.mina.common.support.AbstractIoFilterChain.callNextMessageReceived(AbstractIoFilterChain.java:299)
	at org.apache.mina.common.support.AbstractIoFilterChain.access$1100(AbstractIoFilterChain.java:53)
	at org.apache.mina.common.support.AbstractIoFilterChain$EntryImpl$1.messageReceived(AbstractIoFilterChain.java:648)
	at org.apache.mina.filter.executor.ExecutorFilter.processEvent(ExecutorFilter.java:214)
	at org.apache.mina.filter.executor.ExecutorFilter$ProcessEventsRunnable.run(ExecutorFilter.java:265)
	at java.util.concurrent.ThreadPoolExecutor.runWorker(ThreadPoolExecutor.java:1145)
	at java.util.concurrent.ThreadPoolExecutor$Worker.run(ThreadPoolExecutor.java:615)
	at java.lang.Thread.run(Thread.java:745)
Caused by: org.hibernate.exception.SQLGrammarException: could not execute query
	at org.hibernate.exception.SQLStateConverter.convert(SQLStateConverter.java:67)
	at org.hibernate.exception.JDBCExceptionHelper.convert(JDBCExceptionHelper.java:43)
	at org.hibernate.loader.Loader.doList(Loader.java:2223)
	at org.hibernate.loader.Loader.listIgnoreQueryCache(Loader.java:2104)
	at org.hibernate.loader.Loader.list(Loader.java:2099)
	at org.hibernate.loader.criteria.CriteriaLoader.list(CriteriaLoader.java:94)
	at org.hibernate.impl.SessionImpl.list(SessionImpl.java:1569)
	at org.hibernate.impl.CriteriaImpl.list(CriteriaImpl.java:283)
	at com.kavalok.dao.CompetitionResultDAO.getCompetitionResults(CompetitionResultDAO.java:49)
	at com.kavalok.services.CompetitionDataService.getCompetitionResults(CompetitionDataService.java:50)
	at com.kavalok.services.CompetitionDataService.getMyCompetitionResult(CompetitionDataService.java:22)
	... 25 common frames omitted
Caused by: com.mysql.jdbc.exceptions.MySQLSyntaxErrorException: Expression #4 of SELECT list is not in GROUP BY clause and contains nonaggregated column 'kavalokca.this_.login' which is not functionally dependent on columns in GROUP BY clause; this is incompatible with sql_mode=only_full_group_by
	at com.mysql.jdbc.SQLError.createSQLException(SQLError.java:936)
	at com.mysql.jdbc.MysqlIO.checkErrorPacket(MysqlIO.java:2985)
	at com.mysql.jdbc.MysqlIO.sendCommand(MysqlIO.java:1631)
	at com.mysql.jdbc.MysqlIO.sqlQueryDirect(MysqlIO.java:1723)
	at com.mysql.jdbc.Connection.execSQL(Connection.java:3283)
	at com.mysql.jdbc.PreparedStatement.executeInternal(PreparedStatement.java:1332)
	at com.mysql.jdbc.PreparedStatement.executeQuery(PreparedStatement.java:1467)
	at com.kavalok.monitor.jdbc.PreparedStatement.executeQuery(PreparedStatement.java:100)
	at com.mchange.v2.c3p0.impl.NewProxyPreparedStatement.executeQuery(NewProxyPreparedStatement.java:76)
	at org.hibernate.jdbc.AbstractBatcher.getResultSet(AbstractBatcher.java:186)
	at org.hibernate.loader.Loader.getResultSet(Loader.java:1787)
	at org.hibernate.loader.Loader.doQuery(Loader.java:674)
	at org.hibernate.loader.Loader.doQueryAndInitializeNonLazyCollections(Loader.java:236)
	at org.hibernate.loader.Loader.doList(Loader.java:2220)
	... 33 common frames omitted
01:37:13.156 3999102906 [pool-4-thread-171] ERROR com.kavalok.KavalokApplication - null
java.lang.reflect.InvocationTargetException
	at sun.reflect.NativeMethodAccessorImpl.invoke0(Native Method)
	at sun.reflect.NativeMethodAccessorImpl.invoke(NativeMethodAccessorImpl.java:57)
	at sun.reflect.DelegatingMethodAccessorImpl.invoke(DelegatingMethodAccessorImpl.java:43)
	at java.lang.reflect.Method.invoke(Method.java:606)
	at com.kavalok.utils.ReflectUtil.callMethod(ReflectUtil.java:99)
	at com.kavalok.transactions.TransactionUtil.callTransaction(TransactionUtil.java:18)
	at com.kavalok.KavalokApplication.call(KavalokApplication.java:247)
	at sun.reflect.GeneratedMethodAccessor13080.invoke(Unknown Source)
	at sun.reflect.DelegatingMethodAccessorImpl.invoke(DelegatingMethodAccessorImpl.java:43)
	at java.lang.reflect.Method.invoke(Method.java:606)
	at org.red5.server.service.ServiceInvoker.invoke(ServiceInvoker.java:215)
	at org.red5.server.service.ServiceInvoker.invoke(ServiceInvoker.java:121)
	at org.red5.server.net.rtmp.RTMPHandler.invokeCall(RTMPHandler.java:157)
	at org.red5.server.net.rtmp.RTMPHandler.onInvoke(RTMPHandler.java:405)
	at org.red5.server.net.rtmp.BaseRTMPHandler.messageReceived(BaseRTMPHandler.java:148)
	at org.red5.server.net.rtmp.RTMPMinaIoHandler.messageReceived(RTMPMinaIoHandler.java:119)
	at org.apache.mina.common.support.AbstractIoFilterChain$TailFilter.messageReceived(AbstractIoFilterChain.java:570)
	at org.apache.mina.common.support.AbstractIoFilterChain.callNextMessageReceived(AbstractIoFilterChain.java:299)
	at org.apache.mina.common.support.AbstractIoFilterChain.access$1100(AbstractIoFilterChain.java:53)
	at org.apache.mina.common.support.AbstractIoFilterChain$EntryImpl$1.messageReceived(AbstractIoFilterChain.java:648)
	at org.apache.mina.filter.executor.ExecutorFilter.processEvent(ExecutorFilter.java:214)
	at org.apache.mina.filter.executor.ExecutorFilter$ProcessEventsRunnable.run(ExecutorFilter.java:265)
	at java.util.concurrent.ThreadPoolExecutor.runWorker(ThreadPoolExecutor.java:1145)
	at java.util.concurrent.ThreadPoolExecutor$Worker.run(ThreadPoolExecutor.java:615)
	at java.lang.Thread.run(Thread.java:745)
Caused by: org.hibernate.exception.SQLGrammarException: could not execute query
	at org.hibernate.exception.SQLStateConverter.convert(SQLStateConverter.java:67)
	at org.hibernate.exception.JDBCExceptionHelper.convert(JDBCExceptionHelper.java:43)
	at org.hibernate.loader.Loader.doList(Loader.java:2223)
	at org.hibernate.loader.Loader.listIgnoreQueryCache(Loader.java:2104)
	at org.hibernate.loader.Loader.list(Loader.java:2099)
	at org.hibernate.loader.criteria.CriteriaLoader.list(CriteriaLoader.java:94)
	at org.hibernate.impl.SessionImpl.list(SessionImpl.java:1569)
	at org.hibernate.impl.CriteriaImpl.list(CriteriaImpl.java:283)
	at com.kavalok.dao.CompetitionResultDAO.getCompetitionResults(CompetitionResultDAO.java:49)
	at com.kavalok.services.CompetitionDataService.getCompetitionResults(CompetitionDataService.java:50)
	at com.kavalok.services.CompetitionDataService.getMyCompetitionResult(CompetitionDataService.java:22)
	... 25 common frames omitted
Caused by: com.mysql.jdbc.exceptions.MySQLSyntaxErrorException: Expression #4 of SELECT list is not in GROUP BY clause and contains nonaggregated column 'kavalokca.this_.login' which is not functionally dependent on columns in GROUP BY clause; this is incompatible with sql_mode=only_full_group_by
	at com.mysql.jdbc.SQLError.createSQLException(SQLError.java:936)
	at com.mysql.jdbc.MysqlIO.checkErrorPacket(MysqlIO.java:2985)
	at com.mysql.jdbc.MysqlIO.sendCommand(MysqlIO.java:1631)
	at com.mysql.jdbc.MysqlIO.sqlQueryDirect(MysqlIO.java:1723)
	at com.mysql.jdbc.Connection.execSQL(Connection.java:3283)
	at com.mysql.jdbc.PreparedStatement.executeInternal(PreparedStatement.java:1332)
	at com.mysql.jdbc.PreparedStatement.executeQuery(PreparedStatement.java:1467)
	at com.kavalok.monitor.jdbc.PreparedStatement.executeQuery(PreparedStatement.java:100)
	at com.mchange.v2.c3p0.impl.NewProxyPreparedStatement.executeQuery(NewProxyPreparedStatement.java:76)
	at org.hibernate.jdbc.AbstractBatcher.getResultSet(AbstractBatcher.java:186)
	at org.hibernate.loader.Loader.getResultSet(Loader.java:1787)
	at org.hibernate.loader.Loader.doQuery(Loader.java:674)
	at org.hibernate.loader.Loader.doQueryAndInitializeNonLazyCollections(Loader.java:236)
	at org.hibernate.loader.Loader.doList(Loader.java:2220)
	... 33 common frames omitted
01:37:16.980 3999106730 [pool-4-thread-171] ERROR com.kavalok.KavalokApplication - null
java.lang.reflect.InvocationTargetException
	at sun.reflect.NativeMethodAccessorImpl.invoke0(Native Method)
	at sun.reflect.NativeMethodAccessorImpl.invoke(NativeMethodAccessorImpl.java:57)
	at sun.reflect.DelegatingMethodAccessorImpl.invoke(DelegatingMethodAccessorImpl.java:43)
	at java.lang.reflect.Method.invoke(Method.java:606)
	at com.kavalok.utils.ReflectUtil.callMethod(ReflectUtil.java:99)
	at com.kavalok.transactions.TransactionUtil.callTransaction(TransactionUtil.java:18)
	at com.kavalok.KavalokApplication.call(KavalokApplication.java:247)
	at sun.reflect.GeneratedMethodAccessor13080.invoke(Unknown Source)
	at sun.reflect.DelegatingMethodAccessorImpl.invoke(DelegatingMethodAccessorImpl.java:43)
	at java.lang.reflect.Method.invoke(Method.java:606)
	at org.red5.server.service.ServiceInvoker.invoke(ServiceInvoker.java:215)
	at org.red5.server.service.ServiceInvoker.invoke(ServiceInvoker.java:121)
	at org.red5.server.net.rtmp.RTMPHandler.invokeCall(RTMPHandler.java:157)
	at org.red5.server.net.rtmp.RTMPHandler.onInvoke(RTMPHandler.java:405)
	at org.red5.server.net.rtmp.BaseRTMPHandler.messageReceived(BaseRTMPHandler.java:148)
	at org.red5.server.net.rtmp.RTMPMinaIoHandler.messageReceived(RTMPMinaIoHandler.java:119)
	at org.apache.mina.common.support.AbstractIoFilterChain$TailFilter.messageReceived(AbstractIoFilterChain.java:570)
	at org.apache.mina.common.support.AbstractIoFilterChain.callNextMessageReceived(AbstractIoFilterChain.java:299)
	at org.apache.mina.common.support.AbstractIoFilterChain.access$1100(AbstractIoFilterChain.java:53)
	at org.apache.mina.common.support.AbstractIoFilterChain$EntryImpl$1.messageReceived(AbstractIoFilterChain.java:648)
	at org.apache.mina.filter.executor.ExecutorFilter.processEvent(ExecutorFilter.java:214)
	at org.apache.mina.filter.executor.ExecutorFilter$ProcessEventsRunnable.run(ExecutorFilter.java:265)
	at java.util.concurrent.ThreadPoolExecutor.runWorker(ThreadPoolExecutor.java:1145)
	at java.util.concurrent.ThreadPoolExecutor$Worker.run(ThreadPoolExecutor.java:615)
	at java.lang.Thread.run(Thread.java:745)
Caused by: org.hibernate.exception.SQLGrammarException: could not execute query
	at org.hibernate.exception.SQLStateConverter.convert(SQLStateConverter.java:67)
	at org.hibernate.exception.JDBCExceptionHelper.convert(JDBCExceptionHelper.java:43)
	at org.hibernate.loader.Loader.doList(Loader.java:2223)
	at org.hibernate.loader.Loader.listIgnoreQueryCache(Loader.java:2104)
	at org.hibernate.loader.Loader.list(Loader.java:2099)
	at org.hibernate.loader.criteria.CriteriaLoader.list(CriteriaLoader.java:94)
	at org.hibernate.impl.SessionImpl.list(SessionImpl.java:1569)
	at org.hibernate.impl.CriteriaImpl.list(CriteriaImpl.java:283)
	at com.kavalok.dao.CompetitionResultDAO.getCompetitionResults(CompetitionResultDAO.java:49)
	at com.kavalok.services.CompetitionDataService.getCompetitionResults(CompetitionDataService.java:50)
	at com.kavalok.services.CompetitionDataService.getMyCompetitionResult(CompetitionDataService.java:22)
	... 25 common frames omitted
Caused by: com.mysql.jdbc.exceptions.MySQLSyntaxErrorException: Expression #4 of SELECT list is not in GROUP BY clause and contains nonaggregated column 'kavalokca.this_.login' which is not functionally dependent on columns in GROUP BY clause; this is incompatible with sql_mode=only_full_group_by
	at com.mysql.jdbc.SQLError.createSQLException(SQLError.java:936)
	at com.mysql.jdbc.MysqlIO.checkErrorPacket(MysqlIO.java:2985)
	at com.mysql.jdbc.MysqlIO.sendCommand(MysqlIO.java:1631)
	at com.mysql.jdbc.MysqlIO.sqlQueryDirect(MysqlIO.java:1723)
	at com.mysql.jdbc.Connection.execSQL(Connection.java:3283)
	at com.mysql.jdbc.PreparedStatement.executeInternal(PreparedStatement.java:1332)
	at com.mysql.jdbc.PreparedStatement.executeQuery(PreparedStatement.java:1467)
	at com.kavalok.monitor.jdbc.PreparedStatement.executeQuery(PreparedStatement.java:100)
	at com.mchange.v2.c3p0.impl.NewProxyPreparedStatement.executeQuery(NewProxyPreparedStatement.java:76)
	at org.hibernate.jdbc.AbstractBatcher.getResultSet(AbstractBatcher.java:186)
	at org.hibernate.loader.Loader.getResultSet(Loader.java:1787)
	at org.hibernate.loader.Loader.doQuery(Loader.java:674)
	at org.hibernate.loader.Loader.doQueryAndInitializeNonLazyCollections(Loader.java:236)
	at org.hibernate.loader.Loader.doList(Loader.java:2220)
	... 33 common frames omitted
01:37:27.315 3999117065 [pool-4-thread-171] ERROR com.kavalok.KavalokApplication - null
java.lang.reflect.InvocationTargetException
	at sun.reflect.NativeMethodAccessorImpl.invoke0(Native Method)
	at sun.reflect.NativeMethodAccessorImpl.invoke(NativeMethodAccessorImpl.java:57)
	at sun.reflect.DelegatingMethodAccessorImpl.invoke(DelegatingMethodAccessorImpl.java:43)
	at java.lang.reflect.Method.invoke(Method.java:606)
	at com.kavalok.utils.ReflectUtil.callMethod(ReflectUtil.java:99)
	at com.kavalok.transactions.TransactionUtil.callTransaction(TransactionUtil.java:18)
	at com.kavalok.KavalokApplication.call(KavalokApplication.java:247)
	at sun.reflect.GeneratedMethodAccessor13080.invoke(Unknown Source)
	at sun.reflect.DelegatingMethodAccessorImpl.invoke(DelegatingMethodAccessorImpl.java:43)
	at java.lang.reflect.Method.invoke(Method.java:606)
	at org.red5.server.service.ServiceInvoker.invoke(ServiceInvoker.java:215)
	at org.red5.server.service.ServiceInvoker.invoke(ServiceInvoker.java:121)
	at org.red5.server.net.rtmp.RTMPHandler.invokeCall(RTMPHandler.java:157)
	at org.red5.server.net.rtmp.RTMPHandler.onInvoke(RTMPHandler.java:405)
	at org.red5.server.net.rtmp.BaseRTMPHandler.messageReceived(BaseRTMPHandler.java:148)
	at org.red5.server.net.rtmp.RTMPMinaIoHandler.messageReceived(RTMPMinaIoHandler.java:119)
	at org.apache.mina.common.support.AbstractIoFilterChain$TailFilter.messageReceived(AbstractIoFilterChain.java:570)
	at org.apache.mina.common.support.AbstractIoFilterChain.callNextMessageReceived(AbstractIoFilterChain.java:299)
	at org.apache.mina.common.support.AbstractIoFilterChain.access$1100(AbstractIoFilterChain.java:53)
	at org.apache.mina.common.support.AbstractIoFilterChain$EntryImpl$1.messageReceived(AbstractIoFilterChain.java:648)
	at org.apache.mina.filter.executor.ExecutorFilter.processEvent(ExecutorFilter.java:214)
	at org.apache.mina.filter.executor.ExecutorFilter$ProcessEventsRunnable.run(ExecutorFilter.java:265)
	at java.util.concurrent.ThreadPoolExecutor.runWorker(ThreadPoolExecutor.java:1145)
	at java.util.concurrent.ThreadPoolExecutor$Worker.run(ThreadPoolExecutor.java:615)
	at java.lang.Thread.run(Thread.java:745)
Caused by: org.hibernate.exception.SQLGrammarException: could not execute query
	at org.hibernate.exception.SQLStateConverter.convert(SQLStateConverter.java:67)
	at org.hibernate.exception.JDBCExceptionHelper.convert(JDBCExceptionHelper.java:43)
	at org.hibernate.loader.Loader.doList(Loader.java:2223)
	at org.hibernate.loader.Loader.listIgnoreQueryCache(Loader.java:2104)
	at org.hibernate.loader.Loader.list(Loader.java:2099)
	at org.hibernate.loader.criteria.CriteriaLoader.list(CriteriaLoader.java:94)
	at org.hibernate.impl.SessionImpl.list(SessionImpl.java:1569)
	at org.hibernate.impl.CriteriaImpl.list(CriteriaImpl.java:283)
	at com.kavalok.dao.CompetitionResultDAO.getCompetitionResults(CompetitionResultDAO.java:49)
	at com.kavalok.services.CompetitionDataService.getCompetitionResults(CompetitionDataService.java:50)
	at com.kavalok.services.CompetitionDataService.getMyCompetitionResult(CompetitionDataService.java:22)
	... 25 common frames omitted
Caused by: com.mysql.jdbc.exceptions.MySQLSyntaxErrorException: Expression #4 of SELECT list is not in GROUP BY clause and contains nonaggregated column 'kavalokca.this_.login' which is not functionally dependent on columns in GROUP BY clause; this is incompatible with sql_mode=only_full_group_by
	at com.mysql.jdbc.SQLError.createSQLException(SQLError.java:936)
	at com.mysql.jdbc.MysqlIO.checkErrorPacket(MysqlIO.java:2985)
	at com.mysql.jdbc.MysqlIO.sendCommand(MysqlIO.java:1631)
	at com.mysql.jdbc.MysqlIO.sqlQueryDirect(MysqlIO.java:1723)
	at com.mysql.jdbc.Connection.execSQL(Connection.java:3283)
	at com.mysql.jdbc.PreparedStatement.executeInternal(PreparedStatement.java:1332)
	at com.mysql.jdbc.PreparedStatement.executeQuery(PreparedStatement.java:1467)
	at com.kavalok.monitor.jdbc.PreparedStatement.executeQuery(PreparedStatement.java:100)
	at com.mchange.v2.c3p0.impl.NewProxyPreparedStatement.executeQuery(NewProxyPreparedStatement.java:76)
	at org.hibernate.jdbc.AbstractBatcher.getResultSet(AbstractBatcher.java:186)
	at org.hibernate.loader.Loader.getResultSet(Loader.java:1787)
	at org.hibernate.loader.Loader.doQuery(Loader.java:674)
	at org.hibernate.loader.Loader.doQueryAndInitializeNonLazyCollections(Loader.java:236)
	at org.hibernate.loader.Loader.doList(Loader.java:2220)
	... 33 common frames omitted
01:37:27.452 3999117202 [pool-4-thread-171] ERROR com.kavalok.KavalokApplication - null
java.lang.reflect.InvocationTargetException
	at sun.reflect.NativeMethodAccessorImpl.invoke0(Native Method)
	at sun.reflect.NativeMethodAccessorImpl.invoke(NativeMethodAccessorImpl.java:57)
	at sun.reflect.DelegatingMethodAccessorImpl.invoke(DelegatingMethodAccessorImpl.java:43)
	at java.lang.reflect.Method.invoke(Method.java:606)
	at com.kavalok.utils.ReflectUtil.callMethod(ReflectUtil.java:99)
	at com.kavalok.transactions.TransactionUtil.callTransaction(TransactionUtil.java:18)
	at com.kavalok.KavalokApplication.call(KavalokApplication.java:247)
	at sun.reflect.GeneratedMethodAccessor13080.invoke(Unknown Source)
	at sun.reflect.DelegatingMethodAccessorImpl.invoke(DelegatingMethodAccessorImpl.java:43)
	at java.lang.reflect.Method.invoke(Method.java:606)
	at org.red5.server.service.ServiceInvoker.invoke(ServiceInvoker.java:215)
	at org.red5.server.service.ServiceInvoker.invoke(ServiceInvoker.java:121)
	at org.red5.server.net.rtmp.RTMPHandler.invokeCall(RTMPHandler.java:157)
	at org.red5.server.net.rtmp.RTMPHandler.onInvoke(RTMPHandler.java:405)
	at org.red5.server.net.rtmp.BaseRTMPHandler.messageReceived(BaseRTMPHandler.java:148)
	at org.red5.server.net.rtmp.RTMPMinaIoHandler.messageReceived(RTMPMinaIoHandler.java:119)
	at org.apache.mina.common.support.AbstractIoFilterChain$TailFilter.messageReceived(AbstractIoFilterChain.java:570)
	at org.apache.mina.common.support.AbstractIoFilterChain.callNextMessageReceived(AbstractIoFilterChain.java:299)
	at org.apache.mina.common.support.AbstractIoFilterChain.access$1100(AbstractIoFilterChain.java:53)
	at org.apache.mina.common.support.AbstractIoFilterChain$EntryImpl$1.messageReceived(AbstractIoFilterChain.java:648)
	at org.apache.mina.filter.executor.ExecutorFilter.processEvent(ExecutorFilter.java:214)
	at org.apache.mina.filter.executor.ExecutorFilter$ProcessEventsRunnable.run(ExecutorFilter.java:265)
	at java.util.concurrent.ThreadPoolExecutor.runWorker(ThreadPoolExecutor.java:1145)
	at java.util.concurrent.ThreadPoolExecutor$Worker.run(ThreadPoolExecutor.java:615)
	at java.lang.Thread.run(Thread.java:745)
Caused by: org.hibernate.exception.SQLGrammarException: could not execute query
	at org.hibernate.exception.SQLStateConverter.convert(SQLStateConverter.java:67)
	at org.hibernate.exception.JDBCExceptionHelper.convert(JDBCExceptionHelper.java:43)
	at org.hibernate.loader.Loader.doList(Loader.java:2223)
	at org.hibernate.loader.Loader.listIgnoreQueryCache(Loader.java:2104)
	at org.hibernate.loader.Loader.list(Loader.java:2099)
	at org.hibernate.loader.criteria.CriteriaLoader.list(CriteriaLoader.java:94)
	at org.hibernate.impl.SessionImpl.list(SessionImpl.java:1569)
	at org.hibernate.impl.CriteriaImpl.list(CriteriaImpl.java:283)
	at com.kavalok.dao.CompetitionResultDAO.getCompetitionResults(CompetitionResultDAO.java:49)
	at com.kavalok.services.CompetitionDataService.getCompetitionResults(CompetitionDataService.java:50)
	at com.kavalok.services.CompetitionDataService.getMyCompetitionResult(CompetitionDataService.java:22)
	... 25 common frames omitted
Caused by: com.mysql.jdbc.exceptions.MySQLSyntaxErrorException: Expression #4 of SELECT list is not in GROUP BY clause and contains nonaggregated column 'kavalokca.this_.login' which is not functionally dependent on columns in GROUP BY clause; this is incompatible with sql_mode=only_full_group_by
	at com.mysql.jdbc.SQLError.createSQLException(SQLError.java:936)
	at com.mysql.jdbc.MysqlIO.checkErrorPacket(MysqlIO.java:2985)
	at com.mysql.jdbc.MysqlIO.sendCommand(MysqlIO.java:1631)
	at com.mysql.jdbc.MysqlIO.sqlQueryDirect(MysqlIO.java:1723)
	at com.mysql.jdbc.Connection.execSQL(Connection.java:3283)
	at com.mysql.jdbc.PreparedStatement.executeInternal(PreparedStatement.java:1332)
	at com.mysql.jdbc.PreparedStatement.executeQuery(PreparedStatement.java:1467)
	at com.kavalok.monitor.jdbc.PreparedStatement.executeQuery(PreparedStatement.java:100)
	at com.mchange.v2.c3p0.impl.NewProxyPreparedStatement.executeQuery(NewProxyPreparedStatement.java:76)
	at org.hibernate.jdbc.AbstractBatcher.getResultSet(AbstractBatcher.java:186)
	at org.hibernate.loader.Loader.getResultSet(Loader.java:1787)
	at org.hibernate.loader.Loader.doQuery(Loader.java:674)
	at org.hibernate.loader.Loader.doQueryAndInitializeNonLazyCollections(Loader.java:236)
	at org.hibernate.loader.Loader.doList(Loader.java:2220)
	... 33 common frames omitted
01:37:32.479 3999122229 [pool-4-thread-171] ERROR com.kavalok.KavalokApplication - null
java.lang.reflect.InvocationTargetException
	at sun.reflect.NativeMethodAccessorImpl.invoke0(Native Method)
	at sun.reflect.NativeMethodAccessorImpl.invoke(NativeMethodAccessorImpl.java:57)
	at sun.reflect.DelegatingMethodAccessorImpl.invoke(DelegatingMethodAccessorImpl.java:43)
	at java.lang.reflect.Method.invoke(Method.java:606)
	at com.kavalok.utils.ReflectUtil.callMethod(ReflectUtil.java:99)
	at com.kavalok.transactions.TransactionUtil.callTransaction(TransactionUtil.java:18)
	at com.kavalok.KavalokApplication.call(KavalokApplication.java:247)
	at sun.reflect.GeneratedMethodAccessor13080.invoke(Unknown Source)
	at sun.reflect.DelegatingMethodAccessorImpl.invoke(DelegatingMethodAccessorImpl.java:43)
	at java.lang.reflect.Method.invoke(Method.java:606)
	at org.red5.server.service.ServiceInvoker.invoke(ServiceInvoker.java:215)
	at org.red5.server.service.ServiceInvoker.invoke(ServiceInvoker.java:121)
	at org.red5.server.net.rtmp.RTMPHandler.invokeCall(RTMPHandler.java:157)
	at org.red5.server.net.rtmp.RTMPHandler.onInvoke(RTMPHandler.java:405)
	at org.red5.server.net.rtmp.BaseRTMPHandler.messageReceived(BaseRTMPHandler.java:148)
	at org.red5.server.net.rtmp.RTMPMinaIoHandler.messageReceived(RTMPMinaIoHandler.java:119)
	at org.apache.mina.common.support.AbstractIoFilterChain$TailFilter.messageReceived(AbstractIoFilterChain.java:570)
	at org.apache.mina.common.support.AbstractIoFilterChain.callNextMessageReceived(AbstractIoFilterChain.java:299)
	at org.apache.mina.common.support.AbstractIoFilterChain.access$1100(AbstractIoFilterChain.java:53)
	at org.apache.mina.common.support.AbstractIoFilterChain$EntryImpl$1.messageReceived(AbstractIoFilterChain.java:648)
	at org.apache.mina.filter.executor.ExecutorFilter.processEvent(ExecutorFilter.java:214)
	at org.apache.mina.filter.executor.ExecutorFilter$ProcessEventsRunnable.run(ExecutorFilter.java:265)
	at java.util.concurrent.ThreadPoolExecutor.runWorker(ThreadPoolExecutor.java:1145)
	at java.util.concurrent.ThreadPoolExecutor$Worker.run(ThreadPoolExecutor.java:615)
	at java.lang.Thread.run(Thread.java:745)
Caused by: org.hibernate.exception.SQLGrammarException: could not execute query
	at org.hibernate.exception.SQLStateConverter.convert(SQLStateConverter.java:67)
	at org.hibernate.exception.JDBCExceptionHelper.convert(JDBCExceptionHelper.java:43)
	at org.hibernate.loader.Loader.doList(Loader.java:2223)
	at org.hibernate.loader.Loader.listIgnoreQueryCache(Loader.java:2104)
	at org.hibernate.loader.Loader.list(Loader.java:2099)
	at org.hibernate.loader.criteria.CriteriaLoader.list(CriteriaLoader.java:94)
	at org.hibernate.impl.SessionImpl.list(SessionImpl.java:1569)
	at org.hibernate.impl.CriteriaImpl.list(CriteriaImpl.java:283)
	at com.kavalok.dao.CompetitionResultDAO.getCompetitionResults(CompetitionResultDAO.java:49)
	at com.kavalok.services.CompetitionDataService.getCompetitionResults(CompetitionDataService.java:50)
	at com.kavalok.services.CompetitionDataService.getMyCompetitionResult(CompetitionDataService.java:22)
	... 25 common frames omitted
Caused by: com.mysql.jdbc.exceptions.MySQLSyntaxErrorException: Expression #4 of SELECT list is not in GROUP BY clause and contains nonaggregated column 'kavalokca.this_.login' which is not functionally dependent on columns in GROUP BY clause; this is incompatible with sql_mode=only_full_group_by
	at com.mysql.jdbc.SQLError.createSQLException(SQLError.java:936)
	at com.mysql.jdbc.MysqlIO.checkErrorPacket(MysqlIO.java:2985)
	at com.mysql.jdbc.MysqlIO.sendCommand(MysqlIO.java:1631)
	at com.mysql.jdbc.MysqlIO.sqlQueryDirect(MysqlIO.java:1723)
	at com.mysql.jdbc.Connection.execSQL(Connection.java:3283)
	at com.mysql.jdbc.PreparedStatement.executeInternal(PreparedStatement.java:1332)
	at com.mysql.jdbc.PreparedStatement.executeQuery(PreparedStatement.java:1467)
	at com.kavalok.monitor.jdbc.PreparedStatement.executeQuery(PreparedStatement.java:100)
	at com.mchange.v2.c3p0.impl.NewProxyPreparedStatement.executeQuery(NewProxyPreparedStatement.java:76)
	at org.hibernate.jdbc.AbstractBatcher.getResultSet(AbstractBatcher.java:186)
	at org.hibernate.loader.Loader.getResultSet(Loader.java:1787)
	at org.hibernate.loader.Loader.doQuery(Loader.java:674)
	at org.hibernate.loader.Loader.doQueryAndInitializeNonLazyCollections(Loader.java:236)
	at org.hibernate.loader.Loader.doList(Loader.java:2220)
	... 33 common frames omitted
01:37:41.586 3999131336 [pool-4-thread-171] ERROR com.kavalok.KavalokApplication - null
java.lang.reflect.InvocationTargetException
	at sun.reflect.NativeMethodAccessorImpl.invoke0(Native Method)
	at sun.reflect.NativeMethodAccessorImpl.invoke(NativeMethodAccessorImpl.java:57)
	at sun.reflect.DelegatingMethodAccessorImpl.invoke(DelegatingMethodAccessorImpl.java:43)
	at java.lang.reflect.Method.invoke(Method.java:606)
	at com.kavalok.utils.ReflectUtil.callMethod(ReflectUtil.java:99)
	at com.kavalok.transactions.TransactionUtil.callTransaction(TransactionUtil.java:18)
	at com.kavalok.KavalokApplication.call(KavalokApplication.java:247)
	at sun.reflect.GeneratedMethodAccessor13080.invoke(Unknown Source)
	at sun.reflect.DelegatingMethodAccessorImpl.invoke(DelegatingMethodAccessorImpl.java:43)
	at java.lang.reflect.Method.invoke(Method.java:606)
	at org.red5.server.service.ServiceInvoker.invoke(ServiceInvoker.java:215)
	at org.red5.server.service.ServiceInvoker.invoke(ServiceInvoker.java:121)
	at org.red5.server.net.rtmp.RTMPHandler.invokeCall(RTMPHandler.java:157)
	at org.red5.server.net.rtmp.RTMPHandler.onInvoke(RTMPHandler.java:405)
	at org.red5.server.net.rtmp.BaseRTMPHandler.messageReceived(BaseRTMPHandler.java:148)
	at org.red5.server.net.rtmp.RTMPMinaIoHandler.messageReceived(RTMPMinaIoHandler.java:119)
	at org.apache.mina.common.support.AbstractIoFilterChain$TailFilter.messageReceived(AbstractIoFilterChain.java:570)
	at org.apache.mina.common.support.AbstractIoFilterChain.callNextMessageReceived(AbstractIoFilterChain.java:299)
	at org.apache.mina.common.support.AbstractIoFilterChain.access$1100(AbstractIoFilterChain.java:53)
	at org.apache.mina.common.support.AbstractIoFilterChain$EntryImpl$1.messageReceived(AbstractIoFilterChain.java:648)
	at org.apache.mina.filter.executor.ExecutorFilter.processEvent(ExecutorFilter.java:214)
	at org.apache.mina.filter.executor.ExecutorFilter$ProcessEventsRunnable.run(ExecutorFilter.java:265)
	at java.util.concurrent.ThreadPoolExecutor.runWorker(ThreadPoolExecutor.java:1145)
	at java.util.concurrent.ThreadPoolExecutor$Worker.run(ThreadPoolExecutor.java:615)
	at java.lang.Thread.run(Thread.java:745)
Caused by: org.hibernate.exception.SQLGrammarException: could not execute query
	at org.hibernate.exception.SQLStateConverter.convert(SQLStateConverter.java:67)
	at org.hibernate.exception.JDBCExceptionHelper.convert(JDBCExceptionHelper.java:43)
	at org.hibernate.loader.Loader.doList(Loader.java:2223)
	at org.hibernate.loader.Loader.listIgnoreQueryCache(Loader.java:2104)
	at org.hibernate.loader.Loader.list(Loader.java:2099)
	at org.hibernate.loader.criteria.CriteriaLoader.list(CriteriaLoader.java:94)
	at org.hibernate.impl.SessionImpl.list(SessionImpl.java:1569)
	at org.hibernate.impl.CriteriaImpl.list(CriteriaImpl.java:283)
	at com.kavalok.dao.CompetitionResultDAO.getCompetitionResults(CompetitionResultDAO.java:49)
	at com.kavalok.services.CompetitionDataService.getCompetitionResults(CompetitionDataService.java:50)
	at com.kavalok.services.CompetitionDataService.getMyCompetitionResult(CompetitionDataService.java:22)
	... 25 common frames omitted
Caused by: com.mysql.jdbc.exceptions.MySQLSyntaxErrorException: Expression #4 of SELECT list is not in GROUP BY clause and contains nonaggregated column 'kavalokca.this_.login' which is not functionally dependent on columns in GROUP BY clause; this is incompatible with sql_mode=only_full_group_by
	at com.mysql.jdbc.SQLError.createSQLException(SQLError.java:936)
	at com.mysql.jdbc.MysqlIO.checkErrorPacket(MysqlIO.java:2985)
	at com.mysql.jdbc.MysqlIO.sendCommand(MysqlIO.java:1631)
	at com.mysql.jdbc.MysqlIO.sqlQueryDirect(MysqlIO.java:1723)
	at com.mysql.jdbc.Connection.execSQL(Connection.java:3283)
	at com.mysql.jdbc.PreparedStatement.executeInternal(PreparedStatement.java:1332)
	at com.mysql.jdbc.PreparedStatement.executeQuery(PreparedStatement.java:1467)
	at com.kavalok.monitor.jdbc.PreparedStatement.executeQuery(PreparedStatement.java:100)
	at com.mchange.v2.c3p0.impl.NewProxyPreparedStatement.executeQuery(NewProxyPreparedStatement.java:76)
	at org.hibernate.jdbc.AbstractBatcher.getResultSet(AbstractBatcher.java:186)
	at org.hibernate.loader.Loader.getResultSet(Loader.java:1787)
	at org.hibernate.loader.Loader.doQuery(Loader.java:674)
	at org.hibernate.loader.Loader.doQueryAndInitializeNonLazyCollections(Loader.java:236)
	at org.hibernate.loader.Loader.doList(Loader.java:2220)
	... 33 common frames omitted
01:38:10.873 3999160623 [pool-4-thread-171] ERROR com.kavalok.KavalokApplication - null
java.lang.reflect.InvocationTargetException
	at sun.reflect.NativeMethodAccessorImpl.invoke0(Native Method)
	at sun.reflect.NativeMethodAccessorImpl.invoke(NativeMethodAccessorImpl.java:57)
	at sun.reflect.DelegatingMethodAccessorImpl.invoke(DelegatingMethodAccessorImpl.java:43)
	at java.lang.reflect.Method.invoke(Method.java:606)
	at com.kavalok.utils.ReflectUtil.callMethod(ReflectUtil.java:99)
	at com.kavalok.transactions.TransactionUtil.callTransaction(TransactionUtil.java:18)
	at com.kavalok.KavalokApplication.call(KavalokApplication.java:247)
	at sun.reflect.GeneratedMethodAccessor13080.invoke(Unknown Source)
	at sun.reflect.DelegatingMethodAccessorImpl.invoke(DelegatingMethodAccessorImpl.java:43)
	at java.lang.reflect.Method.invoke(Method.java:606)
	at org.red5.server.service.ServiceInvoker.invoke(ServiceInvoker.java:215)
	at org.red5.server.service.ServiceInvoker.invoke(ServiceInvoker.java:121)
	at org.red5.server.net.rtmp.RTMPHandler.invokeCall(RTMPHandler.java:157)
	at org.red5.server.net.rtmp.RTMPHandler.onInvoke(RTMPHandler.java:405)
	at org.red5.server.net.rtmp.BaseRTMPHandler.messageReceived(BaseRTMPHandler.java:148)
	at org.red5.server.net.rtmp.RTMPMinaIoHandler.messageReceived(RTMPMinaIoHandler.java:119)
	at org.apache.mina.common.support.AbstractIoFilterChain$TailFilter.messageReceived(AbstractIoFilterChain.java:570)
	at org.apache.mina.common.support.AbstractIoFilterChain.callNextMessageReceived(AbstractIoFilterChain.java:299)
	at org.apache.mina.common.support.AbstractIoFilterChain.access$1100(AbstractIoFilterChain.java:53)
	at org.apache.mina.common.support.AbstractIoFilterChain$EntryImpl$1.messageReceived(AbstractIoFilterChain.java:648)
	at org.apache.mina.filter.executor.ExecutorFilter.processEvent(ExecutorFilter.java:214)
	at org.apache.mina.filter.executor.ExecutorFilter$ProcessEventsRunnable.run(ExecutorFilter.java:265)
	at java.util.concurrent.ThreadPoolExecutor.runWorker(ThreadPoolExecutor.java:1145)
	at java.util.concurrent.ThreadPoolExecutor$Worker.run(ThreadPoolExecutor.java:615)
	at java.lang.Thread.run(Thread.java:745)
Caused by: org.hibernate.exception.SQLGrammarException: could not execute query
	at org.hibernate.exception.SQLStateConverter.convert(SQLStateConverter.java:67)
	at org.hibernate.exception.JDBCExceptionHelper.convert(JDBCExceptionHelper.java:43)
	at org.hibernate.loader.Loader.doList(Loader.java:2223)
	at org.hibernate.loader.Loader.listIgnoreQueryCache(Loader.java:2104)
	at org.hibernate.loader.Loader.list(Loader.java:2099)
	at org.hibernate.loader.criteria.CriteriaLoader.list(CriteriaLoader.java:94)
	at org.hibernate.impl.SessionImpl.list(SessionImpl.java:1569)
	at org.hibernate.impl.CriteriaImpl.list(CriteriaImpl.java:283)
	at com.kavalok.dao.CompetitionResultDAO.getCompetitionResults(CompetitionResultDAO.java:49)
	at com.kavalok.services.CompetitionDataService.getCompetitionResults(CompetitionDataService.java:50)
	at com.kavalok.services.CompetitionDataService.getMyCompetitionResult(CompetitionDataService.java:22)
	... 25 common frames omitted
Caused by: com.mysql.jdbc.exceptions.MySQLSyntaxErrorException: Expression #4 of SELECT list is not in GROUP BY clause and contains nonaggregated column 'kavalokca.this_.login' which is not functionally dependent on columns in GROUP BY clause; this is incompatible with sql_mode=only_full_group_by
	at com.mysql.jdbc.SQLError.createSQLException(SQLError.java:936)
	at com.mysql.jdbc.MysqlIO.checkErrorPacket(MysqlIO.java:2985)
	at com.mysql.jdbc.MysqlIO.sendCommand(MysqlIO.java:1631)
	at com.mysql.jdbc.MysqlIO.sqlQueryDirect(MysqlIO.java:1723)
	at com.mysql.jdbc.Connection.execSQL(Connection.java:3283)
	at com.mysql.jdbc.PreparedStatement.executeInternal(PreparedStatement.java:1332)
	at com.mysql.jdbc.PreparedStatement.executeQuery(PreparedStatement.java:1467)
	at com.kavalok.monitor.jdbc.PreparedStatement.executeQuery(PreparedStatement.java:100)
	at com.mchange.v2.c3p0.impl.NewProxyPreparedStatement.executeQuery(NewProxyPreparedStatement.java:76)
	at org.hibernate.jdbc.AbstractBatcher.getResultSet(AbstractBatcher.java:186)
	at org.hibernate.loader.Loader.getResultSet(Loader.java:1787)
	at org.hibernate.loader.Loader.doQuery(Loader.java:674)
	at org.hibernate.loader.Loader.doQueryAndInitializeNonLazyCollections(Loader.java:236)
	at org.hibernate.loader.Loader.doList(Loader.java:2220)
	... 33 common frames omitted
16:21:12.404 4052142154 [pool-4-thread-171] ERROR com.kavalok.KavalokApplication - null
java.lang.reflect.InvocationTargetException
	at sun.reflect.NativeMethodAccessorImpl.invoke0(Native Method)
	at sun.reflect.NativeMethodAccessorImpl.invoke(NativeMethodAccessorImpl.java:57)
	at sun.reflect.DelegatingMethodAccessorImpl.invoke(DelegatingMethodAccessorImpl.java:43)
	at java.lang.reflect.Method.invoke(Method.java:606)
	at com.kavalok.utils.ReflectUtil.callMethod(ReflectUtil.java:99)
	at com.kavalok.transactions.TransactionUtil.callTransaction(TransactionUtil.java:18)
	at com.kavalok.KavalokApplication.call(KavalokApplication.java:247)
	at sun.reflect.GeneratedMethodAccessor13294.invoke(Unknown Source)
	at sun.reflect.DelegatingMethodAccessorImpl.invoke(DelegatingMethodAccessorImpl.java:43)
	at java.lang.reflect.Method.invoke(Method.java:606)
	at org.red5.server.service.ServiceInvoker.invoke(ServiceInvoker.java:215)
	at org.red5.server.service.ServiceInvoker.invoke(ServiceInvoker.java:121)
	at org.red5.server.net.rtmp.RTMPHandler.invokeCall(RTMPHandler.java:157)
	at org.red5.server.net.rtmp.RTMPHandler.onInvoke(RTMPHandler.java:405)
	at org.red5.server.net.rtmp.BaseRTMPHandler.messageReceived(BaseRTMPHandler.java:148)
	at org.red5.server.net.rtmp.RTMPMinaIoHandler.messageReceived(RTMPMinaIoHandler.java:119)
	at org.apache.mina.common.support.AbstractIoFilterChain$TailFilter.messageReceived(AbstractIoFilterChain.java:570)
	at org.apache.mina.common.support.AbstractIoFilterChain.callNextMessageReceived(AbstractIoFilterChain.java:299)
	at org.apache.mina.common.support.AbstractIoFilterChain.access$1100(AbstractIoFilterChain.java:53)
	at org.apache.mina.common.support.AbstractIoFilterChain$EntryImpl$1.messageReceived(AbstractIoFilterChain.java:648)
	at org.apache.mina.filter.executor.ExecutorFilter.processEvent(ExecutorFilter.java:214)
	at org.apache.mina.filter.executor.ExecutorFilter$ProcessEventsRunnable.run(ExecutorFilter.java:265)
	at java.util.concurrent.ThreadPoolExecutor.runWorker(ThreadPoolExecutor.java:1145)
	at java.util.concurrent.ThreadPoolExecutor$Worker.run(ThreadPoolExecutor.java:615)
	at java.lang.Thread.run(Thread.java:745)
Caused by: org.hibernate.exception.SQLGrammarException: could not execute query
	at org.hibernate.exception.SQLStateConverter.convert(SQLStateConverter.java:67)
	at org.hibernate.exception.JDBCExceptionHelper.convert(JDBCExceptionHelper.java:43)
	at org.hibernate.loader.Loader.doList(Loader.java:2223)
	at org.hibernate.loader.Loader.listIgnoreQueryCache(Loader.java:2104)
	at org.hibernate.loader.Loader.list(Loader.java:2099)
	at org.hibernate.loader.criteria.CriteriaLoader.list(CriteriaLoader.java:94)
	at org.hibernate.impl.SessionImpl.list(SessionImpl.java:1569)
	at org.hibernate.impl.CriteriaImpl.list(CriteriaImpl.java:283)
	at com.kavalok.dao.CompetitionResultDAO.getCompetitionResults(CompetitionResultDAO.java:49)
	at com.kavalok.services.CompetitionDataService.getCompetitionResults(CompetitionDataService.java:50)
	at com.kavalok.services.CompetitionDataService.getMyCompetitionResult(CompetitionDataService.java:22)
	... 25 common frames omitted
Caused by: com.mysql.jdbc.exceptions.MySQLSyntaxErrorException: Expression #4 of SELECT list is not in GROUP BY clause and contains nonaggregated column 'kavalokca.this_.login' which is not functionally dependent on columns in GROUP BY clause; this is incompatible with sql_mode=only_full_group_by
	at com.mysql.jdbc.SQLError.createSQLException(SQLError.java:936)
	at com.mysql.jdbc.MysqlIO.checkErrorPacket(MysqlIO.java:2985)
	at com.mysql.jdbc.MysqlIO.sendCommand(MysqlIO.java:1631)
	at com.mysql.jdbc.MysqlIO.sqlQueryDirect(MysqlIO.java:1723)
	at com.mysql.jdbc.Connection.execSQL(Connection.java:3283)
	at com.mysql.jdbc.PreparedStatement.executeInternal(PreparedStatement.java:1332)
	at com.mysql.jdbc.PreparedStatement.executeQuery(PreparedStatement.java:1467)
	at com.kavalok.monitor.jdbc.PreparedStatement.executeQuery(PreparedStatement.java:100)
	at com.mchange.v2.c3p0.impl.NewProxyPreparedStatement.executeQuery(NewProxyPreparedStatement.java:76)
	at org.hibernate.jdbc.AbstractBatcher.getResultSet(AbstractBatcher.java:186)
	at org.hibernate.loader.Loader.getResultSet(Loader.java:1787)
	at org.hibernate.loader.Loader.doQuery(Loader.java:674)
	at org.hibernate.loader.Loader.doQueryAndInitializeNonLazyCollections(Loader.java:236)
	at org.hibernate.loader.Loader.doList(Loader.java:2220)
	... 33 common frames omitted
16:21:12.554 4052142304 [pool-4-thread-171] ERROR com.kavalok.KavalokApplication - null
java.lang.reflect.InvocationTargetException
	at sun.reflect.NativeMethodAccessorImpl.invoke0(Native Method)
	at sun.reflect.NativeMethodAccessorImpl.invoke(NativeMethodAccessorImpl.java:57)
	at sun.reflect.DelegatingMethodAccessorImpl.invoke(DelegatingMethodAccessorImpl.java:43)
	at java.lang.reflect.Method.invoke(Method.java:606)
	at com.kavalok.utils.ReflectUtil.callMethod(ReflectUtil.java:99)
	at com.kavalok.transactions.TransactionUtil.callTransaction(TransactionUtil.java:18)
	at com.kavalok.KavalokApplication.call(KavalokApplication.java:247)
	at sun.reflect.GeneratedMethodAccessor13294.invoke(Unknown Source)
	at sun.reflect.DelegatingMethodAccessorImpl.invoke(DelegatingMethodAccessorImpl.java:43)
	at java.lang.reflect.Method.invoke(Method.java:606)
	at org.red5.server.service.ServiceInvoker.invoke(ServiceInvoker.java:215)
	at org.red5.server.service.ServiceInvoker.invoke(ServiceInvoker.java:121)
	at org.red5.server.net.rtmp.RTMPHandler.invokeCall(RTMPHandler.java:157)
	at org.red5.server.net.rtmp.RTMPHandler.onInvoke(RTMPHandler.java:405)
	at org.red5.server.net.rtmp.BaseRTMPHandler.messageReceived(BaseRTMPHandler.java:148)
	at org.red5.server.net.rtmp.RTMPMinaIoHandler.messageReceived(RTMPMinaIoHandler.java:119)
	at org.apache.mina.common.support.AbstractIoFilterChain$TailFilter.messageReceived(AbstractIoFilterChain.java:570)
	at org.apache.mina.common.support.AbstractIoFilterChain.callNextMessageReceived(AbstractIoFilterChain.java:299)
	at org.apache.mina.common.support.AbstractIoFilterChain.access$1100(AbstractIoFilterChain.java:53)
	at org.apache.mina.common.support.AbstractIoFilterChain$EntryImpl$1.messageReceived(AbstractIoFilterChain.java:648)
	at org.apache.mina.filter.executor.ExecutorFilter.processEvent(ExecutorFilter.java:214)
	at org.apache.mina.filter.executor.ExecutorFilter$ProcessEventsRunnable.run(ExecutorFilter.java:265)
	at java.util.concurrent.ThreadPoolExecutor.runWorker(ThreadPoolExecutor.java:1145)
	at java.util.concurrent.ThreadPoolExecutor$Worker.run(ThreadPoolExecutor.java:615)
	at java.lang.Thread.run(Thread.java:745)
Caused by: org.hibernate.exception.SQLGrammarException: could not execute query
	at org.hibernate.exception.SQLStateConverter.convert(SQLStateConverter.java:67)
	at org.hibernate.exception.JDBCExceptionHelper.convert(JDBCExceptionHelper.java:43)
	at org.hibernate.loader.Loader.doList(Loader.java:2223)
	at org.hibernate.loader.Loader.listIgnoreQueryCache(Loader.java:2104)
	at org.hibernate.loader.Loader.list(Loader.java:2099)
	at org.hibernate.loader.criteria.CriteriaLoader.list(CriteriaLoader.java:94)
	at org.hibernate.impl.SessionImpl.list(SessionImpl.java:1569)
	at org.hibernate.impl.CriteriaImpl.list(CriteriaImpl.java:283)
	at com.kavalok.dao.CompetitionResultDAO.getCompetitionResults(CompetitionResultDAO.java:49)
	at com.kavalok.services.CompetitionDataService.getCompetitionResults(CompetitionDataService.java:50)
	at com.kavalok.services.CompetitionDataService.getMyCompetitionResult(CompetitionDataService.java:22)
	... 25 common frames omitted
Caused by: com.mysql.jdbc.exceptions.MySQLSyntaxErrorException: Expression #4 of SELECT list is not in GROUP BY clause and contains nonaggregated column 'kavalokca.this_.login' which is not functionally dependent on columns in GROUP BY clause; this is incompatible with sql_mode=only_full_group_by
	at com.mysql.jdbc.SQLError.createSQLException(SQLError.java:936)
	at com.mysql.jdbc.MysqlIO.checkErrorPacket(MysqlIO.java:2985)
	at com.mysql.jdbc.MysqlIO.sendCommand(MysqlIO.java:1631)
	at com.mysql.jdbc.MysqlIO.sqlQueryDirect(MysqlIO.java:1723)
	at com.mysql.jdbc.Connection.execSQL(Connection.java:3283)
	at com.mysql.jdbc.PreparedStatement.executeInternal(PreparedStatement.java:1332)
	at com.mysql.jdbc.PreparedStatement.executeQuery(PreparedStatement.java:1467)
	at com.kavalok.monitor.jdbc.PreparedStatement.executeQuery(PreparedStatement.java:100)
	at com.mchange.v2.c3p0.impl.NewProxyPreparedStatement.executeQuery(NewProxyPreparedStatement.java:76)
	at org.hibernate.jdbc.AbstractBatcher.getResultSet(AbstractBatcher.java:186)
	at org.hibernate.loader.Loader.getResultSet(Loader.java:1787)
	at org.hibernate.loader.Loader.doQuery(Loader.java:674)
	at org.hibernate.loader.Loader.doQueryAndInitializeNonLazyCollections(Loader.java:236)
	at org.hibernate.loader.Loader.doList(Loader.java:2220)
	... 33 common frames omitted
16:21:12.702 4052142452 [pool-4-thread-171] ERROR com.kavalok.KavalokApplication - null
java.lang.reflect.InvocationTargetException
	at sun.reflect.NativeMethodAccessorImpl.invoke0(Native Method)
	at sun.reflect.NativeMethodAccessorImpl.invoke(NativeMethodAccessorImpl.java:57)
	at sun.reflect.DelegatingMethodAccessorImpl.invoke(DelegatingMethodAccessorImpl.java:43)
	at java.lang.reflect.Method.invoke(Method.java:606)
	at com.kavalok.utils.ReflectUtil.callMethod(ReflectUtil.java:99)
	at com.kavalok.transactions.TransactionUtil.callTransaction(TransactionUtil.java:18)
	at com.kavalok.KavalokApplication.call(KavalokApplication.java:247)
	at sun.reflect.GeneratedMethodAccessor13294.invoke(Unknown Source)
	at sun.reflect.DelegatingMethodAccessorImpl.invoke(DelegatingMethodAccessorImpl.java:43)
	at java.lang.reflect.Method.invoke(Method.java:606)
	at org.red5.server.service.ServiceInvoker.invoke(ServiceInvoker.java:215)
	at org.red5.server.service.ServiceInvoker.invoke(ServiceInvoker.java:121)
	at org.red5.server.net.rtmp.RTMPHandler.invokeCall(RTMPHandler.java:157)
	at org.red5.server.net.rtmp.RTMPHandler.onInvoke(RTMPHandler.java:405)
	at org.red5.server.net.rtmp.BaseRTMPHandler.messageReceived(BaseRTMPHandler.java:148)
	at org.red5.server.net.rtmp.RTMPMinaIoHandler.messageReceived(RTMPMinaIoHandler.java:119)
	at org.apache.mina.common.support.AbstractIoFilterChain$TailFilter.messageReceived(AbstractIoFilterChain.java:570)
	at org.apache.mina.common.support.AbstractIoFilterChain.callNextMessageReceived(AbstractIoFilterChain.java:299)
	at org.apache.mina.common.support.AbstractIoFilterChain.access$1100(AbstractIoFilterChain.java:53)
	at org.apache.mina.common.support.AbstractIoFilterChain$EntryImpl$1.messageReceived(AbstractIoFilterChain.java:648)
	at org.apache.mina.filter.executor.ExecutorFilter.processEvent(ExecutorFilter.java:214)
	at org.apache.mina.filter.executor.ExecutorFilter$ProcessEventsRunnable.run(ExecutorFilter.java:265)
	at java.util.concurrent.ThreadPoolExecutor.runWorker(ThreadPoolExecutor.java:1145)
	at java.util.concurrent.ThreadPoolExecutor$Worker.run(ThreadPoolExecutor.java:615)
	at java.lang.Thread.run(Thread.java:745)
Caused by: org.hibernate.exception.SQLGrammarException: could not execute query
	at org.hibernate.exception.SQLStateConverter.convert(SQLStateConverter.java:67)
	at org.hibernate.exception.JDBCExceptionHelper.convert(JDBCExceptionHelper.java:43)
	at org.hibernate.loader.Loader.doList(Loader.java:2223)
	at org.hibernate.loader.Loader.listIgnoreQueryCache(Loader.java:2104)
	at org.hibernate.loader.Loader.list(Loader.java:2099)
	at org.hibernate.loader.criteria.CriteriaLoader.list(CriteriaLoader.java:94)
	at org.hibernate.impl.SessionImpl.list(SessionImpl.java:1569)
	at org.hibernate.impl.CriteriaImpl.list(CriteriaImpl.java:283)
	at com.kavalok.dao.CompetitionResultDAO.getCompetitionResults(CompetitionResultDAO.java:49)
	at com.kavalok.services.CompetitionDataService.getCompetitionResults(CompetitionDataService.java:50)
	at com.kavalok.services.CompetitionDataService.getMyCompetitionResult(CompetitionDataService.java:22)
	... 25 common frames omitted
Caused by: com.mysql.jdbc.exceptions.MySQLSyntaxErrorException: Expression #4 of SELECT list is not in GROUP BY clause and contains nonaggregated column 'kavalokca.this_.login' which is not functionally dependent on columns in GROUP BY clause; this is incompatible with sql_mode=only_full_group_by
	at com.mysql.jdbc.SQLError.createSQLException(SQLError.java:936)
	at com.mysql.jdbc.MysqlIO.checkErrorPacket(MysqlIO.java:2985)
	at com.mysql.jdbc.MysqlIO.sendCommand(MysqlIO.java:1631)
	at com.mysql.jdbc.MysqlIO.sqlQueryDirect(MysqlIO.java:1723)
	at com.mysql.jdbc.Connection.execSQL(Connection.java:3283)
	at com.mysql.jdbc.PreparedStatement.executeInternal(PreparedStatement.java:1332)
	at com.mysql.jdbc.PreparedStatement.executeQuery(PreparedStatement.java:1467)
	at com.kavalok.monitor.jdbc.PreparedStatement.executeQuery(PreparedStatement.java:100)
	at com.mchange.v2.c3p0.impl.NewProxyPreparedStatement.executeQuery(NewProxyPreparedStatement.java:76)
	at org.hibernate.jdbc.AbstractBatcher.getResultSet(AbstractBatcher.java:186)
	at org.hibernate.loader.Loader.getResultSet(Loader.java:1787)
	at org.hibernate.loader.Loader.doQuery(Loader.java:674)
	at org.hibernate.loader.Loader.doQueryAndInitializeNonLazyCollections(Loader.java:236)
	at org.hibernate.loader.Loader.doList(Loader.java:2220)
	... 33 common frames omitted
16:21:12.849 4052142599 [pool-4-thread-171] ERROR com.kavalok.KavalokApplication - null
java.lang.reflect.InvocationTargetException
	at sun.reflect.NativeMethodAccessorImpl.invoke0(Native Method)
	at sun.reflect.NativeMethodAccessorImpl.invoke(NativeMethodAccessorImpl.java:57)
	at sun.reflect.DelegatingMethodAccessorImpl.invoke(DelegatingMethodAccessorImpl.java:43)
	at java.lang.reflect.Method.invoke(Method.java:606)
	at com.kavalok.utils.ReflectUtil.callMethod(ReflectUtil.java:99)
	at com.kavalok.transactions.TransactionUtil.callTransaction(TransactionUtil.java:18)
	at com.kavalok.KavalokApplication.call(KavalokApplication.java:247)
	at sun.reflect.GeneratedMethodAccessor13294.invoke(Unknown Source)
	at sun.reflect.DelegatingMethodAccessorImpl.invoke(DelegatingMethodAccessorImpl.java:43)
	at java.lang.reflect.Method.invoke(Method.java:606)
	at org.red5.server.service.ServiceInvoker.invoke(ServiceInvoker.java:215)
	at org.red5.server.service.ServiceInvoker.invoke(ServiceInvoker.java:121)
	at org.red5.server.net.rtmp.RTMPHandler.invokeCall(RTMPHandler.java:157)
	at org.red5.server.net.rtmp.RTMPHandler.onInvoke(RTMPHandler.java:405)
	at org.red5.server.net.rtmp.BaseRTMPHandler.messageReceived(BaseRTMPHandler.java:148)
	at org.red5.server.net.rtmp.RTMPMinaIoHandler.messageReceived(RTMPMinaIoHandler.java:119)
	at org.apache.mina.common.support.AbstractIoFilterChain$TailFilter.messageReceived(AbstractIoFilterChain.java:570)
	at org.apache.mina.common.support.AbstractIoFilterChain.callNextMessageReceived(AbstractIoFilterChain.java:299)
	at org.apache.mina.common.support.AbstractIoFilterChain.access$1100(AbstractIoFilterChain.java:53)
	at org.apache.mina.common.support.AbstractIoFilterChain$EntryImpl$1.messageReceived(AbstractIoFilterChain.java:648)
	at org.apache.mina.filter.executor.ExecutorFilter.processEvent(ExecutorFilter.java:214)
	at org.apache.mina.filter.executor.ExecutorFilter$ProcessEventsRunnable.run(ExecutorFilter.java:265)
	at java.util.concurrent.ThreadPoolExecutor.runWorker(ThreadPoolExecutor.java:1145)
	at java.util.concurrent.ThreadPoolExecutor$Worker.run(ThreadPoolExecutor.java:615)
	at java.lang.Thread.run(Thread.java:745)
Caused by: org.hibernate.exception.SQLGrammarException: could not execute query
	at org.hibernate.exception.SQLStateConverter.convert(SQLStateConverter.java:67)
	at org.hibernate.exception.JDBCExceptionHelper.convert(JDBCExceptionHelper.java:43)
	at org.hibernate.loader.Loader.doList(Loader.java:2223)
	at org.hibernate.loader.Loader.listIgnoreQueryCache(Loader.java:2104)
	at org.hibernate.loader.Loader.list(Loader.java:2099)
	at org.hibernate.loader.criteria.CriteriaLoader.list(CriteriaLoader.java:94)
	at org.hibernate.impl.SessionImpl.list(SessionImpl.java:1569)
	at org.hibernate.impl.CriteriaImpl.list(CriteriaImpl.java:283)
	at com.kavalok.dao.CompetitionResultDAO.getCompetitionResults(CompetitionResultDAO.java:49)
	at com.kavalok.services.CompetitionDataService.getCompetitionResults(CompetitionDataService.java:50)
	at com.kavalok.services.CompetitionDataService.getMyCompetitionResult(CompetitionDataService.java:22)
	... 25 common frames omitted
Caused by: com.mysql.jdbc.exceptions.MySQLSyntaxErrorException: Expression #4 of SELECT list is not in GROUP BY clause and contains nonaggregated column 'kavalokca.this_.login' which is not functionally dependent on columns in GROUP BY clause; this is incompatible with sql_mode=only_full_group_by
	at com.mysql.jdbc.SQLError.createSQLException(SQLError.java:936)
	at com.mysql.jdbc.MysqlIO.checkErrorPacket(MysqlIO.java:2985)
	at com.mysql.jdbc.MysqlIO.sendCommand(MysqlIO.java:1631)
	at com.mysql.jdbc.MysqlIO.sqlQueryDirect(MysqlIO.java:1723)
	at com.mysql.jdbc.Connection.execSQL(Connection.java:3283)
	at com.mysql.jdbc.PreparedStatement.executeInternal(PreparedStatement.java:1332)
	at com.mysql.jdbc.PreparedStatement.executeQuery(PreparedStatement.java:1467)
	at com.kavalok.monitor.jdbc.PreparedStatement.executeQuery(PreparedStatement.java:100)
	at com.mchange.v2.c3p0.impl.NewProxyPreparedStatement.executeQuery(NewProxyPreparedStatement.java:76)
	at org.hibernate.jdbc.AbstractBatcher.getResultSet(AbstractBatcher.java:186)
	at org.hibernate.loader.Loader.getResultSet(Loader.java:1787)
	at org.hibernate.loader.Loader.doQuery(Loader.java:674)
	at org.hibernate.loader.Loader.doQueryAndInitializeNonLazyCollections(Loader.java:236)
	at org.hibernate.loader.Loader.doList(Loader.java:2220)
	... 33 common frames omitted
16:21:13.000 4052142750 [pool-4-thread-171] ERROR com.kavalok.KavalokApplication - null
java.lang.reflect.InvocationTargetException
	at sun.reflect.NativeMethodAccessorImpl.invoke0(Native Method)
	at sun.reflect.NativeMethodAccessorImpl.invoke(NativeMethodAccessorImpl.java:57)
	at sun.reflect.DelegatingMethodAccessorImpl.invoke(DelegatingMethodAccessorImpl.java:43)
	at java.lang.reflect.Method.invoke(Method.java:606)
	at com.kavalok.utils.ReflectUtil.callMethod(ReflectUtil.java:99)
	at com.kavalok.transactions.TransactionUtil.callTransaction(TransactionUtil.java:18)
	at com.kavalok.KavalokApplication.call(KavalokApplication.java:247)
	at sun.reflect.GeneratedMethodAccessor13294.invoke(Unknown Source)
	at sun.reflect.DelegatingMethodAccessorImpl.invoke(DelegatingMethodAccessorImpl.java:43)
	at java.lang.reflect.Method.invoke(Method.java:606)
	at org.red5.server.service.ServiceInvoker.invoke(ServiceInvoker.java:215)
	at org.red5.server.service.ServiceInvoker.invoke(ServiceInvoker.java:121)
	at org.red5.server.net.rtmp.RTMPHandler.invokeCall(RTMPHandler.java:157)
	at org.red5.server.net.rtmp.RTMPHandler.onInvoke(RTMPHandler.java:405)
	at org.red5.server.net.rtmp.BaseRTMPHandler.messageReceived(BaseRTMPHandler.java:148)
	at org.red5.server.net.rtmp.RTMPMinaIoHandler.messageReceived(RTMPMinaIoHandler.java:119)
	at org.apache.mina.common.support.AbstractIoFilterChain$TailFilter.messageReceived(AbstractIoFilterChain.java:570)
	at org.apache.mina.common.support.AbstractIoFilterChain.callNextMessageReceived(AbstractIoFilterChain.java:299)
	at org.apache.mina.common.support.AbstractIoFilterChain.access$1100(AbstractIoFilterChain.java:53)
	at org.apache.mina.common.support.AbstractIoFilterChain$EntryImpl$1.messageReceived(AbstractIoFilterChain.java:648)
	at org.apache.mina.filter.executor.ExecutorFilter.processEvent(ExecutorFilter.java:214)
	at org.apache.mina.filter.executor.ExecutorFilter$ProcessEventsRunnable.run(ExecutorFilter.java:265)
	at java.util.concurrent.ThreadPoolExecutor.runWorker(ThreadPoolExecutor.java:1145)
	at java.util.concurrent.ThreadPoolExecutor$Worker.run(ThreadPoolExecutor.java:615)
	at java.lang.Thread.run(Thread.java:745)
Caused by: org.hibernate.exception.SQLGrammarException: could not execute query
	at org.hibernate.exception.SQLStateConverter.convert(SQLStateConverter.java:67)
	at org.hibernate.exception.JDBCExceptionHelper.convert(JDBCExceptionHelper.java:43)
	at org.hibernate.loader.Loader.doList(Loader.java:2223)
	at org.hibernate.loader.Loader.listIgnoreQueryCache(Loader.java:2104)
	at org.hibernate.loader.Loader.list(Loader.java:2099)
	at org.hibernate.loader.criteria.CriteriaLoader.list(CriteriaLoader.java:94)
	at org.hibernate.impl.SessionImpl.list(SessionImpl.java:1569)
	at org.hibernate.impl.CriteriaImpl.list(CriteriaImpl.java:283)
	at com.kavalok.dao.CompetitionResultDAO.getCompetitionResults(CompetitionResultDAO.java:49)
	at com.kavalok.services.CompetitionDataService.getCompetitionResults(CompetitionDataService.java:50)
	at com.kavalok.services.CompetitionDataService.getMyCompetitionResult(CompetitionDataService.java:22)
	... 25 common frames omitted
Caused by: com.mysql.jdbc.exceptions.MySQLSyntaxErrorException: Expression #4 of SELECT list is not in GROUP BY clause and contains nonaggregated column 'kavalokca.this_.login' which is not functionally dependent on columns in GROUP BY clause; this is incompatible with sql_mode=only_full_group_by
	at com.mysql.jdbc.SQLError.createSQLException(SQLError.java:936)
	at com.mysql.jdbc.MysqlIO.checkErrorPacket(MysqlIO.java:2985)
	at com.mysql.jdbc.MysqlIO.sendCommand(MysqlIO.java:1631)
	at com.mysql.jdbc.MysqlIO.sqlQueryDirect(MysqlIO.java:1723)
	at com.mysql.jdbc.Connection.execSQL(Connection.java:3283)
	at com.mysql.jdbc.PreparedStatement.executeInternal(PreparedStatement.java:1332)
	at com.mysql.jdbc.PreparedStatement.executeQuery(PreparedStatement.java:1467)
	at com.kavalok.monitor.jdbc.PreparedStatement.executeQuery(PreparedStatement.java:100)
	at com.mchange.v2.c3p0.impl.NewProxyPreparedStatement.executeQuery(NewProxyPreparedStatement.java:76)
	at org.hibernate.jdbc.AbstractBatcher.getResultSet(AbstractBatcher.java:186)
	at org.hibernate.loader.Loader.getResultSet(Loader.java:1787)
	at org.hibernate.loader.Loader.doQuery(Loader.java:674)
	at org.hibernate.loader.Loader.doQueryAndInitializeNonLazyCollections(Loader.java:236)
	at org.hibernate.loader.Loader.doList(Loader.java:2220)
	... 33 common frames omitted
16:21:14.453 4052144203 [pool-4-thread-171] ERROR com.kavalok.KavalokApplication - null
java.lang.reflect.InvocationTargetException
	at sun.reflect.NativeMethodAccessorImpl.invoke0(Native Method)
	at sun.reflect.NativeMethodAccessorImpl.invoke(NativeMethodAccessorImpl.java:57)
	at sun.reflect.DelegatingMethodAccessorImpl.invoke(DelegatingMethodAccessorImpl.java:43)
	at java.lang.reflect.Method.invoke(Method.java:606)
	at com.kavalok.utils.ReflectUtil.callMethod(ReflectUtil.java:99)
	at com.kavalok.transactions.TransactionUtil.callTransaction(TransactionUtil.java:18)
	at com.kavalok.KavalokApplication.call(KavalokApplication.java:247)
	at sun.reflect.GeneratedMethodAccessor13294.invoke(Unknown Source)
	at sun.reflect.DelegatingMethodAccessorImpl.invoke(DelegatingMethodAccessorImpl.java:43)
	at java.lang.reflect.Method.invoke(Method.java:606)
	at org.red5.server.service.ServiceInvoker.invoke(ServiceInvoker.java:215)
	at org.red5.server.service.ServiceInvoker.invoke(ServiceInvoker.java:121)
	at org.red5.server.net.rtmp.RTMPHandler.invokeCall(RTMPHandler.java:157)
	at org.red5.server.net.rtmp.RTMPHandler.onInvoke(RTMPHandler.java:405)
	at org.red5.server.net.rtmp.BaseRTMPHandler.messageReceived(BaseRTMPHandler.java:148)
	at org.red5.server.net.rtmp.RTMPMinaIoHandler.messageReceived(RTMPMinaIoHandler.java:119)
	at org.apache.mina.common.support.AbstractIoFilterChain$TailFilter.messageReceived(AbstractIoFilterChain.java:570)
	at org.apache.mina.common.support.AbstractIoFilterChain.callNextMessageReceived(AbstractIoFilterChain.java:299)
	at org.apache.mina.common.support.AbstractIoFilterChain.access$1100(AbstractIoFilterChain.java:53)
	at org.apache.mina.common.support.AbstractIoFilterChain$EntryImpl$1.messageReceived(AbstractIoFilterChain.java:648)
	at org.apache.mina.filter.executor.ExecutorFilter.processEvent(ExecutorFilter.java:214)
	at org.apache.mina.filter.executor.ExecutorFilter$ProcessEventsRunnable.run(ExecutorFilter.java:265)
	at java.util.concurrent.ThreadPoolExecutor.runWorker(ThreadPoolExecutor.java:1145)
	at java.util.concurrent.ThreadPoolExecutor$Worker.run(ThreadPoolExecutor.java:615)
	at java.lang.Thread.run(Thread.java:745)
Caused by: org.hibernate.exception.SQLGrammarException: could not execute query
	at org.hibernate.exception.SQLStateConverter.convert(SQLStateConverter.java:67)
	at org.hibernate.exception.JDBCExceptionHelper.convert(JDBCExceptionHelper.java:43)
	at org.hibernate.loader.Loader.doList(Loader.java:2223)
	at org.hibernate.loader.Loader.listIgnoreQueryCache(Loader.java:2104)
	at org.hibernate.loader.Loader.list(Loader.java:2099)
	at org.hibernate.loader.criteria.CriteriaLoader.list(CriteriaLoader.java:94)
	at org.hibernate.impl.SessionImpl.list(SessionImpl.java:1569)
	at org.hibernate.impl.CriteriaImpl.list(CriteriaImpl.java:283)
	at com.kavalok.dao.CompetitionResultDAO.getCompetitionResults(CompetitionResultDAO.java:49)
	at com.kavalok.services.CompetitionDataService.getCompetitionResults(CompetitionDataService.java:50)
	at com.kavalok.services.CompetitionDataService.getMyCompetitionResult(CompetitionDataService.java:22)
	... 25 common frames omitted
Caused by: com.mysql.jdbc.exceptions.MySQLSyntaxErrorException: Expression #4 of SELECT list is not in GROUP BY clause and contains nonaggregated column 'kavalokca.this_.login' which is not functionally dependent on columns in GROUP BY clause; this is incompatible with sql_mode=only_full_group_by
	at com.mysql.jdbc.SQLError.createSQLException(SQLError.java:936)
	at com.mysql.jdbc.MysqlIO.checkErrorPacket(MysqlIO.java:2985)
	at com.mysql.jdbc.MysqlIO.sendCommand(MysqlIO.java:1631)
	at com.mysql.jdbc.MysqlIO.sqlQueryDirect(MysqlIO.java:1723)
	at com.mysql.jdbc.Connection.execSQL(Connection.java:3283)
	at com.mysql.jdbc.PreparedStatement.executeInternal(PreparedStatement.java:1332)
	at com.mysql.jdbc.PreparedStatement.executeQuery(PreparedStatement.java:1467)
	at com.kavalok.monitor.jdbc.PreparedStatement.executeQuery(PreparedStatement.java:100)
	at com.mchange.v2.c3p0.impl.NewProxyPreparedStatement.executeQuery(NewProxyPreparedStatement.java:76)
	at org.hibernate.jdbc.AbstractBatcher.getResultSet(AbstractBatcher.java:186)
	at org.hibernate.loader.Loader.getResultSet(Loader.java:1787)
	at org.hibernate.loader.Loader.doQuery(Loader.java:674)
	at org.hibernate.loader.Loader.doQueryAndInitializeNonLazyCollections(Loader.java:236)
	at org.hibernate.loader.Loader.doList(Loader.java:2220)
	... 33 common frames omitted
16:21:15.039 4052144789 [pool-4-thread-171] ERROR com.kavalok.KavalokApplication - null
java.lang.reflect.InvocationTargetException
	at sun.reflect.NativeMethodAccessorImpl.invoke0(Native Method)
	at sun.reflect.NativeMethodAccessorImpl.invoke(NativeMethodAccessorImpl.java:57)
	at sun.reflect.DelegatingMethodAccessorImpl.invoke(DelegatingMethodAccessorImpl.java:43)
	at java.lang.reflect.Method.invoke(Method.java:606)
	at com.kavalok.utils.ReflectUtil.callMethod(ReflectUtil.java:99)
	at com.kavalok.transactions.TransactionUtil.callTransaction(TransactionUtil.java:18)
	at com.kavalok.KavalokApplication.call(KavalokApplication.java:247)
	at sun.reflect.GeneratedMethodAccessor13294.invoke(Unknown Source)
	at sun.reflect.DelegatingMethodAccessorImpl.invoke(DelegatingMethodAccessorImpl.java:43)
	at java.lang.reflect.Method.invoke(Method.java:606)
	at org.red5.server.service.ServiceInvoker.invoke(ServiceInvoker.java:215)
	at org.red5.server.service.ServiceInvoker.invoke(ServiceInvoker.java:121)
	at org.red5.server.net.rtmp.RTMPHandler.invokeCall(RTMPHandler.java:157)
	at org.red5.server.net.rtmp.RTMPHandler.onInvoke(RTMPHandler.java:405)
	at org.red5.server.net.rtmp.BaseRTMPHandler.messageReceived(BaseRTMPHandler.java:148)
	at org.red5.server.net.rtmp.RTMPMinaIoHandler.messageReceived(RTMPMinaIoHandler.java:119)
	at org.apache.mina.common.support.AbstractIoFilterChain$TailFilter.messageReceived(AbstractIoFilterChain.java:570)
	at org.apache.mina.common.support.AbstractIoFilterChain.callNextMessageReceived(AbstractIoFilterChain.java:299)
	at org.apache.mina.common.support.AbstractIoFilterChain.access$1100(AbstractIoFilterChain.java:53)
	at org.apache.mina.common.support.AbstractIoFilterChain$EntryImpl$1.messageReceived(AbstractIoFilterChain.java:648)
	at org.apache.mina.filter.executor.ExecutorFilter.processEvent(ExecutorFilter.java:214)
	at org.apache.mina.filter.executor.ExecutorFilter$ProcessEventsRunnable.run(ExecutorFilter.java:265)
	at java.util.concurrent.ThreadPoolExecutor.runWorker(ThreadPoolExecutor.java:1145)
	at java.util.concurrent.ThreadPoolExecutor$Worker.run(ThreadPoolExecutor.java:615)
	at java.lang.Thread.run(Thread.java:745)
Caused by: org.hibernate.exception.SQLGrammarException: could not execute query
	at org.hibernate.exception.SQLStateConverter.convert(SQLStateConverter.java:67)
	at org.hibernate.exception.JDBCExceptionHelper.convert(JDBCExceptionHelper.java:43)
	at org.hibernate.loader.Loader.doList(Loader.java:2223)
	at org.hibernate.loader.Loader.listIgnoreQueryCache(Loader.java:2104)
	at org.hibernate.loader.Loader.list(Loader.java:2099)
	at org.hibernate.loader.criteria.CriteriaLoader.list(CriteriaLoader.java:94)
	at org.hibernate.impl.SessionImpl.list(SessionImpl.java:1569)
	at org.hibernate.impl.CriteriaImpl.list(CriteriaImpl.java:283)
	at com.kavalok.dao.CompetitionResultDAO.getCompetitionResults(CompetitionResultDAO.java:49)
	at com.kavalok.services.CompetitionDataService.getCompetitionResults(CompetitionDataService.java:50)
	at com.kavalok.services.CompetitionDataService.getMyCompetitionResult(CompetitionDataService.java:22)
	... 25 common frames omitted
Caused by: com.mysql.jdbc.exceptions.MySQLSyntaxErrorException: Expression #4 of SELECT list is not in GROUP BY clause and contains nonaggregated column 'kavalokca.this_.login' which is not functionally dependent on columns in GROUP BY clause; this is incompatible with sql_mode=only_full_group_by
	at com.mysql.jdbc.SQLError.createSQLException(SQLError.java:936)
	at com.mysql.jdbc.MysqlIO.checkErrorPacket(MysqlIO.java:2985)
	at com.mysql.jdbc.MysqlIO.sendCommand(MysqlIO.java:1631)
	at com.mysql.jdbc.MysqlIO.sqlQueryDirect(MysqlIO.java:1723)
	at com.mysql.jdbc.Connection.execSQL(Connection.java:3283)
	at com.mysql.jdbc.PreparedStatement.executeInternal(PreparedStatement.java:1332)
	at com.mysql.jdbc.PreparedStatement.executeQuery(PreparedStatement.java:1467)
	at com.kavalok.monitor.jdbc.PreparedStatement.executeQuery(PreparedStatement.java:100)
	at com.mchange.v2.c3p0.impl.NewProxyPreparedStatement.executeQuery(NewProxyPreparedStatement.java:76)
	at org.hibernate.jdbc.AbstractBatcher.getResultSet(AbstractBatcher.java:186)
	at org.hibernate.loader.Loader.getResultSet(Loader.java:1787)
	at org.hibernate.loader.Loader.doQuery(Loader.java:674)
	at org.hibernate.loader.Loader.doQueryAndInitializeNonLazyCollections(Loader.java:236)
	at org.hibernate.loader.Loader.doList(Loader.java:2220)
	... 33 common frames omitted
16:21:15.176 4052144926 [pool-4-thread-171] ERROR com.kavalok.KavalokApplication - null
java.lang.reflect.InvocationTargetException
	at sun.reflect.NativeMethodAccessorImpl.invoke0(Native Method)
	at sun.reflect.NativeMethodAccessorImpl.invoke(NativeMethodAccessorImpl.java:57)
	at sun.reflect.DelegatingMethodAccessorImpl.invoke(DelegatingMethodAccessorImpl.java:43)
	at java.lang.reflect.Method.invoke(Method.java:606)
	at com.kavalok.utils.ReflectUtil.callMethod(ReflectUtil.java:99)
	at com.kavalok.transactions.TransactionUtil.callTransaction(TransactionUtil.java:18)
	at com.kavalok.KavalokApplication.call(KavalokApplication.java:247)
	at sun.reflect.GeneratedMethodAccessor13294.invoke(Unknown Source)
	at sun.reflect.DelegatingMethodAccessorImpl.invoke(DelegatingMethodAccessorImpl.java:43)
	at java.lang.reflect.Method.invoke(Method.java:606)
	at org.red5.server.service.ServiceInvoker.invoke(ServiceInvoker.java:215)
	at org.red5.server.service.ServiceInvoker.invoke(ServiceInvoker.java:121)
	at org.red5.server.net.rtmp.RTMPHandler.invokeCall(RTMPHandler.java:157)
	at org.red5.server.net.rtmp.RTMPHandler.onInvoke(RTMPHandler.java:405)
	at org.red5.server.net.rtmp.BaseRTMPHandler.messageReceived(BaseRTMPHandler.java:148)
	at org.red5.server.net.rtmp.RTMPMinaIoHandler.messageReceived(RTMPMinaIoHandler.java:119)
	at org.apache.mina.common.support.AbstractIoFilterChain$TailFilter.messageReceived(AbstractIoFilterChain.java:570)
	at org.apache.mina.common.support.AbstractIoFilterChain.callNextMessageReceived(AbstractIoFilterChain.java:299)
	at org.apache.mina.common.support.AbstractIoFilterChain.access$1100(AbstractIoFilterChain.java:53)
	at org.apache.mina.common.support.AbstractIoFilterChain$EntryImpl$1.messageReceived(AbstractIoFilterChain.java:648)
	at org.apache.mina.filter.executor.ExecutorFilter.processEvent(ExecutorFilter.java:214)
	at org.apache.mina.filter.executor.ExecutorFilter$ProcessEventsRunnable.run(ExecutorFilter.java:265)
	at java.util.concurrent.ThreadPoolExecutor.runWorker(ThreadPoolExecutor.java:1145)
	at java.util.concurrent.ThreadPoolExecutor$Worker.run(ThreadPoolExecutor.java:615)
	at java.lang.Thread.run(Thread.java:745)
Caused by: org.hibernate.exception.SQLGrammarException: could not execute query
	at org.hibernate.exception.SQLStateConverter.convert(SQLStateConverter.java:67)
	at org.hibernate.exception.JDBCExceptionHelper.convert(JDBCExceptionHelper.java:43)
	at org.hibernate.loader.Loader.doList(Loader.java:2223)
	at org.hibernate.loader.Loader.listIgnoreQueryCache(Loader.java:2104)
	at org.hibernate.loader.Loader.list(Loader.java:2099)
	at org.hibernate.loader.criteria.CriteriaLoader.list(CriteriaLoader.java:94)
	at org.hibernate.impl.SessionImpl.list(SessionImpl.java:1569)
	at org.hibernate.impl.CriteriaImpl.list(CriteriaImpl.java:283)
	at com.kavalok.dao.CompetitionResultDAO.getCompetitionResults(CompetitionResultDAO.java:49)
	at com.kavalok.services.CompetitionDataService.getCompetitionResults(CompetitionDataService.java:50)
	at com.kavalok.services.CompetitionDataService.getMyCompetitionResult(CompetitionDataService.java:22)
	... 25 common frames omitted
Caused by: com.mysql.jdbc.exceptions.MySQLSyntaxErrorException: Expression #4 of SELECT list is not in GROUP BY clause and contains nonaggregated column 'kavalokca.this_.login' which is not functionally dependent on columns in GROUP BY clause; this is incompatible with sql_mode=only_full_group_by
	at com.mysql.jdbc.SQLError.createSQLException(SQLError.java:936)
	at com.mysql.jdbc.MysqlIO.checkErrorPacket(MysqlIO.java:2985)
	at com.mysql.jdbc.MysqlIO.sendCommand(MysqlIO.java:1631)
	at com.mysql.jdbc.MysqlIO.sqlQueryDirect(MysqlIO.java:1723)
	at com.mysql.jdbc.Connection.execSQL(Connection.java:3283)
	at com.mysql.jdbc.PreparedStatement.executeInternal(PreparedStatement.java:1332)
	at com.mysql.jdbc.PreparedStatement.executeQuery(PreparedStatement.java:1467)
	at com.kavalok.monitor.jdbc.PreparedStatement.executeQuery(PreparedStatement.java:100)
	at com.mchange.v2.c3p0.impl.NewProxyPreparedStatement.executeQuery(NewProxyPreparedStatement.java:76)
	at org.hibernate.jdbc.AbstractBatcher.getResultSet(AbstractBatcher.java:186)
	at org.hibernate.loader.Loader.getResultSet(Loader.java:1787)
	at org.hibernate.loader.Loader.doQuery(Loader.java:674)
	at org.hibernate.loader.Loader.doQueryAndInitializeNonLazyCollections(Loader.java:236)
	at org.hibernate.loader.Loader.doList(Loader.java:2220)
	... 33 common frames omitted
