Buildfile: /home/localhost/trunk/build.xml

flash:
     [echo] Building Raedclient Flash

clear:
   [delete] Deleting directory /home/localhost/trunk/kavalok-build/bin
    [mkdir] Created dir: /home/localhost/trunk/kavalok-build/bin
    [mkdir] Created dir: /home/localhost/trunk/kavalok-build/bin/flash
    [mkdir] Created dir: /home/localhost/trunk/kavalok-build/bin/flash/static-lib

build-flash:

run:
   [delete] Deleting: /home/localhost/trunk/kavalok-build/fchs-input

build-localization:

compile-swc:

copy-default:

copy-resources:
     [copy] Copying 248 files to /home/localhost/trunk/kavalok-build/bin/flash/resources/localization

build-kavalok-core:

compile-swc:

build-loader:

copy-resources:
     [copy] Warning: /home/localhost/trunk/Loader/flash-resources does not exist.

compile-swf:

copy-resources:
     [copy] Warning: /home/localhost/trunk/Loader/flash-resources does not exist.

compile-swf:

copy-resources:
     [copy] Warning: /home/localhost/trunk/Loader/flash-resources does not exist.

compile-swf:

copy-resources:
     [copy] Warning: /home/localhost/trunk/Loader/flash-resources does not exist.

compile-swf:

copy-resources:
     [copy] Warning: /home/localhost/trunk/Loader/flash-resources does not exist.

compile-swf:

copy-resources:
     [copy] Warning: /home/localhost/trunk/Loader/flash-resources does not exist.

compile-swf:

copy-resources:
     [copy] Warning: /home/localhost/trunk/Loader/flash-resources does not exist.

compile-swf:

copy-resources:
     [copy] Warning: /home/localhost/trunk/Loader/flash-resources does not exist.

compile-swf:

copy-resources:
     [copy] Warning: /home/localhost/trunk/Loader/flash-resources does not exist.

compile-swf:

build-charWidget:

copy-resources:
     [copy] Warning: /home/localhost/trunk/charWidget/flash-resources does not exist.

compile-swf:

build-itemViewer:

copy-resources:
     [copy] Warning: /home/localhost/trunk/itemViewer/flash-resources does not exist.

compile-swf:

build-kavalok:

copy-resources:
     [copy] Copying 13 files to /home/localhost/trunk/kavalok-build/bin/flash

compile-swf:

build-goverla:

compile-swc:

build-graphity:

compile-swc:

build-kavalok-admin:

copy-resources:
     [copy] Warning: /home/localhost/trunk/kavalok_admin/flash-resources does not exist.

compile-swf:

copy-core-resources:

copy-resources:
     [copy] Copying 2 files to /home/localhost/trunk/kavalok-build/bin/flash/resources/kavalok_core

copy-default:

copy-resources:
     [copy] Warning: /home/localhost/trunk/console/flash-resources does not exist.

copy-default:

copy-resources:
     [copy] Copying 28 files to /home/localhost/trunk/kavalok-build/bin/flash/resources/banners

copy-default:

copy-resources:
     [copy] Copying 344 files to /home/localhost/trunk/kavalok-build/bin/flash/resources/locations

copy-default:

copy-resources:
     [copy] Copying 9 files to /home/localhost/trunk/kavalok-build/bin/flash/resources/loaders

copy-default:

copy-resources:
     [copy] Copying 236 files to /home/localhost/trunk/kavalok-build/bin/flash/resources/tips

copy-default:

copy-resources:
     [copy] Copying 14 files to /home/localhost/trunk/kavalok-build/bin/flash/resources/music

copy-default:

copy-resources:
     [copy] Copying 1881 files to /home/localhost/trunk/kavalok-build/bin/flash/resources/clothes

copy-default:

copy-resources:
     [copy] Copying 20 files to /home/localhost/trunk/kavalok-build/bin/flash/resources/petStuffs

copy-default:

copy-resources:
     [copy] Copying 23 files to /home/localhost/trunk/kavalok-build/bin/flash/resources/charTools

copy-default:

copy-resources:
     [copy] Copying 29 files to /home/localhost/trunk/kavalok-build/bin/flash/resources/stuffs

copy-default:

copy-resources:
     [copy] Copying 7 files to /home/localhost/trunk/kavalok-build/bin/flash/resources/houses

copy-default:

copy-resources:
     [copy] Copying 90 files to /home/localhost/trunk/kavalok-build/bin/flash/resources/furniture

copy-default:

copy-resources:
     [copy] Copying 6 files to /home/localhost/trunk/kavalok-build/bin/flash/resources/cocktails

copy-default:

copy-resources:

copy-default:

copy-resources:
     [copy] Copying 30 files to /home/localhost/trunk/kavalok-build/bin/flash/resources/instruments

copy-default:

copy-resources:
     [copy] Copying 58 files to /home/localhost/trunk/kavalok-build/bin/flash/resources/playerCards

copy-default:

copy-resources:
     [copy] Copying 33 files to /home/localhost/trunk/kavalok-build/bin/flash/resources/robots

copy-default:

copy-resources:
     [copy] Copying 74 files to /home/localhost/trunk/kavalok-build/bin/flash/resources/magic

build-default:

copy-resources:
     [copy] Copying 20 files to /home/localhost/trunk/kavalok-build/bin/flash/resources/login

compile-swf:

build-default:

copy-resources:
     [copy] Warning: /home/localhost/trunk/danceConstructor/flash-resources does not exist.

compile-swf:

build-default:

copy-resources:
     [copy] Warning: /home/localhost/trunk/locGraphity/flash-resources does not exist.

compile-swf:

build-default:

copy-resources:
     [copy] Warning: /home/localhost/trunk/locGraphityM/flash-resources does not exist.

compile-swf:

build-default:

copy-resources:
     [copy] Warning: /home/localhost/trunk/locGraphityA/flash-resources does not exist.

compile-swf:

build-default:

copy-resources:
     [copy] Warning: /home/localhost/trunk/locationRope/flash-resources does not exist.

compile-swf:

build-default:

copy-resources:
     [copy] Warning: /home/localhost/trunk/locDudes/flash-resources does not exist.

compile-swf:

build-default:

copy-resources:
     [copy] Copying 1 file to /home/localhost/trunk/kavalok-build/bin/flash/resources/locationCinema

compile-swf:

build-default:

copy-resources:
     [copy] Warning: /home/localhost/trunk/telescop/flash-resources does not exist.

compile-swf:

build-default:

copy-resources:
     [copy] Warning: /home/localhost/trunk/family/flash-resources does not exist.

compile-swf:

build-default:

copy-resources:
     [copy] Warning: /home/localhost/trunk/questChopix/flash-resources does not exist.

compile-swf:

build-default:

copy-resources:
     [copy] Warning: /home/localhost/trunk/questAlex/flash-resources does not exist.

compile-swf:

build-default:

copy-resources:
     [copy] Warning: /home/localhost/trunk/questMusic/flash-resources does not exist.

compile-swf:

build-default:

copy-resources:
     [copy] Warning: /home/localhost/trunk/questPets/flash-resources does not exist.

compile-swf:

build-default:

copy-resources:
     [copy] Warning: /home/localhost/trunk/questAcademy/flash-resources does not exist.

compile-swf:

build-default:

copy-resources:
     [copy] Warning: /home/localhost/trunk/questCupid22/flash-resources does not exist.

compile-swf:

build-default:

copy-resources:
     [copy] Warning: /home/localhost/trunk/questNichos/flash-resources does not exist.

compile-swf:

build-default:

copy-resources:
     [copy] Warning: /home/localhost/trunk/questQ/flash-resources does not exist.

compile-swf:

build-default:

copy-resources:
     [copy] Warning: /home/localhost/trunk/questHoover/flash-resources does not exist.

compile-swf:

build-default:

copy-resources:
     [copy] Warning: /home/localhost/trunk/questCowboy/flash-resources does not exist.

compile-swf:

build-default:

copy-resources:
     [copy] Copying 3 files to /home/localhost/trunk/kavalok-build/bin/flash/resources/home

compile-swf:

build-default:

copy-resources:
     [copy] Warning: /home/localhost/trunk/serverSelect/flash-resources does not exist.

compile-swf:

build-default:

copy-resources:
     [copy] Warning: /home/localhost/trunk/stuffCatalog/flash-resources does not exist.

compile-swf:

build-default:

copy-resources:
     [copy] Warning: /home/localhost/trunk/academy/flash-resources does not exist.

compile-swf:

build-default:

copy-resources:
     [copy] Copying 3 files to /home/localhost/trunk/kavalok-build/bin/flash/resources/academySelector

compile-swf:

build-default:

copy-resources:
     [copy] Copying 38 files to /home/localhost/trunk/kavalok-build/bin/flash/resources/charBody

compile-swf:

build-default:

copy-resources:
     [copy] Warning: /home/localhost/trunk/bodyPanel/flash-resources does not exist.

compile-swf:

build-default:

copy-resources:
     [copy] Copying 78 files to /home/localhost/trunk/kavalok-build/bin/flash/resources/pets

compile-swf:

build-default:

copy-resources:
     [copy] Warning: /home/localhost/trunk/map/flash-resources does not exist.

compile-swf:

build-default:

copy-resources:
     [copy] Warning: /home/localhost/trunk/homeClothes/flash-resources does not exist.

compile-swf:

build-default:

copy-resources:
     [copy] Copying 5 files to /home/localhost/trunk/kavalok-build/bin/flash/resources/gameSweetBattle

compile-swf:

build-default:

copy-resources:
     [copy] Warning: /home/localhost/trunk/gameMoney/flash-resources does not exist.

compile-swf:

build-default:

copy-resources:
     [copy] Warning: /home/localhost/trunk/gameCheckers/flash-resources does not exist.

compile-swf:

build-default:

copy-resources:
     [copy] Warning: /home/localhost/trunk/gameChess/flash-resources does not exist.

compile-swf:

build-default:

copy-resources:
     [copy] Warning: /home/localhost/trunk/gameChopaj/flash-resources does not exist.

compile-swf:

build-default:

copy-resources:
     [copy] Warning: /home/localhost/trunk/gameRobots/flash-resources does not exist.

compile-swf:

build-default:

copy-resources:
     [copy] Warning: /home/localhost/trunk/gameAsteroid/flash-resources does not exist.

compile-swf:

build-default:

copy-resources:
     [copy] Warning: /home/localhost/trunk/gameChoboard/flash-resources does not exist.

compile-swf:

build-default:

copy-resources:
     [copy] Warning: /home/localhost/trunk/gameCrab/flash-resources does not exist.

compile-swf:

build-default:

copy-resources:
     [copy] Warning: /home/localhost/trunk/gamePinball/flash-resources does not exist.

compile-swf:

build-default:

copy-resources:
     [copy] Copying 4 files to /home/localhost/trunk/kavalok-build/bin/flash/resources/gameWordTetris

compile-swf:

build-default:

copy-resources:
     [copy] Warning: /home/localhost/trunk/gameHunting/flash-resources does not exist.

compile-swf:

build-default:

copy-resources:
     [copy] Warning: /home/localhost/trunk/gameGarbageCollector/flash-resources does not exist.

compile-swf:

build-default:

copy-resources:
     [copy] Warning: /home/localhost/trunk/gameSpaceRacing/flash-resources does not exist.

compile-swf:

build-default:

copy-resources:
     [copy] Copied 1 empty directory to 1 empty directory under /home/localhost/trunk/kavalok-build/bin/flash/resources/missionFarm

compile-swf:

build-default:

copy-resources:
     [copy] Warning: /home/localhost/trunk/missionNichos/flash-resources does not exist.

compile-swf:

build-default:

copy-resources:
     [copy] Warning: /home/localhost/trunk/robotConfig/flash-resources does not exist.

compile-swf:

build-default:

copy-resources:
     [copy] Warning: /home/localhost/trunk/robotCombat/flash-resources does not exist.

compile-swf:

build-default:

copy-resources:
     [copy] Warning: /home/localhost/trunk/robotStat/flash-resources does not exist.

compile-swf:

build-default:

copy-resources:
     [copy] Warning: /home/localhost/trunk/robotTeam/flash-resources does not exist.

compile-swf:

build-default:

copy-resources:
     [copy] Warning: /home/localhost/trunk/robotTeamStat/flash-resources does not exist.

compile-swf:

build-default:

copy-resources:
     [copy] Copying 4 files to /home/localhost/trunk/kavalok-build/bin/flash/resources/externalGame

compile-swf:

run-fcsh:
     [exec] Adobe Flex Compiler SHell (fcsh)
     [exec] Version 3.0.0 build 477
     [exec] Copyright (c) 2004-2007 Adobe Systems, Inc. All rights reserved.
     [exec] 
     [exec] (fcsh) fcsh: Assigned 1 as the compile target id
     [exec] Loading configuration file /home/localhost/trunk/flex/frameworks/flex-config.xml
     [exec] /home/localhost/trunk/kavalok-build/bin/flash/localization.swc (35397 bytes)
     [exec] (fcsh) (fcsh) fcsh: Assigned 2 as the compile target id
     [exec] Loading configuration file /home/localhost/trunk/flex/frameworks/flex-config.xml
     [exec] /home/localhost/trunk/kavalok-build/bin/flash/kavalok_core.swc (5954280 bytes)
     [exec] (fcsh) (fcsh) fcsh: Assigned 3 as the compile target id
     [exec] Loading configuration file /home/localhost/trunk/flex/frameworks/flex-config.xml
     [exec] bin/flash/MainLoader.swf (6341 bytes)
     [exec] (fcsh) (fcsh) fcsh: Assigned 4 as the compile target id
     [exec] Loading configuration file /home/localhost/trunk/flex/frameworks/flex-config.xml
     [exec] bin/flash/MainLoaderFullScreen.swf (6362 bytes)
     [exec] (fcsh) (fcsh) fcsh: Assigned 5 as the compile target id
     [exec] Loading configuration file /home/localhost/trunk/flex/frameworks/flex-config.xml
     [exec] bin/flash/MainLoaderGirls.swf (6375 bytes)
     [exec] (fcsh) (fcsh) fcsh: Assigned 6 as the compile target id
     [exec] Loading configuration file /home/localhost/trunk/flex/frameworks/flex-config.xml
     [exec] bin/flash/AcademyLoader.swf (42294 bytes)
     [exec] (fcsh) (fcsh) fcsh: Assigned 7 as the compile target id
     [exec] Loading configuration file /home/localhost/trunk/flex/frameworks/flex-config.xml
     [exec] bin/flash/AcademyLoaderDE.swf (44584 bytes)
     [exec] (fcsh) (fcsh) fcsh: Assigned 8 as the compile target id
     [exec] Loading configuration file /home/localhost/trunk/flex/frameworks/flex-config.xml
     [exec] bin/flash/ParkLoader.swf (49027 bytes)
     [exec] (fcsh) (fcsh) fcsh: Assigned 9 as the compile target id
     [exec] Loading configuration file /home/localhost/trunk/flex/frameworks/flex-config.xml
     [exec] bin/flash/ParkLoaderDE.swf (48657 bytes)
     [exec] (fcsh) (fcsh) fcsh: Assigned 10 as the compile target id
     [exec] Loading configuration file /home/localhost/trunk/flex/frameworks/flex-config.xml
     [exec] bin/flash/RopeLoader.swf (49030 bytes)
     [exec] (fcsh) (fcsh) fcsh: Assigned 11 as the compile target id
     [exec] Loading configuration file /home/localhost/trunk/flex/frameworks/flex-config.xml
     [exec] bin/flash/RopeLoaderDE.swf (48659 bytes)
     [exec] (fcsh) (fcsh) fcsh: Assigned 12 as the compile target id
     [exec] Loading configuration file /home/localhost/trunk/flex/frameworks/flex-config.xml
     [exec] bin/flash/profile.swf (5444167 bytes)
     [exec] (fcsh) (fcsh) fcsh: Assigned 13 as the compile target id
     [exec] Loading configuration file /home/localhost/trunk/flex/frameworks/flex-config.xml
     [exec] bin/flash/ItemViewer.swf (5722129 bytes)
     [exec] (fcsh) (fcsh) fcsh: Assigned 14 as the compile target id
     [exec] Loading configuration file /home/localhost/trunk/flex/frameworks/flex-config.xml
     [exec] bin/flash/client.swf (5611958 bytes)
     [exec] (fcsh) (fcsh) fcsh: Assigned 15 as the compile target id
     [exec] Loading configuration file /home/localhost/trunk/flex/frameworks/flex-config.xml
     [exec] /home/localhost/trunk/kavalok-build/bin/flash/goverla.swc (1298090 bytes)
     [exec] (fcsh) (fcsh) fcsh: Assigned 16 as the compile target id
     [exec] Loading configuration file /home/localhost/trunk/flex/frameworks/flex-config.xml
     [exec] /home/localhost/trunk/kavalok-build/bin/flash/static-lib/graphity.swc (4895 bytes)
     [exec] (fcsh) (fcsh) fcsh: Assigned 17 as the compile target id
     [exec] Loading configuration file /home/localhost/trunk/flex/frameworks/flex-config.xml
     [exec] bin/flash/SecuredKavalokClient2022.swf (7358166 bytes)
     [exec] (fcsh) (fcsh) fcsh: Assigned 18 as the compile target id
     [exec] Loading configuration file /home/localhost/trunk/flex/frameworks/flex-config.xml
     [exec] bin/flash/resources/login/Login.swf (1447200 bytes)
     [exec] (fcsh) (fcsh) fcsh: Assigned 19 as the compile target id
     [exec] Loading configuration file /home/localhost/trunk/flex/frameworks/flex-config.xml
     [exec] bin/flash/resources/danceConstructor/DanceConstructor.swf (28602 bytes)
     [exec] (fcsh) (fcsh) fcsh: Assigned 20 as the compile target id
     [exec] Loading configuration file /home/localhost/trunk/flex/frameworks/flex-config.xml
     [exec] bin/flash/resources/locGraphity/LocGraphity.swf (360754 bytes)
     [exec] (fcsh) (fcsh) fcsh: Assigned 21 as the compile target id
     [exec] Loading configuration file /home/localhost/trunk/flex/frameworks/flex-config.xml
     [exec] bin/flash/resources/locGraphityM/LocGraphityM.swf (365250 bytes)
     [exec] (fcsh) (fcsh) fcsh: Assigned 22 as the compile target id
     [exec] Loading configuration file /home/localhost/trunk/flex/frameworks/flex-config.xml
     [exec] bin/flash/resources/locGraphityA/LocGraphityA.swf (362005 bytes)
     [exec] (fcsh) (fcsh) fcsh: Assigned 23 as the compile target id
     [exec] Loading configuration file /home/localhost/trunk/flex/frameworks/flex-config.xml
     [exec] bin/flash/resources/locationRope/LocationRope.swf (212795 bytes)
     [exec] (fcsh) (fcsh) fcsh: Assigned 24 as the compile target id
     [exec] Loading configuration file /home/localhost/trunk/flex/frameworks/flex-config.xml
     [exec] bin/flash/resources/locDudes/LocDudes.swf (88759 bytes)
     [exec] (fcsh) (fcsh) fcsh: Assigned 25 as the compile target id
     [exec] Loading configuration file /home/localhost/trunk/flex/frameworks/flex-config.xml
     [exec] bin/flash/resources/locationCinema/LocationCinema.swf (705 bytes)
     [exec] (fcsh) (fcsh) fcsh: Assigned 26 as the compile target id
     [exec] Loading configuration file /home/localhost/trunk/flex/frameworks/flex-config.xml
     [exec] bin/flash/resources/telescop/Telescop.swf (194564 bytes)
     [exec] (fcsh) (fcsh) fcsh: Assigned 27 as the compile target id
     [exec] Loading configuration file /home/localhost/trunk/flex/frameworks/flex-config.xml
     [exec] bin/flash/resources/family/Family.swf (114371 bytes)
     [exec] (fcsh) (fcsh) fcsh: Assigned 28 as the compile target id
     [exec] Loading configuration file /home/localhost/trunk/flex/frameworks/flex-config.xml
     [exec] bin/flash/resources/questChopix/QuestChopix.swf (40997 bytes)
     [exec] (fcsh) (fcsh) fcsh: Assigned 29 as the compile target id
     [exec] Loading configuration file /home/localhost/trunk/flex/frameworks/flex-config.xml
     [exec] bin/flash/resources/questAlex/QuestAlex.swf (7766 bytes)
     [exec] (fcsh) (fcsh) fcsh: Assigned 30 as the compile target id
     [exec] Loading configuration file /home/localhost/trunk/flex/frameworks/flex-config.xml
     [exec] bin/flash/resources/questMusic/QuestMusic.swf (12567 bytes)
     [exec] (fcsh) (fcsh) fcsh: Assigned 31 as the compile target id
     [exec] Loading configuration file /home/localhost/trunk/flex/frameworks/flex-config.xml
     [exec] bin/flash/resources/questPets/QuestPets.swf (22976 bytes)
     [exec] (fcsh) (fcsh) fcsh: Assigned 32 as the compile target id
     [exec] Loading configuration file /home/localhost/trunk/flex/frameworks/flex-config.xml
     [exec] bin/flash/resources/questAcademy/QuestAcademy.swf (37744 bytes)
     [exec] (fcsh) (fcsh) fcsh: Assigned 33 as the compile target id
     [exec] Loading configuration file /home/localhost/trunk/flex/frameworks/flex-config.xml
     [exec] bin/flash/resources/questCupid22/QuestCupid22.swf (13494 bytes)
     [exec] (fcsh) (fcsh) fcsh: Assigned 34 as the compile target id
     [exec] Loading configuration file /home/localhost/trunk/flex/frameworks/flex-config.xml
     [exec] bin/flash/resources/questNichos/QuestNichos.swf (1484 bytes)
     [exec] (fcsh) (fcsh) fcsh: Assigned 35 as the compile target id
     [exec] Loading configuration file /home/localhost/trunk/flex/frameworks/flex-config.xml
     [exec] bin/flash/resources/questQ/QuestQ.swf (54421 bytes)
     [exec] (fcsh) (fcsh) fcsh: Assigned 36 as the compile target id
     [exec] Loading configuration file /home/localhost/trunk/flex/frameworks/flex-config.xml
     [exec] bin/flash/resources/questHoover/QuestHoover.swf (28816 bytes)
     [exec] (fcsh) (fcsh) fcsh: Assigned 37 as the compile target id
     [exec] Loading configuration file /home/localhost/trunk/flex/frameworks/flex-config.xml
     [exec] bin/flash/resources/questCowboy/QuestCowboy.swf (16426 bytes)
     [exec] (fcsh) (fcsh) fcsh: Assigned 38 as the compile target id
     [exec] Loading configuration file /home/localhost/trunk/flex/frameworks/flex-config.xml
     [exec] bin/flash/resources/home/Home.swf (18291 bytes)
     [exec] (fcsh) (fcsh) fcsh: Assigned 39 as the compile target id
     [exec] Loading configuration file /home/localhost/trunk/flex/frameworks/flex-config.xml
     [exec] bin/flash/resources/serverSelect/ServerSelect.swf (22012 bytes)
     [exec] (fcsh) (fcsh) fcsh: Assigned 40 as the compile target id
     [exec] Loading configuration file /home/localhost/trunk/flex/frameworks/flex-config.xml
     [exec] bin/flash/resources/stuffCatalog/StuffCatalog.swf (300308 bytes)
     [exec] (fcsh) (fcsh) fcsh: Assigned 41 as the compile target id
     [exec] Loading configuration file /home/localhost/trunk/flex/frameworks/flex-config.xml
     [exec] bin/flash/resources/academy/Academy.swf (62428 bytes)
     [exec] (fcsh) (fcsh) fcsh: Assigned 42 as the compile target id
     [exec] Loading configuration file /home/localhost/trunk/flex/frameworks/flex-config.xml
     [exec] bin/flash/resources/academySelector/AcademySelector.swf (17044 bytes)
     [exec] (fcsh) (fcsh) fcsh: Assigned 43 as the compile target id
     [exec] Loading configuration file /home/localhost/trunk/flex/frameworks/flex-config.xml
     [exec] bin/flash/resources/charBody/CharBody.swf (37629 bytes)
     [exec] (fcsh) (fcsh) fcsh: Assigned 44 as the compile target id
     [exec] Loading configuration file /home/localhost/trunk/flex/frameworks/flex-config.xml
     [exec] bin/flash/resources/bodyPanel/BodyPanel.swf (394514 bytes)
     [exec] (fcsh) (fcsh) fcsh: Assigned 45 as the compile target id
     [exec] Loading configuration file /home/localhost/trunk/flex/frameworks/flex-config.xml
     [exec] bin/flash/resources/pets/Pets.swf (52787 bytes)
     [exec] (fcsh) (fcsh) fcsh: Assigned 46 as the compile target id
     [exec] Loading configuration file /home/localhost/trunk/flex/frameworks/flex-config.xml
     [exec] bin/flash/resources/map/Map.swf (114208 bytes)
     [exec] (fcsh) (fcsh) fcsh: Assigned 47 as the compile target id
     [exec] Loading configuration file /home/localhost/trunk/flex/frameworks/flex-config.xml
     [exec] bin/flash/resources/homeClothes/HomeClothes.swf (34478 bytes)
     [exec] (fcsh) (fcsh) fcsh: Assigned 48 as the compile target id
     [exec] Loading configuration file /home/localhost/trunk/flex/frameworks/flex-config.xml
     [exec] bin/flash/resources/gameSweetBattle/GameSweetBattle.swf (383825 bytes)
     [exec] (fcsh) (fcsh) fcsh: Assigned 49 as the compile target id
     [exec] Loading configuration file /home/localhost/trunk/flex/frameworks/flex-config.xml
     [exec] bin/flash/resources/gameMoney/GameMoney.swf (275010 bytes)
     [exec] (fcsh) (fcsh) fcsh: Assigned 50 as the compile target id
     [exec] Loading configuration file /home/localhost/trunk/flex/frameworks/flex-config.xml
     [exec] bin/flash/resources/gameCheckers/GameCheckers.swf (15457 bytes)
     [exec] (fcsh) (fcsh) fcsh: Assigned 51 as the compile target id
     [exec] Loading configuration file /home/localhost/trunk/flex/frameworks/flex-config.xml
     [exec] bin/flash/resources/gameChess/GameChess.swf (24048 bytes)
     [exec] (fcsh) (fcsh) fcsh: Assigned 52 as the compile target id
     [exec] Loading configuration file /home/localhost/trunk/flex/frameworks/flex-config.xml
     [exec] bin/flash/resources/gameChopaj/GameChopaj.swf (21343 bytes)
     [exec] (fcsh) (fcsh) fcsh: Assigned 53 as the compile target id
     [exec] Loading configuration file /home/localhost/trunk/flex/frameworks/flex-config.xml
     [exec] bin/flash/resources/gameRobots/GameRobots.swf (204688 bytes)
     [exec] (fcsh) (fcsh) fcsh: Assigned 54 as the compile target id
     [exec] Loading configuration file /home/localhost/trunk/flex/frameworks/flex-config.xml
     [exec] bin/flash/resources/gameAsteroid/GameAsteroid.swf (331414 bytes)
     [exec] (fcsh) (fcsh) fcsh: Assigned 55 as the compile target id
     [exec] Loading configuration file /home/localhost/trunk/flex/frameworks/flex-config.xml
     [exec] bin/flash/resources/gameChoboard/GameChoboard.swf (149523 bytes)
     [exec] (fcsh) (fcsh) fcsh: Assigned 56 as the compile target id
     [exec] Loading configuration file /home/localhost/trunk/flex/frameworks/flex-config.xml
     [exec] bin/flash/resources/gameCrab/GameCrab.swf (108283 bytes)
     [exec] (fcsh) (fcsh) fcsh: Assigned 57 as the compile target id
     [exec] Loading configuration file /home/localhost/trunk/flex/frameworks/flex-config.xml
     [exec] bin/flash/resources/gamePinball/GamePinball.swf (447218 bytes)
     [exec] (fcsh) (fcsh) fcsh: Assigned 58 as the compile target id
     [exec] Loading configuration file /home/localhost/trunk/flex/frameworks/flex-config.xml
     [exec] bin/flash/resources/gameWordTetris/GameWordTetris.swf (131786 bytes)
     [exec] (fcsh) (fcsh) fcsh: Assigned 59 as the compile target id
     [exec] Loading configuration file /home/localhost/trunk/flex/frameworks/flex-config.xml
     [exec] bin/flash/resources/gameHunting/GameHunting.swf (76643 bytes)
     [exec] (fcsh) (fcsh) fcsh: Assigned 60 as the compile target id
     [exec] Loading configuration file /home/localhost/trunk/flex/frameworks/flex-config.xml
     [exec] bin/flash/resources/gameGarbageCollector/GameGarbageCollector.swf (208832 bytes)
     [exec] (fcsh) (fcsh) fcsh: Assigned 61 as the compile target id
     [exec] Loading configuration file /home/localhost/trunk/flex/frameworks/flex-config.xml
     [exec] bin/flash/resources/gameSpaceRacing/GameSpaceRacing.swf (290266 bytes)
     [exec] (fcsh) (fcsh) fcsh: Assigned 62 as the compile target id
     [exec] Loading configuration file /home/localhost/trunk/flex/frameworks/flex-config.xml
     [exec] bin/flash/resources/missionFarm/MissionFarm.swf (309804 bytes)
     [exec] (fcsh) (fcsh) fcsh: Assigned 63 as the compile target id
     [exec] Loading configuration file /home/localhost/trunk/flex/frameworks/flex-config.xml
     [exec] bin/flash/resources/missionNichos/MissionNichos.swf (143311 bytes)
     [exec] (fcsh) (fcsh) fcsh: Assigned 64 as the compile target id
     [exec] Loading configuration file /home/localhost/trunk/flex/frameworks/flex-config.xml
     [exec] bin/flash/resources/robotConfig/RobotConfig.swf (59612 bytes)
     [exec] (fcsh) (fcsh) fcsh: Assigned 65 as the compile target id
     [exec] Loading configuration file /home/localhost/trunk/flex/frameworks/flex-config.xml
     [exec] bin/flash/resources/robotCombat/RobotCombat.swf (349596 bytes)
     [exec] (fcsh) (fcsh) fcsh: Assigned 66 as the compile target id
     [exec] Loading configuration file /home/localhost/trunk/flex/frameworks/flex-config.xml
     [exec] bin/flash/resources/robotStat/RobotStat.swf (35750 bytes)
     [exec] (fcsh) (fcsh) fcsh: Assigned 67 as the compile target id
     [exec] Loading configuration file /home/localhost/trunk/flex/frameworks/flex-config.xml
     [exec] bin/flash/resources/robotTeam/RobotTeam.swf (56598 bytes)
     [exec] (fcsh) (fcsh) fcsh: Assigned 68 as the compile target id
     [exec] Loading configuration file /home/localhost/trunk/flex/frameworks/flex-config.xml
     [exec] bin/flash/resources/robotTeamStat/RobotTeamStat.swf (35593 bytes)
     [exec] (fcsh) (fcsh) fcsh: Assigned 69 as the compile target id
     [exec] Loading configuration file /home/localhost/trunk/flex/frameworks/flex-config.xml
     [exec] bin/flash/resources/externalGame/ExternalGame.swf (39420 bytes)
     [exec] (fcsh) (fcsh) 

copy-deploy-flash:

delete-deploy-dir:
   [delete] Deleting directory /var/www/html/game
     [echo] Deploying flash to bin: /var/www/html/game
     [copy] Copying 3034 files to /var/www/html/game

deploy-flash:

BUILD SUCCESSFUL
Total time: 2 minutes 0 seconds
