Buildfile: /home/localhost/server/build.xml

java:
     [echo] Building Chobots Server

clear:
   [delete] Deleting directory /home/localhost/server/kavalok-build/java_output
    [mkdir] Created dir: /home/localhost/server/kavalok-build/java_output

build-red5:
    [mkdir] Created dir: /home/localhost/server/kavalok-build/java_output/red5
    [javac] Compiling 638 source files to /home/localhost/server/kavalok-build/java_output/red5
    [javac] Note: Some input files use or override a deprecated API.
    [javac] Note: Recompile with -Xlint:deprecation for details.
    [javac] Note: Some input files use unchecked or unsafe operations.
    [javac] Note: Recompile with -Xlint:unchecked for details.
     [copy] Copying 78 files to /home/localhost/server/kavalok-build/lib
   [delete] Deleting directory /home/localhost/server/kavalok-build/lib
      [jar] Building jar: /home/localhost/server/kavalok-build/java_output/red5/red5.jar
     [copy] Copying 1 file to /home/localhost/red5
     [copy] Copying 1 file to /home/localhost/server/kavalok-red5/lib

build-java:
   [delete] Deleting directory /home/localhost/server/kavalok-build/bin/java
    [mkdir] Created dir: /home/localhost/server/kavalok-build/bin/java
    [javac] Compiling 407 source files to /home/localhost/server/kavalok-build/bin/java
    [javac] Note: /home/localhost/server/kavalok-red5/src/com/kavalok/monitor/jdbc/Driver.java uses or overrides a deprecated API.
    [javac] Note: Recompile with -Xlint:deprecation for details.
    [javac] Note: Some input files use unchecked or unsafe operations.
    [javac] Note: Recompile with -Xlint:unchecked for details.
     [copy] Copying 55 files to /home/localhost/server/kavalok-build/bin/java

deploy-java:
   [delete] Deleting directory /home/localhost/red5/webapps/kavalok
     [copy] Copying 4 files to /home/localhost/red5/webapps/kavalok/jsp
     [copy] Copying 4 files to /home/localhost/red5/webapps/kavalok/WEB-INF
     [copy] Copying 97 files to /home/localhost/red5/webapps/kavalok/WEB-INF/lib
     [copy] Copying 466 files to /home/localhost/red5/webapps/kavalok/WEB-INF/classes
     [copy] Copying 571 files to /home/localhost/red5/webapps/kavalok1

configure-properties:

configure-properties:

BUILD SUCCESSFUL
Total time: 16 seconds
