#
# There is insufficient memory for the Java Runtime Environment to continue.
# Native memory allocation (mmap) failed to map 196608 bytes for committing reserved memory.
# Possible reasons:
#   The system is out of physical RAM or swap space
#   In 32 bit mode, the process size limit was hit
# Possible solutions:
#   Reduce memory load on the system
#   Increase physical memory or swap space
#   Check if swap backing store is full
#   Use 64 bit Java on a 64 bit OS
#   Decrease Java heap size (-Xmx/-Xms)
#   Decrease number of Java threads
#   Decrease Java thread stack sizes (-Xss)
#   Set larger code cache with -XX:ReservedCodeCacheSize=
# This output file may be truncated or incomplete.
#
#  Out of Memory Error (os_linux.cpp:2630), pid=3888, tid=140489792366336
#
# JRE version: OpenJDK Runtime Environment (8.0_91-b14) (build 1.8.0_91-8u91-b14-0ubuntu4~16.04.1-b14)
# Java VM: OpenJDK 64-Bit Server VM (25.91-b14 mixed mode linux-amd64 compressed oops)
# Failed to write core dump. Core dumps have been disabled. To enable core dumping, try "ulimit -c unlimited" before starting Java again
#

---------------  T H R E A D  ---------------

Current thread (0x00007fc650095000):  VMThread [stack: 0x00007fc6541b2000,0x00007fc6542b3000] [id=3890]

Stack: [0x00007fc6541b2000,0x00007fc6542b3000],  sp=0x00007fc6542b1060,  free space=1020k
Native frames: (J=compiled Java code, j=interpreted, Vv=VM code, C=native code)
V  [libjvm.so+0xa5d53b]
V  [libjvm.so+0x4c172c]
V  [libjvm.so+0x8ae1e0]
V  [libjvm.so+0x8a865e]
V  [libjvm.so+0xa59e34]
V  [libjvm.so+0x5c6e3c]
V  [libjvm.so+0x5c720a]
V  [libjvm.so+0x5b3926]
V  [libjvm.so+0x4c938c]
V  [libjvm.so+0x612d6f]
V  [libjvm.so+0x9805b3]
V  [libjvm.so+0x5c5df0]
V  [libjvm.so+0x5b1f5a]
V  [libjvm.so+0x4c7ca8]
V  [libjvm.so+0x5b2f38]
V  [libjvm.so+0x44964f]
V  [libjvm.so+0xa5e641]
V  [libjvm.so+0xa64277]
V  [libjvm.so+0xa61a47]
V  [libjvm.so+0xa62ecf]
V  [libjvm.so+0xa633c1]
V  [libjvm.so+0x8ab6c2]

VM_Operation (0x00007fc658866e30): GenCollectForAllocation, mode: safepoint, requested by thread 0x00007fc65000a000


---------------  P R O C E S S  ---------------

Java Threads: ( => current thread )
  0x00007fc6500d0800 JavaThread "Service Thread" daemon [_thread_blocked, id=3896, stack(0x00007fc6407db000,0x00007fc6408dc000)]
  0x00007fc6500cd800 JavaThread "C1 CompilerThread1" daemon [_thread_blocked, id=3895, stack(0x00007fc6408dc000,0x00007fc6409dd000)]
  0x00007fc6500cb000 JavaThread "C2 CompilerThread0" daemon [_thread_blocked, id=3894, stack(0x00007fc6409dd000,0x00007fc640ade000)]
  0x00007fc6500c9000 JavaThread "Signal Dispatcher" daemon [_thread_blocked, id=3893, stack(0x00007fc640ade000,0x00007fc640bdf000)]
  0x00007fc6500a1000 JavaThread "Finalizer" daemon [_thread_blocked, id=3892, stack(0x00007fc640eff000,0x00007fc641000000)]
  0x00007fc65009c800 JavaThread "Reference Handler" daemon [_thread_blocked, id=3891, stack(0x00007fc6540b1000,0x00007fc6541b2000)]
  0x00007fc65000a000 JavaThread "main" [_thread_blocked, id=3889, stack(0x00007fc658768000,0x00007fc658869000)]

Other Threads:
=>0x00007fc650095000 VMThread [stack: 0x00007fc6541b2000,0x00007fc6542b3000] [id=3890]
  0x00007fc6500dd800 WatcherThread [stack: 0x00007fc6406da000,0x00007fc6407db000] [id=3897]

VM state:at safepoint (normal execution)

VM Mutex/Monitor currently owned by a thread:  ([mutex/lock_event])
[0x00007fc650006270] Threads_lock - owner thread: 0x00007fc650095000
[0x00007fc650006770] Heap_lock - owner thread: 0x00007fc65000a000

Heap:
 def new generation   total 87104K, used 83144K [0x00000000e8000000, 0x00000000ede80000, 0x00000000f0000000)
  eden space 77440K, 100% used [0x00000000e8000000, 0x00000000ecba0000, 0x00000000ecba0000)
  from space 9664K,  59% used [0x00000000ed510000, 0x00000000edaa2028, 0x00000000ede80000)
  to   space 9664K, 100% used [0x00000000ecba0000, 0x00000000ed510000, 0x00000000ed510000)
 tenured generation   total 211084K, used 211083K [0x00000000f0000000, 0x00000000fce23000, 0x0000000100000000)
   the space 211084K,  99% used [0x00000000f0000000, 0x00000000fce22ff8, 0x00000000fce23000, 0x00000000fce23000)
 Metaspace       used 18538K, capacity 19014K, committed 19072K, reserved 1067008K
  class space    used 1744K, capacity 1863K, committed 1920K, reserved 1048576K

Card table byte_map: [0x00007fc65869f000,0x00007fc658760000] byte_map_base: 0x00007fc657f5f000

Polling page: 0x00007fc658876000

CodeCache: size=245760Kb used=22420Kb max_used=22421Kb free=223339Kb
 bounds [0x00007fc641000000, 0x00007fc642600000, 0x00007fc650000000]
 total_blobs=5507 nmethods=5112 adapters=306
 compilation: enabled

Compilation events (10 events):
Event: 46.035 Thread 0x00007fc6500cd800 6495       3       java.util.zip.ZipEntry::<init> (43 bytes)
Event: 46.035 Thread 0x00007fc6500cd800 nmethod 6495 0x00007fc6415e06d0 code [0x00007fc6415e0840, 0x00007fc6415e0a50]
Event: 46.035 Thread 0x00007fc6500cd800 6494       3       flex2.compiler.swc.Features::<init> (25 bytes)
Event: 46.036 Thread 0x00007fc6500cd800 nmethod 6494 0x00007fc6415e0310 code [0x00007fc6415e0480, 0x00007fc6415e0630]
Event: 46.040 Thread 0x00007fc6500cd800 6496       1       org.apache.xerces.impl.dtd.XMLDTDProcessor::setFeature (1 bytes)
Event: 46.040 Thread 0x00007fc6500cd800 nmethod 6496 0x00007fc6420ac5d0 code [0x00007fc6420ac720, 0x00007fc6420ac830]
Event: 46.096 Thread 0x00007fc6500cb000 nmethod 6485 0x00007fc642179010 code [0x00007fc642179300, 0x00007fc64217ac90]
Event: 46.096 Thread 0x00007fc6500cb000 6489   !   4       org.apache.xerces.impl.XMLDocumentFragmentScannerImpl$FragmentContentDispatcher::dispatch (965 bytes)
Event: 46.107 Thread 0x00007fc6500cd800 6498 % !   3       flex2.compiler.swc.SwcLibrary::parse @ 139 (346 bytes)
Event: 46.111 Thread 0x00007fc6500cd800 nmethod 6498% 0x00007fc642174b10 code [0x00007fc642174f60, 0x00007fc642177948]

GC Heap History (10 events):
Event: 41.136 GC heap after
Heap after GC invocations=49 (full 9):
 def new generation   total 87104K, used 9663K [0x00000000e8000000, 0x00000000ede80000, 0x00000000f0000000)
  eden space 77440K,   0% used [0x00000000e8000000, 0x00000000e8000000, 0x00000000ecba0000)
  from space 9664K,  99% used [0x00000000ed510000, 0x00000000ede7fff8, 0x00000000ede80000)
  to   space 9664K,   0% used [0x00000000ecba0000, 0x00000000ecba0000, 0x00000000ed510000)
 tenured generation   total 193460K, used 110121K [0x00000000f0000000, 0x00000000fbced000, 0x0000000100000000)
   the space 193460K,  56% used [0x00000000f0000000, 0x00000000f6b8a598, 0x00000000f6b8a600, 0x00000000fbced000)
 Metaspace       used 17209K, capacity 17536K, committed 17664K, reserved 1064960K
  class space    used 1568K, capacity 1670K, committed 1792K, reserved 1048576K
}
Event: 42.716 GC heap before
{Heap before GC invocations=49 (full 9):
 def new generation   total 87104K, used 87103K [0x00000000e8000000, 0x00000000ede80000, 0x00000000f0000000)
  eden space 77440K, 100% used [0x00000000e8000000, 0x00000000ecba0000, 0x00000000ecba0000)
  from space 9664K,  99% used [0x00000000ed510000, 0x00000000ede7fff8, 0x00000000ede80000)
  to   space 9664K,   0% used [0x00000000ecba0000, 0x00000000ecba0000, 0x00000000ed510000)
 tenured generation   total 193460K, used 110121K [0x00000000f0000000, 0x00000000fbced000, 0x0000000100000000)
   the space 193460K,  56% used [0x00000000f0000000, 0x00000000f6b8a598, 0x00000000f6b8a600, 0x00000000fbced000)
 Metaspace       used 18352K, capacity 18808K, committed 19072K, reserved 1067008K
  class space    used 1730K, capacity 1850K, committed 1920K, reserved 1048576K
Event: 42.783 GC heap after
Heap after GC invocations=50 (full 9):
 def new generation   total 87104K, used 9663K [0x00000000e8000000, 0x00000000ede80000, 0x00000000f0000000)
  eden space 77440K,   0% used [0x00000000e8000000, 0x00000000e8000000, 0x00000000ecba0000)
  from space 9664K,  99% used [0x00000000ecba0000, 0x00000000ed50fff0, 0x00000000ed510000)
  to   space 9664K,   0% used [0x00000000ed510000, 0x00000000ed510000, 0x00000000ede80000)
 tenured generation   total 193460K, used 119104K [0x00000000f0000000, 0x00000000fbced000, 0x0000000100000000)
   the space 193460K,  61% used [0x00000000f0000000, 0x00000000f74501f0, 0x00000000f7450200, 0x00000000fbced000)
 Metaspace       used 18352K, capacity 18808K, committed 19072K, reserved 1067008K
  class space    used 1730K, capacity 1850K, committed 1920K, reserved 1048576K
}
Event: 44.271 GC heap before
{Heap before GC invocations=50 (full 9):
 def new generation   total 87104K, used 87103K [0x00000000e8000000, 0x00000000ede80000, 0x00000000f0000000)
  eden space 77440K, 100% used [0x00000000e8000000, 0x00000000ecba0000, 0x00000000ecba0000)
  from space 9664K,  99% used [0x00000000ecba0000, 0x00000000ed50fff0, 0x00000000ed510000)
  to   space 9664K,   0% used [0x00000000ed510000, 0x00000000ed510000, 0x00000000ede80000)
 tenured generation   total 193460K, used 119104K [0x00000000f0000000, 0x00000000fbced000, 0x0000000100000000)
   the space 193460K,  61% used [0x00000000f0000000, 0x00000000f74501f0, 0x00000000f7450200, 0x00000000fbced000)
 Metaspace       used 18511K, capacity 18950K, committed 19072K, reserved 1067008K
  class space    used 1744K, capacity 1863K, committed 1920K, reserved 1048576K
Event: 44.396 GC heap after
Heap after GC invocations=51 (full 9):
 def new generation   total 87104K, used 9664K [0x00000000e8000000, 0x00000000ede80000, 0x00000000f0000000)
  eden space 77440K,   0% used [0x00000000e8000000, 0x00000000e8000000, 0x00000000ecba0000)
  from space 9664K, 100% used [0x00000000ed510000, 0x00000000ede80000, 0x00000000ede80000)
  to   space 9664K,   0% used [0x00000000ecba0000, 0x00000000ecba0000, 0x00000000ed510000)
 tenured generation   total 193460K, used 150176K [0x00000000f0000000, 0x00000000fbced000, 0x0000000100000000)
   the space 193460K,  77% used [0x00000000f0000000, 0x00000000f92a81b8, 0x00000000f92a8200, 0x00000000fbced000)
 Metaspace       used 18511K, capacity 18950K, committed 19072K, reserved 1067008K
  class space    used 1744K, capacity 1863K, committed 1920K, reserved 1048576K
}
Event: 44.731 GC heap before
{Heap before GC invocations=51 (full 9):
 def new generation   total 87104K, used 87083K [0x00000000e8000000, 0x00000000ede80000, 0x00000000f0000000)
  eden space 77440K,  99% used [0x00000000e8000000, 0x00000000ecb9ad70, 0x00000000ecba0000)
  from space 9664K, 100% used [0x00000000ed510000, 0x00000000ede80000, 0x00000000ede80000)
  to   space 9664K,   0% used [0x00000000ecba0000, 0x00000000ecba0000, 0x00000000ed510000)
 tenured generation   total 193460K, used 150176K [0x00000000f0000000, 0x00000000fbced000, 0x0000000100000000)
   the space 193460K,  77% used [0x00000000f0000000, 0x00000000f92a81b8, 0x00000000f92a8200, 0x00000000fbced000)
 Metaspace       used 18513K, capacity 18950K, committed 19072K, reserved 1067008K
  class space    used 1744K, capacity 1863K, committed 1920K, reserved 1048576K
Event: 44.809 GC heap after
Heap after GC invocations=52 (full 9):
 def new generation   total 87104K, used 9664K [0x00000000e8000000, 0x00000000ede80000, 0x00000000f0000000)
  eden space 77440K,   0% used [0x00000000e8000000, 0x00000000e8000000, 0x00000000ecba0000)
  from space 9664K, 100% used [0x00000000ecba0000, 0x00000000ed510000, 0x00000000ed510000)
  to   space 9664K,   0% used [0x00000000ed510000, 0x00000000ed510000, 0x00000000ede80000)
 tenured generation   total 193460K, used 173957K [0x00000000f0000000, 0x00000000fbced000, 0x0000000100000000)
   the space 193460K,  89% used [0x00000000f0000000, 0x00000000fa9e1708, 0x00000000fa9e1800, 0x00000000fbced000)
 Metaspace       used 18513K, capacity 18950K, committed 19072K, reserved 1067008K
  class space    used 1744K, capacity 1863K, committed 1920K, reserved 1048576K
}
Event: 44.886 GC heap before
{Heap before GC invocations=52 (full 9):
 def new generation   total 87104K, used 87104K [0x00000000e8000000, 0x00000000ede80000, 0x00000000f0000000)
  eden space 77440K, 100% used [0x00000000e8000000, 0x00000000ecba0000, 0x00000000ecba0000)
  from space 9664K, 100% used [0x00000000ecba0000, 0x00000000ed510000, 0x00000000ed510000)
  to   space 9664K,   0% used [0x00000000ed510000, 0x00000000ed510000, 0x00000000ede80000)
 tenured generation   total 193460K, used 173957K [0x00000000f0000000, 0x00000000fbced000, 0x0000000100000000)
   the space 193460K,  89% used [0x00000000f0000000, 0x00000000fa9e1708, 0x00000000fa9e1800, 0x00000000fbced000)
 Metaspace       used 18513K, capacity 18950K, committed 19072K, reserved 1067008K
  class space    used 1744K, capacity 1863K, committed 1920K, reserved 1048576K
Event: 44.908 GC heap after
Heap after GC invocations=53 (full 9):
 def new generation   total 87104K, used 5704K [0x00000000e8000000, 0x00000000ede80000, 0x00000000f0000000)
  eden space 77440K,   0% used [0x00000000e8000000, 0x00000000e8000000, 0x00000000ecba0000)
  from space 9664K,  59% used [0x00000000ed510000, 0x00000000edaa2028, 0x00000000ede80000)
  to   space 9664K,   0% used [0x00000000ecba0000, 0x00000000ecba0000, 0x00000000ed510000)
 tenured generation   total 193460K, used 183483K [0x00000000f0000000, 0x00000000fbced000, 0x0000000100000000)
   the space 193460K,  94% used [0x00000000f0000000, 0x00000000fb32eef8, 0x00000000fb32f000, 0x00000000fbced000)
 Metaspace       used 18513K, capacity 18950K, committed 19072K, reserved 1067008K
  class space    used 1744K, capacity 1863K, committed 1920K, reserved 1048576K
}
Event: 46.168 GC heap before
{Heap before GC invocations=53 (full 9):
 def new generation   total 87104K, used 83144K [0x00000000e8000000, 0x00000000ede80000, 0x00000000f0000000)
  eden space 77440K, 100% used [0x00000000e8000000, 0x00000000ecba0000, 0x00000000ecba0000)
  from space 9664K,  59% used [0x00000000ed510000, 0x00000000edaa2028, 0x00000000ede80000)
  to   space 9664K,   0% used [0x00000000ecba0000, 0x00000000ecba0000, 0x00000000ed510000)
 tenured generation   total 193460K, used 183483K [0x00000000f0000000, 0x00000000fbced000, 0x0000000100000000)
   the space 193460K,  94% used [0x00000000f0000000, 0x00000000fb32eef8, 0x00000000fb32f000, 0x00000000fbced000)
 Metaspace       used 18538K, capacity 19014K, committed 19072K, reserved 1067008K
  class space    used 1744K, capacity 1863K, committed 1920K, reserved 1048576K

Deoptimization events (10 events):
Event: 40.734 Thread 0x00007fc65000a000 Uncommon trap: reason=bimorphic action=maybe_recompile pc=0x00007fc64138d0cc method=java.util.AbstractCollection.addAll(Ljava/util/Collection;)Z @ 29
Event: 40.894 Thread 0x00007fc65000a000 Uncommon trap: reason=class_check action=maybe_recompile pc=0x00007fc641585fc0 method=macromedia.asc.semantics.ReferenceValue.findUnqualified(Lmacromedia/asc/util/Context;I)Z @ 124
Event: 41.709 Thread 0x00007fc65000a000 Uncommon trap: reason=unstable_if action=reinterpret pc=0x00007fc641e3f3c8 method=flex2.compiler.API.nextSource(Ljava/util/List;Ljava/util/List;Lflex2/compiler/DependencyGraph;Lflex2/compiler/DependencyGraph;Ljava/util/List;Lflex2/compiler/SymbolTable;Lfl
Event: 41.715 Thread 0x00007fc65000a000 Uncommon trap: reason=unstable_if action=reinterpret pc=0x00007fc641d44cec method=flex2.compiler.API.nextSource(Ljava/util/List;Ljava/util/List;Lflex2/compiler/DependencyGraph;Lflex2/compiler/DependencyGraph;Ljava/util/List;Lflex2/compiler/SymbolTable;Lfl
Event: 42.151 Thread 0x00007fc65000a000 Uncommon trap: reason=unstable_if action=reinterpret pc=0x00007fc641183854 method=java.lang.Class$MethodArray.matchesNameAndDescriptor(Ljava/lang/reflect/Method;Ljava/lang/reflect/Method;)Z @ 33
Event: 42.192 Thread 0x00007fc65000a000 Uncommon trap: reason=unstable_if action=reinterpret pc=0x00007fc641173864 method=java.lang.Class$MethodArray.matchesNameAndDescriptor(Ljava/lang/reflect/Method;Ljava/lang/reflect/Method;)Z @ 33
Event: 42.313 Thread 0x00007fc65000a000 Uncommon trap: reason=unstable_if action=reinterpret pc=0x00007fc641865568 method=java.lang.CharacterDataLatin1.digit(II)I @ 82
Event: 42.503 Thread 0x00007fc65000a000 Uncommon trap: reason=null_assert action=make_not_entrant pc=0x00007fc6423e4560 method=macromedia.asc.semantics.ObjectValue.nextSlotID(Lmacromedia/asc/util/Context;)I @ 4
Event: 42.509 Thread 0x00007fc65000a000 Uncommon trap: reason=null_check action=make_not_entrant pc=0x00007fc641b908ac method=macromedia.asc.semantics.FlowAnalyzer.evaluate(Lmacromedia/asc/util/Context;Lmacromedia/asc/parser/MemberExpressionNode;)Lmacromedia/asc/semantics/Value; @ 37
Event: 45.113 Thread 0x00007fc65000a000 Uncommon trap: reason=unstable_if action=reinterpret pc=0x00007fc642034d7c method=macromedia.asc.util.Context.noType()Lmacromedia/asc/semantics/TypeValue; @ 7

Internal exceptions (10 events):
Event: 38.431 Thread 0x00007fc65000a000 Exception <a 'java/lang/NoSuchMethodError': <clinit>> (0x00000000e892c568) thrown at [/build/openjdk-8-6lTAoN/openjdk-8-8u91-b14/src/hotspot/src/share/vm/prims/jni.cpp, line 1613]
Event: 40.345 Thread 0x00007fc65000a000 Exception <a 'java/lang/NoSuchMethodError': <clinit>> (0x00000000e9e8d318) thrown at [/build/openjdk-8-6lTAoN/openjdk-8-8u91-b14/src/hotspot/src/share/vm/prims/jni.cpp, line 1613]
Event: 40.348 Thread 0x00007fc65000a000 Exception <a 'java/lang/NoSuchMethodError': <clinit>> (0x00000000e9ea0ef8) thrown at [/build/openjdk-8-6lTAoN/openjdk-8-8u91-b14/src/hotspot/src/share/vm/prims/jni.cpp, line 1613]
Event: 42.087 Thread 0x00007fc65000a000 Exception <a 'java/lang/NoSuchMethodError': <clinit>> (0x00000000eb503f38) thrown at [/build/openjdk-8-6lTAoN/openjdk-8-8u91-b14/src/hotspot/src/share/vm/prims/jni.cpp, line 1613]
Event: 42.090 Thread 0x00007fc65000a000 Exception <a 'java/lang/NoSuchMethodError': <clinit>> (0x00000000eb52eb00) thrown at [/build/openjdk-8-6lTAoN/openjdk-8-8u91-b14/src/hotspot/src/share/vm/prims/jni.cpp, line 1613]
Event: 42.100 Thread 0x00007fc65000a000 Exception <a 'java/lang/NoSuchMethodError': <clinit>> (0x00000000eb57d3c0) thrown at [/build/openjdk-8-6lTAoN/openjdk-8-8u91-b14/src/hotspot/src/share/vm/prims/jni.cpp, line 1613]
Event: 42.101 Thread 0x00007fc65000a000 Exception <a 'java/lang/NoSuchMethodError': <clinit>> (0x00000000eb5914f0) thrown at [/build/openjdk-8-6lTAoN/openjdk-8-8u91-b14/src/hotspot/src/share/vm/prims/jni.cpp, line 1613]
Event: 42.105 Thread 0x00007fc65000a000 Exception <a 'java/lang/NoSuchMethodError': <clinit>> (0x00000000eb5ab4f0) thrown at [/build/openjdk-8-6lTAoN/openjdk-8-8u91-b14/src/hotspot/src/share/vm/prims/jni.cpp, line 1613]
Event: 42.123 Thread 0x00007fc65000a000 Exception <a 'java/lang/NoSuchMethodError': <clinit>> (0x00000000eb62f0f8) thrown at [/build/openjdk-8-6lTAoN/openjdk-8-8u91-b14/src/hotspot/src/share/vm/prims/jni.cpp, line 1613]
Event: 42.509 Thread 0x00007fc65000a000 Implicit null exception at 0x00007fc641b8fb98 to 0x00007fc641b90891

Events (10 events):
Event: 45.608 Thread 0x00007fc65000a000 DEOPT UNPACKING pc=0x00007fc641047373 sp=0x00007fc658866d48 mode 0
Event: 45.662 Thread 0x00007fc65000a000 DEOPT PACKING pc=0x00007fc6417e8195 sp=0x00007fc658866f50
Event: 45.662 Thread 0x00007fc65000a000 DEOPT UNPACKING pc=0x00007fc641047373 sp=0x00007fc658866d48 mode 0
Event: 45.738 Thread 0x00007fc65000a000 DEOPT PACKING pc=0x00007fc6417e8195 sp=0x00007fc658866f50
Event: 45.738 Thread 0x00007fc65000a000 DEOPT UNPACKING pc=0x00007fc641047373 sp=0x00007fc658866d48 mode 0
Event: 45.815 Thread 0x00007fc65000a000 DEOPT PACKING pc=0x00007fc6417e7ecf sp=0x00007fc658866f50
Event: 45.816 Thread 0x00007fc65000a000 DEOPT UNPACKING pc=0x00007fc641047373 sp=0x00007fc658866d48 mode 0
Event: 45.880 Thread 0x00007fc65000a000 DEOPT PACKING pc=0x00007fc6417e8195 sp=0x00007fc658866f50
Event: 45.880 Thread 0x00007fc65000a000 DEOPT UNPACKING pc=0x00007fc641047373 sp=0x00007fc658866d48 mode 0
Event: 46.167 Executing VM operation: GenCollectForAllocation


Dynamic libraries:
00400000-00401000 r-xp 00000000 fd:01 1309622                            /usr/lib/jvm/java-8-openjdk-amd64/jre/bin/java
00600000-00601000 r--p 00000000 fd:01 1309622                            /usr/lib/jvm/java-8-openjdk-amd64/jre/bin/java
00601000-00602000 rw-p 00001000 fd:01 1309622                            /usr/lib/jvm/java-8-openjdk-amd64/jre/bin/java
013d7000-013f8000 rw-p 00000000 00:00 0                                  [heap]
e8000000-ede80000 rw-p 00000000 00:00 0 
ede80000-f0000000 ---p 00000000 00:00 0 
f0000000-fce23000 rw-p 00000000 00:00 0 
fce53000-100000000 ---p 00000000 00:00 0 
100000000-1001e0000 rw-p 00000000 00:00 0 
1001e0000-140000000 ---p 00000000 00:00 0 
7fc623626000-7fc6236e6000 rw-p 00000000 00:00 0 
7fc6236e6000-7fc623829000 ---p 00000000 00:00 0 
7fc623829000-7fc623b27000 rw-p 00000000 00:00 0 
7fc623b27000-7fc623b2e000 r-xp 00000000 fd:01 1309540                    /usr/lib/jvm/java-8-openjdk-amd64/jre/lib/amd64/libawt_headless.so
7fc623b2e000-7fc623d2d000 ---p 00007000 fd:01 1309540                    /usr/lib/jvm/java-8-openjdk-amd64/jre/lib/amd64/libawt_headless.so
7fc623d2d000-7fc623d2e000 r--p 00006000 fd:01 1309540                    /usr/lib/jvm/java-8-openjdk-amd64/jre/lib/amd64/libawt_headless.so
7fc623d2e000-7fc623d2f000 rw-p 00007000 fd:01 1309540                    /usr/lib/jvm/java-8-openjdk-amd64/jre/lib/amd64/libawt_headless.so
7fc623d2f000-7fc623dcf000 r-xp 00000000 fd:01 1309559                    /usr/lib/jvm/java-8-openjdk-amd64/jre/lib/amd64/libawt.so
7fc623dcf000-7fc623fcf000 ---p 000a0000 fd:01 1309559                    /usr/lib/jvm/java-8-openjdk-amd64/jre/lib/amd64/libawt.so
7fc623fcf000-7fc623fd0000 r--p 000a0000 fd:01 1309559                    /usr/lib/jvm/java-8-openjdk-amd64/jre/lib/amd64/libawt.so
7fc623fd0000-7fc623fdb000 rw-p 000a1000 fd:01 1309559                    /usr/lib/jvm/java-8-openjdk-amd64/jre/lib/amd64/libawt.so
7fc623fdb000-7fc624000000 rw-p 00000000 00:00 0 
7fc624000000-7fc62580c000 rw-p 00000000 00:00 0 
7fc62580c000-7fc628000000 ---p 00000000 00:00 0 
7fc628000000-7fc628033000 rw-p 00000000 00:00 0 
7fc628033000-7fc62c000000 ---p 00000000 00:00 0 
7fc62c000000-7fc62c021000 rw-p 00000000 00:00 0 
7fc62c021000-7fc630000000 ---p 00000000 00:00 0 
7fc630000000-7fc631ead000 rw-p 00000000 00:00 0 
7fc631ead000-7fc634000000 ---p 00000000 00:00 0 
7fc634000000-7fc634021000 rw-p 00000000 00:00 0 
7fc634021000-7fc638000000 ---p 00000000 00:00 0 
7fc638000000-7fc638021000 rw-p 00000000 00:00 0 
7fc638021000-7fc63c000000 ---p 00000000 00:00 0 
7fc63c000000-7fc63c133000 rw-p 00000000 00:00 0 
7fc63c133000-7fc640000000 ---p 00000000 00:00 0 
7fc640073000-7fc640273000 rw-p 00000000 00:00 0 
7fc640273000-7fc640277000 r--s 00097000 fd:01 1309566                    /usr/lib/jvm/java-8-openjdk-amd64/jre/lib/jsse.jar
7fc640277000-7fc640477000 rw-p 00000000 00:00 0 
7fc640477000-7fc640677000 rw-p 00000000 00:00 0 
7fc640677000-7fc64069c000 r--s 002dc000 fd:01 1445641                    /home/localhost/trunk/flex/lib/xalan.jar
7fc64069c000-7fc64069e000 r--s 00015000 fd:01 1445651                    /home/localhost/trunk/flex/lib/flex-messaging-common.jar
7fc64069e000-7fc6406a0000 r--s 0000f000 fd:01 1445691                    /home/localhost/trunk/flex/lib/flex-fontkit.jar
7fc6406a0000-7fc6406a6000 r--s 00067000 fd:01 1445672                    /home/localhost/trunk/flex/lib/swfkit.jar
7fc6406a6000-7fc6406a8000 r--s 00008000 fd:01 1445680                    /home/localhost/trunk/flex/lib/commons-logging.jar
7fc6406a8000-7fc6406ab000 r--s 0000f000 fd:01 1445659                    /home/localhost/trunk/flex/lib/commons-discovery.jar
7fc6406ab000-7fc6406b2000 r--s 00042000 fd:01 1445665                    /home/localhost/trunk/flex/lib/commons-collections.jar
7fc6406b2000-7fc6406bb000 r--s 0005f000 fd:01 1445661                    /home/localhost/trunk/flex/lib/mm-velocity-1.4.jar
7fc6406bb000-7fc6406bd000 r--s 00005000 fd:01 1445670                    /home/localhost/trunk/flex/lib/batik-xml.jar
7fc6406bd000-7fc6406bf000 r--s 00013000 fd:01 1445643                    /home/localhost/trunk/flex/lib/batik-transcoder.jar
7fc6406bf000-7fc6406c2000 r--s 00016000 fd:01 1445654                    /home/localhost/trunk/flex/lib/batik-util.jar
7fc6406c2000-7fc6406c6000 r--s 0002e000 fd:01 1445687                    /home/localhost/trunk/flex/lib/batik-svggen.jar
7fc6406c6000-7fc6406d1000 r--s 0006b000 fd:01 1445646                    /home/localhost/trunk/flex/lib/batik-svg-dom.jar
7fc6406d1000-7fc6406d3000 r--s 00009000 fd:01 1445685                    /home/localhost/trunk/flex/lib/batik-script.jar
7fc6406d3000-7fc6406d5000 r--s 0000b000 fd:01 1445677                    /home/localhost/trunk/flex/lib/batik-parser.jar
7fc6406d5000-7fc6406da000 r--s 0000f000 fd:01 1445652                    /home/localhost/trunk/flex/lib/batik-ext.jar
7fc6406da000-7fc6406db000 ---p 00000000 00:00 0 
7fc6406db000-7fc6407db000 rw-p 00000000 00:00 0 
7fc6407db000-7fc6407de000 ---p 00000000 00:00 0 
7fc6407de000-7fc6408dc000 rw-p 00000000 00:00 0 
7fc6408dc000-7fc6408df000 ---p 00000000 00:00 0 
7fc6408df000-7fc6409dd000 rw-p 00000000 00:00 0 
7fc6409dd000-7fc6409e0000 ---p 00000000 00:00 0 
7fc6409e0000-7fc640ade000 rw-p 00000000 00:00 0 
7fc640ade000-7fc640ae1000 ---p 00000000 00:00 0 
7fc640ae1000-7fc640bdf000 rw-p 00000000 00:00 0 
7fc640bdf000-7fc640eff000 r--p 00000000 fd:01 652956                     /usr/lib/locale/locale-archive
7fc640eff000-7fc640f02000 ---p 00000000 00:00 0 
7fc640f02000-7fc641000000 rw-p 00000000 00:00 0 
7fc641000000-7fc642600000 rwxp 00000000 00:00 0 
7fc642600000-7fc650000000 ---p 00000000 00:00 0 
7fc650000000-7fc651c3d000 rw-p 00000000 00:00 0 
7fc651c3d000-7fc654000000 ---p 00000000 00:00 0 
7fc654000000-7fc654004000 r--s 00035000 fd:01 1445676                    /home/localhost/trunk/flex/lib/batik-gvt.jar
7fc654004000-7fc654007000 r--s 00013000 fd:01 1445669                    /home/localhost/trunk/flex/lib/batik-dom.jar
7fc654007000-7fc65400f000 r--s 00032000 fd:01 1445682                    /home/localhost/trunk/flex/lib/batik-css.jar
7fc65400f000-7fc654015000 r--s 00053000 fd:01 1445671                    /home/localhost/trunk/flex/lib/batik-bridge.jar
7fc654015000-7fc65401d000 r--s 00077000 fd:01 1445648                    /home/localhost/trunk/flex/lib/batik-awt-util.jar
7fc65401d000-7fc65401f000 r--s 0000e000 fd:01 1445657                    /home/localhost/trunk/flex/lib/rideau.jar
7fc65401f000-7fc65403e000 r--s 0058e000 fd:01 1445649                    /home/localhost/trunk/flex/lib/aglj32.jar
7fc65403e000-7fc65404a000 r--s 000c2000 fd:01 1445650                    /home/localhost/trunk/flex/lib/afe.jar
7fc65404a000-7fc654050000 r--s 00019000 fd:01 1445679                    /home/localhost/trunk/flex/lib/xmlParserAPIs.jar
7fc654050000-7fc654062000 r--s 000c9000 fd:01 1445667                    /home/localhost/trunk/flex/lib/xercesImpl.jar
7fc654062000-7fc65406a000 r--s 000a5000 fd:01 1445683                    /home/localhost/trunk/flex/lib/asc.jar
7fc65406a000-7fc65406c000 r--s 0000a000 fd:01 1445664                    /home/localhost/trunk/flex/lib/xercesPatch.jar
7fc65406c000-7fc654088000 r--s 0015d000 fd:01 1445656                    /home/localhost/trunk/flex/lib/mxmlc.jar
7fc654088000-7fc65408c000 r--s 00037000 fd:01 1309589                    /usr/lib/jvm/java-8-openjdk-amd64/jre/lib/ext/sunpkcs11.jar
7fc65408c000-7fc654096000 r--s 00116000 fd:01 1309586                    /usr/lib/jvm/java-8-openjdk-amd64/jre/lib/ext/localedata.jar
7fc654096000-7fc6540b1000 r--s 001d7000 fd:01 1309588                    /usr/lib/jvm/java-8-openjdk-amd64/jre/lib/ext/nashorn.jar
7fc6540b1000-7fc6540b4000 ---p 00000000 00:00 0 
7fc6540b4000-7fc6541b2000 rw-p 00000000 00:00 0 
7fc6541b2000-7fc6541b3000 ---p 00000000 00:00 0 
7fc6541b3000-7fc654300000 rw-p 00000000 00:00 0 
7fc654300000-7fc6544cd000 r--s 03be7000 fd:01 1309578                    /usr/lib/jvm/java-8-openjdk-amd64/jre/lib/rt.jar
7fc6544cd000-7fc654d9e000 rw-p 00000000 00:00 0 
7fc654d9e000-7fc654e06000 rw-p 00000000 00:00 0 
7fc654e06000-7fc654e1f000 ---p 00000000 00:00 0 
7fc654e1f000-7fc654e77000 rw-p 00000000 00:00 0 
7fc654e77000-7fc6551df000 ---p 00000000 00:00 0 
7fc6551df000-7fc6551e7000 r-xp 00000000 fd:01 1309554                    /usr/lib/jvm/java-8-openjdk-amd64/jre/lib/amd64/libzip.so
7fc6551e7000-7fc6553e6000 ---p 00008000 fd:01 1309554                    /usr/lib/jvm/java-8-openjdk-amd64/jre/lib/amd64/libzip.so
7fc6553e6000-7fc6553e7000 r--p 00007000 fd:01 1309554                    /usr/lib/jvm/java-8-openjdk-amd64/jre/lib/amd64/libzip.so
7fc6553e7000-7fc6553e8000 rw-p 00008000 fd:01 1309554                    /usr/lib/jvm/java-8-openjdk-amd64/jre/lib/amd64/libzip.so
7fc6553e8000-7fc6553f3000 r-xp 00000000 fd:01 913957                     /lib/x86_64-linux-gnu/libnss_files-2.23.so
7fc6553f3000-7fc6555f2000 ---p 0000b000 fd:01 913957                     /lib/x86_64-linux-gnu/libnss_files-2.23.so
7fc6555f2000-7fc6555f3000 r--p 0000a000 fd:01 913957                     /lib/x86_64-linux-gnu/libnss_files-2.23.so
7fc6555f3000-7fc6555f4000 rw-p 0000b000 fd:01 913957                     /lib/x86_64-linux-gnu/libnss_files-2.23.so
7fc6555f4000-7fc6555fa000 rw-p 00000000 00:00 0 
7fc6555fa000-7fc655605000 r-xp 00000000 fd:01 913954                     /lib/x86_64-linux-gnu/libnss_nis-2.23.so
7fc655605000-7fc655804000 ---p 0000b000 fd:01 913954                     /lib/x86_64-linux-gnu/libnss_nis-2.23.so
7fc655804000-7fc655805000 r--p 0000a000 fd:01 913954                     /lib/x86_64-linux-gnu/libnss_nis-2.23.so
7fc655805000-7fc655806000 rw-p 0000b000 fd:01 913954                     /lib/x86_64-linux-gnu/libnss_nis-2.23.so
7fc655806000-7fc65581c000 r-xp 00000000 fd:01 913952                     /lib/x86_64-linux-gnu/libnsl-2.23.so
7fc65581c000-7fc655a1b000 ---p 00016000 fd:01 913952                     /lib/x86_64-linux-gnu/libnsl-2.23.so
7fc655a1b000-7fc655a1c000 r--p 00015000 fd:01 913952                     /lib/x86_64-linux-gnu/libnsl-2.23.so
7fc655a1c000-7fc655a1d000 rw-p 00016000 fd:01 913952                     /lib/x86_64-linux-gnu/libnsl-2.23.so
7fc655a1d000-7fc655a1f000 rw-p 00000000 00:00 0 
7fc655a1f000-7fc655a27000 r-xp 00000000 fd:01 913949                     /lib/x86_64-linux-gnu/libnss_compat-2.23.so
7fc655a27000-7fc655c26000 ---p 00008000 fd:01 913949                     /lib/x86_64-linux-gnu/libnss_compat-2.23.so
7fc655c26000-7fc655c27000 r--p 00007000 fd:01 913949                     /lib/x86_64-linux-gnu/libnss_compat-2.23.so
7fc655c27000-7fc655c28000 rw-p 00008000 fd:01 913949                     /lib/x86_64-linux-gnu/libnss_compat-2.23.so
7fc655c28000-7fc655c55000 r-xp 00000000 fd:01 1309539                    /usr/lib/jvm/java-8-openjdk-amd64/jre/lib/amd64/libjava.so
7fc655c55000-7fc655e54000 ---p 0002d000 fd:01 1309539                    /usr/lib/jvm/java-8-openjdk-amd64/jre/lib/amd64/libjava.so
7fc655e54000-7fc655e55000 r--p 0002c000 fd:01 1309539                    /usr/lib/jvm/java-8-openjdk-amd64/jre/lib/amd64/libjava.so
7fc655e55000-7fc655e57000 rw-p 0002d000 fd:01 1309539                    /usr/lib/jvm/java-8-openjdk-amd64/jre/lib/amd64/libjava.so
7fc655e57000-7fc655e66000 r-xp 00000000 fd:01 1309531                    /usr/lib/jvm/java-8-openjdk-amd64/jre/lib/amd64/libverify.so
7fc655e66000-7fc656065000 ---p 0000f000 fd:01 1309531                    /usr/lib/jvm/java-8-openjdk-amd64/jre/lib/amd64/libverify.so
7fc656065000-7fc656067000 r--p 0000e000 fd:01 1309531                    /usr/lib/jvm/java-8-openjdk-amd64/jre/lib/amd64/libverify.so
7fc656067000-7fc656068000 rw-p 00010000 fd:01 1309531                    /usr/lib/jvm/java-8-openjdk-amd64/jre/lib/amd64/libverify.so
7fc656068000-7fc65606f000 r-xp 00000000 fd:01 913966                     /lib/x86_64-linux-gnu/librt-2.23.so
7fc65606f000-7fc65626e000 ---p 00007000 fd:01 913966                     /lib/x86_64-linux-gnu/librt-2.23.so
7fc65626e000-7fc65626f000 r--p 00006000 fd:01 913966                     /lib/x86_64-linux-gnu/librt-2.23.so
7fc65626f000-7fc656270000 rw-p 00007000 fd:01 913966                     /lib/x86_64-linux-gnu/librt-2.23.so
7fc656270000-7fc656286000 r-xp 00000000 fd:01 914015                     /lib/x86_64-linux-gnu/libgcc_s.so.1
7fc656286000-7fc656485000 ---p 00016000 fd:01 914015                     /lib/x86_64-linux-gnu/libgcc_s.so.1
7fc656485000-7fc656486000 rw-p 00015000 fd:01 914015                     /lib/x86_64-linux-gnu/libgcc_s.so.1
7fc656486000-7fc65658e000 r-xp 00000000 fd:01 913963                     /lib/x86_64-linux-gnu/libm-2.23.so
7fc65658e000-7fc65678d000 ---p 00108000 fd:01 913963                     /lib/x86_64-linux-gnu/libm-2.23.so
7fc65678d000-7fc65678e000 r--p 00107000 fd:01 913963                     /lib/x86_64-linux-gnu/libm-2.23.so
7fc65678e000-7fc65678f000 rw-p 00108000 fd:01 913963                     /lib/x86_64-linux-gnu/libm-2.23.so
7fc65678f000-7fc656901000 r-xp 00000000 fd:01 654594                     /usr/lib/x86_64-linux-gnu/libstdc++.so.6.0.21
7fc656901000-7fc656b01000 ---p 00172000 fd:01 654594                     /usr/lib/x86_64-linux-gnu/libstdc++.so.6.0.21
7fc656b01000-7fc656b0b000 r--p 00172000 fd:01 654594                     /usr/lib/x86_64-linux-gnu/libstdc++.so.6.0.21
7fc656b0b000-7fc656b0d000 rw-p 0017c000 fd:01 654594                     /usr/lib/x86_64-linux-gnu/libstdc++.so.6.0.21
7fc656b0d000-7fc656b11000 rw-p 00000000 00:00 0 
7fc656b11000-7fc657757000 r-xp 00000000 fd:01 1309552                    /usr/lib/jvm/java-8-openjdk-amd64/jre/lib/amd64/server/libjvm.so
7fc657757000-7fc657956000 ---p 00c46000 fd:01 1309552                    /usr/lib/jvm/java-8-openjdk-amd64/jre/lib/amd64/server/libjvm.so
7fc657956000-7fc6579e9000 r--p 00c45000 fd:01 1309552                    /usr/lib/jvm/java-8-openjdk-amd64/jre/lib/amd64/server/libjvm.so
7fc6579e9000-7fc657a11000 rw-p 00cd8000 fd:01 1309552                    /usr/lib/jvm/java-8-openjdk-amd64/jre/lib/amd64/server/libjvm.so
7fc657a11000-7fc657a41000 rw-p 00000000 00:00 0 
7fc657a41000-7fc657a59000 r-xp 00000000 fd:01 913984                     /lib/x86_64-linux-gnu/libpthread-2.23.so
7fc657a59000-7fc657c58000 ---p 00018000 fd:01 913984                     /lib/x86_64-linux-gnu/libpthread-2.23.so
7fc657c58000-7fc657c59000 r--p 00017000 fd:01 913984                     /lib/x86_64-linux-gnu/libpthread-2.23.so
7fc657c59000-7fc657c5a000 rw-p 00018000 fd:01 913984                     /lib/x86_64-linux-gnu/libpthread-2.23.so
7fc657c5a000-7fc657c5e000 rw-p 00000000 00:00 0 
7fc657c5e000-7fc657c61000 r-xp 00000000 fd:01 913988                     /lib/x86_64-linux-gnu/libdl-2.23.so
7fc657c61000-7fc657e60000 ---p 00003000 fd:01 913988                     /lib/x86_64-linux-gnu/libdl-2.23.so
7fc657e60000-7fc657e61000 r--p 00002000 fd:01 913988                     /lib/x86_64-linux-gnu/libdl-2.23.so
7fc657e61000-7fc657e62000 rw-p 00003000 fd:01 913988                     /lib/x86_64-linux-gnu/libdl-2.23.so
7fc657e62000-7fc657e7b000 r-xp 00000000 fd:01 914236                     /lib/x86_64-linux-gnu/libz.so.1.2.8
7fc657e7b000-7fc65807a000 ---p 00019000 fd:01 914236                     /lib/x86_64-linux-gnu/libz.so.1.2.8
7fc65807a000-7fc65807b000 r--p 00018000 fd:01 914236                     /lib/x86_64-linux-gnu/libz.so.1.2.8
7fc65807b000-7fc65807c000 rw-p 00019000 fd:01 914236                     /lib/x86_64-linux-gnu/libz.so.1.2.8
7fc65807c000-7fc65823c000 r-xp 00000000 fd:01 913986                     /lib/x86_64-linux-gnu/libc-2.23.so
7fc65823c000-7fc65843b000 ---p 001c0000 fd:01 913986                     /lib/x86_64-linux-gnu/libc-2.23.so
7fc65843b000-7fc65843f000 r--p 001bf000 fd:01 913986                     /lib/x86_64-linux-gnu/libc-2.23.so
7fc65843f000-7fc658441000 rw-p 001c3000 fd:01 913986                     /lib/x86_64-linux-gnu/libc-2.23.so
7fc658441000-7fc658445000 rw-p 00000000 00:00 0 
7fc658445000-7fc658452000 r-xp 00000000 fd:01 1309526                    /usr/lib/jvm/java-8-openjdk-amd64/jre/lib/amd64/jli/libjli.so
7fc658452000-7fc658652000 ---p 0000d000 fd:01 1309526                    /usr/lib/jvm/java-8-openjdk-amd64/jre/lib/amd64/jli/libjli.so
7fc658652000-7fc658653000 r--p 0000d000 fd:01 1309526                    /usr/lib/jvm/java-8-openjdk-amd64/jre/lib/amd64/jli/libjli.so
7fc658653000-7fc658654000 rw-p 0000e000 fd:01 1309526                    /usr/lib/jvm/java-8-openjdk-amd64/jre/lib/amd64/jli/libjli.so
7fc658654000-7fc65867a000 r-xp 00000000 fd:01 913967                     /lib/x86_64-linux-gnu/ld-2.23.so
7fc65867a000-7fc65867d000 r--s 0000f000 fd:01 1309580                    /usr/lib/jvm/java-8-openjdk-amd64/jre/lib/ext/icedtea-sound.jar
7fc65867d000-7fc658683000 r--s 0003a000 fd:01 1309583                    /usr/lib/jvm/java-8-openjdk-amd64/jre/lib/ext/sunjce_provider.jar
7fc658683000-7fc65869f000 r--s 00393000 fd:01 1309584                    /usr/lib/jvm/java-8-openjdk-amd64/jre/lib/ext/cldrdata.jar
7fc65869f000-7fc6586cf000 rw-p 00000000 00:00 0 
7fc6586cf000-7fc6586df000 ---p 00000000 00:00 0 
7fc6586df000-7fc658747000 rw-p 00000000 00:00 0 
7fc658747000-7fc65875f000 ---p 00000000 00:00 0 
7fc65875f000-7fc658760000 rw-p 00000000 00:00 0 
7fc658760000-7fc658768000 rw-s 00000000 fd:01 1580433                    /tmp/hsperfdata_root/3888
7fc658768000-7fc65876b000 ---p 00000000 00:00 0 
7fc65876b000-7fc65886e000 rw-p 00000000 00:00 0 
7fc65886e000-7fc65886f000 r--s 00003000 fd:01 1445675                    /home/localhost/trunk/flex/lib/license.jar
7fc65886f000-7fc658870000 r--s 00004000 fd:01 1445658                    /home/localhost/trunk/flex/lib/fcsh.jar
7fc658870000-7fc658872000 r--s 00001000 fd:01 1309587                    /usr/lib/jvm/java-8-openjdk-amd64/jre/lib/ext/dnsns.jar
7fc658872000-7fc658873000 r--s 00008000 fd:01 1309585                    /usr/lib/jvm/java-8-openjdk-amd64/jre/lib/ext/sunec.jar
7fc658873000-7fc658874000 r--s 0000a000 fd:01 1309582                    /usr/lib/jvm/java-8-openjdk-amd64/jre/lib/ext/jaccess.jar
7fc658874000-7fc658875000 r--s 00010000 fd:01 1309581                    /usr/lib/jvm/java-8-openjdk-amd64/jre/lib/ext/zipfs.jar
7fc658875000-7fc658876000 rw-p 00000000 00:00 0 
7fc658876000-7fc658877000 ---p 00000000 00:00 0 
7fc658877000-7fc658879000 rw-p 00000000 00:00 0 
7fc658879000-7fc65887a000 r--p 00025000 fd:01 913967                     /lib/x86_64-linux-gnu/ld-2.23.so
7fc65887a000-7fc65887b000 rw-p 00026000 fd:01 913967                     /lib/x86_64-linux-gnu/ld-2.23.so
7fc65887b000-7fc65887c000 rw-p 00000000 00:00 0 
7ffcc8053000-7ffcc8074000 rw-p 00000000 00:00 0                          [stack]
7ffcc81ac000-7ffcc81ae000 r--p 00000000 00:00 0                          [vvar]
7ffcc81ae000-7ffcc81b0000 r-xp 00000000 00:00 0                          [vdso]
ffffffffff600000-ffffffffff601000 r-xp 00000000 00:00 0                  [vsyscall]

VM Arguments:
jvm_args: -Xmx384m -Dsun.io.useCanonCaches=false -Dapplication.home=../flex/bin/.. 
java_command: ../flex/bin/../lib/fcsh.jar
java_class_path (initial): ../flex/bin/../lib/fcsh.jar
Launcher Type: SUN_STANDARD

Environment Variables:
PATH=/root/bin:/root/.local/bin:/usr/local/sbin:/usr/local/bin:/usr/sbin:/usr/bin:/sbin:/bin:/usr/games:/usr/local/games:/snap/bin
SHELL=/bin/bash

Signal Handlers:
SIGSEGV: [libjvm.so+0xa5e090], sa_mask[0]=11111111011111111101111111111110, sa_flags=SA_RESTART|SA_SIGINFO
SIGBUS: [libjvm.so+0xa5e090], sa_mask[0]=11111111011111111101111111111110, sa_flags=SA_RESTART|SA_SIGINFO
SIGFPE: [libjvm.so+0x8a9800], sa_mask[0]=11111111011111111101111111111110, sa_flags=SA_RESTART|SA_SIGINFO
SIGPIPE: [libjvm.so+0x8a9800], sa_mask[0]=11111111011111111101111111111110, sa_flags=SA_RESTART|SA_SIGINFO
SIGXFSZ: [libjvm.so+0x8a9800], sa_mask[0]=11111111011111111101111111111110, sa_flags=SA_RESTART|SA_SIGINFO
SIGILL: [libjvm.so+0x8a9800], sa_mask[0]=11111111011111111101111111111110, sa_flags=SA_RESTART|SA_SIGINFO
SIGUSR1: SIG_DFL, sa_mask[0]=00000000000000000000000000000000, sa_flags=none
SIGUSR2: [libjvm.so+0x8a96b0], sa_mask[0]=00100000000000000000000000000000, sa_flags=SA_RESTART|SA_SIGINFO
SIGHUP: [libjvm.so+0x8a9b80], sa_mask[0]=11111111011111111101111111111110, sa_flags=SA_RESTART|SA_SIGINFO
SIGINT: [libjvm.so+0x8a9b80], sa_mask[0]=11111111011111111101111111111110, sa_flags=SA_RESTART|SA_SIGINFO
SIGTERM: [libjvm.so+0x8a9b80], sa_mask[0]=11111111011111111101111111111110, sa_flags=SA_RESTART|SA_SIGINFO
SIGQUIT: [libjvm.so+0x8a9b80], sa_mask[0]=11111111011111111101111111111110, sa_flags=SA_RESTART|SA_SIGINFO


---------------  S Y S T E M  ---------------

OS:DISTRIB_ID=Ubuntu
DISTRIB_RELEASE=16.04
DISTRIB_CODENAME=xenial
DISTRIB_DESCRIPTION="Ubuntu 16.04.1 LTS"

uname:Linux 4.4.0-31-generic #50-Ubuntu SMP Wed Jul 13 00:07:12 UTC 2016 x86_64
libc:glibc 2.23 NPTL 2.23 
rlimit: STACK 8192k, CORE 0k, NPROC 3912, NOFILE 65536, AS infinity
load average:1.19 0.36 0.15

/proc/meminfo:
MemTotal:        1016328 kB
MemFree:           52988 kB
MemAvailable:          0 kB
Buffers:             292 kB
Cached:            19560 kB
SwapCached:            0 kB
Active:           887464 kB
Inactive:          14416 kB
Active(anon):     886080 kB
Inactive(anon):    12928 kB
Active(file):       1384 kB
Inactive(file):     1488 kB
Unevictable:        3660 kB
Mlocked:            3660 kB
SwapTotal:             0 kB
SwapFree:              0 kB
Dirty:                 4 kB
Writeback:             0 kB
AnonPages:        885708 kB
Mapped:            18372 kB
Shmem:             14536 kB
Slab:              28912 kB
SReclaimable:      12692 kB
SUnreclaim:        16220 kB
KernelStack:        4672 kB
PageTables:        11476 kB
NFS_Unstable:          0 kB
Bounce:                0 kB
WritebackTmp:          0 kB
CommitLimit:      508164 kB
Committed_AS:    1492492 kB
VmallocTotal:   34359738367 kB
VmallocUsed:           0 kB
VmallocChunk:          0 kB
HardwareCorrupted:     0 kB
AnonHugePages:    380928 kB
CmaTotal:              0 kB
CmaFree:               0 kB
HugePages_Total:       0
HugePages_Free:        0
HugePages_Rsvd:        0
HugePages_Surp:        0
Hugepagesize:       2048 kB
DirectMap4k:       49144 kB
DirectMap2M:      999424 kB
DirectMap1G:           0 kB


CPU:total 1 (1 cores per cpu, 1 threads per core) family 6 model 63 stepping 2, cmov, cx8, fxsr, mmx, sse, sse2, sse3, ssse3, sse4.1, sse4.2, popcnt, avx, avx2, aes, clmul, erms, lzcnt, tsc, bmi1, bmi2

/proc/cpuinfo:
processor	: 0
vendor_id	: GenuineIntel
cpu family	: 6
model		: 63
model name	: Intel(R) Xeon(R) CPU E5-2650L v3 @ 1.80GHz
stepping	: 2
microcode	: 0x1
cpu MHz		: 1799.998
cache size	: 30720 KB
physical id	: 0
siblings	: 1
core id		: 0
cpu cores	: 1
apicid		: 0
initial apicid	: 0
fpu		: yes
fpu_exception	: yes
cpuid level	: 13
wp		: yes
flags		: fpu vme de pse tsc msr pae mce cx8 apic sep mtrr pge mca cmov pat pse36 clflush mmx fxsr sse sse2 ss syscall nx pdpe1gb rdtscp lm constant_tsc arch_perfmon rep_good nopl eagerfpu pni pclmulqdq vmx ssse3 fma cx16 pcid sse4_1 sse4_2 x2apic movbe popcnt tsc_deadline_timer aes xsave avx f16c rdrand hypervisor lahf_lm abm vnmi ept fsgsbase tsc_adjust bmi1 avx2 smep bmi2 erms invpcid xsaveopt arat
bugs		:
bogomips	: 3599.99
clflush size	: 64
cache_alignment	: 64
address sizes	: 40 bits physical, 48 bits virtual
power management:



Memory: 4k page, physical 1016328k(52988k free), swap 0k(0k free)

vm_info: OpenJDK 64-Bit Server VM (25.91-b14) for linux-amd64 JRE (1.8.0_91-8u91-b14-0ubuntu4~16.04.1-b14), built on Apr 23 2016 07:03:54 by "buildd" with gcc 5.3.1 20160413

time: Tue Jul 26 07:25:15 2016
elapsed time: 46 seconds (0d 0h 0m 46s)

